INFO     planner time limit: 60s
INFO     planner memory limit: None

INFO     Running translator.
INFO     translator stdin: None
INFO     translator time limit: 59s
INFO     translator memory limit: None
INFO     translator command line string: /opt/homebrew/opt/python@3.12/bin/python3.12 /Users/francesco/Desktop/planners/downward/builds/release/bin/translate/translate.py domain.pddl problem_2.pddl --sas-file output.sas
Parsing...
Parsing: [0.000s CPU, 0.001s wall-clock]
Normalizing task... [0.000s CPU, 0.000s wall-clock]
Instantiating...
Generating Datalog program... [0.000s CPU, 0.000s wall-clock]
Normalizing Datalog program...
Normalizing Datalog program: [0.000s CPU, 0.002s wall-clock]
Preparing model... [0.000s CPU, 0.001s wall-clock]
Generated 117 rules.
Computing model... [0.010s CPU, 0.006s wall-clock]
1608 relevant atoms
781 auxiliary atoms
2389 final queue length
4799 total queue pushes
Completing instantiation... [0.020s CPU, 0.018s wall-clock]
Instantiating: [0.030s CPU, 0.027s wall-clock]
Computing fact groups...
Finding invariants...
33 initial candidates
Finding invariants: [0.000s CPU, 0.002s wall-clock]
Checking invariant weight... [0.000s CPU, 0.000s wall-clock]
Instantiating groups... [0.000s CPU, 0.000s wall-clock]
Collecting mutex groups... [0.000s CPU, 0.000s wall-clock]
Choosing groups...
93 uncovered facts
Choosing groups: [0.000s CPU, 0.000s wall-clock]
Building translation key... [0.000s CPU, 0.000s wall-clock]
Computing fact groups: [0.000s CPU, 0.003s wall-clock]
Building STRIPS to SAS dictionary... [0.000s CPU, 0.000s wall-clock]
Building dictionary for full mutex groups... [0.000s CPU, 0.000s wall-clock]
Building mutex information...
Building mutex information: [0.000s CPU, 0.000s wall-clock]
Translating task...
Processing axioms...
Simplifying axioms... [0.000s CPU, 0.000s wall-clock]
Translator axioms removed by simplifying: 0
Computing negative axioms... [0.000s CPU, 0.000s wall-clock]
Processing axioms: [0.000s CPU, 0.002s wall-clock]
Translating task: [0.030s CPU, 0.027s wall-clock]
1248 effect conditions simplified
0 implied preconditions added
Detecting unreachable propositions...
0 operators removed
0 axioms removed
11 propositions removed
Detecting unreachable propositions: [0.010s CPU, 0.013s wall-clock]
Reordering and filtering variables...
104 of 104 variables necessary.
9 of 20 mutex groups necessary.
1300 of 1300 operators necessary.
0 of 0 axiom rules necessary.
Reordering and filtering variables: [0.010s CPU, 0.007s wall-clock]
Translator variables: 104
Translator derived variables: 0
Translator facts: 246
Translator goal facts: 8
Translator mutex groups: 9
Translator total mutex groups size: 45
Translator operators: 1300
Translator axioms: 0
Translator task size: 14383
warning: could not determine peak memory
Writing output... [0.000s CPU, 0.007s wall-clock]
Done! [0.080s CPU, 0.087s wall-clock]
translate exit code: 0

INFO     Running search (release).
INFO     search stdin: output.sas
INFO     search time limit: 59s
INFO     search memory limit: None
INFO     search command line string: /Users/francesco/Desktop/planners/downward/builds/release/bin/downward --search 'astar(cea())' --internal-plan-file plans/plan_astar_cea_2 < output.sas
[t=0.000150834s, 410597152 KB] reading input...
[t=0.0232315s, 410728224 KB] done reading input!
[t=0.0237496s, 410728224 KB] Initializing context-enhanced additive heuristic...
[t=0.0315536s, 410728224 KB] Building successor generator...done!
[t=0.0318654s, 410728224 KB] peak memory difference for successor generator creation: 0 KB
[t=0.0318703s, 410728224 KB] time for successor generation creation: 0.000299375s
[t=0.0318785s, 410728224 KB] Variables: 104
[t=0.0318836s, 410728224 KB] FactPairs: 246
[t=0.0318881s, 410728224 KB] Bytes per state: 16
[t=0.0318981s, 410728224 KB] Conducting best first search with reopening closed nodes, (real) bound = 2147483647
[t=0.032136s, 410728224 KB] New best heuristic value for cea(): 232
[t=0.0321418s, 410728224 KB] g=0, 1 evaluated, 0 expanded
[t=0.0321466s, 410728224 KB] f = 232, 1 evaluated, 0 expanded
[t=0.0321663s, 410728224 KB] Initial heuristic value for cea(): 232
[t=0.0321705s, 410728224 KB] pruning method: none
[t=0.0325488s, 410728224 KB] New best heuristic value for cea(): 80
[t=0.0325531s, 410728224 KB] g=1, 5 evaluated, 1 expanded
[t=0.0328877s, 410728224 KB] New best heuristic value for cea(): 32
[t=0.0328922s, 410728224 KB] g=2, 9 evaluated, 2 expanded
[t=0.0338313s, 410728224 KB] New best heuristic value for cea(): 28
[t=0.0338356s, 410728224 KB] g=3, 21 evaluated, 3 expanded
[t=0.037824s, 410728224 KB] New best heuristic value for cea(): 26
[t=0.0378286s, 410728224 KB] g=5, 75 evaluated, 7 expanded
[t=0.0378977s, 410728224 KB] New best heuristic value for cea(): 24
[t=0.0379016s, 410728224 KB] g=5, 76 evaluated, 7 expanded
[t=0.0416647s, 410728224 KB] New best heuristic value for cea(): 22
[t=0.041669s, 410728224 KB] g=7, 128 evaluated, 11 expanded
[t=0.0418644s, 410728224 KB] New best heuristic value for cea(): 20
[t=0.0418682s, 410728224 KB] g=7, 131 evaluated, 11 expanded
[t=0.0423569s, 410728224 KB] New best heuristic value for cea(): 18
[t=0.0423609s, 410728224 KB] g=8, 138 evaluated, 12 expanded
[t=0.0498017s, 410728224 KB] New best heuristic value for cea(): 15
[t=0.0498068s, 410728224 KB] g=10, 243 evaluated, 20 expanded
[t=0.0529322s, 410728224 KB] New best heuristic value for cea(): 13
[t=0.0529363s, 410728224 KB] g=12, 289 evaluated, 23 expanded
[t=0.110612s, 410746656 KB] New best heuristic value for cea(): 10
[t=0.110635s, 410746656 KB] g=14, 1109 evaluated, 85 expanded
[t=0.112214s, 410746656 KB] New best heuristic value for cea(): 9
[t=0.11222s, 410746656 KB] g=15, 1133 evaluated, 86 expanded
[t=29.227s, 411185952 KB] New best heuristic value for cea(): 8
[t=29.2271s, 411185952 KB] g=19, 443993 evaluated, 34035 expanded, 2000 reopened
[t=29.2293s, 411185952 KB] New best heuristic value for cea(): 7
[t=29.2293s, 411185952 KB] g=20, 444027 evaluated, 34037 expanded, 2000 reopened
[t=29.2301s, 411185952 KB] New best heuristic value for cea(): 6
[t=29.2301s, 411185952 KB] g=21, 444040 evaluated, 34038 expanded, 2000 reopened
[t=29.3579s, 411185952 KB] New best heuristic value for cea(): 5
[t=29.3579s, 411185952 KB] g=23, 445977 evaluated, 34188 expanded, 2000 reopened
[t=29.3592s, 411185952 KB] New best heuristic value for cea(): 4
[t=29.3592s, 411185952 KB] g=24, 445997 evaluated, 34189 expanded, 2000 reopened
[t=29.3596s, 411185952 KB] New best heuristic value for cea(): 3
[t=29.3596s, 411185952 KB] g=25, 446004 evaluated, 34190 expanded, 2000 reopened
Peak memory: 411226928 KB
caught signal 24 -- exiting
Time limit has been reached.
Remove intermediate file output.sas
search exit code: 23

Driver aborting after search
INFO     Planner time: 59.15s
