INFO     planner time limit: 60s
INFO     planner memory limit: None

INFO     Running translator.
INFO     translator stdin: None
INFO     translator time limit: 59s
INFO     translator memory limit: None
INFO     translator command line string: /opt/homebrew/opt/python@3.12/bin/python3.12 /Users/francesco/Desktop/planners/downward/builds/release/bin/translate/translate.py domain.pddl problem_2.pddl --sas-file output.sas
Parsing...
Parsing: [0.000s CPU, 0.002s wall-clock]
Normalizing task... [0.000s CPU, 0.000s wall-clock]
Instantiating...
Generating Datalog program... [0.000s CPU, 0.000s wall-clock]
Normalizing Datalog program...
Normalizing Datalog program: [0.000s CPU, 0.002s wall-clock]
Preparing model... [0.000s CPU, 0.001s wall-clock]
Generated 117 rules.
Computing model... [0.010s CPU, 0.006s wall-clock]
1608 relevant atoms
781 auxiliary atoms
2389 final queue length
4799 total queue pushes
Completing instantiation... [0.020s CPU, 0.018s wall-clock]
Instantiating: [0.030s CPU, 0.028s wall-clock]
Computing fact groups...
Finding invariants...
33 initial candidates
Finding invariants: [0.000s CPU, 0.002s wall-clock]
Checking invariant weight... [0.000s CPU, 0.000s wall-clock]
Instantiating groups... [0.000s CPU, 0.000s wall-clock]
Collecting mutex groups... [0.000s CPU, 0.000s wall-clock]
Choosing groups...
93 uncovered facts
Choosing groups: [0.000s CPU, 0.000s wall-clock]
Building translation key... [0.000s CPU, 0.000s wall-clock]
Computing fact groups: [0.000s CPU, 0.003s wall-clock]
Building STRIPS to SAS dictionary... [0.000s CPU, 0.000s wall-clock]
Building dictionary for full mutex groups... [0.000s CPU, 0.000s wall-clock]
Building mutex information...
Building mutex information: [0.000s CPU, 0.000s wall-clock]
Translating task...
Processing axioms...
Simplifying axioms... [0.000s CPU, 0.000s wall-clock]
Translator axioms removed by simplifying: 0
Computing negative axioms... [0.000s CPU, 0.000s wall-clock]
Processing axioms: [0.000s CPU, 0.002s wall-clock]
Translating task: [0.030s CPU, 0.026s wall-clock]
1248 effect conditions simplified
0 implied preconditions added
Detecting unreachable propositions...
0 operators removed
0 axioms removed
11 propositions removed
Detecting unreachable propositions: [0.010s CPU, 0.013s wall-clock]
Reordering and filtering variables...
104 of 104 variables necessary.
9 of 20 mutex groups necessary.
1300 of 1300 operators necessary.
0 of 0 axiom rules necessary.
Reordering and filtering variables: [0.010s CPU, 0.007s wall-clock]
Translator variables: 104
Translator derived variables: 0
Translator facts: 246
Translator goal facts: 8
Translator mutex groups: 9
Translator total mutex groups size: 45
Translator operators: 1300
Translator axioms: 0
Translator task size: 14383
warning: could not determine peak memory
Writing output... [0.000s CPU, 0.008s wall-clock]
Done! [0.080s CPU, 0.089s wall-clock]
translate exit code: 0

INFO     Running search (release).
INFO     search stdin: output.sas
INFO     search time limit: 59s
INFO     search memory limit: None
INFO     search command line string: /Users/francesco/Desktop/planners/downward/builds/release/bin/downward --search 'astar(add())' --internal-plan-file plans/plan_astar_add_2 < output.sas
[t=0.0001565s, 410606368 KB] reading input...
[t=0.023208s, 410737440 KB] done reading input!
[t=0.0239786s, 410737440 KB] Simplifying 3796 unary operators... done! [3444 unary operators]
[t=0.024742s, 410737440 KB] time to simplify: 0.000765792s
[t=0.0248306s, 410737440 KB] Initializing additive heuristic...
[t=0.0248452s, 410737440 KB] Building successor generator...done!
[t=0.0251532s, 410737440 KB] peak memory difference for successor generator creation: 0 KB
[t=0.025158s, 410737440 KB] time for successor generation creation: 0.000297084s
[t=0.0251656s, 410737440 KB] Variables: 104
[t=0.0251703s, 410737440 KB] FactPairs: 246
[t=0.0251748s, 410737440 KB] Bytes per state: 16
[t=0.025185s, 410737440 KB] Conducting best first search with reopening closed nodes, (real) bound = 2147483647
[t=0.0252267s, 410737440 KB] New best heuristic value for add(): 232
[t=0.0252402s, 410737440 KB] g=0, 1 evaluated, 0 expanded
[t=0.0252445s, 410737440 KB] f = 232, 1 evaluated, 0 expanded
[t=0.0252498s, 410737440 KB] Initial heuristic value for add(): 232
[t=0.0252535s, 410737440 KB] pruning method: none
[t=0.0253828s, 410737440 KB] New best heuristic value for add(): 80
[t=0.025387s, 410737440 KB] g=1, 5 evaluated, 1 expanded
[t=0.0255006s, 410737440 KB] New best heuristic value for add(): 32
[t=0.0255044s, 410737440 KB] g=2, 9 evaluated, 2 expanded
[t=0.025812s, 410737440 KB] New best heuristic value for add(): 28
[t=0.0258158s, 410737440 KB] g=3, 21 evaluated, 3 expanded
[t=0.0271852s, 410737440 KB] New best heuristic value for add(): 26
[t=0.0271889s, 410737440 KB] g=5, 75 evaluated, 7 expanded
[t=0.0272178s, 410737440 KB] New best heuristic value for add(): 24
[t=0.0272216s, 410737440 KB] g=5, 76 evaluated, 7 expanded
[t=0.0285503s, 410737440 KB] New best heuristic value for add(): 22
[t=0.0285543s, 410737440 KB] g=7, 128 evaluated, 11 expanded
[t=0.0286381s, 410737440 KB] New best heuristic value for add(): 20
[t=0.0286419s, 410737440 KB] g=7, 131 evaluated, 11 expanded
[t=0.0288246s, 410737440 KB] New best heuristic value for add(): 18
[t=0.0288281s, 410737440 KB] g=8, 138 evaluated, 12 expanded
[t=0.0314666s, 410737440 KB] New best heuristic value for add(): 15
[t=0.0314706s, 410737440 KB] g=10, 243 evaluated, 20 expanded
[t=0.0326355s, 410737440 KB] New best heuristic value for add(): 13
[t=0.0326393s, 410737440 KB] g=12, 289 evaluated, 23 expanded
[t=0.0530265s, 410737440 KB] New best heuristic value for add(): 10
[t=0.0530315s, 410737440 KB] g=14, 1109 evaluated, 85 expanded
[t=0.0536172s, 410737440 KB] New best heuristic value for add(): 9
[t=0.053621s, 410737440 KB] g=15, 1133 evaluated, 86 expanded
[t=10.9147s, 411018016 KB] New best heuristic value for add(): 8
[t=10.9147s, 411018016 KB] g=19, 443993 evaluated, 34035 expanded, 2000 reopened
[t=10.9155s, 411018016 KB] New best heuristic value for add(): 7
[t=10.9156s, 411018016 KB] g=20, 444027 evaluated, 34037 expanded, 2000 reopened
[t=10.9159s, 411018016 KB] New best heuristic value for add(): 6
[t=10.9159s, 411018016 KB] g=21, 444040 evaluated, 34038 expanded, 2000 reopened
[t=10.9616s, 411018016 KB] New best heuristic value for add(): 5
[t=10.9617s, 411018016 KB] g=23, 445977 evaluated, 34188 expanded, 2000 reopened
[t=10.9621s, 411018016 KB] New best heuristic value for add(): 4
[t=10.9621s, 411018016 KB] g=24, 445997 evaluated, 34189 expanded, 2000 reopened
[t=10.9623s, 411018016 KB] New best heuristic value for add(): 3
[t=10.9623s, 411018016 KB] g=25, 446004 evaluated, 34190 expanded, 2000 reopened
[t=47.0582s, 411132720 KB] New best heuristic value for add(): 2
[t=47.0582s, 411132720 KB] g=26, 1952183 evaluated, 159933 expanded, 13552 reopened
[t=47.0586s, 411132720 KB] New best heuristic value for add(): 1
[t=47.0586s, 411132720 KB] g=27, 1952200 evaluated, 159934 expanded, 13552 reopened
[t=47.0592s, 411132720 KB] New best heuristic value for add(): 0
[t=47.0592s, 411132720 KB] g=28, 1952225 evaluated, 159935 expanded, 13552 reopened
[t=47.0593s, 411132720 KB] Solution found!
[t=47.0593s, 411132720 KB] Actual search time: 47.034s
robot_attach_carrier drone carrier1 central_warehouse (1)
robot_load_box drone carrier1 box1 central_warehouse six five (1)
pick_up_content_at_cw drone bolt carrier1 box1 (1)
robot_load_box drone carrier1 box2 central_warehouse five four (1)
pick_up_content_at_cw drone parts carrier1 box2 (1)
robot_load_box drone carrier1 box3 central_warehouse four three (1)
pick_up_content_at_cw drone valve carrier1 box3 (1)
robot_load_box drone carrier1 box4 central_warehouse three two (1)
pick_up_content_at_cw drone gears carrier1 box4 (1)
robot_load_box drone carrier1 box5 central_warehouse two one (1)
pick_up_content_at_cw drone tool carrier1 box5 (1)
move_flying drone central_warehouse loc2 (1)
put_down_content drone carrier1 box5 tool loc2 wor2_1 (1)
put_down_content drone carrier1 box1 bolt loc2 wor2_1 (1)
move_flying drone loc2 central_warehouse (1)
pick_up_content_at_cw drone bolt carrier1 box1 (1)
move_flying drone central_warehouse loc3 (1)
put_down_content drone carrier1 box1 bolt loc3 wor3_1 (1)
put_down_content drone carrier1 box4 gears loc3 wor3_2 (1)
put_down_content drone carrier1 box2 parts loc3 wor3_1 (1)
move_flying drone loc3 central_warehouse (1)
pick_up_content_at_cw drone parts carrier1 box1 (1)
pick_up_content_at_cw drone valve carrier1 box2 (1)
move_flying drone central_warehouse loc2 (1)
put_down_content drone carrier1 box1 parts loc2 wor2_3 (1)
put_down_content drone carrier1 box2 valve loc2 wor2_2 (1)
move_flying drone loc2 loc1 (1)
put_down_content drone carrier1 box3 valve loc1 wor1_1 (1)
[t=47.0593s, 411132720 KB] Plan length: 28 step(s).
[t=47.0593s, 411132720 KB] Plan cost: 28
[t=47.0593s, 411132720 KB] Expanded 159936 state(s).
[t=47.0593s, 411132720 KB] Reopened 13552 state(s).
[t=47.0593s, 411132720 KB] Evaluated 1952231 state(s).
[t=47.0593s, 411132720 KB] Evaluations: 1952231
[t=47.0593s, 411132720 KB] Generated 3059371 state(s).
[t=47.0593s, 411132720 KB] Dead ends: 0 state(s).
[t=47.0593s, 411132720 KB] Expanded until last jump: 0 state(s).
[t=47.0593s, 411132720 KB] Reopened until last jump: 0 state(s).
[t=47.0593s, 411132720 KB] Evaluated until last jump: 1 state(s).
[t=47.0593s, 411132720 KB] Generated until last jump: 0 state(s).
[t=47.0593s, 411132720 KB] Number of registered states: 1952231
[t=47.0593s, 411132720 KB] Int hash set load factor: 1952231/4194304 = 0.465448
[t=47.0593s, 411132720 KB] Int hash set resizes: 22
[t=47.0593s, 411132720 KB] Search time: 47.0341s
[t=47.0593s, 411132720 KB] Total time: 47.0593s
Solution found.
Peak memory: 411075376 KB
Remove intermediate file output.sas
search exit code: 0

INFO     Planner time: 47.14s
