INFO     planner time limit: 60s
INFO     planner memory limit: None

INFO     Running translator.
INFO     translator stdin: None
INFO     translator time limit: 59s
INFO     translator memory limit: None
INFO     translator command line string: /opt/homebrew/opt/python@3.12/bin/python3.12 /Users/francesco/Desktop/planners/downward/builds/release/bin/translate/translate.py domain.pddl problem_2.pddl --sas-file output.sas
Parsing...
Parsing: [0.000s CPU, 0.002s wall-clock]
Normalizing task... [0.000s CPU, 0.000s wall-clock]
Instantiating...
Generating Datalog program... [0.000s CPU, 0.000s wall-clock]
Normalizing Datalog program...
Normalizing Datalog program: [0.000s CPU, 0.002s wall-clock]
Preparing model... [0.000s CPU, 0.001s wall-clock]
Generated 117 rules.
Computing model... [0.010s CPU, 0.006s wall-clock]
1608 relevant atoms
781 auxiliary atoms
2389 final queue length
4799 total queue pushes
Completing instantiation... [0.020s CPU, 0.018s wall-clock]
Instantiating: [0.030s CPU, 0.027s wall-clock]
Computing fact groups...
Finding invariants...
33 initial candidates
Finding invariants: [0.000s CPU, 0.002s wall-clock]
Checking invariant weight... [0.000s CPU, 0.000s wall-clock]
Instantiating groups... [0.000s CPU, 0.000s wall-clock]
Collecting mutex groups... [0.000s CPU, 0.000s wall-clock]
Choosing groups...
93 uncovered facts
Choosing groups: [0.000s CPU, 0.000s wall-clock]
Building translation key... [0.000s CPU, 0.000s wall-clock]
Computing fact groups: [0.000s CPU, 0.003s wall-clock]
Building STRIPS to SAS dictionary... [0.000s CPU, 0.000s wall-clock]
Building dictionary for full mutex groups... [0.000s CPU, 0.000s wall-clock]
Building mutex information...
Building mutex information: [0.000s CPU, 0.000s wall-clock]
Translating task...
Processing axioms...
Simplifying axioms... [0.000s CPU, 0.000s wall-clock]
Translator axioms removed by simplifying: 0
Computing negative axioms... [0.000s CPU, 0.000s wall-clock]
Processing axioms: [0.000s CPU, 0.002s wall-clock]
Translating task: [0.030s CPU, 0.026s wall-clock]
1248 effect conditions simplified
0 implied preconditions added
Detecting unreachable propositions...
0 operators removed
0 axioms removed
11 propositions removed
Detecting unreachable propositions: [0.010s CPU, 0.013s wall-clock]
Reordering and filtering variables...
104 of 104 variables necessary.
9 of 20 mutex groups necessary.
1300 of 1300 operators necessary.
0 of 0 axiom rules necessary.
Reordering and filtering variables: [0.010s CPU, 0.007s wall-clock]
Translator variables: 104
Translator derived variables: 0
Translator facts: 246
Translator goal facts: 8
Translator mutex groups: 9
Translator total mutex groups size: 45
Translator operators: 1300
Translator axioms: 0
Translator task size: 14383
warning: could not determine peak memory
Writing output... [0.000s CPU, 0.008s wall-clock]
Done! [0.080s CPU, 0.088s wall-clock]
translate exit code: 0

INFO     Running search (release).
INFO     search stdin: output.sas
INFO     search time limit: 59s
INFO     search memory limit: None
INFO     search command line string: /Users/francesco/Desktop/planners/downward/builds/release/bin/downward --search 'astar(cg())' --internal-plan-file plans/plan_astar_cg_2 < output.sas
[t=0.000151125s, 410606368 KB] reading input...
[t=0.0232443s, 410737440 KB] done reading input!
[t=0.0237836s, 410737440 KB] Initializing causal graph heuristic...
[t=0.023791s, 410737440 KB] Initializing heuristic cache... building causal graph...done! [t=0.000926209s]
[t=0.02528s, 410737440 KB] done!
[t=0.0284219s, 410737440 KB] Building successor generator...done!
[t=0.0287315s, 410737440 KB] peak memory difference for successor generator creation: 0 KB
[t=0.0287363s, 410737440 KB] time for successor generation creation: 0.0002985s
[t=0.0287436s, 410737440 KB] Variables: 104
[t=0.0287487s, 410737440 KB] FactPairs: 246
[t=0.028753s, 410737440 KB] Bytes per state: 16
[t=0.0287635s, 410737440 KB] Conducting best first search with reopening closed nodes, (real) bound = 2147483647
[t=0.0288422s, 410737440 KB] New best heuristic value for cg(): 232
[t=0.028855s, 410737440 KB] g=0, 1 evaluated, 0 expanded
[t=0.0288592s, 410737440 KB] f = 232, 1 evaluated, 0 expanded
[t=0.0288647s, 410737440 KB] Initial heuristic value for cg(): 232
[t=0.0288684s, 410737440 KB] pruning method: none
[t=0.029111s, 410737440 KB] New best heuristic value for cg(): 80
[t=0.0291153s, 410737440 KB] g=1, 5 evaluated, 1 expanded
[t=0.0292722s, 410737440 KB] New best heuristic value for cg(): 32
[t=0.0292768s, 410737440 KB] g=2, 9 evaluated, 2 expanded
[t=0.0294543s, 410737440 KB] New best heuristic value for cg(): 31
[t=0.0294582s, 410737440 KB] g=3, 17 evaluated, 3 expanded
[t=0.0294973s, 410737440 KB] New best heuristic value for cg(): 28
[t=0.029501s, 410737440 KB] g=3, 18 evaluated, 3 expanded
[t=0.02961s, 410737440 KB] New best heuristic value for cg(): 24
[t=0.029614s, 410737440 KB] g=3, 21 evaluated, 3 expanded
[t=0.029724s, 410737440 KB] New best heuristic value for cg(): 22
[t=0.0297276s, 410737440 KB] g=3, 25 evaluated, 3 expanded
[t=0.0299075s, 410737440 KB] New best heuristic value for cg(): 21
[t=0.0299114s, 410737440 KB] g=4, 33 evaluated, 4 expanded
[t=0.029949s, 410737440 KB] New best heuristic value for cg(): 18
[t=0.0299528s, 410737440 KB] g=4, 34 evaluated, 4 expanded
[t=0.0321495s, 410737440 KB] New best heuristic value for cg(): 16
[t=0.0321536s, 410737440 KB] g=6, 106 evaluated, 14 expanded
[t=0.0339052s, 410737440 KB] New best heuristic value for cg(): 15
[t=0.0339091s, 410737440 KB] g=8, 166 evaluated, 21 expanded
[t=0.0498291s, 410737440 KB] New best heuristic value for cg(): 14
[t=0.0498338s, 410737440 KB] g=8, 700 evaluated, 94 expanded
[t=0.0516115s, 410737440 KB] New best heuristic value for cg(): 13
[t=0.0516153s, 410737440 KB] g=11, 771 evaluated, 100 expanded
[t=0.0624538s, 410737440 KB] New best heuristic value for cg(): 12
[t=0.0624577s, 410737440 KB] g=11, 1180 evaluated, 146 expanded
[t=0.126612s, 410746656 KB] New best heuristic value for cg(): 11
[t=0.126634s, 410746656 KB] g=12, 3627 evaluated, 418 expanded
[t=0.133207s, 410746656 KB] New best heuristic value for cg(): 10
[t=0.133213s, 410746656 KB] g=13, 3914 evaluated, 441 expanded
[t=0.168874s, 410877728 KB] New best heuristic value for cg(): 9
[t=0.16888s, 410877728 KB] g=14, 5448 evaluated, 590 expanded
[t=19.3916s, 411075376 KB] New best heuristic value for cg(): 8
[t=19.3917s, 411075376 KB] g=16, 1136634 evaluated, 129594 expanded, 6139 reopened
[t=19.3922s, 411075376 KB] New best heuristic value for cg(): 7
[t=19.3922s, 411075376 KB] g=17, 1136660 evaluated, 129595 expanded, 6139 reopened
[t=19.4019s, 411075376 KB] New best heuristic value for cg(): 6
[t=19.4019s, 411075376 KB] g=18, 1137113 evaluated, 129645 expanded, 6139 reopened
[t=19.4023s, 411075376 KB] New best heuristic value for cg(): 5
[t=19.4023s, 411075376 KB] g=19, 1137132 evaluated, 129646 expanded, 6139 reopened
[t=19.4182s, 411075376 KB] New best heuristic value for cg(): 4
[t=19.4182s, 411075376 KB] g=22, 1137969 evaluated, 129728 expanded, 6139 reopened
[t=19.4186s, 411075376 KB] New best heuristic value for cg(): 3
[t=19.4186s, 411075376 KB] g=23, 1137995 evaluated, 129729 expanded, 6139 reopened
[t=19.4598s, 411075376 KB] New best heuristic value for cg(): 2
[t=19.4598s, 411075376 KB] g=25, 1140450 evaluated, 129966 expanded, 6148 reopened
[t=19.4599s, 411075376 KB] New best heuristic value for cg(): 1
[t=19.4599s, 411075376 KB] g=26, 1140459 evaluated, 129967 expanded, 6148 reopened
[t=19.46s, 411075376 KB] New best heuristic value for cg(): 0
[t=19.46s, 411075376 KB] g=27, 1140474 evaluated, 129968 expanded, 6148 reopened
[t=19.4602s, 411075376 KB] Solution found!
[t=19.4602s, 411075376 KB] Actual search time: 19.4313s
robot_attach_carrier drone carrier1 central_warehouse (1)
robot_load_box drone carrier1 box1 central_warehouse six five (1)
pick_up_content_at_cw drone valve carrier1 box1 (1)
robot_load_box drone carrier1 box2 central_warehouse five four (1)
pick_up_content_at_cw drone bolt carrier1 box2 (1)
robot_load_box drone carrier1 box3 central_warehouse four three (1)
pick_up_content_at_cw drone parts carrier1 box3 (1)
robot_load_box drone carrier1 box4 central_warehouse three two (1)
pick_up_content_at_cw drone gears carrier1 box4 (1)
move_flying drone central_warehouse loc3 (1)
put_down_content drone carrier1 box4 gears loc3 wor3_2 (1)
put_down_content drone carrier1 box2 bolt loc3 wor3_1 (1)
put_down_content drone carrier1 box3 parts loc3 wor3_1 (1)
move_flying drone loc3 central_warehouse (1)
pick_up_content_at_cw drone bolt carrier1 box2 (1)
pick_up_content_at_cw drone parts carrier1 box3 (1)
pick_up_content_at_cw drone tool carrier1 box4 (1)
move_flying drone central_warehouse loc2 (1)
put_down_content drone carrier1 box2 bolt loc2 wor2_1 (1)
put_down_content drone carrier1 box3 parts loc2 wor2_3 (1)
put_down_content drone carrier1 box4 tool loc2 wor2_1 (1)
move_flying drone loc2 central_warehouse (1)
pick_up_content_at_cw drone valve carrier1 box2 (1)
move_flying drone central_warehouse loc1 (1)
put_down_content drone carrier1 box1 valve loc1 wor1_1 (1)
move_flying drone loc1 loc2 (1)
put_down_content drone carrier1 box2 valve loc2 wor2_2 (1)
[t=19.4602s, 411075376 KB] Plan length: 27 step(s).
[t=19.4602s, 411075376 KB] Plan cost: 27
[t=19.4602s, 411075376 KB] Expanded 129969 state(s).
[t=19.4602s, 411075376 KB] Reopened 6148 state(s).
[t=19.4602s, 411075376 KB] Evaluated 1140485 state(s).
[t=19.4602s, 411075376 KB] Evaluations: 1140485
[t=19.4602s, 411075376 KB] Generated 1800813 state(s).
[t=19.4602s, 411075376 KB] Dead ends: 0 state(s).
[t=19.4602s, 411075376 KB] Expanded until last jump: 0 state(s).
[t=19.4602s, 411075376 KB] Reopened until last jump: 0 state(s).
[t=19.4602s, 411075376 KB] Evaluated until last jump: 1 state(s).
[t=19.4602s, 411075376 KB] Generated until last jump: 0 state(s).
[t=19.4602s, 411075376 KB] Number of registered states: 1140485
[t=19.4602s, 411075376 KB] Int hash set load factor: 1140485/2097152 = 0.543826
[t=19.4602s, 411075376 KB] Int hash set resizes: 21
[t=19.4602s, 411075376 KB] Search time: 19.4314s
[t=19.4602s, 411075376 KB] Total time: 19.4602s
Solution found.
Peak memory: 411042608 KB
Remove intermediate file output.sas
search exit code: 0

INFO     Planner time: 19.59s
