INFO     planner time limit: 60s
INFO     planner memory limit: None

INFO     Running translator.
INFO     translator stdin: None
INFO     translator time limit: 59s
INFO     translator memory limit: None
INFO     translator command line string: /opt/homebrew/opt/python@3.12/bin/python3.12 /Users/francesco/Desktop/planners/downward/builds/release/bin/translate/translate.py domain.pddl problem_1.pddl --sas-file output.sas
Parsing...
Parsing: [0.000s CPU, 0.001s wall-clock]
Normalizing task... [0.000s CPU, 0.000s wall-clock]
Instantiating...
Generating Datalog program... [0.000s CPU, 0.000s wall-clock]
Normalizing Datalog program...
Normalizing Datalog program: [0.000s CPU, 0.002s wall-clock]
Preparing model... [0.000s CPU, 0.001s wall-clock]
Generated 117 rules.
Computing model... [0.010s CPU, 0.008s wall-clock]
2283 relevant atoms
980 auxiliary atoms
3263 final queue length
7839 total queue pushes
Completing instantiation... [0.030s CPU, 0.032s wall-clock]
Instantiating: [0.040s CPU, 0.044s wall-clock]
Computing fact groups...
Finding invariants...
33 initial candidates
Finding invariants: [0.010s CPU, 0.002s wall-clock]
Checking invariant weight... [0.000s CPU, 0.000s wall-clock]
Instantiating groups... [0.000s CPU, 0.000s wall-clock]
Collecting mutex groups... [0.000s CPU, 0.000s wall-clock]
Choosing groups...
28 uncovered facts
Choosing groups: [0.000s CPU, 0.000s wall-clock]
Building translation key... [0.000s CPU, 0.000s wall-clock]
Computing fact groups: [0.010s CPU, 0.003s wall-clock]
Building STRIPS to SAS dictionary... [0.000s CPU, 0.000s wall-clock]
Building dictionary for full mutex groups... [0.000s CPU, 0.000s wall-clock]
Building mutex information...
Building mutex information: [0.000s CPU, 0.000s wall-clock]
Translating task...
Processing axioms...
Simplifying axioms... [0.000s CPU, 0.000s wall-clock]
Translator axioms removed by simplifying: 0
Computing negative axioms... [0.000s CPU, 0.000s wall-clock]
Processing axioms: [0.000s CPU, 0.003s wall-clock]
Translating task: [0.040s CPU, 0.040s wall-clock]
1238 effect conditions simplified
0 implied preconditions added
Detecting unreachable propositions...
0 operators removed
0 axioms removed
9 propositions removed
Detecting unreachable propositions: [0.010s CPU, 0.015s wall-clock]
Reordering and filtering variables...
37 of 37 variables necessary.
5 of 14 mutex groups necessary.
2012 of 2012 operators necessary.
0 of 0 axiom rules necessary.
Reordering and filtering variables: [0.010s CPU, 0.008s wall-clock]
Translator variables: 37
Translator derived variables: 0
Translator facts: 147
Translator goal facts: 3
Translator mutex groups: 5
Translator total mutex groups size: 50
Translator operators: 2012
Translator axioms: 0
Translator task size: 20401
warning: could not determine peak memory
Writing output... [0.010s CPU, 0.010s wall-clock]
Done! [0.120s CPU, 0.124s wall-clock]
translate exit code: 0

INFO     Running search (release).
INFO     search stdin: output.sas
INFO     search time limit: 59s
INFO     search memory limit: None
INFO     search command line string: /Users/francesco/Desktop/planners/downward/builds/release/bin/downward --search 'astar(cg())' --internal-plan-file plans/plan_astar_cg_1 < output.sas
[t=0.000146959s, 410597152 KB] reading input...
[t=0.0325135s, 410728224 KB] done reading input!
[t=0.0330414s, 410728224 KB] Initializing causal graph heuristic...
[t=0.0330494s, 410728224 KB] Initializing heuristic cache... building causal graph...done! [t=0.000658167s]
[t=0.0343052s, 410728224 KB] done!
[t=0.0398758s, 410728224 KB] Building successor generator...done!
[t=0.0403679s, 410728224 KB] peak memory difference for successor generator creation: 0 KB
[t=0.040373s, 410728224 KB] time for successor generation creation: 0.000479458s
[t=0.0403814s, 410728224 KB] Variables: 37
[t=0.0403903s, 410728224 KB] FactPairs: 147
[t=0.0403948s, 410728224 KB] Bytes per state: 8
[t=0.0404054s, 410728224 KB] Conducting best first search with reopening closed nodes, (real) bound = 2147483647
[t=0.0404836s, 410728224 KB] New best heuristic value for cg(): 92
[t=0.0404988s, 410728224 KB] g=0, 1 evaluated, 0 expanded
[t=0.0405031s, 410728224 KB] f = 92, 1 evaluated, 0 expanded
[t=0.0405083s, 410728224 KB] Initial heuristic value for cg(): 92
[t=0.040512s, 410728224 KB] pruning method: none
[t=0.0406157s, 410728224 KB] New best heuristic value for cg(): 41
[t=0.0406225s, 410728224 KB] g=1, 3 evaluated, 1 expanded
[t=0.0407455s, 410728224 KB] New best heuristic value for cg(): 38
[t=0.0407495s, 410728224 KB] g=1, 6 evaluated, 1 expanded
[t=0.040858s, 410728224 KB] New best heuristic value for cg(): 35
[t=0.0408617s, 410728224 KB] g=2, 9 evaluated, 2 expanded
[t=0.040943s, 410728224 KB] New best heuristic value for cg(): 20
[t=0.0409467s, 410728224 KB] g=2, 11 evaluated, 2 expanded
[t=0.0410709s, 410728224 KB] New best heuristic value for cg(): 19
[t=0.0410745s, 410728224 KB] g=3, 15 evaluated, 3 expanded
[t=0.0412215s, 410728224 KB] New best heuristic value for cg(): 15
[t=0.0412252s, 410728224 KB] g=3, 19 evaluated, 3 expanded
[t=0.0413221s, 410728224 KB] New best heuristic value for cg(): 14
[t=0.0413258s, 410728224 KB] g=4, 22 evaluated, 4 expanded
[t=0.0414879s, 410728224 KB] New best heuristic value for cg(): 13
[t=0.041492s, 410728224 KB] g=5, 27 evaluated, 5 expanded
[t=0.0416182s, 410728224 KB] New best heuristic value for cg(): 12
[t=0.041622s, 410728224 KB] g=6, 32 evaluated, 6 expanded
[t=0.0417318s, 410728224 KB] New best heuristic value for cg(): 11
[t=0.0417354s, 410728224 KB] g=6, 36 evaluated, 6 expanded
[t=0.041875s, 410728224 KB] New best heuristic value for cg(): 10
[t=0.0418787s, 410728224 KB] g=7, 42 evaluated, 7 expanded
[t=0.0419826s, 410728224 KB] New best heuristic value for cg(): 9
[t=0.0419862s, 410728224 KB] g=7, 46 evaluated, 7 expanded
[t=0.0420877s, 410728224 KB] New best heuristic value for cg(): 8
[t=0.0420914s, 410728224 KB] g=8, 50 evaluated, 8 expanded
[t=0.042197s, 410728224 KB] New best heuristic value for cg(): 7
[t=0.0422008s, 410728224 KB] g=8, 54 evaluated, 8 expanded
[t=0.0422848s, 410728224 KB] New best heuristic value for cg(): 6
[t=0.0422885s, 410728224 KB] g=9, 57 evaluated, 9 expanded
[t=0.0424137s, 410728224 KB] New best heuristic value for cg(): 5
[t=0.0424172s, 410728224 KB] g=9, 62 evaluated, 9 expanded
[t=0.0424999s, 410728224 KB] New best heuristic value for cg(): 4
[t=0.0425036s, 410728224 KB] g=10, 65 evaluated, 10 expanded
[t=0.0427979s, 410728224 KB] New best heuristic value for cg(): 3
[t=0.0428017s, 410728224 KB] g=11, 76 evaluated, 11 expanded
[t=1.21005s, 411008800 KB] New best heuristic value for cg(): 2
[t=1.21007s, 411008800 KB] g=19, 45183 evaluated, 9156 expanded, 69 reopened
[t=1.2103s, 411008800 KB] New best heuristic value for cg(): 1
[t=1.21031s, 411008800 KB] g=20, 45197 evaluated, 9157 expanded, 69 reopened
[t=1.21046s, 411008800 KB] New best heuristic value for cg(): 0
[t=1.21047s, 411008800 KB] g=21, 45207 evaluated, 9158 expanded, 69 reopened
[t=1.21049s, 411008800 KB] Solution found!
[t=1.2105s, 411008800 KB] Actual search time: 1.16998s
robot_attach_carrier jumper carrier1 central_warehouse (1)
robot_load_box jumper carrier1 box1 central_warehouse one zero (1)
pick_up_content_at_cw jumper tool carrier1 box1 (1)
robot_attach_carrier walker carrier2 central_warehouse (1)
robot_load_box walker carrier2 box2 central_warehouse two one (1)
pick_up_content_at_cw walker valve carrier2 box2 (1)
move_jumping jumper central_warehouse loc1 loc2 (1)
move_jumping jumper loc2 loc3 loc4 (1)
move_jumping jumper loc4 loc5 loc6 (1)
robot_load_box walker carrier2 box3 central_warehouse one zero (1)
pick_up_content_at_cw walker tool carrier2 box3 (1)
move_walking walker central_warehouse loc1 (1)
put_down_content walker carrier2 box2 valve loc1 wor1_1 (1)
move_walking walker loc1 loc2 (1)
move_walking walker loc2 loc3 (1)
move_walking walker loc3 loc4 (1)
move_walking walker loc4 loc5 (1)
move_walking walker loc5 loc6 (1)
put_down_content walker carrier2 box3 tool loc6 wor6_1 (1)
move_jumping jumper loc6 loc7 loc8 (1)
put_down_content jumper carrier1 box1 tool loc8 wor8_1 (1)
[t=1.2105s, 411008800 KB] Plan length: 21 step(s).
[t=1.2105s, 411008800 KB] Plan cost: 21
[t=1.2105s, 411008800 KB] Expanded 9159 state(s).
[t=1.2105s, 411008800 KB] Reopened 69 state(s).
[t=1.2105s, 411008800 KB] Evaluated 45208 state(s).
[t=1.2105s, 411008800 KB] Evaluations: 45208
[t=1.2105s, 411008800 KB] Generated 75371 state(s).
[t=1.2105s, 411008800 KB] Dead ends: 0 state(s).
[t=1.2105s, 411008800 KB] Expanded until last jump: 0 state(s).
[t=1.2105s, 411008800 KB] Reopened until last jump: 0 state(s).
[t=1.2105s, 411008800 KB] Evaluated until last jump: 1 state(s).
[t=1.2105s, 411008800 KB] Generated until last jump: 0 state(s).
[t=1.2105s, 411008800 KB] Number of registered states: 45208
[t=1.2105s, 411008800 KB] Int hash set load factor: 45208/65536 = 0.689819
[t=1.2105s, 411008800 KB] Int hash set resizes: 16
[t=1.2105s, 411008800 KB] Search time: 1.1701s
[t=1.2105s, 411008800 KB] Total time: 1.2105s
Solution found.
Peak memory: 411008800 KB
Remove intermediate file output.sas
search exit code: 0

INFO     Planner time: 1.38s
