INFO     planner time limit: 60s
INFO     planner memory limit: None

INFO     Running translator.
INFO     translator stdin: None
INFO     translator time limit: 59s
INFO     translator memory limit: None
INFO     translator command line string: /opt/homebrew/opt/python@3.12/bin/python3.12 /Users/francesco/Desktop/planners/downward/builds/release/bin/translate/translate.py domain.pddl problem_1.pddl --sas-file output.sas
Parsing...
Parsing: [0.000s CPU, 0.001s wall-clock]
Normalizing task... [0.000s CPU, 0.000s wall-clock]
Instantiating...
Generating Datalog program... [0.000s CPU, 0.000s wall-clock]
Normalizing Datalog program...
Normalizing Datalog program: [0.000s CPU, 0.002s wall-clock]
Preparing model... [0.000s CPU, 0.001s wall-clock]
Generated 117 rules.
Computing model... [0.010s CPU, 0.009s wall-clock]
2283 relevant atoms
980 auxiliary atoms
3263 final queue length
7839 total queue pushes
Completing instantiation... [0.030s CPU, 0.033s wall-clock]
Instantiating: [0.040s CPU, 0.045s wall-clock]
Computing fact groups...
Finding invariants...
33 initial candidates
Finding invariants: [0.010s CPU, 0.002s wall-clock]
Checking invariant weight... [0.000s CPU, 0.000s wall-clock]
Instantiating groups... [0.000s CPU, 0.000s wall-clock]
Collecting mutex groups... [0.000s CPU, 0.000s wall-clock]
Choosing groups...
28 uncovered facts
Choosing groups: [0.000s CPU, 0.000s wall-clock]
Building translation key... [0.000s CPU, 0.000s wall-clock]
Computing fact groups: [0.010s CPU, 0.003s wall-clock]
Building STRIPS to SAS dictionary... [0.000s CPU, 0.000s wall-clock]
Building dictionary for full mutex groups... [0.000s CPU, 0.000s wall-clock]
Building mutex information...
Building mutex information: [0.000s CPU, 0.000s wall-clock]
Translating task...
Processing axioms...
Simplifying axioms... [0.000s CPU, 0.000s wall-clock]
Translator axioms removed by simplifying: 0
Computing negative axioms... [0.000s CPU, 0.000s wall-clock]
Processing axioms: [0.000s CPU, 0.003s wall-clock]
Translating task: [0.040s CPU, 0.040s wall-clock]
1238 effect conditions simplified
0 implied preconditions added
Detecting unreachable propositions...
0 operators removed
0 axioms removed
9 propositions removed
Detecting unreachable propositions: [0.010s CPU, 0.016s wall-clock]
Reordering and filtering variables...
37 of 37 variables necessary.
5 of 14 mutex groups necessary.
2012 of 2012 operators necessary.
0 of 0 axiom rules necessary.
Reordering and filtering variables: [0.010s CPU, 0.008s wall-clock]
Translator variables: 37
Translator derived variables: 0
Translator facts: 147
Translator goal facts: 3
Translator mutex groups: 5
Translator total mutex groups size: 50
Translator operators: 2012
Translator axioms: 0
Translator task size: 20401
warning: could not determine peak memory
Writing output... [0.010s CPU, 0.010s wall-clock]
Done! [0.120s CPU, 0.126s wall-clock]
translate exit code: 0

INFO     Running search (release).
INFO     search stdin: output.sas
INFO     search time limit: 59s
INFO     search memory limit: None
INFO     search command line string: /Users/francesco/Desktop/planners/downward/builds/release/bin/downward --search 'astar(blind())' --internal-plan-file plans/plan_astar_blind_1 < output.sas
[t=0.000145625s, 410597152 KB] reading input...
[t=0.0324928s, 410728224 KB] done reading input!
[t=0.0330067s, 410728224 KB] Initializing blind search heuristic...
[t=0.0330247s, 410728224 KB] Building successor generator...done!
[t=0.0335225s, 410728224 KB] peak memory difference for successor generator creation: 0 KB
[t=0.0335273s, 410728224 KB] time for successor generation creation: 0.0004835s
[t=0.0335357s, 410728224 KB] Variables: 37
[t=0.033541s, 410728224 KB] FactPairs: 147
[t=0.0335456s, 410728224 KB] Bytes per state: 8
[t=0.0335584s, 410728224 KB] Conducting best first search with reopening closed nodes, (real) bound = 2147483647
[t=0.0335677s, 410728224 KB] New best heuristic value for blind(): 1
[t=0.0335726s, 410728224 KB] g=0, 1 evaluated, 0 expanded
[t=0.0335773s, 410728224 KB] f = 1, 1 evaluated, 0 expanded
[t=0.0335835s, 410728224 KB] Initial heuristic value for blind(): 1
[t=0.033598s, 410728224 KB] pruning method: none
[t=0.033609s, 410728224 KB] f = 2, 7 evaluated, 1 expanded
[t=0.0336318s, 410728224 KB] f = 3, 32 evaluated, 7 expanded
[t=0.0337133s, 410728224 KB] f = 4, 140 evaluated, 32 expanded
[t=0.0340121s, 410728224 KB] f = 5, 526 evaluated, 140 expanded
[t=0.0349049s, 410728224 KB] f = 6, 1756 evaluated, 526 expanded
[t=0.0377267s, 410728224 KB] f = 7, 5444 evaluated, 1756 expanded
[t=0.0458437s, 410728224 KB] f = 8, 15596 evaluated, 5444 expanded
[t=0.0663073s, 410728224 KB] f = 9, 41850 evaluated, 15596 expanded
[t=0.117911s, 410744608 KB] f = 10, 106022 evaluated, 41850 expanded
[t=0.248541s, 410876704 KB] f = 11, 253591 evaluated, 106022 expanded
[t=0.529516s, 410884896 KB] f = 12, 575928 evaluated, 253591 expanded
[t=1.1426s, 410925872 KB] f = 13, 1246562 evaluated, 575928 expanded
[t=2.48595s, 411130672 KB] f = 14, 2579223 evaluated, 1246562 expanded
[t=5.23249s, 411270960 KB] f = 15, 5125497 evaluated, 2579223 expanded
[t=10.4913s, 411541312 KB] f = 16, 9808680 evaluated, 5125497 expanded
[t=12.9381s, 411615040 KB] New best heuristic value for blind(): 0
[t=12.9381s, 411615040 KB] g=16, 12026693 evaluated, 6383441 expanded
[t=12.9382s, 411615040 KB] Solution found!
[t=12.9382s, 411615040 KB] Actual search time: 12.9046s
robot_attach_carrier walker carrier1 central_warehouse (1)
robot_load_box walker carrier1 box1 central_warehouse one zero (1)
pick_up_content_at_cw walker valve carrier1 box1 (1)
move_walking walker central_warehouse loc1 (1)
put_down_content walker carrier1 box1 valve loc1 wor1_1 (1)
robot_attach_carrier jumper carrier2 central_warehouse (1)
robot_load_box jumper carrier2 box2 central_warehouse two one (1)
pick_up_content_at_cw jumper tool carrier2 box2 (1)
robot_load_box jumper carrier2 box3 central_warehouse one zero (1)
pick_up_content_at_cw jumper tool carrier2 box3 (1)
move_jumping jumper central_warehouse loc1 loc2 (1)
move_jumping jumper loc2 loc3 loc4 (1)
move_jumping jumper loc4 loc5 loc6 (1)
put_down_content jumper carrier2 box2 tool loc6 wor6_1 (1)
move_jumping jumper loc6 loc7 loc8 (1)
put_down_content jumper carrier2 box3 tool loc8 wor8_1 (1)
[t=12.9382s, 411615040 KB] Plan length: 16 step(s).
[t=12.9382s, 411615040 KB] Plan cost: 16
[t=12.9382s, 411615040 KB] Expanded 6383442 state(s).
[t=12.9382s, 411615040 KB] Reopened 0 state(s).
[t=12.9382s, 411615040 KB] Evaluated 12026695 state(s).
[t=12.9382s, 411615040 KB] Evaluations: 12026695
[t=12.9382s, 411615040 KB] Generated 37892580 state(s).
[t=12.9382s, 411615040 KB] Dead ends: 0 state(s).
[t=12.9382s, 411615040 KB] Expanded until last jump: 5125497 state(s).
[t=12.9382s, 411615040 KB] Reopened until last jump: 0 state(s).
[t=12.9382s, 411615040 KB] Evaluated until last jump: 9808680 state(s).
[t=12.9382s, 411615040 KB] Generated until last jump: 30867762 state(s).
[t=12.9382s, 411615040 KB] Number of registered states: 12026695
[t=12.9382s, 411615040 KB] Int hash set load factor: 12026695/16777216 = 0.716847
[t=12.9382s, 411615040 KB] Int hash set resizes: 24
[t=12.9382s, 411615040 KB] Search time: 12.9046s
[t=12.9382s, 411615040 KB] Total time: 12.9382s
Solution found.
Peak memory: 411270976 KB
Remove intermediate file output.sas
search exit code: 0

INFO     Planner time: 13.12s
