INFO     planner time limit: 60s
INFO     planner memory limit: None

INFO     Running translator.
INFO     translator stdin: None
INFO     translator time limit: 59s
INFO     translator memory limit: None
INFO     translator command line string: /opt/homebrew/opt/python@3.12/bin/python3.12 /Users/francesco/Desktop/planners/downward/builds/release/bin/translate/translate.py domain.pddl problem_1.pddl --sas-file output.sas
Parsing...
Parsing: [0.000s CPU, 0.001s wall-clock]
Normalizing task... [0.000s CPU, 0.000s wall-clock]
Instantiating...
Generating Datalog program... [0.000s CPU, 0.000s wall-clock]
Normalizing Datalog program...
Normalizing Datalog program: [0.000s CPU, 0.002s wall-clock]
Preparing model... [0.000s CPU, 0.001s wall-clock]
Generated 117 rules.
Computing model... [0.010s CPU, 0.008s wall-clock]
2283 relevant atoms
980 auxiliary atoms
3263 final queue length
7839 total queue pushes
Completing instantiation... [0.030s CPU, 0.033s wall-clock]
Instantiating: [0.040s CPU, 0.045s wall-clock]
Computing fact groups...
Finding invariants...
33 initial candidates
Finding invariants: [0.010s CPU, 0.002s wall-clock]
Checking invariant weight... [0.000s CPU, 0.000s wall-clock]
Instantiating groups... [0.000s CPU, 0.000s wall-clock]
Collecting mutex groups... [0.000s CPU, 0.000s wall-clock]
Choosing groups...
28 uncovered facts
Choosing groups: [0.000s CPU, 0.000s wall-clock]
Building translation key... [0.000s CPU, 0.000s wall-clock]
Computing fact groups: [0.010s CPU, 0.003s wall-clock]
Building STRIPS to SAS dictionary... [0.000s CPU, 0.000s wall-clock]
Building dictionary for full mutex groups... [0.000s CPU, 0.000s wall-clock]
Building mutex information...
Building mutex information: [0.000s CPU, 0.000s wall-clock]
Translating task...
Processing axioms...
Simplifying axioms... [0.000s CPU, 0.000s wall-clock]
Translator axioms removed by simplifying: 0
Computing negative axioms... [0.000s CPU, 0.000s wall-clock]
Processing axioms: [0.000s CPU, 0.003s wall-clock]
Translating task: [0.040s CPU, 0.040s wall-clock]
1238 effect conditions simplified
0 implied preconditions added
Detecting unreachable propositions...
0 operators removed
0 axioms removed
9 propositions removed
Detecting unreachable propositions: [0.010s CPU, 0.015s wall-clock]
Reordering and filtering variables...
37 of 37 variables necessary.
5 of 14 mutex groups necessary.
2012 of 2012 operators necessary.
0 of 0 axiom rules necessary.
Reordering and filtering variables: [0.010s CPU, 0.008s wall-clock]
Translator variables: 37
Translator derived variables: 0
Translator facts: 147
Translator goal facts: 3
Translator mutex groups: 5
Translator total mutex groups size: 50
Translator operators: 2012
Translator axioms: 0
Translator task size: 20401
warning: could not determine peak memory
Writing output... [0.010s CPU, 0.011s wall-clock]
Done! [0.120s CPU, 0.125s wall-clock]
translate exit code: 0

INFO     Running search (release).
INFO     search stdin: output.sas
INFO     search time limit: 59s
INFO     search memory limit: None
INFO     search command line string: /Users/francesco/Desktop/planners/downward/builds/release/bin/downward --search 'astar(ff())' --internal-plan-file plans/plan_astar_ff_1 < output.sas
[t=0.000144875s, 410597152 KB] reading input...
[t=0.0324611s, 410728224 KB] done reading input!
[t=0.0333491s, 410728224 KB] Simplifying 5916 unary operators... done! [5892 unary operators]
[t=0.0345684s, 410728224 KB] time to simplify: 0.00122117s
[t=0.0346942s, 410728224 KB] Initializing additive heuristic...
[t=0.0346995s, 410728224 KB] Initializing FF heuristic...
[t=0.0347112s, 410728224 KB] Building successor generator...done!
[t=0.0351971s, 410728224 KB] peak memory difference for successor generator creation: 0 KB
[t=0.0352016s, 410728224 KB] time for successor generation creation: 0.000476209s
[t=0.0352096s, 410728224 KB] Variables: 37
[t=0.0352144s, 410728224 KB] FactPairs: 147
[t=0.0352187s, 410728224 KB] Bytes per state: 8
[t=0.0352285s, 410728224 KB] Conducting best first search with reopening closed nodes, (real) bound = 2147483647
[t=0.0353023s, 410728224 KB] New best heuristic value for ff(): 17
[t=0.035307s, 410728224 KB] g=0, 1 evaluated, 0 expanded
[t=0.0353113s, 410728224 KB] f = 17, 1 evaluated, 0 expanded
[t=0.0353175s, 410728224 KB] Initial heuristic value for ff(): 17
[t=0.035321s, 410728224 KB] pruning method: none
[t=0.0353688s, 410728224 KB] New best heuristic value for ff(): 16
[t=0.0353726s, 410728224 KB] g=1, 2 evaluated, 1 expanded
[t=0.0355442s, 410728224 KB] New best heuristic value for ff(): 15
[t=0.0355481s, 410728224 KB] g=1, 6 evaluated, 1 expanded
[t=0.0356773s, 410728224 KB] New best heuristic value for ff(): 13
[t=0.035681s, 410728224 KB] g=2, 9 evaluated, 2 expanded
[t=0.0366308s, 410728224 KB] New best heuristic value for ff(): 12
[t=0.0366345s, 410728224 KB] g=4, 32 evaluated, 5 expanded
[t=0.0376404s, 410728224 KB] New best heuristic value for ff(): 10
[t=0.0376441s, 410728224 KB] g=5, 56 evaluated, 7 expanded
[t=0.0377331s, 410728224 KB] New best heuristic value for ff(): 9
[t=0.0377366s, 410728224 KB] g=6, 58 evaluated, 8 expanded
[t=0.0380295s, 410728224 KB] New best heuristic value for ff(): 8
[t=0.0380332s, 410728224 KB] g=6, 65 evaluated, 8 expanded
[t=0.0381108s, 410728224 KB] New best heuristic value for ff(): 7
[t=0.0381144s, 410728224 KB] g=7, 67 evaluated, 9 expanded
[t=0.0384688s, 410728224 KB] New best heuristic value for ff(): 6
[t=0.0384725s, 410728224 KB] g=8, 77 evaluated, 10 expanded
[t=0.0387821s, 410728224 KB] New best heuristic value for ff(): 5
[t=0.0387857s, 410728224 KB] g=9, 86 evaluated, 11 expanded
[t=0.0390568s, 410728224 KB] New best heuristic value for ff(): 4
[t=0.0390608s, 410728224 KB] g=10, 94 evaluated, 12 expanded
[t=0.0392955s, 410728224 KB] New best heuristic value for ff(): 3
[t=0.0392991s, 410728224 KB] g=11, 102 evaluated, 13 expanded
[t=0.357957s, 410875680 KB] New best heuristic value for ff(): 2
[t=0.357978s, 410875680 KB] g=14, 9943 evaluated, 1865 expanded, 36 reopened
[t=0.358223s, 410875680 KB] New best heuristic value for ff(): 1
[t=0.358229s, 410875680 KB] g=15, 9953 evaluated, 1866 expanded, 36 reopened
[t=0.358453s, 410875680 KB] New best heuristic value for ff(): 0
[t=0.358457s, 410875680 KB] g=16, 9963 evaluated, 1867 expanded, 36 reopened
[t=0.35851s, 410875680 KB] Solution found!
[t=0.358514s, 410875680 KB] Actual search time: 0.323191s
robot_attach_carrier jumper carrier2 central_warehouse (1)
robot_attach_carrier walker carrier1 central_warehouse (1)
robot_load_box walker carrier1 box1 central_warehouse one zero (1)
pick_up_content_at_cw walker valve carrier1 box1 (1)
robot_load_box jumper carrier2 box2 central_warehouse two one (1)
pick_up_content_at_cw jumper tool carrier2 box2 (1)
move_walking walker central_warehouse loc1 (1)
put_down_content walker carrier1 box1 valve loc1 wor1_1 (1)
robot_load_box jumper carrier2 box3 central_warehouse one zero (1)
pick_up_content_at_cw jumper tool carrier2 box3 (1)
move_jumping jumper central_warehouse loc1 loc2 (1)
move_jumping jumper loc2 loc3 loc4 (1)
move_jumping jumper loc4 loc5 loc6 (1)
put_down_content jumper carrier2 box2 tool loc6 wor6_1 (1)
move_jumping jumper loc6 loc7 loc8 (1)
put_down_content jumper carrier2 box3 tool loc8 wor8_1 (1)
[t=0.358518s, 410875680 KB] Plan length: 16 step(s).
[t=0.358518s, 410875680 KB] Plan cost: 16
[t=0.358518s, 410875680 KB] Expanded 1868 state(s).
[t=0.358518s, 410875680 KB] Reopened 36 state(s).
[t=0.358518s, 410875680 KB] Evaluated 9965 state(s).
[t=0.358518s, 410875680 KB] Evaluations: 9965
[t=0.358518s, 410875680 KB] Generated 17043 state(s).
[t=0.358518s, 410875680 KB] Dead ends: 0 state(s).
[t=0.358518s, 410875680 KB] Expanded until last jump: 0 state(s).
[t=0.358518s, 410875680 KB] Reopened until last jump: 0 state(s).
[t=0.358518s, 410875680 KB] Evaluated until last jump: 1 state(s).
[t=0.358518s, 410875680 KB] Generated until last jump: 0 state(s).
[t=0.358518s, 410875680 KB] Number of registered states: 9965
[t=0.358518s, 410875680 KB] Int hash set load factor: 9965/16384 = 0.608215
[t=0.358518s, 410875680 KB] Int hash set resizes: 14
[t=0.358518s, 410875680 KB] Search time: 0.323289s
[t=0.358518s, 410875680 KB] Total time: 0.358518s
Solution found.
Peak memory: 410875680 KB
Remove intermediate file output.sas
search exit code: 0

INFO     Planner time: 0.53s
