INFO     planner time limit: 60s
INFO     planner memory limit: None

INFO     Running translator.
INFO     translator stdin: None
INFO     translator time limit: 59s
INFO     translator memory limit: None
INFO     translator command line string: /opt/homebrew/opt/python@3.12/bin/python3.12 /Users/francesco/Desktop/planners/downward/builds/release/bin/translate/translate.py domain.pddl problem_2.pddl --sas-file output.sas
Parsing...
Parsing: [0.000s CPU, 0.001s wall-clock]
Normalizing task... [0.000s CPU, 0.000s wall-clock]
Instantiating...
Generating Datalog program... [0.000s CPU, 0.000s wall-clock]
Normalizing Datalog program...
Normalizing Datalog program: [0.000s CPU, 0.002s wall-clock]
Preparing model... [0.000s CPU, 0.001s wall-clock]
Generated 117 rules.
Computing model... [0.010s CPU, 0.006s wall-clock]
1608 relevant atoms
781 auxiliary atoms
2389 final queue length
4799 total queue pushes
Completing instantiation... [0.020s CPU, 0.018s wall-clock]
Instantiating: [0.030s CPU, 0.027s wall-clock]
Computing fact groups...
Finding invariants...
33 initial candidates
Finding invariants: [0.000s CPU, 0.002s wall-clock]
Checking invariant weight... [0.000s CPU, 0.000s wall-clock]
Instantiating groups... [0.000s CPU, 0.000s wall-clock]
Collecting mutex groups... [0.000s CPU, 0.000s wall-clock]
Choosing groups...
93 uncovered facts
Choosing groups: [0.000s CPU, 0.000s wall-clock]
Building translation key... [0.000s CPU, 0.000s wall-clock]
Computing fact groups: [0.000s CPU, 0.003s wall-clock]
Building STRIPS to SAS dictionary... [0.000s CPU, 0.000s wall-clock]
Building dictionary for full mutex groups... [0.000s CPU, 0.000s wall-clock]
Building mutex information...
Building mutex information: [0.000s CPU, 0.000s wall-clock]
Translating task...
Processing axioms...
Simplifying axioms... [0.000s CPU, 0.000s wall-clock]
Translator axioms removed by simplifying: 0
Computing negative axioms... [0.000s CPU, 0.000s wall-clock]
Processing axioms: [0.000s CPU, 0.002s wall-clock]
Translating task: [0.030s CPU, 0.026s wall-clock]
1248 effect conditions simplified
0 implied preconditions added
Detecting unreachable propositions...
0 operators removed
0 axioms removed
11 propositions removed
Detecting unreachable propositions: [0.010s CPU, 0.013s wall-clock]
Reordering and filtering variables...
104 of 104 variables necessary.
9 of 20 mutex groups necessary.
1300 of 1300 operators necessary.
0 of 0 axiom rules necessary.
Reordering and filtering variables: [0.010s CPU, 0.007s wall-clock]
Translator variables: 104
Translator derived variables: 0
Translator facts: 246
Translator goal facts: 8
Translator mutex groups: 9
Translator total mutex groups size: 45
Translator operators: 1300
Translator axioms: 0
Translator task size: 14383
warning: could not determine peak memory
Writing output... [0.000s CPU, 0.007s wall-clock]
Done! [0.080s CPU, 0.087s wall-clock]
translate exit code: 0

INFO     Running search (release).
INFO     search stdin: output.sas
INFO     search time limit: 59s
INFO     search memory limit: None
INFO     search command line string: /Users/francesco/Desktop/planners/downward/builds/release/bin/downward --search 'astar(ipdb())' --internal-plan-file plans/plan_astar_ipdb_2 < output.sas
[t=0.000142041s, 410597152 KB] reading input...
[t=0.023249s, 410728224 KB] done reading input!
[t=0.0238855s, 410728224 KB] Initializing canonical PDB heuristic...
[t=0.0238939s, 410728224 KB] Generating patterns using: hill climbing pattern collection generator
[t=0.024778s, 410728224 KB] Done calculating initial pattern collection: 0.000880792s
[t=0.0247863s, 410728224 KB] Average operator cost: 1
[t=0.0247932s, 410728224 KB] building causal graph...done! [t=0.000935458s]
[t=0.0579413s, 410728224 KB] Done calculating initial candidate PDBs
[t=0.0728457s, 410728224 KB] found a better pattern with improvement 807
[t=0.096631s, 410728224 KB] found a better pattern with improvement 791
[t=0.125997s, 410737440 KB] found a better pattern with improvement 786
[t=0.160267s, 410737440 KB] found a better pattern with improvement 556
[t=0.199934s, 410737440 KB] found a better pattern with improvement 351
[t=0.248382s, 410737440 KB] Improvement below threshold. Stop hill climbing.
[t=0.248388s, 410737440 KB] Hill climbing iterations: 6
[t=0.248392s, 410737440 KB] Hill climbing generated patterns: 516
[t=0.2484s, 410737440 KB] Hill climbing rejected patterns: 0
[t=0.248403s, 410737440 KB] Hill climbing maximum PDB size: 800
[t=0.248407s, 410737440 KB] Hill climbing time: 0.223622s
[t=0.248539s, 410737440 KB] hill climbing pattern collection generator number of patterns: 13
[t=0.248543s, 410737440 KB] hill climbing pattern collection generator total PDB size: 242
[t=0.248547s, 410737440 KB] hill climbing pattern collection generator computation time: 0.22464s
[t=0.248552s, 410737440 KB] Running dominance pruning...
[t=0.248558s, 410737440 KB] Pruned 7 of 9 pattern cliques
[t=0.248561s, 410737440 KB] Pruned 5 of 13 PDBs
[t=0.248565s, 410737440 KB] Dominance pruning took 1.1208e-05s
[t=0.248574s, 410737440 KB] Canonical PDB heuristic number of patterns: 8
[t=0.248577s, 410737440 KB] Canonical PDB heuristic total PDB size: 212
[t=0.248581s, 410737440 KB] Canonical PDB heuristic computation time: 0.224688s
[t=0.248598s, 410737440 KB] Building successor generator...done!
[t=0.248888s, 410737440 KB] peak memory difference for successor generator creation: 0 KB
[t=0.248891s, 410737440 KB] time for successor generation creation: 0.000281708s
[t=0.248897s, 410737440 KB] Variables: 104
[t=0.248901s, 410737440 KB] FactPairs: 246
[t=0.248904s, 410737440 KB] Bytes per state: 16
[t=0.248919s, 410737440 KB] Conducting best first search with reopening closed nodes, (real) bound = 2147483647
[t=0.248929s, 410737440 KB] New best heuristic value for : 12
[t=0.248933s, 410737440 KB] g=0, 1 evaluated, 0 expanded
[t=0.248936s, 410737440 KB] f = 12, 1 evaluated, 0 expanded
[t=0.248942s, 410737440 KB] Initial heuristic value for : 12
[t=0.248946s, 410737440 KB] pruning method: none
[t=0.248955s, 410737440 KB] New best heuristic value for : 11
[t=0.248959s, 410737440 KB] g=1, 5 evaluated, 1 expanded
[t=0.248965s, 410737440 KB] New best heuristic value for : 10
[t=0.248968s, 410737440 KB] g=2, 6 evaluated, 2 expanded
[t=0.248985s, 410737440 KB] f = 13, 19 evaluated, 5 expanded
[t=0.249125s, 410737440 KB] f = 14, 167 evaluated, 37 expanded
[t=0.24924s, 410737440 KB] New best heuristic value for : 9
[t=0.249244s, 410737440 KB] g=5, 290 evaluated, 67 expanded
[t=0.249304s, 410737440 KB] New best heuristic value for : 8
[t=0.249308s, 410737440 KB] g=6, 360 evaluated, 79 expanded
[t=0.250926s, 410737440 KB] f = 15, 2108 evaluated, 451 expanded
[t=0.262487s, 410737440 KB] f = 16, 14905 evaluated, 3195 expanded
[t=0.264382s, 410737440 KB] New best heuristic value for : 7
[t=0.264386s, 410737440 KB] g=9, 16663 evaluated, 3645 expanded
[t=0.264435s, 410737440 KB] New best heuristic value for : 6
[t=0.264439s, 410737440 KB] g=10, 16717 evaluated, 3654 expanded
[t=0.359462s, 410737440 KB] f = 17, 120362 evaluated, 23489 expanded
[t=0.918795s, 410762016 KB] f = 18, 729060 evaluated, 145536 expanded
[t=0.922744s, 410762016 KB] New best heuristic value for : 5
[t=0.922751s, 410762016 KB] g=13, 733642 evaluated, 146584 expanded
[t=4.65435s, 411148080 KB] f = 19, 4313580 evaluated, 830579 expanded
[t=4.84893s, 411156272 KB] New best heuristic value for : 4
[t=4.84897s, 411156272 KB] g=15, 4501819 evaluated, 869555 expanded
[t=25.4879s, 412273488 KB] f = 20, 22961425 evaluated, 4488125 expanded
Peak memory: 414681952 KB
caught signal 24 -- exiting
Time limit has been reached.
Remove intermediate file output.sas
search exit code: 23

Driver aborting after search
INFO     Planner time: 59.16s
