INFO     planner time limit: 60s
INFO     planner memory limit: None

INFO     Running translator.
INFO     translator stdin: None
INFO     translator time limit: 59s
INFO     translator memory limit: None
INFO     translator command line string: /opt/homebrew/opt/python@3.12/bin/python3.12 /Users/francesco/Desktop/planners/downward/builds/release/bin/translate/translate.py domain.pddl problem_2.pddl --sas-file output.sas
Parsing...
Parsing: [0.000s CPU, 0.001s wall-clock]
Normalizing task... [0.000s CPU, 0.000s wall-clock]
Instantiating...
Generating Datalog program... [0.000s CPU, 0.000s wall-clock]
Normalizing Datalog program...
Normalizing Datalog program: [0.000s CPU, 0.002s wall-clock]
Preparing model... [0.000s CPU, 0.001s wall-clock]
Generated 117 rules.
Computing model... [0.010s CPU, 0.006s wall-clock]
1608 relevant atoms
781 auxiliary atoms
2389 final queue length
4799 total queue pushes
Completing instantiation... [0.020s CPU, 0.018s wall-clock]
Instantiating: [0.030s CPU, 0.027s wall-clock]
Computing fact groups...
Finding invariants...
33 initial candidates
Finding invariants: [0.000s CPU, 0.002s wall-clock]
Checking invariant weight... [0.000s CPU, 0.000s wall-clock]
Instantiating groups... [0.000s CPU, 0.000s wall-clock]
Collecting mutex groups... [0.000s CPU, 0.000s wall-clock]
Choosing groups...
93 uncovered facts
Choosing groups: [0.000s CPU, 0.000s wall-clock]
Building translation key... [0.000s CPU, 0.000s wall-clock]
Computing fact groups: [0.000s CPU, 0.003s wall-clock]
Building STRIPS to SAS dictionary... [0.000s CPU, 0.000s wall-clock]
Building dictionary for full mutex groups... [0.000s CPU, 0.000s wall-clock]
Building mutex information...
Building mutex information: [0.000s CPU, 0.000s wall-clock]
Translating task...
Processing axioms...
Simplifying axioms... [0.000s CPU, 0.000s wall-clock]
Translator axioms removed by simplifying: 0
Computing negative axioms... [0.000s CPU, 0.000s wall-clock]
Processing axioms: [0.000s CPU, 0.002s wall-clock]
Translating task: [0.030s CPU, 0.027s wall-clock]
1248 effect conditions simplified
0 implied preconditions added
Detecting unreachable propositions...
0 operators removed
0 axioms removed
11 propositions removed
Detecting unreachable propositions: [0.010s CPU, 0.013s wall-clock]
Reordering and filtering variables...
104 of 104 variables necessary.
9 of 20 mutex groups necessary.
1300 of 1300 operators necessary.
0 of 0 axiom rules necessary.
Reordering and filtering variables: [0.010s CPU, 0.007s wall-clock]
Translator variables: 104
Translator derived variables: 0
Translator facts: 246
Translator goal facts: 8
Translator mutex groups: 9
Translator total mutex groups size: 45
Translator operators: 1300
Translator axioms: 0
Translator task size: 14383
warning: could not determine peak memory
Writing output... [0.000s CPU, 0.008s wall-clock]
Done! [0.080s CPU, 0.088s wall-clock]
translate exit code: 0

INFO     Running search (release).
INFO     search stdin: output.sas
INFO     search time limit: 59s
INFO     search memory limit: None
INFO     search command line string: /Users/francesco/Desktop/planners/downward/builds/release/bin/downward --search 'astar(lmcut())' --internal-plan-file plans/plan_astar_lmcut_2 < output.sas
[t=0.00013925s, 410597152 KB] reading input...
[t=0.0232527s, 410728224 KB] done reading input!
[t=0.0241486s, 410728224 KB] Initializing landmark cut heuristic...
[t=0.0241653s, 410728224 KB] Building successor generator...done!
[t=0.0244781s, 410728224 KB] peak memory difference for successor generator creation: 0 KB
[t=0.0244828s, 410728224 KB] time for successor generation creation: 0.000301875s
[t=0.0244903s, 410728224 KB] Variables: 104
[t=0.0244955s, 410728224 KB] FactPairs: 246
[t=0.0245s, 410728224 KB] Bytes per state: 16
[t=0.02451s, 410728224 KB] Conducting best first search with reopening closed nodes, (real) bound = 2147483647
[t=0.024719s, 410728224 KB] New best heuristic value for lmcut(): 14
[t=0.0247244s, 410728224 KB] g=0, 1 evaluated, 0 expanded
[t=0.0247293s, 410728224 KB] f = 14, 1 evaluated, 0 expanded
[t=0.0247375s, 410728224 KB] Initial heuristic value for lmcut(): 14
[t=0.0247506s, 410728224 KB] pruning method: none
[t=0.0254951s, 410728224 KB] New best heuristic value for lmcut(): 13
[t=0.0254992s, 410728224 KB] g=1, 5 evaluated, 1 expanded
[t=0.0261551s, 410728224 KB] New best heuristic value for lmcut(): 10
[t=0.0261588s, 410728224 KB] g=2, 9 evaluated, 2 expanded
[t=0.361596s, 410737440 KB] New best heuristic value for lmcut(): 9
[t=0.361615s, 410737440 KB] g=4, 2236 evaluated, 152 expanded
[t=0.509361s, 410737440 KB] f = 15, 3118 evaluated, 334 expanded
[t=0.556956s, 410737440 KB] New best heuristic value for lmcut(): 8
[t=0.556962s, 410737440 KB] g=7, 3462 evaluated, 370 expanded
[t=2.10606s, 410886944 KB] New best heuristic value for lmcut(): 7
[t=2.10608s, 410886944 KB] g=7, 13930 evaluated, 1507 expanded
[t=6.33856s, 410886944 KB] f = 16, 41209 evaluated, 6094 expanded
[t=28.4006s, 410886944 KB] f = 17, 184008 evaluated, 29358 expanded
Peak memory: 411026208 KB
caught signal 24 -- exiting
Time limit has been reached.
Remove intermediate file output.sas
search exit code: 23

Driver aborting after search
INFO     Planner time: 59.14s
