INFO     planner time limit: 60s
INFO     planner memory limit: None

INFO     Running translator.
INFO     translator stdin: None
INFO     translator time limit: 59s
INFO     translator memory limit: None
INFO     translator command line string: /opt/homebrew/opt/python@3.12/bin/python3.12 /Users/francesco/Desktop/planners/downward/builds/release/bin/translate/translate.py domain.pddl problem_2.pddl --sas-file output.sas
Parsing...
Parsing: [0.000s CPU, 0.001s wall-clock]
Normalizing task... [0.000s CPU, 0.000s wall-clock]
Instantiating...
Generating Datalog program... [0.000s CPU, 0.000s wall-clock]
Normalizing Datalog program...
Normalizing Datalog program: [0.000s CPU, 0.002s wall-clock]
Preparing model... [0.000s CPU, 0.001s wall-clock]
Generated 117 rules.
Computing model... [0.010s CPU, 0.006s wall-clock]
1608 relevant atoms
781 auxiliary atoms
2389 final queue length
4799 total queue pushes
Completing instantiation... [0.020s CPU, 0.018s wall-clock]
Instantiating: [0.030s CPU, 0.027s wall-clock]
Computing fact groups...
Finding invariants...
33 initial candidates
Finding invariants: [0.000s CPU, 0.002s wall-clock]
Checking invariant weight... [0.000s CPU, 0.000s wall-clock]
Instantiating groups... [0.000s CPU, 0.000s wall-clock]
Collecting mutex groups... [0.000s CPU, 0.000s wall-clock]
Choosing groups...
93 uncovered facts
Choosing groups: [0.000s CPU, 0.000s wall-clock]
Building translation key... [0.000s CPU, 0.000s wall-clock]
Computing fact groups: [0.000s CPU, 0.003s wall-clock]
Building STRIPS to SAS dictionary... [0.000s CPU, 0.000s wall-clock]
Building dictionary for full mutex groups... [0.000s CPU, 0.000s wall-clock]
Building mutex information...
Building mutex information: [0.000s CPU, 0.000s wall-clock]
Translating task...
Processing axioms...
Simplifying axioms... [0.000s CPU, 0.000s wall-clock]
Translator axioms removed by simplifying: 0
Computing negative axioms... [0.000s CPU, 0.000s wall-clock]
Processing axioms: [0.000s CPU, 0.002s wall-clock]
Translating task: [0.030s CPU, 0.026s wall-clock]
1248 effect conditions simplified
0 implied preconditions added
Detecting unreachable propositions...
0 operators removed
0 axioms removed
11 propositions removed
Detecting unreachable propositions: [0.010s CPU, 0.013s wall-clock]
Reordering and filtering variables...
104 of 104 variables necessary.
9 of 20 mutex groups necessary.
1300 of 1300 operators necessary.
0 of 0 axiom rules necessary.
Reordering and filtering variables: [0.010s CPU, 0.007s wall-clock]
Translator variables: 104
Translator derived variables: 0
Translator facts: 246
Translator goal facts: 8
Translator mutex groups: 9
Translator total mutex groups size: 45
Translator operators: 1300
Translator axioms: 0
Translator task size: 14383
warning: could not determine peak memory
Writing output... [0.000s CPU, 0.007s wall-clock]
Done! [0.080s CPU, 0.087s wall-clock]
translate exit code: 0

INFO     Running search (release).
INFO     search stdin: output.sas
INFO     search time limit: 59s
INFO     search memory limit: None
INFO     search command line string: /Users/francesco/Desktop/planners/downward/builds/release/bin/downward --search 'astar(ff())' --internal-plan-file plans/plan_astar_ff_2 < output.sas
[t=0.000142834s, 410597152 KB] reading input...
[t=0.0232818s, 410728224 KB] done reading input!
[t=0.0240503s, 410728224 KB] Simplifying 3796 unary operators... done! [3444 unary operators]
[t=0.0248146s, 410728224 KB] time to simplify: 0.00076625s
[t=0.0249033s, 410728224 KB] Initializing additive heuristic...
[t=0.024909s, 410728224 KB] Initializing FF heuristic...
[t=0.0249229s, 410728224 KB] Building successor generator...done!
[t=0.0252238s, 410728224 KB] peak memory difference for successor generator creation: 0 KB
[t=0.0252285s, 410728224 KB] time for successor generation creation: 0.000290667s
[t=0.025236s, 410728224 KB] Variables: 104
[t=0.0252407s, 410728224 KB] FactPairs: 246
[t=0.0252457s, 410728224 KB] Bytes per state: 16
[t=0.0252578s, 410728224 KB] Conducting best first search with reopening closed nodes, (real) bound = 2147483647
[t=0.025308s, 410728224 KB] New best heuristic value for ff(): 18
[t=0.0253126s, 410728224 KB] g=0, 1 evaluated, 0 expanded
[t=0.0253165s, 410728224 KB] f = 18, 1 evaluated, 0 expanded
[t=0.0253219s, 410728224 KB] Initial heuristic value for ff(): 18
[t=0.0253255s, 410728224 KB] pruning method: none
[t=0.0254448s, 410728224 KB] New best heuristic value for ff(): 17
[t=0.0254487s, 410728224 KB] g=1, 5 evaluated, 1 expanded
[t=0.025565s, 410728224 KB] New best heuristic value for ff(): 16
[t=0.0255689s, 410728224 KB] g=2, 9 evaluated, 2 expanded
[t=0.0282693s, 410728224 KB] f = 19, 116 evaluated, 10 expanded
[t=0.0284859s, 410728224 KB] New best heuristic value for ff(): 15
[t=0.0284897s, 410728224 KB] g=4, 124 evaluated, 14 expanded
[t=0.113795s, 410737440 KB] f = 20, 3455 evaluated, 372 expanded
[t=0.114129s, 410737440 KB] New best heuristic value for ff(): 14
[t=0.114135s, 410737440 KB] g=6, 3467 evaluated, 375 expanded
[t=1.19091s, 410868512 KB] f = 21, 45324 evaluated, 4832 expanded
[t=1.19125s, 410868512 KB] New best heuristic value for ff(): 13
[t=1.19125s, 410868512 KB] g=8, 45336 evaluated, 4834 expanded
[t=8.93192s, 411008800 KB] f = 22, 345098 evaluated, 37633 expanded
[t=8.93253s, 411008800 KB] New best heuristic value for ff(): 12
[t=8.93253s, 411008800 KB] g=10, 345119 evaluated, 37637 expanded
[t=8.94999s, 411008800 KB] New best heuristic value for ff(): 11
[t=8.94999s, 411008800 KB] g=11, 345794 evaluated, 37690 expanded
[t=8.9502s, 411008800 KB] New best heuristic value for ff(): 10
[t=8.95021s, 411008800 KB] g=12, 345802 evaluated, 37691 expanded
[t=8.95119s, 411008800 KB] New best heuristic value for ff(): 9
[t=8.9512s, 411008800 KB] g=13, 345841 evaluated, 37693 expanded
Peak memory: 411141936 KB
caught signal 24 -- exiting
Time limit has been reached.
Remove intermediate file output.sas
search exit code: 23

Driver aborting after search
INFO     Planner time: 59.14s
