INFO     planner time limit: 60s
INFO     planner memory limit: None

INFO     Running translator.
INFO     translator stdin: None
INFO     translator time limit: 59s
INFO     translator memory limit: None
INFO     translator command line string: /opt/homebrew/opt/python@3.12/bin/python3.12 /Users/francesco/Desktop/planners/downward/builds/release/bin/translate/translate.py domain.pddl problem_1.pddl --sas-file output.sas
Parsing...
Parsing: [0.000s CPU, 0.001s wall-clock]
Normalizing task... [0.000s CPU, 0.000s wall-clock]
Instantiating...
Generating Datalog program... [0.000s CPU, 0.000s wall-clock]
Normalizing Datalog program...
Normalizing Datalog program: [0.000s CPU, 0.002s wall-clock]
Preparing model... [0.000s CPU, 0.001s wall-clock]
Generated 117 rules.
Computing model... [0.010s CPU, 0.008s wall-clock]
2283 relevant atoms
980 auxiliary atoms
3263 final queue length
7839 total queue pushes
Completing instantiation... [0.030s CPU, 0.032s wall-clock]
Instantiating: [0.040s CPU, 0.044s wall-clock]
Computing fact groups...
Finding invariants...
33 initial candidates
Finding invariants: [0.010s CPU, 0.002s wall-clock]
Checking invariant weight... [0.000s CPU, 0.000s wall-clock]
Instantiating groups... [0.000s CPU, 0.000s wall-clock]
Collecting mutex groups... [0.000s CPU, 0.000s wall-clock]
Choosing groups...
28 uncovered facts
Choosing groups: [0.000s CPU, 0.000s wall-clock]
Building translation key... [0.000s CPU, 0.000s wall-clock]
Computing fact groups: [0.010s CPU, 0.003s wall-clock]
Building STRIPS to SAS dictionary... [0.000s CPU, 0.000s wall-clock]
Building dictionary for full mutex groups... [0.000s CPU, 0.000s wall-clock]
Building mutex information...
Building mutex information: [0.000s CPU, 0.000s wall-clock]
Translating task...
Processing axioms...
Simplifying axioms... [0.000s CPU, 0.000s wall-clock]
Translator axioms removed by simplifying: 0
Computing negative axioms... [0.000s CPU, 0.000s wall-clock]
Processing axioms: [0.000s CPU, 0.003s wall-clock]
Translating task: [0.040s CPU, 0.040s wall-clock]
1238 effect conditions simplified
0 implied preconditions added
Detecting unreachable propositions...
0 operators removed
0 axioms removed
9 propositions removed
Detecting unreachable propositions: [0.010s CPU, 0.016s wall-clock]
Reordering and filtering variables...
37 of 37 variables necessary.
5 of 14 mutex groups necessary.
2012 of 2012 operators necessary.
0 of 0 axiom rules necessary.
Reordering and filtering variables: [0.010s CPU, 0.008s wall-clock]
Translator variables: 37
Translator derived variables: 0
Translator facts: 147
Translator goal facts: 3
Translator mutex groups: 5
Translator total mutex groups size: 50
Translator operators: 2012
Translator axioms: 0
Translator task size: 20401
warning: could not determine peak memory
Writing output... [0.010s CPU, 0.010s wall-clock]
Done! [0.120s CPU, 0.124s wall-clock]
translate exit code: 0

INFO     Running search (release).
INFO     search stdin: output.sas
INFO     search time limit: 59s
INFO     search memory limit: None
INFO     search command line string: /Users/francesco/Desktop/planners/downward/builds/release/bin/downward --search 'astar(add())' --internal-plan-file plans/plan_astar_add_1 < output.sas
[t=0.000144875s, 410597152 KB] reading input...
[t=0.0324931s, 410728224 KB] done reading input!
[t=0.0333855s, 410728224 KB] Simplifying 5916 unary operators... done! [5892 unary operators]
[t=0.0346532s, 410728224 KB] time to simplify: 0.00127071s
[t=0.0347795s, 410728224 KB] Initializing additive heuristic...
[t=0.0347955s, 410728224 KB] Building successor generator...done!
[t=0.0352873s, 410728224 KB] peak memory difference for successor generator creation: 0 KB
[t=0.035292s, 410728224 KB] time for successor generation creation: 0.000479042s
[t=0.0353002s, 410728224 KB] Variables: 37
[t=0.0353048s, 410728224 KB] FactPairs: 147
[t=0.0353093s, 410728224 KB] Bytes per state: 8
[t=0.0353196s, 410728224 KB] Conducting best first search with reopening closed nodes, (real) bound = 2147483647
[t=0.0353746s, 410728224 KB] New best heuristic value for add(): 92
[t=0.035391s, 410728224 KB] g=0, 1 evaluated, 0 expanded
[t=0.0353954s, 410728224 KB] f = 92, 1 evaluated, 0 expanded
[t=0.0354008s, 410728224 KB] Initial heuristic value for add(): 92
[t=0.0354043s, 410728224 KB] pruning method: none
[t=0.0354929s, 410728224 KB] New best heuristic value for add(): 42
[t=0.0354968s, 410728224 KB] g=1, 3 evaluated, 1 expanded
[t=0.0356225s, 410728224 KB] New best heuristic value for add(): 39
[t=0.0356262s, 410728224 KB] g=1, 6 evaluated, 1 expanded
[t=0.0357527s, 410728224 KB] New best heuristic value for add(): 35
[t=0.0357564s, 410728224 KB] g=2, 9 evaluated, 2 expanded
[t=0.035843s, 410728224 KB] New best heuristic value for add(): 21
[t=0.0358469s, 410728224 KB] g=2, 11 evaluated, 2 expanded
[t=0.0360135s, 410728224 KB] New best heuristic value for add(): 20
[t=0.036017s, 410728224 KB] g=3, 15 evaluated, 3 expanded
[t=0.0361795s, 410728224 KB] New best heuristic value for add(): 17
[t=0.0361831s, 410728224 KB] g=3, 19 evaluated, 3 expanded
[t=0.0363016s, 410728224 KB] New best heuristic value for add(): 16
[t=0.0363052s, 410728224 KB] g=4, 22 evaluated, 4 expanded
[t=0.0365053s, 410728224 KB] New best heuristic value for add(): 13
[t=0.0365088s, 410728224 KB] g=5, 27 evaluated, 5 expanded
[t=0.0368576s, 410728224 KB] New best heuristic value for add(): 11
[t=0.0368612s, 410728224 KB] g=6, 36 evaluated, 6 expanded
[t=0.0370852s, 410728224 KB] New best heuristic value for add(): 10
[t=0.0370887s, 410728224 KB] g=7, 42 evaluated, 7 expanded
[t=0.0372239s, 410728224 KB] New best heuristic value for add(): 9
[t=0.0372275s, 410728224 KB] g=7, 46 evaluated, 7 expanded
[t=0.0373795s, 410728224 KB] New best heuristic value for add(): 8
[t=0.037383s, 410728224 KB] g=8, 50 evaluated, 8 expanded
[t=0.0375013s, 410728224 KB] New best heuristic value for add(): 7
[t=0.0375049s, 410728224 KB] g=8, 54 evaluated, 8 expanded
[t=0.0376102s, 410728224 KB] New best heuristic value for add(): 6
[t=0.0376138s, 410728224 KB] g=9, 57 evaluated, 9 expanded
[t=0.0377565s, 410728224 KB] New best heuristic value for add(): 5
[t=0.0377601s, 410728224 KB] g=9, 62 evaluated, 9 expanded
[t=0.037852s, 410728224 KB] New best heuristic value for add(): 4
[t=0.0378556s, 410728224 KB] g=10, 65 evaluated, 10 expanded
[t=0.0381484s, 410728224 KB] New best heuristic value for add(): 3
[t=0.038152s, 410728224 KB] g=11, 76 evaluated, 11 expanded
[t=1.06819s, 411016992 KB] New best heuristic value for add(): 2
[t=1.06823s, 411016992 KB] g=19, 38608 evaluated, 7786 expanded, 48 reopened
[t=1.06857s, 411016992 KB] New best heuristic value for add(): 1
[t=1.06858s, 411016992 KB] g=20, 38622 evaluated, 7787 expanded, 48 reopened
[t=1.06883s, 411016992 KB] New best heuristic value for add(): 0
[t=1.06883s, 411016992 KB] g=21, 38632 evaluated, 7788 expanded, 48 reopened
[t=1.06886s, 411016992 KB] Solution found!
[t=1.06887s, 411016992 KB] Actual search time: 1.03346s
robot_attach_carrier jumper carrier1 central_warehouse (1)
robot_load_box jumper carrier1 box1 central_warehouse one zero (1)
pick_up_content_at_cw jumper tool carrier1 box1 (1)
robot_attach_carrier walker carrier2 central_warehouse (1)
robot_load_box walker carrier2 box2 central_warehouse two one (1)
pick_up_content_at_cw walker valve carrier2 box2 (1)
move_jumping jumper central_warehouse loc1 loc2 (1)
move_jumping jumper loc2 loc3 loc4 (1)
move_jumping jumper loc4 loc5 loc6 (1)
robot_load_box walker carrier2 box3 central_warehouse one zero (1)
pick_up_content_at_cw walker tool carrier2 box3 (1)
move_walking walker central_warehouse loc1 (1)
put_down_content walker carrier2 box2 valve loc1 wor1_1 (1)
move_walking walker loc1 loc2 (1)
move_walking walker loc2 loc3 (1)
move_walking walker loc3 loc4 (1)
move_walking walker loc4 loc5 (1)
move_walking walker loc5 loc6 (1)
put_down_content walker carrier2 box3 tool loc6 wor6_1 (1)
move_jumping jumper loc6 loc7 loc8 (1)
put_down_content jumper carrier1 box1 tool loc8 wor8_1 (1)
[t=1.06887s, 411016992 KB] Plan length: 21 step(s).
[t=1.06887s, 411016992 KB] Plan cost: 21
[t=1.06887s, 411016992 KB] Expanded 7789 state(s).
[t=1.06887s, 411016992 KB] Reopened 48 state(s).
[t=1.06887s, 411016992 KB] Evaluated 38633 state(s).
[t=1.06887s, 411016992 KB] Evaluations: 38633
[t=1.06887s, 411016992 KB] Generated 64107 state(s).
[t=1.06887s, 411016992 KB] Dead ends: 0 state(s).
[t=1.06887s, 411016992 KB] Expanded until last jump: 0 state(s).
[t=1.06887s, 411016992 KB] Reopened until last jump: 0 state(s).
[t=1.06887s, 411016992 KB] Evaluated until last jump: 1 state(s).
[t=1.06887s, 411016992 KB] Generated until last jump: 0 state(s).
[t=1.06887s, 411016992 KB] Number of registered states: 38633
[t=1.06887s, 411016992 KB] Int hash set load factor: 38633/65536 = 0.589493
[t=1.06887s, 411016992 KB] Int hash set resizes: 16
[t=1.06887s, 411016992 KB] Search time: 1.03355s
[t=1.06887s, 411016992 KB] Total time: 1.06887s
Solution found.
Peak memory: 411016992 KB
Remove intermediate file output.sas
search exit code: 0

INFO     Planner time: 1.24s
