INFO     planner time limit: 60s
INFO     planner memory limit: None

INFO     Running translator.
INFO     translator stdin: None
INFO     translator time limit: 59s
INFO     translator memory limit: None
INFO     translator command line string: /opt/homebrew/opt/python@3.12/bin/python3.12 /Users/francesco/Desktop/planners/downward/builds/release/bin/translate/translate.py domain.pddl problem_2.pddl --sas-file output.sas
Parsing...
Parsing: [0.000s CPU, 0.001s wall-clock]
Normalizing task... [0.000s CPU, 0.000s wall-clock]
Instantiating...
Generating Datalog program... [0.000s CPU, 0.000s wall-clock]
Normalizing Datalog program...
Normalizing Datalog program: [0.000s CPU, 0.002s wall-clock]
Preparing model... [0.000s CPU, 0.001s wall-clock]
Generated 117 rules.
Computing model... [0.010s CPU, 0.006s wall-clock]
1608 relevant atoms
781 auxiliary atoms
2389 final queue length
4799 total queue pushes
Completing instantiation... [0.020s CPU, 0.018s wall-clock]
Instantiating: [0.030s CPU, 0.027s wall-clock]
Computing fact groups...
Finding invariants...
33 initial candidates
Finding invariants: [0.000s CPU, 0.002s wall-clock]
Checking invariant weight... [0.000s CPU, 0.000s wall-clock]
Instantiating groups... [0.000s CPU, 0.000s wall-clock]
Collecting mutex groups... [0.000s CPU, 0.000s wall-clock]
Choosing groups...
93 uncovered facts
Choosing groups: [0.000s CPU, 0.000s wall-clock]
Building translation key... [0.000s CPU, 0.000s wall-clock]
Computing fact groups: [0.000s CPU, 0.003s wall-clock]
Building STRIPS to SAS dictionary... [0.000s CPU, 0.000s wall-clock]
Building dictionary for full mutex groups... [0.000s CPU, 0.000s wall-clock]
Building mutex information...
Building mutex information: [0.000s CPU, 0.000s wall-clock]
Translating task...
Processing axioms...
Simplifying axioms... [0.000s CPU, 0.000s wall-clock]
Translator axioms removed by simplifying: 0
Computing negative axioms... [0.000s CPU, 0.000s wall-clock]
Processing axioms: [0.000s CPU, 0.002s wall-clock]
Translating task: [0.030s CPU, 0.026s wall-clock]
1248 effect conditions simplified
0 implied preconditions added
Detecting unreachable propositions...
0 operators removed
0 axioms removed
11 propositions removed
Detecting unreachable propositions: [0.010s CPU, 0.013s wall-clock]
Reordering and filtering variables...
104 of 104 variables necessary.
9 of 20 mutex groups necessary.
1300 of 1300 operators necessary.
0 of 0 axiom rules necessary.
Reordering and filtering variables: [0.010s CPU, 0.007s wall-clock]
Translator variables: 104
Translator derived variables: 0
Translator facts: 246
Translator goal facts: 8
Translator mutex groups: 9
Translator total mutex groups size: 45
Translator operators: 1300
Translator axioms: 0
Translator task size: 14383
warning: could not determine peak memory
Writing output... [0.000s CPU, 0.009s wall-clock]
Done! [0.080s CPU, 0.088s wall-clock]
translate exit code: 0

INFO     Running search (release).
INFO     search stdin: output.sas
INFO     search time limit: 59s
INFO     search memory limit: None
INFO     search command line string: /Users/francesco/Desktop/planners/downward/builds/release/bin/downward --evaluator 'cea=cea()' --search 'eager_greedy([cea], preferred=[cea])' --internal-plan-file plans/plan_eager_greddy_cea_2 < output.sas
[t=0.000157666s, 410597152 KB] reading input...
[t=0.0232501s, 410728224 KB] done reading input!
[t=0.0238085s, 410728224 KB] Initializing context-enhanced additive heuristic...
[t=0.0316282s, 410728224 KB] Building successor generator...done!
[t=0.0319418s, 410728224 KB] peak memory difference for successor generator creation: 0 KB
[t=0.0319468s, 410728224 KB] time for successor generation creation: 0.000301583s
[t=0.0319541s, 410728224 KB] Variables: 104
[t=0.0319595s, 410728224 KB] FactPairs: 246
[t=0.031964s, 410728224 KB] Bytes per state: 16
[t=0.0319768s, 410728224 KB] Conducting best first search without reopening closed nodes, (real) bound = 2147483647
[t=0.0322129s, 410728224 KB] New best heuristic value for cea(): 232
[t=0.0322187s, 410728224 KB] g=0, 1 evaluated, 0 expanded
[t=0.0322264s, 410728224 KB] Initial heuristic value for cea(): 232
[t=0.0322426s, 410728224 KB] pruning method: none
[t=0.0327079s, 410728224 KB] New best heuristic value for cea(): 80
[t=0.0327122s, 410728224 KB] g=1, 5 evaluated, 1 expanded
[t=0.033119s, 410728224 KB] New best heuristic value for cea(): 32
[t=0.0331232s, 410728224 KB] g=2, 9 evaluated, 2 expanded
[t=0.0341525s, 410728224 KB] New best heuristic value for cea(): 28
[t=0.0341571s, 410728224 KB] g=3, 21 evaluated, 3 expanded
[t=0.0394227s, 410728224 KB] New best heuristic value for cea(): 26
[t=0.0394304s, 410728224 KB] g=5, 87 evaluated, 8 expanded
[t=0.0395015s, 410728224 KB] New best heuristic value for cea(): 24
[t=0.0395053s, 410728224 KB] g=5, 88 evaluated, 8 expanded
[t=0.0443187s, 410728224 KB] New best heuristic value for cea(): 22
[t=0.0443231s, 410728224 KB] g=7, 149 evaluated, 13 expanded
[t=0.0445155s, 410728224 KB] New best heuristic value for cea(): 20
[t=0.0445194s, 410728224 KB] g=7, 152 evaluated, 13 expanded
[t=0.0450729s, 410728224 KB] New best heuristic value for cea(): 18
[t=0.0450767s, 410728224 KB] g=8, 159 evaluated, 14 expanded
[t=0.0591146s, 410728224 KB] New best heuristic value for cea(): 17
[t=0.0591223s, 410728224 KB] g=12, 337 evaluated, 29 expanded
[t=0.0611273s, 410728224 KB] New best heuristic value for cea(): 16
[t=0.0611314s, 410728224 KB] g=13, 363 evaluated, 31 expanded
[t=0.0619823s, 410728224 KB] New best heuristic value for cea(): 15
[t=0.0619862s, 410728224 KB] g=14, 374 evaluated, 32 expanded
[t=0.0647462s, 410728224 KB] New best heuristic value for cea(): 14
[t=0.0647502s, 410728224 KB] g=15, 409 evaluated, 35 expanded
[t=0.0657317s, 410728224 KB] New best heuristic value for cea(): 12
[t=0.0657356s, 410728224 KB] g=16, 423 evaluated, 36 expanded
[t=0.0685846s, 410728224 KB] New best heuristic value for cea(): 10
[t=0.0685888s, 410728224 KB] g=18, 461 evaluated, 39 expanded
[t=0.098054s, 410728224 KB] New best heuristic value for cea(): 9
[t=0.0980601s, 410728224 KB] g=20, 835 evaluated, 75 expanded
[t=0.0981308s, 410728224 KB] New best heuristic value for cea(): 7
[t=0.0981354s, 410728224 KB] g=20, 836 evaluated, 75 expanded
[t=0.0991603s, 410728224 KB] New best heuristic value for cea(): 6
[t=0.0991656s, 410728224 KB] g=21, 850 evaluated, 76 expanded
[t=0.29245s, 410746656 KB] New best heuristic value for cea(): 5
[t=0.292472s, 410746656 KB] g=25, 3260 evaluated, 377 expanded
[t=0.295293s, 410746656 KB] New best heuristic value for cea(): 4
[t=0.295299s, 410746656 KB] g=26, 3301 evaluated, 380 expanded
[t=0.295847s, 410746656 KB] New best heuristic value for cea(): 3
[t=0.295851s, 410746656 KB] g=27, 3309 evaluated, 381 expanded
[t=0.391581s, 410877728 KB] New best heuristic value for cea(): 2
[t=0.391589s, 410877728 KB] g=30, 4629 evaluated, 573 expanded
[t=0.392609s, 410877728 KB] New best heuristic value for cea(): 1
[t=0.392613s, 410877728 KB] g=31, 4648 evaluated, 574 expanded
[t=0.393762s, 410877728 KB] New best heuristic value for cea(): 0
[t=0.393766s, 410877728 KB] g=32, 4674 evaluated, 575 expanded
[t=0.39404s, 410877728 KB] Solution found!
[t=0.394046s, 410877728 KB] Actual search time: 0.361801s
robot_attach_carrier drone carrier1 central_warehouse (1)
robot_load_box drone carrier1 box1 central_warehouse six five (1)
pick_up_content_at_cw drone bolt carrier1 box1 (1)
robot_load_box drone carrier1 box2 central_warehouse five four (1)
pick_up_content_at_cw drone parts carrier1 box2 (1)
robot_load_box drone carrier1 box3 central_warehouse four three (1)
pick_up_content_at_cw drone valve carrier1 box3 (1)
move_flying drone central_warehouse loc2 (1)
put_down_content drone carrier1 box1 bolt loc2 wor2_1 (1)
move_flying drone loc2 central_warehouse (1)
pick_up_content_at_cw drone bolt carrier1 box1 (1)
move_flying drone central_warehouse loc3 (1)
put_down_content drone carrier1 box1 bolt loc3 wor3_1 (1)
move_flying drone loc3 central_warehouse (1)
pick_up_content_at_cw drone gears carrier1 box1 (1)
move_flying drone central_warehouse loc3 (1)
put_down_content drone carrier1 box1 gears loc3 wor3_2 (1)
move_flying drone loc3 central_warehouse (1)
pick_up_content_at_cw drone tool carrier1 box1 (1)
move_flying drone central_warehouse loc2 (1)
put_down_content drone carrier1 box1 tool loc2 wor2_1 (1)
put_down_content drone carrier1 box2 parts loc2 wor2_3 (1)
move_flying drone loc2 central_warehouse (1)
pick_up_content_at_cw drone parts carrier1 box2 (1)
move_flying drone central_warehouse loc3 (1)
put_down_content drone carrier1 box2 parts loc3 wor3_1 (1)
move_flying drone loc3 loc1 (1)
put_down_content drone carrier1 box3 valve loc1 wor1_1 (1)
move_flying drone loc1 central_warehouse (1)
pick_up_content_at_cw drone valve carrier1 box2 (1)
move_flying drone central_warehouse loc2 (1)
put_down_content drone carrier1 box2 valve loc2 wor2_2 (1)
[t=0.39405s, 410877728 KB] Plan length: 32 step(s).
[t=0.39405s, 410877728 KB] Plan cost: 32
[t=0.39405s, 410877728 KB] Expanded 576 state(s).
[t=0.39405s, 410877728 KB] Reopened 0 state(s).
[t=0.39405s, 410877728 KB] Evaluated 4681 state(s).
[t=0.39405s, 410877728 KB] Evaluations: 5256
[t=0.39405s, 410877728 KB] Generated 6524 state(s).
[t=0.39405s, 410877728 KB] Dead ends: 0 state(s).
[t=0.39405s, 410877728 KB] Number of registered states: 4681
[t=0.39405s, 410877728 KB] Int hash set load factor: 4681/8192 = 0.571411
[t=0.39405s, 410877728 KB] Int hash set resizes: 13
[t=0.39405s, 410877728 KB] Search time: 0.362073s
[t=0.39405s, 410877728 KB] Total time: 0.39405s
Solution found.
Peak memory: 410877728 KB
Remove intermediate file output.sas
search exit code: 0

INFO     Planner time: 0.53s
