INFO     planner time limit: 60s
INFO     planner memory limit: None

INFO     Running translator.
INFO     translator stdin: None
INFO     translator time limit: 59s
INFO     translator memory limit: None
INFO     translator command line string: /opt/homebrew/opt/python@3.12/bin/python3.12 /Users/francesco/Desktop/planners/downward/builds/release/bin/translate/translate.py domain.pddl problem_2.pddl --sas-file output.sas
Parsing...
Parsing: [0.000s CPU, 0.001s wall-clock]
Normalizing task... [0.000s CPU, 0.000s wall-clock]
Instantiating...
Generating Datalog program... [0.000s CPU, 0.000s wall-clock]
Normalizing Datalog program...
Normalizing Datalog program: [0.000s CPU, 0.002s wall-clock]
Preparing model... [0.000s CPU, 0.001s wall-clock]
Generated 117 rules.
Computing model... [0.010s CPU, 0.006s wall-clock]
1608 relevant atoms
781 auxiliary atoms
2389 final queue length
4799 total queue pushes
Completing instantiation... [0.020s CPU, 0.018s wall-clock]
Instantiating: [0.030s CPU, 0.027s wall-clock]
Computing fact groups...
Finding invariants...
33 initial candidates
Finding invariants: [0.000s CPU, 0.002s wall-clock]
Checking invariant weight... [0.000s CPU, 0.000s wall-clock]
Instantiating groups... [0.000s CPU, 0.000s wall-clock]
Collecting mutex groups... [0.000s CPU, 0.000s wall-clock]
Choosing groups...
93 uncovered facts
Choosing groups: [0.000s CPU, 0.000s wall-clock]
Building translation key... [0.000s CPU, 0.000s wall-clock]
Computing fact groups: [0.000s CPU, 0.003s wall-clock]
Building STRIPS to SAS dictionary... [0.000s CPU, 0.000s wall-clock]
Building dictionary for full mutex groups... [0.000s CPU, 0.000s wall-clock]
Building mutex information...
Building mutex information: [0.000s CPU, 0.000s wall-clock]
Translating task...
Processing axioms...
Simplifying axioms... [0.000s CPU, 0.000s wall-clock]
Translator axioms removed by simplifying: 0
Computing negative axioms... [0.000s CPU, 0.000s wall-clock]
Processing axioms: [0.000s CPU, 0.002s wall-clock]
Translating task: [0.030s CPU, 0.027s wall-clock]
1248 effect conditions simplified
0 implied preconditions added
Detecting unreachable propositions...
0 operators removed
0 axioms removed
11 propositions removed
Detecting unreachable propositions: [0.010s CPU, 0.013s wall-clock]
Reordering and filtering variables...
104 of 104 variables necessary.
9 of 20 mutex groups necessary.
1300 of 1300 operators necessary.
0 of 0 axiom rules necessary.
Reordering and filtering variables: [0.010s CPU, 0.007s wall-clock]
Translator variables: 104
Translator derived variables: 0
Translator facts: 246
Translator goal facts: 8
Translator mutex groups: 9
Translator total mutex groups size: 45
Translator operators: 1300
Translator axioms: 0
Translator task size: 14383
warning: could not determine peak memory
Writing output... [0.000s CPU, 0.009s wall-clock]
Done! [0.080s CPU, 0.089s wall-clock]
translate exit code: 0

INFO     Running search (release).
INFO     search stdin: output.sas
INFO     search time limit: 59s
INFO     search memory limit: None
INFO     search command line string: /Users/francesco/Desktop/planners/downward/builds/release/bin/downward --evaluator 'ff=ff()' --search 'eager_greedy([ff], preferred=[ff])' --internal-plan-file plans/plan_eager_greddy_ff_2 < output.sas
[t=0.000141333s, 410597152 KB] reading input...
[t=0.0233797s, 410728224 KB] done reading input!
[t=0.0241975s, 410728224 KB] Simplifying 3796 unary operators... done! [3444 unary operators]
[t=0.0249658s, 410728224 KB] time to simplify: 0.000770208s
[t=0.025055s, 410728224 KB] Initializing additive heuristic...
[t=0.0250603s, 410728224 KB] Initializing FF heuristic...
[t=0.0250834s, 410728224 KB] Building successor generator...done!
[t=0.0253906s, 410728224 KB] peak memory difference for successor generator creation: 0 KB
[t=0.0253953s, 410728224 KB] time for successor generation creation: 0.000293958s
[t=0.0254026s, 410728224 KB] Variables: 104
[t=0.0254072s, 410728224 KB] FactPairs: 246
[t=0.0254115s, 410728224 KB] Bytes per state: 16
[t=0.0254243s, 410728224 KB] Conducting best first search without reopening closed nodes, (real) bound = 2147483647
[t=0.0254778s, 410728224 KB] New best heuristic value for ff(): 18
[t=0.0254822s, 410728224 KB] g=0, 1 evaluated, 0 expanded
[t=0.0254878s, 410728224 KB] Initial heuristic value for ff(): 18
[t=0.0254917s, 410728224 KB] pruning method: none
[t=0.025636s, 410728224 KB] New best heuristic value for ff(): 17
[t=0.0256426s, 410728224 KB] g=1, 5 evaluated, 1 expanded
[t=0.0257802s, 410728224 KB] New best heuristic value for ff(): 16
[t=0.025784s, 410728224 KB] g=2, 9 evaluated, 2 expanded
[t=0.0281703s, 410728224 KB] New best heuristic value for ff(): 15
[t=0.0281751s, 410728224 KB] g=4, 94 evaluated, 11 expanded
[t=0.0301875s, 410728224 KB] New best heuristic value for ff(): 14
[t=0.0301915s, 410728224 KB] g=8, 162 evaluated, 22 expanded
[t=0.0308343s, 410728224 KB] New best heuristic value for ff(): 13
[t=0.0308382s, 410728224 KB] g=11, 184 evaluated, 25 expanded
[t=0.0315229s, 410728224 KB] New best heuristic value for ff(): 12
[t=0.0315265s, 410728224 KB] g=12, 209 evaluated, 27 expanded
[t=0.032684s, 410728224 KB] New best heuristic value for ff(): 11
[t=0.032688s, 410728224 KB] g=15, 249 evaluated, 32 expanded
[t=0.0333804s, 410728224 KB] New best heuristic value for ff(): 10
[t=0.033384s, 410728224 KB] g=16, 274 evaluated, 34 expanded
[t=0.0344752s, 410728224 KB] New best heuristic value for ff(): 9
[t=0.0344788s, 410728224 KB] g=19, 312 evaluated, 39 expanded
[t=0.0359506s, 410728224 KB] New best heuristic value for ff(): 8
[t=0.0359544s, 410728224 KB] g=21, 366 evaluated, 43 expanded
[t=0.0362616s, 410728224 KB] New best heuristic value for ff(): 7
[t=0.0362651s, 410728224 KB] g=22, 377 evaluated, 44 expanded
[t=0.0368013s, 410728224 KB] New best heuristic value for ff(): 6
[t=0.036805s, 410728224 KB] g=24, 396 evaluated, 46 expanded
[t=0.0384068s, 410728224 KB] New best heuristic value for ff(): 5
[t=0.0384104s, 410728224 KB] g=25, 456 evaluated, 53 expanded
[t=0.0386836s, 410728224 KB] New best heuristic value for ff(): 4
[t=0.0386872s, 410728224 KB] g=26, 466 evaluated, 54 expanded
[t=0.0390515s, 410728224 KB] New best heuristic value for ff(): 3
[t=0.0390552s, 410728224 KB] g=27, 480 evaluated, 55 expanded
[t=0.0504137s, 410728224 KB] New best heuristic value for ff(): 2
[t=0.0504182s, 410728224 KB] g=30, 904 evaluated, 123 expanded
[t=0.0508561s, 410728224 KB] New best heuristic value for ff(): 1
[t=0.0508598s, 410728224 KB] g=31, 921 evaluated, 124 expanded
[t=0.0512039s, 410728224 KB] New best heuristic value for ff(): 0
[t=0.0512075s, 410728224 KB] g=32, 937 evaluated, 125 expanded
[t=0.0513016s, 410728224 KB] Solution found!
[t=0.0513061s, 410728224 KB] Actual search time: 0.0258123s
robot_attach_carrier drone carrier1 central_warehouse (1)
robot_load_box drone carrier1 box1 central_warehouse six five (1)
pick_up_content_at_cw drone bolt carrier1 box1 (1)
move_flying drone central_warehouse loc2 (1)
put_down_content drone carrier1 box1 bolt loc2 wor2_1 (1)
move_flying drone loc2 central_warehouse (1)
pick_up_content_at_cw drone bolt carrier1 box1 (1)
move_flying drone central_warehouse loc3 (1)
put_down_content drone carrier1 box1 bolt loc3 wor3_1 (1)
move_flying drone loc3 central_warehouse (1)
pick_up_content_at_cw drone tool carrier1 box1 (1)
move_flying drone central_warehouse loc2 (1)
put_down_content drone carrier1 box1 tool loc2 wor2_1 (1)
move_flying drone loc2 central_warehouse (1)
pick_up_content_at_cw drone valve carrier1 box1 (1)
move_flying drone central_warehouse loc1 (1)
put_down_content drone carrier1 box1 valve loc1 wor1_1 (1)
move_flying drone loc1 central_warehouse (1)
pick_up_content_at_cw drone gears carrier1 box1 (1)
robot_load_box drone carrier1 box2 central_warehouse five four (1)
pick_up_content_at_cw drone parts carrier1 box2 (1)
move_flying drone central_warehouse loc3 (1)
put_down_content drone carrier1 box1 gears loc3 wor3_2 (1)
move_flying drone loc3 central_warehouse (1)
pick_up_content_at_cw drone valve carrier1 box1 (1)
move_flying drone central_warehouse loc2 (1)
put_down_content drone carrier1 box1 valve loc2 wor2_2 (1)
put_down_content drone carrier1 box2 parts loc2 wor2_3 (1)
move_flying drone loc2 central_warehouse (1)
pick_up_content_at_cw drone parts carrier1 box1 (1)
move_flying drone central_warehouse loc3 (1)
put_down_content drone carrier1 box1 parts loc3 wor3_1 (1)
[t=0.0513095s, 410728224 KB] Plan length: 32 step(s).
[t=0.0513095s, 410728224 KB] Plan cost: 32
[t=0.0513095s, 410728224 KB] Expanded 126 state(s).
[t=0.0513095s, 410728224 KB] Reopened 0 state(s).
[t=0.0513095s, 410728224 KB] Evaluated 942 state(s).
[t=0.0513095s, 410728224 KB] Evaluations: 1067
[t=0.0513095s, 410728224 KB] Generated 1225 state(s).
[t=0.0513095s, 410728224 KB] Dead ends: 0 state(s).
[t=0.0513095s, 410728224 KB] Number of registered states: 942
[t=0.0513095s, 410728224 KB] Int hash set load factor: 942/1024 = 0.919922
[t=0.0513095s, 410728224 KB] Int hash set resizes: 10
[t=0.0513095s, 410728224 KB] Search time: 0.0258853s
[t=0.0513095s, 410728224 KB] Total time: 0.0513095s
Solution found.
Peak memory: 410728224 KB
Remove intermediate file output.sas
search exit code: 0

INFO     Planner time: 0.19s
