INFO     planner time limit: 60s
INFO     planner memory limit: None

INFO     Running translator.
INFO     translator stdin: None
INFO     translator time limit: 59s
INFO     translator memory limit: None
INFO     translator command line string: /opt/homebrew/opt/python@3.12/bin/python3.12 /Users/francesco/Desktop/planners/downward/builds/release/bin/translate/translate.py domain.pddl problem_2.pddl --sas-file output.sas
Parsing...
Parsing: [0.000s CPU, 0.001s wall-clock]
Normalizing task... [0.000s CPU, 0.000s wall-clock]
Instantiating...
Generating Datalog program... [0.000s CPU, 0.000s wall-clock]
Normalizing Datalog program...
Normalizing Datalog program: [0.000s CPU, 0.002s wall-clock]
Preparing model... [0.000s CPU, 0.001s wall-clock]
Generated 117 rules.
Computing model... [0.010s CPU, 0.006s wall-clock]
1608 relevant atoms
781 auxiliary atoms
2389 final queue length
4799 total queue pushes
Completing instantiation... [0.020s CPU, 0.018s wall-clock]
Instantiating: [0.030s CPU, 0.027s wall-clock]
Computing fact groups...
Finding invariants...
33 initial candidates
Finding invariants: [0.000s CPU, 0.002s wall-clock]
Checking invariant weight... [0.000s CPU, 0.000s wall-clock]
Instantiating groups... [0.000s CPU, 0.000s wall-clock]
Collecting mutex groups... [0.000s CPU, 0.000s wall-clock]
Choosing groups...
93 uncovered facts
Choosing groups: [0.000s CPU, 0.000s wall-clock]
Building translation key... [0.000s CPU, 0.000s wall-clock]
Computing fact groups: [0.000s CPU, 0.003s wall-clock]
Building STRIPS to SAS dictionary... [0.000s CPU, 0.000s wall-clock]
Building dictionary for full mutex groups... [0.000s CPU, 0.000s wall-clock]
Building mutex information...
Building mutex information: [0.000s CPU, 0.000s wall-clock]
Translating task...
Processing axioms...
Simplifying axioms... [0.000s CPU, 0.000s wall-clock]
Translator axioms removed by simplifying: 0
Computing negative axioms... [0.000s CPU, 0.000s wall-clock]
Processing axioms: [0.000s CPU, 0.002s wall-clock]
Translating task: [0.030s CPU, 0.026s wall-clock]
1248 effect conditions simplified
0 implied preconditions added
Detecting unreachable propositions...
0 operators removed
0 axioms removed
11 propositions removed
Detecting unreachable propositions: [0.010s CPU, 0.013s wall-clock]
Reordering and filtering variables...
104 of 104 variables necessary.
9 of 20 mutex groups necessary.
1300 of 1300 operators necessary.
0 of 0 axiom rules necessary.
Reordering and filtering variables: [0.010s CPU, 0.007s wall-clock]
Translator variables: 104
Translator derived variables: 0
Translator facts: 246
Translator goal facts: 8
Translator mutex groups: 9
Translator total mutex groups size: 45
Translator operators: 1300
Translator axioms: 0
Translator task size: 14383
warning: could not determine peak memory
Writing output... [0.000s CPU, 0.008s wall-clock]
Done! [0.080s CPU, 0.087s wall-clock]
translate exit code: 0

INFO     Running search (release).
INFO     search stdin: output.sas
INFO     search time limit: 59s
INFO     search memory limit: None
INFO     search command line string: /Users/francesco/Desktop/planners/downward/builds/release/bin/downward --evaluator 'lmcut=lmcut()' --search 'eager_greedy([lmcut], preferred=[lmcut])' --internal-plan-file plans/plan_eager_greddy_lmcut_2 < output.sas
[t=0.000142125s, 410597152 KB] reading input...
[t=0.0233142s, 410728224 KB] done reading input!
[t=0.0242672s, 410728224 KB] Initializing landmark cut heuristic...
[t=0.0242927s, 410728224 KB] Building successor generator...done!
[t=0.0246057s, 410728224 KB] peak memory difference for successor generator creation: 0 KB
[t=0.0246109s, 410728224 KB] time for successor generation creation: 0.000302416s
[t=0.0246183s, 410728224 KB] Variables: 104
[t=0.0246238s, 410728224 KB] FactPairs: 246
[t=0.0246282s, 410728224 KB] Bytes per state: 16
[t=0.0246433s, 410728224 KB] Conducting best first search without reopening closed nodes, (real) bound = 2147483647
[t=0.0248541s, 410728224 KB] New best heuristic value for lmcut(): 14
[t=0.0248597s, 410728224 KB] g=0, 1 evaluated, 0 expanded
[t=0.0248677s, 410728224 KB] Initial heuristic value for lmcut(): 14
[t=0.0248877s, 410728224 KB] pruning method: none
[t=0.0258033s, 410728224 KB] New best heuristic value for lmcut(): 13
[t=0.0258072s, 410728224 KB] g=1, 5 evaluated, 1 expanded
[t=0.0266209s, 410728224 KB] New best heuristic value for lmcut(): 10
[t=0.026625s, 410728224 KB] g=2, 9 evaluated, 2 expanded
[t=0.383327s, 410746656 KB] New best heuristic value for lmcut(): 9
[t=0.383345s, 410746656 KB] g=6, 2252 evaluated, 153 expanded
[t=0.385528s, 410746656 KB] New best heuristic value for lmcut(): 8
[t=0.385534s, 410746656 KB] g=7, 2266 evaluated, 154 expanded
[t=0.523681s, 410746656 KB] New best heuristic value for lmcut(): 7
[t=0.523691s, 410746656 KB] g=12, 3104 evaluated, 277 expanded
[t=0.54741s, 410746656 KB] New best heuristic value for lmcut(): 6
[t=0.547433s, 410746656 KB] g=16, 3290 evaluated, 294 expanded
[t=0.70745s, 410746656 KB] New best heuristic value for lmcut(): 4
[t=0.707464s, 410746656 KB] g=21, 4651 evaluated, 419 expanded
[t=1.09056s, 410877728 KB] New best heuristic value for lmcut(): 3
[t=1.09057s, 410877728 KB] g=25, 8073 evaluated, 758 expanded
[t=1.0959s, 410877728 KB] New best heuristic value for lmcut(): 2
[t=1.09591s, 410877728 KB] g=27, 8150 evaluated, 763 expanded
[t=1.09657s, 410877728 KB] New best heuristic value for lmcut(): 1
[t=1.09658s, 410877728 KB] g=28, 8161 evaluated, 764 expanded
[t=1.09708s, 410877728 KB] New best heuristic value for lmcut(): 0
[t=1.09708s, 410877728 KB] g=29, 8172 evaluated, 765 expanded
[t=1.0972s, 410877728 KB] Solution found!
[t=1.09721s, 410877728 KB] Actual search time: 1.07232s
robot_attach_carrier drone carrier1 central_warehouse (1)
robot_load_box drone carrier1 box1 central_warehouse six five (1)
robot_load_box drone carrier1 box2 central_warehouse five four (1)
pick_up_content_at_cw drone gears carrier1 box1 (1)
pick_up_content_at_cw drone valve carrier1 box2 (1)
move_flying drone central_warehouse loc3 (1)
put_down_content drone carrier1 box1 gears loc3 wor3_2 (1)
move_flying drone loc3 loc1 (1)
put_down_content drone carrier1 box2 valve loc1 wor1_1 (1)
move_flying drone loc1 central_warehouse (1)
pick_up_content_at_cw drone parts carrier1 box1 (1)
move_flying drone central_warehouse loc2 (1)
put_down_content drone carrier1 box1 parts loc2 wor2_3 (1)
move_flying drone loc2 central_warehouse (1)
pick_up_content_at_cw drone tool carrier1 box1 (1)
move_flying drone central_warehouse loc2 (1)
put_down_content drone carrier1 box1 tool loc2 wor2_1 (1)
move_flying drone loc2 central_warehouse (1)
pick_up_content_at_cw drone bolt carrier1 box1 (1)
pick_up_content_at_cw drone valve carrier1 box2 (1)
move_flying drone central_warehouse loc2 (1)
put_down_content drone carrier1 box2 valve loc2 wor2_2 (1)
put_down_content drone carrier1 box1 bolt loc2 wor2_1 (1)
move_flying drone loc2 central_warehouse (1)
pick_up_content_at_cw drone bolt carrier1 box1 (1)
pick_up_content_at_cw drone parts carrier1 box2 (1)
move_flying drone central_warehouse loc3 (1)
put_down_content drone carrier1 box1 bolt loc3 wor3_1 (1)
put_down_content drone carrier1 box2 parts loc3 wor3_1 (1)
[t=1.09721s, 410877728 KB] Plan length: 29 step(s).
[t=1.09721s, 410877728 KB] Plan cost: 29
[t=1.09721s, 410877728 KB] Expanded 766 state(s).
[t=1.09721s, 410877728 KB] Reopened 0 state(s).
[t=1.09721s, 410877728 KB] Evaluated 8175 state(s).
[t=1.09721s, 410877728 KB] Evaluations: 8940
[t=1.09721s, 410877728 KB] Generated 13196 state(s).
[t=1.09721s, 410877728 KB] Dead ends: 0 state(s).
[t=1.09721s, 410877728 KB] Number of registered states: 8175
[t=1.09721s, 410877728 KB] Int hash set load factor: 8175/16384 = 0.498962
[t=1.09721s, 410877728 KB] Int hash set resizes: 14
[t=1.09721s, 410877728 KB] Search time: 1.07257s
[t=1.09721s, 410877728 KB] Total time: 1.09721s
Solution found.
Peak memory: 410877728 KB
Remove intermediate file output.sas
search exit code: 0

INFO     Planner time: 1.23s
