INFO     planner time limit: 60s
INFO     planner memory limit: None

INFO     Running translator.
INFO     translator stdin: None
INFO     translator time limit: 59s
INFO     translator memory limit: None
INFO     translator command line string: /opt/homebrew/opt/python@3.12/bin/python3.12 /Users/francesco/Desktop/planners/downward/builds/release/bin/translate/translate.py domain.pddl problem_1.pddl --sas-file output.sas
Parsing...
Parsing: [0.000s CPU, 0.001s wall-clock]
Normalizing task... [0.000s CPU, 0.000s wall-clock]
Instantiating...
Generating Datalog program... [0.000s CPU, 0.000s wall-clock]
Normalizing Datalog program...
Normalizing Datalog program: [0.000s CPU, 0.002s wall-clock]
Preparing model... [0.000s CPU, 0.001s wall-clock]
Generated 117 rules.
Computing model... [0.010s CPU, 0.008s wall-clock]
2283 relevant atoms
980 auxiliary atoms
3263 final queue length
7839 total queue pushes
Completing instantiation... [0.030s CPU, 0.032s wall-clock]
Instantiating: [0.040s CPU, 0.044s wall-clock]
Computing fact groups...
Finding invariants...
33 initial candidates
Finding invariants: [0.010s CPU, 0.002s wall-clock]
Checking invariant weight... [0.000s CPU, 0.000s wall-clock]
Instantiating groups... [0.000s CPU, 0.000s wall-clock]
Collecting mutex groups... [0.000s CPU, 0.000s wall-clock]
Choosing groups...
28 uncovered facts
Choosing groups: [0.000s CPU, 0.000s wall-clock]
Building translation key... [0.000s CPU, 0.000s wall-clock]
Computing fact groups: [0.010s CPU, 0.003s wall-clock]
Building STRIPS to SAS dictionary... [0.000s CPU, 0.000s wall-clock]
Building dictionary for full mutex groups... [0.000s CPU, 0.000s wall-clock]
Building mutex information...
Building mutex information: [0.000s CPU, 0.000s wall-clock]
Translating task...
Processing axioms...
Simplifying axioms... [0.000s CPU, 0.000s wall-clock]
Translator axioms removed by simplifying: 0
Computing negative axioms... [0.000s CPU, 0.000s wall-clock]
Processing axioms: [0.000s CPU, 0.003s wall-clock]
Translating task: [0.040s CPU, 0.040s wall-clock]
1238 effect conditions simplified
0 implied preconditions added
Detecting unreachable propositions...
0 operators removed
0 axioms removed
9 propositions removed
Detecting unreachable propositions: [0.010s CPU, 0.015s wall-clock]
Reordering and filtering variables...
37 of 37 variables necessary.
5 of 14 mutex groups necessary.
2012 of 2012 operators necessary.
0 of 0 axiom rules necessary.
Reordering and filtering variables: [0.010s CPU, 0.008s wall-clock]
Translator variables: 37
Translator derived variables: 0
Translator facts: 147
Translator goal facts: 3
Translator mutex groups: 5
Translator total mutex groups size: 50
Translator operators: 2012
Translator axioms: 0
Translator task size: 20401
warning: could not determine peak memory
Writing output... [0.010s CPU, 0.010s wall-clock]
Done! [0.120s CPU, 0.123s wall-clock]
translate exit code: 0

INFO     Running search (release).
INFO     search stdin: output.sas
INFO     search time limit: 59s
INFO     search memory limit: None
INFO     search command line string: /Users/francesco/Desktop/planners/downward/builds/release/bin/downward --evaluator 'add=add()' --search 'eager_greedy([add], preferred=[add])' --internal-plan-file plans/plan_eager_greddy_add_1 < output.sas
[t=0.000141625s, 410597152 KB] reading input...
[t=0.0326347s, 410728224 KB] done reading input!
[t=0.0335745s, 410728224 KB] Simplifying 5916 unary operators... done! [5892 unary operators]
[t=0.0348028s, 410728224 KB] time to simplify: 0.00123054s
[t=0.0349238s, 410728224 KB] Initializing additive heuristic...
[t=0.0349465s, 410728224 KB] Building successor generator...done!
[t=0.0354501s, 410728224 KB] peak memory difference for successor generator creation: 0 KB
[t=0.035455s, 410728224 KB] time for successor generation creation: 0.000493125s
[t=0.0354632s, 410728224 KB] Variables: 37
[t=0.0354679s, 410728224 KB] FactPairs: 147
[t=0.0354722s, 410728224 KB] Bytes per state: 8
[t=0.035485s, 410728224 KB] Conducting best first search without reopening closed nodes, (real) bound = 2147483647
[t=0.0355554s, 410728224 KB] New best heuristic value for add(): 92
[t=0.0355599s, 410728224 KB] g=0, 1 evaluated, 0 expanded
[t=0.0355655s, 410728224 KB] Initial heuristic value for add(): 92
[t=0.0355691s, 410728224 KB] pruning method: none
[t=0.0356954s, 410728224 KB] New best heuristic value for add(): 42
[t=0.0356993s, 410728224 KB] g=1, 3 evaluated, 1 expanded
[t=0.0358237s, 410728224 KB] New best heuristic value for add(): 39
[t=0.0358272s, 410728224 KB] g=1, 6 evaluated, 1 expanded
[t=0.0359905s, 410728224 KB] New best heuristic value for add(): 35
[t=0.0359942s, 410728224 KB] g=2, 9 evaluated, 2 expanded
[t=0.0360795s, 410728224 KB] New best heuristic value for add(): 21
[t=0.036083s, 410728224 KB] g=2, 11 evaluated, 2 expanded
[t=0.0362839s, 410728224 KB] New best heuristic value for add(): 20
[t=0.0362875s, 410728224 KB] g=3, 15 evaluated, 3 expanded
[t=0.03645s, 410728224 KB] New best heuristic value for add(): 17
[t=0.0364536s, 410728224 KB] g=3, 19 evaluated, 3 expanded
[t=0.036608s, 410728224 KB] New best heuristic value for add(): 16
[t=0.0366115s, 410728224 KB] g=4, 22 evaluated, 4 expanded
[t=0.0368483s, 410728224 KB] New best heuristic value for add(): 13
[t=0.0368522s, 410728224 KB] g=5, 27 evaluated, 5 expanded
[t=0.037234s, 410728224 KB] New best heuristic value for add(): 11
[t=0.0372376s, 410728224 KB] g=6, 36 evaluated, 6 expanded
[t=0.0374943s, 410728224 KB] New best heuristic value for add(): 10
[t=0.0374978s, 410728224 KB] g=7, 42 evaluated, 7 expanded
[t=0.0376347s, 410728224 KB] New best heuristic value for add(): 9
[t=0.0376382s, 410728224 KB] g=7, 46 evaluated, 7 expanded
[t=0.0378155s, 410728224 KB] New best heuristic value for add(): 8
[t=0.0378191s, 410728224 KB] g=8, 50 evaluated, 8 expanded
[t=0.0379365s, 410728224 KB] New best heuristic value for add(): 7
[t=0.03794s, 410728224 KB] g=8, 54 evaluated, 8 expanded
[t=0.0380696s, 410728224 KB] New best heuristic value for add(): 6
[t=0.038073s, 410728224 KB] g=9, 57 evaluated, 9 expanded
[t=0.0382142s, 410728224 KB] New best heuristic value for add(): 5
[t=0.0382176s, 410728224 KB] g=9, 62 evaluated, 9 expanded
[t=0.0383358s, 410728224 KB] New best heuristic value for add(): 4
[t=0.0383401s, 410728224 KB] g=10, 65 evaluated, 10 expanded
[t=0.038649s, 410728224 KB] New best heuristic value for add(): 3
[t=0.0386527s, 410728224 KB] g=11, 76 evaluated, 11 expanded
[t=0.234491s, 410875680 KB] New best heuristic value for add(): 2
[t=0.234509s, 410875680 KB] g=21, 6166 evaluated, 1060 expanded
[t=0.234689s, 410875680 KB] New best heuristic value for add(): 1
[t=0.234694s, 410875680 KB] g=22, 6172 evaluated, 1061 expanded
[t=0.234917s, 410875680 KB] New best heuristic value for add(): 0
[t=0.234921s, 410875680 KB] g=23, 6181 evaluated, 1062 expanded
[t=0.235018s, 410875680 KB] Solution found!
[t=0.235023s, 410875680 KB] Actual search time: 0.199452s
robot_attach_carrier jumper carrier1 central_warehouse (1)
robot_load_box jumper carrier1 box1 central_warehouse one zero (1)
pick_up_content_at_cw jumper tool carrier1 box1 (1)
robot_attach_carrier walker carrier2 central_warehouse (1)
robot_load_box walker carrier2 box2 central_warehouse two one (1)
pick_up_content_at_cw walker valve carrier2 box2 (1)
move_jumping jumper central_warehouse loc1 loc2 (1)
move_jumping jumper loc2 loc3 loc4 (1)
move_jumping jumper loc4 loc5 loc6 (1)
move_walking walker central_warehouse loc1 (1)
put_down_content walker carrier2 box2 valve loc1 wor1_1 (1)
move_walking walker loc1 central_warehouse (1)
move_jumping jumper loc6 loc7 loc8 (1)
pick_up_content_at_cw walker tool carrier2 box2 (1)
move_walking walker central_warehouse loc1 (1)
move_walking walker loc1 loc2 (1)
move_walking walker loc2 loc3 (1)
put_down_content jumper carrier1 box1 tool loc8 wor8_1 (1)
move_jumping jumper loc8 loc7 loc6 (1)
move_walking walker loc3 loc4 (1)
move_walking walker loc4 loc5 (1)
move_walking walker loc5 loc6 (1)
put_down_content walker carrier2 box2 tool loc6 wor6_1 (1)
[t=0.235027s, 410875680 KB] Plan length: 23 step(s).
[t=0.235027s, 410875680 KB] Plan cost: 23
[t=0.235027s, 410875680 KB] Expanded 1063 state(s).
[t=0.235027s, 410875680 KB] Reopened 0 state(s).
[t=0.235027s, 410875680 KB] Evaluated 6186 state(s).
[t=0.235027s, 410875680 KB] Evaluations: 7248
[t=0.235027s, 410875680 KB] Generated 8936 state(s).
[t=0.235027s, 410875680 KB] Dead ends: 0 state(s).
[t=0.235027s, 410875680 KB] Number of registered states: 6186
[t=0.235027s, 410875680 KB] Int hash set load factor: 6186/8192 = 0.755127
[t=0.235027s, 410875680 KB] Int hash set resizes: 13
[t=0.235027s, 410875680 KB] Search time: 0.199542s
[t=0.235027s, 410875680 KB] Total time: 0.235027s
Solution found.
Peak memory: 410875680 KB
Remove intermediate file output.sas
search exit code: 0

INFO     Planner time: 0.41s
