INFO     planner time limit: 60s
INFO     planner memory limit: None

INFO     Running translator.
INFO     translator stdin: None
INFO     translator time limit: 59s
INFO     translator memory limit: None
INFO     translator command line string: /opt/homebrew/opt/python@3.12/bin/python3.12 /Users/francesco/Desktop/planners/downward/builds/release/bin/translate/translate.py domain.pddl problem_1.pddl --sas-file output.sas
Parsing...
Parsing: [0.000s CPU, 0.001s wall-clock]
Normalizing task... [0.000s CPU, 0.000s wall-clock]
Instantiating...
Generating Datalog program... [0.000s CPU, 0.000s wall-clock]
Normalizing Datalog program...
Normalizing Datalog program: [0.000s CPU, 0.002s wall-clock]
Preparing model... [0.000s CPU, 0.001s wall-clock]
Generated 117 rules.
Computing model... [0.010s CPU, 0.008s wall-clock]
2283 relevant atoms
980 auxiliary atoms
3263 final queue length
7839 total queue pushes
Completing instantiation... [0.030s CPU, 0.032s wall-clock]
Instantiating: [0.040s CPU, 0.044s wall-clock]
Computing fact groups...
Finding invariants...
33 initial candidates
Finding invariants: [0.010s CPU, 0.002s wall-clock]
Checking invariant weight... [0.000s CPU, 0.000s wall-clock]
Instantiating groups... [0.000s CPU, 0.000s wall-clock]
Collecting mutex groups... [0.000s CPU, 0.000s wall-clock]
Choosing groups...
28 uncovered facts
Choosing groups: [0.000s CPU, 0.000s wall-clock]
Building translation key... [0.000s CPU, 0.000s wall-clock]
Computing fact groups: [0.010s CPU, 0.003s wall-clock]
Building STRIPS to SAS dictionary... [0.000s CPU, 0.000s wall-clock]
Building dictionary for full mutex groups... [0.000s CPU, 0.000s wall-clock]
Building mutex information...
Building mutex information: [0.000s CPU, 0.000s wall-clock]
Translating task...
Processing axioms...
Simplifying axioms... [0.000s CPU, 0.000s wall-clock]
Translator axioms removed by simplifying: 0
Computing negative axioms... [0.000s CPU, 0.000s wall-clock]
Processing axioms: [0.000s CPU, 0.003s wall-clock]
Translating task: [0.040s CPU, 0.040s wall-clock]
1238 effect conditions simplified
0 implied preconditions added
Detecting unreachable propositions...
0 operators removed
0 axioms removed
9 propositions removed
Detecting unreachable propositions: [0.010s CPU, 0.015s wall-clock]
Reordering and filtering variables...
37 of 37 variables necessary.
5 of 14 mutex groups necessary.
2012 of 2012 operators necessary.
0 of 0 axiom rules necessary.
Reordering and filtering variables: [0.010s CPU, 0.008s wall-clock]
Translator variables: 37
Translator derived variables: 0
Translator facts: 147
Translator goal facts: 3
Translator mutex groups: 5
Translator total mutex groups size: 50
Translator operators: 2012
Translator axioms: 0
Translator task size: 20401
warning: could not determine peak memory
Writing output... [0.010s CPU, 0.010s wall-clock]
Done! [0.120s CPU, 0.124s wall-clock]
translate exit code: 0

INFO     Running search (release).
INFO     search stdin: output.sas
INFO     search time limit: 59s
INFO     search memory limit: None
INFO     search command line string: /Users/francesco/Desktop/planners/downward/builds/release/bin/downward --evaluator 'cea=cea()' --search 'eager_greedy([cea], preferred=[cea])' --internal-plan-file plans/plan_eager_greddy_cea_1 < output.sas
[t=0.000141875s, 410597152 KB] reading input...
[t=0.0324982s, 410728224 KB] done reading input!
[t=0.0330611s, 410728224 KB] Initializing context-enhanced additive heuristic...
[t=0.050486s, 410728224 KB] Building successor generator...done!
[t=0.0509785s, 410728224 KB] peak memory difference for successor generator creation: 0 KB
[t=0.0509833s, 410728224 KB] time for successor generation creation: 0.000477833s
[t=0.0509918s, 410728224 KB] Variables: 37
[t=0.050997s, 410728224 KB] FactPairs: 147
[t=0.0510017s, 410728224 KB] Bytes per state: 8
[t=0.0510147s, 410728224 KB] Conducting best first search without reopening closed nodes, (real) bound = 2147483647
[t=0.0513241s, 410728224 KB] New best heuristic value for cea(): 92
[t=0.0513298s, 410728224 KB] g=0, 1 evaluated, 0 expanded
[t=0.0513377s, 410728224 KB] Initial heuristic value for cea(): 92
[t=0.0513535s, 410728224 KB] pruning method: none
[t=0.0517274s, 410728224 KB] New best heuristic value for cea(): 41
[t=0.0517317s, 410728224 KB] g=1, 3 evaluated, 1 expanded
[t=0.0520711s, 410728224 KB] New best heuristic value for cea(): 38
[t=0.0520753s, 410728224 KB] g=1, 6 evaluated, 1 expanded
[t=0.0525191s, 410728224 KB] New best heuristic value for cea(): 35
[t=0.0525232s, 410728224 KB] g=2, 9 evaluated, 2 expanded
[t=0.0527978s, 410728224 KB] New best heuristic value for cea(): 20
[t=0.0528018s, 410728224 KB] g=2, 11 evaluated, 2 expanded
[t=0.0533016s, 410728224 KB] New best heuristic value for cea(): 19
[t=0.0533056s, 410728224 KB] g=3, 15 evaluated, 3 expanded
[t=0.0537363s, 410728224 KB] New best heuristic value for cea(): 16
[t=0.0537402s, 410728224 KB] g=3, 19 evaluated, 3 expanded
[t=0.0542947s, 410728224 KB] New best heuristic value for cea(): 15
[t=0.0542987s, 410728224 KB] g=4, 24 evaluated, 4 expanded
[t=0.0550996s, 410728224 KB] New best heuristic value for cea(): 13
[t=0.0551037s, 410728224 KB] g=5, 31 evaluated, 5 expanded
[t=0.0562688s, 410728224 KB] New best heuristic value for cea(): 11
[t=0.0562733s, 410728224 KB] g=6, 42 evaluated, 6 expanded
[t=0.0569554s, 410728224 KB] New best heuristic value for cea(): 10
[t=0.0569594s, 410728224 KB] g=7, 48 evaluated, 7 expanded
[t=0.0572512s, 410728224 KB] New best heuristic value for cea(): 9
[t=0.0572551s, 410728224 KB] g=7, 51 evaluated, 7 expanded
[t=0.0578371s, 410728224 KB] New best heuristic value for cea(): 8
[t=0.0578408s, 410728224 KB] g=8, 56 evaluated, 8 expanded
[t=0.0581648s, 410728224 KB] New best heuristic value for cea(): 7
[t=0.0581689s, 410728224 KB] g=8, 59 evaluated, 8 expanded
[t=0.0585637s, 410728224 KB] New best heuristic value for cea(): 6
[t=0.0585705s, 410728224 KB] g=9, 62 evaluated, 9 expanded
[t=0.058943s, 410728224 KB] New best heuristic value for cea(): 5
[t=0.0589468s, 410728224 KB] g=9, 66 evaluated, 9 expanded
[t=0.059307s, 410728224 KB] New best heuristic value for cea(): 4
[t=0.0593111s, 410728224 KB] g=10, 69 evaluated, 10 expanded
[t=0.0602288s, 410728224 KB] New best heuristic value for cea(): 3
[t=0.0602333s, 410728224 KB] g=11, 79 evaluated, 11 expanded
[t=0.401881s, 410884896 KB] New best heuristic value for cea(): 2
[t=0.401913s, 410884896 KB] g=21, 4036 evaluated, 726 expanded
[t=0.402335s, 410884896 KB] New best heuristic value for cea(): 1
[t=0.40234s, 410884896 KB] g=22, 4042 evaluated, 727 expanded
[t=0.402875s, 410884896 KB] New best heuristic value for cea(): 0
[t=0.402879s, 410884896 KB] g=23, 4051 evaluated, 728 expanded
[t=0.403136s, 410884896 KB] Solution found!
[t=0.403141s, 410884896 KB] Actual search time: 0.351785s
robot_attach_carrier jumper carrier2 central_warehouse (1)
robot_load_box jumper carrier2 box1 central_warehouse two one (1)
pick_up_content_at_cw jumper tool carrier2 box1 (1)
robot_attach_carrier walker carrier1 central_warehouse (1)
robot_load_box walker carrier1 box2 central_warehouse one zero (1)
pick_up_content_at_cw walker valve carrier1 box2 (1)
move_jumping jumper central_warehouse loc1 loc2 (1)
move_jumping jumper loc2 loc3 loc4 (1)
move_jumping jumper loc4 loc5 loc6 (1)
move_walking walker central_warehouse loc1 (1)
put_down_content walker carrier1 box2 valve loc1 wor1_1 (1)
move_walking walker loc1 central_warehouse (1)
move_jumping jumper loc6 loc7 loc8 (1)
pick_up_content_at_cw walker tool carrier1 box2 (1)
move_walking walker central_warehouse loc1 (1)
move_walking walker loc1 loc2 (1)
move_walking walker loc2 loc3 (1)
put_down_content jumper carrier2 box1 tool loc8 wor8_1 (1)
move_jumping jumper loc8 loc7 loc6 (1)
move_walking walker loc3 loc4 (1)
move_walking walker loc4 loc5 (1)
move_walking walker loc5 loc6 (1)
put_down_content walker carrier1 box2 tool loc6 wor6_1 (1)
[t=0.403145s, 410884896 KB] Plan length: 23 step(s).
[t=0.403145s, 410884896 KB] Plan cost: 23
[t=0.403145s, 410884896 KB] Expanded 729 state(s).
[t=0.403145s, 410884896 KB] Reopened 0 state(s).
[t=0.403145s, 410884896 KB] Evaluated 4056 state(s).
[t=0.403145s, 410884896 KB] Evaluations: 4784
[t=0.403145s, 410884896 KB] Generated 5625 state(s).
[t=0.403145s, 410884896 KB] Dead ends: 0 state(s).
[t=0.403145s, 410884896 KB] Number of registered states: 4056
[t=0.403145s, 410884896 KB] Int hash set load factor: 4056/8192 = 0.495117
[t=0.403145s, 410884896 KB] Int hash set resizes: 13
[t=0.403145s, 410884896 KB] Search time: 0.35213s
[t=0.403145s, 410884896 KB] Total time: 0.403145s
Solution found.
Peak memory: 410884896 KB
Remove intermediate file output.sas
search exit code: 0

INFO     Planner time: 0.58s
