INFO     planner time limit: 60s
INFO     planner memory limit: None

INFO     Running translator.
INFO     translator stdin: None
INFO     translator time limit: 59s
INFO     translator memory limit: None
INFO     translator command line string: /opt/homebrew/opt/python@3.12/bin/python3.12 /Users/francesco/Desktop/planners/downward/builds/release/bin/translate/translate.py domain.pddl problem_1.pddl --sas-file output.sas
Parsing...
Parsing: [0.000s CPU, 0.001s wall-clock]
Normalizing task... [0.000s CPU, 0.000s wall-clock]
Instantiating...
Generating Datalog program... [0.000s CPU, 0.000s wall-clock]
Normalizing Datalog program...
Normalizing Datalog program: [0.000s CPU, 0.002s wall-clock]
Preparing model... [0.000s CPU, 0.001s wall-clock]
Generated 117 rules.
Computing model... [0.010s CPU, 0.009s wall-clock]
2283 relevant atoms
980 auxiliary atoms
3263 final queue length
7839 total queue pushes
Completing instantiation... [0.040s CPU, 0.033s wall-clock]
Instantiating: [0.050s CPU, 0.046s wall-clock]
Computing fact groups...
Finding invariants...
33 initial candidates
Finding invariants: [0.000s CPU, 0.002s wall-clock]
Checking invariant weight... [0.000s CPU, 0.000s wall-clock]
Instantiating groups... [0.000s CPU, 0.000s wall-clock]
Collecting mutex groups... [0.000s CPU, 0.000s wall-clock]
Choosing groups...
28 uncovered facts
Choosing groups: [0.000s CPU, 0.000s wall-clock]
Building translation key... [0.000s CPU, 0.000s wall-clock]
Computing fact groups: [0.000s CPU, 0.003s wall-clock]
Building STRIPS to SAS dictionary... [0.000s CPU, 0.000s wall-clock]
Building dictionary for full mutex groups... [0.000s CPU, 0.000s wall-clock]
Building mutex information...
Building mutex information: [0.000s CPU, 0.000s wall-clock]
Translating task...
Processing axioms...
Simplifying axioms... [0.000s CPU, 0.000s wall-clock]
Translator axioms removed by simplifying: 0
Computing negative axioms... [0.000s CPU, 0.000s wall-clock]
Processing axioms: [0.000s CPU, 0.003s wall-clock]
Translating task: [0.040s CPU, 0.041s wall-clock]
1238 effect conditions simplified
0 implied preconditions added
Detecting unreachable propositions...
0 operators removed
0 axioms removed
9 propositions removed
Detecting unreachable propositions: [0.020s CPU, 0.018s wall-clock]
Reordering and filtering variables...
37 of 37 variables necessary.
5 of 14 mutex groups necessary.
2012 of 2012 operators necessary.
0 of 0 axiom rules necessary.
Reordering and filtering variables: [0.010s CPU, 0.008s wall-clock]
Translator variables: 37
Translator derived variables: 0
Translator facts: 147
Translator goal facts: 3
Translator mutex groups: 5
Translator total mutex groups size: 50
Translator operators: 2012
Translator axioms: 0
Translator task size: 20401
warning: could not determine peak memory
Writing output... [0.010s CPU, 0.011s wall-clock]
Done! [0.130s CPU, 0.131s wall-clock]
translate exit code: 0

INFO     Running search (release).
INFO     search stdin: output.sas
INFO     search time limit: 59s
INFO     search memory limit: None
INFO     search command line string: /Users/francesco/Desktop/planners/downward/builds/release/bin/downward --evaluator 'lmcut=lmcut()' --search 'eager_greedy([lmcut], preferred=[lmcut])' --internal-plan-file plans/plan_eager_greddy_lmcut_1 < output.sas
[t=0.000140208s, 410597152 KB] reading input...
[t=0.0324177s, 410728224 KB] done reading input!
[t=0.0335492s, 410868512 KB] Initializing landmark cut heuristic...
[t=0.0335739s, 410868512 KB] Building successor generator...done!
[t=0.034072s, 410868512 KB] peak memory difference for successor generator creation: 0 KB
[t=0.034077s, 410868512 KB] time for successor generation creation: 0.000486667s
[t=0.0340852s, 410868512 KB] Variables: 37
[t=0.034091s, 410868512 KB] FactPairs: 147
[t=0.0340955s, 410868512 KB] Bytes per state: 8
[t=0.0341106s, 410868512 KB] Conducting best first search without reopening closed nodes, (real) bound = 2147483647
[t=0.0344463s, 410868512 KB] New best heuristic value for lmcut(): 12
[t=0.0344521s, 410868512 KB] g=0, 1 evaluated, 0 expanded
[t=0.0344584s, 410868512 KB] Initial heuristic value for lmcut(): 12
[t=0.0344708s, 410868512 KB] pruning method: none
[t=0.0353647s, 410868512 KB] New best heuristic value for lmcut(): 11
[t=0.0353692s, 410868512 KB] g=1, 3 evaluated, 1 expanded
[t=0.0373212s, 410868512 KB] New best heuristic value for lmcut(): 10
[t=0.0373254s, 410868512 KB] g=2, 9 evaluated, 2 expanded
[t=0.0391856s, 410868512 KB] New best heuristic value for lmcut(): 9
[t=0.0391898s, 410868512 KB] g=3, 15 evaluated, 3 expanded
[t=0.0402122s, 410868512 KB] New best heuristic value for lmcut(): 8
[t=0.0402163s, 410868512 KB] g=3, 19 evaluated, 3 expanded
[t=0.0484201s, 410868512 KB] New best heuristic value for lmcut(): 6
[t=0.0484245s, 410868512 KB] g=6, 47 evaluated, 9 expanded
[t=0.856562s, 410878752 KB] New best heuristic value for lmcut(): 5
[t=0.856594s, 410878752 KB] g=23, 3246 evaluated, 727 expanded
[t=0.85877s, 410878752 KB] New best heuristic value for lmcut(): 4
[t=0.858777s, 410878752 KB] g=25, 3256 evaluated, 729 expanded
[t=0.867451s, 410878752 KB] New best heuristic value for lmcut(): 3
[t=0.867458s, 410878752 KB] g=28, 3305 evaluated, 740 expanded
[t=1.31309s, 410886944 KB] New best heuristic value for lmcut(): 2
[t=1.3131s, 410886944 KB] g=43, 6578 evaluated, 1413 expanded
[t=1.31402s, 410886944 KB] New best heuristic value for lmcut(): 1
[t=1.31402s, 410886944 KB] g=44, 6587 evaluated, 1414 expanded
[t=1.31471s, 410886944 KB] New best heuristic value for lmcut(): 0
[t=1.31472s, 410886944 KB] g=45, 6596 evaluated, 1415 expanded
[t=1.31502s, 410886944 KB] Solution found!
[t=1.31503s, 410886944 KB] Actual search time: 1.28056s
robot_attach_carrier walker carrier1 central_warehouse (1)
robot_load_box walker carrier1 box1 central_warehouse one zero (1)
move_jumping jumper central_warehouse loc1 loc2 (1)
robot_detach_carrier walker carrier1 central_warehouse (1)
robot_attach_carrier walker carrier2 central_warehouse (1)
robot_load_box walker carrier2 box2 central_warehouse two one (1)
pick_up_content_at_cw walker valve carrier2 box2 (1)
robot_detach_carrier walker carrier2 central_warehouse (1)
move_jumping jumper loc2 loc3 loc4 (1)
robot_attach_carrier walker carrier1 central_warehouse (1)
pick_up_content_at_cw walker valve carrier1 box1 (1)
move_walking walker central_warehouse loc1 (1)
put_down_content walker carrier1 box1 valve loc1 wor1_1 (1)
move_walking walker loc1 central_warehouse (1)
pick_up_content_at_cw walker tool carrier1 box1 (1)
robot_detach_carrier walker carrier1 central_warehouse (1)
robot_attach_carrier walker carrier2 central_warehouse (1)
put_down_content_at_cw walker valve carrier2 box2 (1)
pick_up_content_at_cw walker tool carrier2 box2 (1)
move_walking walker central_warehouse loc1 (1)
move_walking walker loc1 loc2 (1)
move_walking walker loc2 loc3 (1)
move_walking walker loc3 loc4 (1)
move_walking walker loc4 loc5 (1)
move_walking walker loc5 loc6 (1)
put_down_content walker carrier2 box2 tool loc6 wor6_1 (1)
move_jumping jumper loc4 loc5 loc6 (1)
robot_detach_carrier walker carrier2 loc6 (1)
robot_attach_carrier jumper carrier2 loc6 (1)
move_walking walker loc6 loc5 (1)
move_walking walker loc5 loc4 (1)
move_walking walker loc4 loc3 (1)
move_walking walker loc3 loc2 (1)
move_walking walker loc2 loc1 (1)
move_walking walker loc1 central_warehouse (1)
robot_attach_carrier walker carrier1 central_warehouse (1)
move_walking walker central_warehouse loc1 (1)
move_walking walker loc1 loc2 (1)
move_walking walker loc2 loc3 (1)
move_walking walker loc3 loc4 (1)
move_walking walker loc4 loc5 (1)
move_walking walker loc5 loc6 (1)
move_walking walker loc6 loc7 (1)
move_walking walker loc7 loc8 (1)
put_down_content walker carrier1 box1 tool loc8 wor8_1 (1)
[t=1.31504s, 410886944 KB] Plan length: 45 step(s).
[t=1.31504s, 410886944 KB] Plan cost: 45
[t=1.31504s, 410886944 KB] Expanded 1416 state(s).
[t=1.31504s, 410886944 KB] Reopened 0 state(s).
[t=1.31504s, 410886944 KB] Evaluated 6602 state(s).
[t=1.31504s, 410886944 KB] Evaluations: 8017
[t=1.31504s, 410886944 KB] Generated 9767 state(s).
[t=1.31504s, 410886944 KB] Dead ends: 0 state(s).
[t=1.31504s, 410886944 KB] Number of registered states: 6602
[t=1.31504s, 410886944 KB] Int hash set load factor: 6602/8192 = 0.805908
[t=1.31504s, 410886944 KB] Int hash set resizes: 13
[t=1.31504s, 410886944 KB] Search time: 1.28093s
[t=1.31504s, 410886944 KB] Total time: 1.31504s
Solution found.
Peak memory: 410886944 KB
Remove intermediate file output.sas
search exit code: 0

INFO     Planner time: 1.50s
