INFO     planner time limit: 60s
INFO     planner memory limit: None

INFO     Running translator.
INFO     translator stdin: None
INFO     translator time limit: 59s
INFO     translator memory limit: None
INFO     translator command line string: /opt/homebrew/opt/python@3.12/bin/python3.12 /Users/francesco/Desktop/planners/downward/builds/release/bin/translate/translate.py domain.pddl problem_1.pddl --sas-file output.sas
Parsing...
Parsing: [0.000s CPU, 0.001s wall-clock]
Normalizing task... [0.000s CPU, 0.000s wall-clock]
Instantiating...
Generating Datalog program... [0.000s CPU, 0.000s wall-clock]
Normalizing Datalog program...
Normalizing Datalog program: [0.000s CPU, 0.002s wall-clock]
Preparing model... [0.000s CPU, 0.001s wall-clock]
Generated 117 rules.
Computing model... [0.010s CPU, 0.008s wall-clock]
2283 relevant atoms
980 auxiliary atoms
3263 final queue length
7839 total queue pushes
Completing instantiation... [0.030s CPU, 0.032s wall-clock]
Instantiating: [0.040s CPU, 0.044s wall-clock]
Computing fact groups...
Finding invariants...
33 initial candidates
Finding invariants: [0.010s CPU, 0.002s wall-clock]
Checking invariant weight... [0.000s CPU, 0.000s wall-clock]
Instantiating groups... [0.000s CPU, 0.000s wall-clock]
Collecting mutex groups... [0.000s CPU, 0.000s wall-clock]
Choosing groups...
28 uncovered facts
Choosing groups: [0.000s CPU, 0.000s wall-clock]
Building translation key... [0.000s CPU, 0.000s wall-clock]
Computing fact groups: [0.010s CPU, 0.003s wall-clock]
Building STRIPS to SAS dictionary... [0.000s CPU, 0.000s wall-clock]
Building dictionary for full mutex groups... [0.000s CPU, 0.000s wall-clock]
Building mutex information...
Building mutex information: [0.000s CPU, 0.000s wall-clock]
Translating task...
Processing axioms...
Simplifying axioms... [0.000s CPU, 0.000s wall-clock]
Translator axioms removed by simplifying: 0
Computing negative axioms... [0.000s CPU, 0.000s wall-clock]
Processing axioms: [0.000s CPU, 0.003s wall-clock]
Translating task: [0.040s CPU, 0.040s wall-clock]
1238 effect conditions simplified
0 implied preconditions added
Detecting unreachable propositions...
0 operators removed
0 axioms removed
9 propositions removed
Detecting unreachable propositions: [0.010s CPU, 0.015s wall-clock]
Reordering and filtering variables...
37 of 37 variables necessary.
5 of 14 mutex groups necessary.
2012 of 2012 operators necessary.
0 of 0 axiom rules necessary.
Reordering and filtering variables: [0.010s CPU, 0.008s wall-clock]
Translator variables: 37
Translator derived variables: 0
Translator facts: 147
Translator goal facts: 3
Translator mutex groups: 5
Translator total mutex groups size: 50
Translator operators: 2012
Translator axioms: 0
Translator task size: 20401
warning: could not determine peak memory
Writing output... [0.010s CPU, 0.010s wall-clock]
Done! [0.120s CPU, 0.124s wall-clock]
translate exit code: 0

INFO     Running search (release).
INFO     search stdin: output.sas
INFO     search time limit: 59s
INFO     search memory limit: None
INFO     search command line string: /Users/francesco/Desktop/planners/downward/builds/release/bin/downward --evaluator 'blind=blind()' --search 'eager_greedy([blind], preferred=[blind])' --internal-plan-file plans/plan_eager_greddy_blind_1 < output.sas
[t=0.000142125s, 410597152 KB] reading input...
[t=0.0324968s, 410728224 KB] done reading input!
[t=0.0330608s, 410728224 KB] Initializing blind search heuristic...
[t=0.0330882s, 410728224 KB] Building successor generator...done!
[t=0.0335816s, 410728224 KB] peak memory difference for successor generator creation: 0 KB
[t=0.0335865s, 410728224 KB] time for successor generation creation: 0.000482042s
[t=0.0335946s, 410728224 KB] Variables: 37
[t=0.0335997s, 410728224 KB] FactPairs: 147
[t=0.033604s, 410728224 KB] Bytes per state: 8
[t=0.0336167s, 410728224 KB] Conducting best first search without reopening closed nodes, (real) bound = 2147483647
[t=0.0336255s, 410728224 KB] New best heuristic value for blind(): 1
[t=0.0336304s, 410728224 KB] g=0, 1 evaluated, 0 expanded
[t=0.0336371s, 410728224 KB] Initial heuristic value for blind(): 1
[t=0.0336496s, 410728224 KB] pruning method: none
[t=10.5824s, 411596608 KB] New best heuristic value for blind(): 0
[t=10.5824s, 411596608 KB] g=16, 12026693 evaluated, 6383441 expanded
[t=10.5825s, 411596608 KB] Solution found!
[t=10.5825s, 411596608 KB] Actual search time: 10.5488s
robot_attach_carrier walker carrier1 central_warehouse (1)
robot_load_box walker carrier1 box1 central_warehouse one zero (1)
pick_up_content_at_cw walker valve carrier1 box1 (1)
move_walking walker central_warehouse loc1 (1)
put_down_content walker carrier1 box1 valve loc1 wor1_1 (1)
robot_attach_carrier jumper carrier2 central_warehouse (1)
robot_load_box jumper carrier2 box2 central_warehouse two one (1)
pick_up_content_at_cw jumper tool carrier2 box2 (1)
robot_load_box jumper carrier2 box3 central_warehouse one zero (1)
pick_up_content_at_cw jumper tool carrier2 box3 (1)
move_jumping jumper central_warehouse loc1 loc2 (1)
move_jumping jumper loc2 loc3 loc4 (1)
move_jumping jumper loc4 loc5 loc6 (1)
put_down_content jumper carrier2 box2 tool loc6 wor6_1 (1)
move_jumping jumper loc6 loc7 loc8 (1)
put_down_content jumper carrier2 box3 tool loc8 wor8_1 (1)
[t=10.5825s, 411596608 KB] Plan length: 16 step(s).
[t=10.5825s, 411596608 KB] Plan cost: 16
[t=10.5825s, 411596608 KB] Expanded 6383442 state(s).
[t=10.5825s, 411596608 KB] Reopened 0 state(s).
[t=10.5825s, 411596608 KB] Evaluated 12026695 state(s).
[t=10.5825s, 411596608 KB] Evaluations: 18410136
[t=10.5825s, 411596608 KB] Generated 37892580 state(s).
[t=10.5825s, 411596608 KB] Dead ends: 0 state(s).
[t=10.5825s, 411596608 KB] Number of registered states: 12026695
[t=10.5825s, 411596608 KB] Int hash set load factor: 12026695/16777216 = 0.716847
[t=10.5825s, 411596608 KB] Int hash set resizes: 24
[t=10.5825s, 411596608 KB] Search time: 10.5489s
[t=10.5825s, 411596608 KB] Total time: 10.5825s
Solution found.
Peak memory: 411268928 KB
Remove intermediate file output.sas
search exit code: 0

INFO     Planner time: 10.77s
