INFO     planner time limit: 60s
INFO     planner memory limit: None

INFO     Running translator.
INFO     translator stdin: None
INFO     translator time limit: 59s
INFO     translator memory limit: None
INFO     translator command line string: /opt/homebrew/opt/python@3.12/bin/python3.12 /Users/francesco/Desktop/planners/downward/builds/release/bin/translate/translate.py domain.pddl problem_2.pddl --sas-file output.sas
Parsing...
Parsing: [0.000s CPU, 0.002s wall-clock]
Normalizing task... [0.000s CPU, 0.000s wall-clock]
Instantiating...
Generating Datalog program... [0.000s CPU, 0.000s wall-clock]
Normalizing Datalog program...
Normalizing Datalog program: [0.000s CPU, 0.002s wall-clock]
Preparing model... [0.000s CPU, 0.001s wall-clock]
Generated 117 rules.
Computing model... [0.010s CPU, 0.006s wall-clock]
1608 relevant atoms
781 auxiliary atoms
2389 final queue length
4799 total queue pushes
Completing instantiation... [0.020s CPU, 0.018s wall-clock]
Instantiating: [0.030s CPU, 0.027s wall-clock]
Computing fact groups...
Finding invariants...
33 initial candidates
Finding invariants: [0.000s CPU, 0.002s wall-clock]
Checking invariant weight... [0.000s CPU, 0.000s wall-clock]
Instantiating groups... [0.000s CPU, 0.000s wall-clock]
Collecting mutex groups... [0.000s CPU, 0.000s wall-clock]
Choosing groups...
93 uncovered facts
Choosing groups: [0.000s CPU, 0.000s wall-clock]
Building translation key... [0.000s CPU, 0.000s wall-clock]
Computing fact groups: [0.000s CPU, 0.003s wall-clock]
Building STRIPS to SAS dictionary... [0.000s CPU, 0.000s wall-clock]
Building dictionary for full mutex groups... [0.000s CPU, 0.000s wall-clock]
Building mutex information...
Building mutex information: [0.000s CPU, 0.000s wall-clock]
Translating task...
Processing axioms...
Simplifying axioms... [0.000s CPU, 0.000s wall-clock]
Translator axioms removed by simplifying: 0
Computing negative axioms... [0.000s CPU, 0.000s wall-clock]
Processing axioms: [0.000s CPU, 0.002s wall-clock]
Translating task: [0.030s CPU, 0.027s wall-clock]
1248 effect conditions simplified
0 implied preconditions added
Detecting unreachable propositions...
0 operators removed
0 axioms removed
11 propositions removed
Detecting unreachable propositions: [0.010s CPU, 0.013s wall-clock]
Reordering and filtering variables...
104 of 104 variables necessary.
9 of 20 mutex groups necessary.
1300 of 1300 operators necessary.
0 of 0 axiom rules necessary.
Reordering and filtering variables: [0.010s CPU, 0.007s wall-clock]
Translator variables: 104
Translator derived variables: 0
Translator facts: 246
Translator goal facts: 8
Translator mutex groups: 9
Translator total mutex groups size: 45
Translator operators: 1300
Translator axioms: 0
Translator task size: 14383
warning: could not determine peak memory
Writing output... [0.000s CPU, 0.007s wall-clock]
Done! [0.080s CPU, 0.088s wall-clock]
translate exit code: 0

INFO     Running search (release).
INFO     search stdin: output.sas
INFO     search time limit: 59s
INFO     search memory limit: None
INFO     search command line string: /Users/francesco/Desktop/planners/downward/builds/release/bin/downward --search --if-unit-cost 'let(hlm,landmark_sum(lm_reasonable_orders_hps(lm_rhw()),pref=true),let(hff,ff(),iterated([lazy_greedy([hff,hlm],preferred=[hff,hlm]),lazy_wastar([hff,hlm],preferred=[hff,hlm],w=5),lazy_wastar([hff,hlm],preferred=[hff,hlm],w=3),lazy_wastar([hff,hlm],preferred=[hff,hlm],w=2),lazy_wastar([hff,hlm],preferred=[hff,hlm],w=1)],repeat_last=true,continue_on_fail=true)))' --if-non-unit-cost 'let(hlm1,landmark_sum(lm_reasonable_orders_hps(lm_rhw()),transform=adapt_costs(one),pref=true),let(hff1,ff(transform=adapt_costs(one)),let(hlm2,landmark_sum(lm_reasonable_orders_hps(lm_rhw()),transform=adapt_costs(plusone),pref=true),let(hff2,ff(transform=adapt_costs(plusone)),iterated([lazy_greedy([hff1,hlm1],preferred=[hff1,hlm1],cost_type=one,reopen_closed=false),lazy_greedy([hff2,hlm2],preferred=[hff2,hlm2],reopen_closed=false),lazy_wastar([hff2,hlm2],preferred=[hff2,hlm2],w=5),lazy_wastar([hff2,hlm2],preferred=[hff2,hlm2],w=3),lazy_wastar([hff2,hlm2],preferred=[hff2,hlm2],w=2),lazy_wastar([hff2,hlm2],preferred=[hff2,hlm2],w=1)],repeat_last=true,continue_on_fail=true)))))' --always --internal-plan-file plans/plan_lama_2 < output.sas
[t=0.000140666s, 410597152 KB] reading input...
[t=0.0233358s, 410728224 KB] done reading input!
[t=0.0245666s, 410737440 KB] Initializing landmark sum heuristic...
[t=0.0245733s, 410737440 KB] Generating landmark graph...
[t=0.0246229s, 410737440 KB] Building a landmark graph with reasonable orders.
[t=0.0246738s, 410737440 KB] Initializing Exploration...
[t=0.025158s, 410868512 KB] Generating landmarks using the RPG/SAS+ approach
[t=0.0275025s, 410868512 KB] Landmarks generation time: 0.00287808s
[t=0.0275078s, 410868512 KB] Discovered 26 landmarks, of which 0 are disjunctive and 0 are conjunctive.
[t=0.027512s, 410868512 KB] 55 edges
[t=0.0275197s, 410868512 KB] approx. reasonable orders
[t=0.0276589s, 410868512 KB] Landmarks generation time: 0.00308312s
[t=0.0276633s, 410868512 KB] Discovered 26 landmarks, of which 0 are disjunctive and 0 are conjunctive.
[t=0.0276672s, 410868512 KB] 55 edges
[t=0.0276707s, 410868512 KB] Landmark graph generation time: 0.00309883s
[t=0.0276741s, 410868512 KB] Landmark graph contains 26 landmarks, of which 0 are disjunctive and 0 are conjunctive.
[t=0.0276778s, 410868512 KB] Landmark graph contains 55 orderings.
[t=0.0282666s, 410868512 KB] Simplifying 3796 unary operators... done! [3444 unary operators]
[t=0.0290345s, 410868512 KB] time to simplify: 0.000769625s
[t=0.0291108s, 410868512 KB] Initializing additive heuristic...
[t=0.0291145s, 410868512 KB] Initializing FF heuristic...
[t=0.0291707s, 410868512 KB] Building successor generator...done!
[t=0.0294562s, 410868512 KB] peak memory difference for successor generator creation: 0 KB
[t=0.0294597s, 410868512 KB] time for successor generation creation: 0.000277791s
[t=0.0294661s, 410868512 KB] Variables: 104
[t=0.0294698s, 410868512 KB] FactPairs: 246
[t=0.0294731s, 410868512 KB] Bytes per state: 16
[t=0.0295145s, 410868512 KB] Building successor generator...done!
[t=0.0295217s, 410868512 KB] peak memory difference for successor generator creation: 0 KB
[t=0.0295248s, 410868512 KB] time for successor generation creation: 8.4e-08s
[t=0.0295301s, 410868512 KB] Variables: 104
[t=0.0295336s, 410868512 KB] FactPairs: 246
[t=0.0295366s, 410868512 KB] Bytes per state: 16
[t=0.0295476s, 410868512 KB] Starting search: lazy_greedy([hff,hlm],preferred=[hff,hlm])
[t=0.0295516s, 410868512 KB] Conducting lazy best first search, (real) bound = 2147483647
[t=0.0295942s, 410868512 KB] New best heuristic value for landmark_sum(lm_reasonable_orders_hps(lm_rhw()),pref=true): 14
[t=0.0295985s, 410868512 KB] New best heuristic value for ff(): 18
[t=0.0296018s, 410868512 KB] g=0, 1 evaluated, 0 expanded
[t=0.0296097s, 410868512 KB] Initial heuristic value for landmark_sum(lm_reasonable_orders_hps(lm_rhw()),pref=true): 14
[t=0.0296131s, 410868512 KB] Initial heuristic value for ff(): 18
[t=0.0297407s, 410868512 KB] New best heuristic value for landmark_sum(lm_reasonable_orders_hps(lm_rhw()),pref=true): 11
[t=0.0297447s, 410868512 KB] New best heuristic value for ff(): 17
[t=0.0297479s, 410868512 KB] g=1, 5 evaluated, 4 expanded
[t=0.0297845s, 410868512 KB] New best heuristic value for landmark_sum(lm_reasonable_orders_hps(lm_rhw()),pref=true): 10
[t=0.0297882s, 410868512 KB] g=2, 6 evaluated, 5 expanded
[t=0.0298821s, 410868512 KB] New best heuristic value for ff(): 16
[t=0.0298858s, 410868512 KB] g=2, 9 evaluated, 8 expanded
[t=0.030183s, 410868512 KB] New best heuristic value for ff(): 15
[t=0.0301868s, 410868512 KB] g=4, 19 evaluated, 18 expanded
[t=0.0302755s, 410868512 KB] New best heuristic value for landmark_sum(lm_reasonable_orders_hps(lm_rhw()),pref=true): 9
[t=0.0302794s, 410868512 KB] g=5, 22 evaluated, 21 expanded
[t=0.0309874s, 410868512 KB] New best heuristic value for ff(): 14
[t=0.0309915s, 410868512 KB] g=8, 45 evaluated, 44 expanded
[t=0.0310522s, 410868512 KB] New best heuristic value for landmark_sum(lm_reasonable_orders_hps(lm_rhw()),pref=true): 8
[t=0.0310645s, 410868512 KB] g=9, 47 evaluated, 46 expanded
[t=0.0312212s, 410868512 KB] New best heuristic value for ff(): 13
[t=0.031225s, 410868512 KB] g=11, 52 evaluated, 51 expanded
[t=0.0314593s, 410868512 KB] New best heuristic value for landmark_sum(lm_reasonable_orders_hps(lm_rhw()),pref=true): 7
[t=0.0314632s, 410868512 KB] New best heuristic value for ff(): 12
[t=0.0314664s, 410868512 KB] g=13, 60 evaluated, 59 expanded
[t=0.0316452s, 410868512 KB] New best heuristic value for ff(): 11
[t=0.0316488s, 410868512 KB] g=15, 66 evaluated, 65 expanded
[t=0.031775s, 410868512 KB] New best heuristic value for ff(): 10
[t=0.0317793s, 410868512 KB] g=16, 70 evaluated, 69 expanded
[t=0.0318382s, 410868512 KB] New best heuristic value for landmark_sum(lm_reasonable_orders_hps(lm_rhw()),pref=true): 6
[t=0.031842s, 410868512 KB] g=17, 72 evaluated, 71 expanded
[t=0.0319053s, 410868512 KB] New best heuristic value for landmark_sum(lm_reasonable_orders_hps(lm_rhw()),pref=true): 5
[t=0.031909s, 410868512 KB] g=19, 74 evaluated, 73 expanded
[t=0.0319973s, 410868512 KB] New best heuristic value for ff(): 9
[t=0.0320009s, 410868512 KB] g=19, 77 evaluated, 76 expanded
[t=0.0321682s, 410868512 KB] New best heuristic value for landmark_sum(lm_reasonable_orders_hps(lm_rhw()),pref=true): 4
[t=0.0321718s, 410868512 KB] New best heuristic value for ff(): 8
[t=0.032175s, 410868512 KB] g=21, 83 evaluated, 82 expanded
[t=0.0323499s, 410868512 KB] New best heuristic value for ff(): 7
[t=0.0323535s, 410868512 KB] g=23, 89 evaluated, 88 expanded
[t=0.0324439s, 410868512 KB] New best heuristic value for ff(): 6
[t=0.0324474s, 410868512 KB] g=24, 92 evaluated, 91 expanded
[t=0.0325066s, 410868512 KB] New best heuristic value for landmark_sum(lm_reasonable_orders_hps(lm_rhw()),pref=true): 3
[t=0.0325103s, 410868512 KB] g=25, 94 evaluated, 93 expanded
[t=0.0326936s, 410868512 KB] New best heuristic value for ff(): 4
[t=0.0326975s, 410868512 KB] g=27, 100 evaluated, 99 expanded
[t=0.0327271s, 410868512 KB] New best heuristic value for ff(): 3
[t=0.0327306s, 410868512 KB] g=28, 101 evaluated, 100 expanded
[t=0.0327843s, 410868512 KB] New best heuristic value for landmark_sum(lm_reasonable_orders_hps(lm_rhw()),pref=true): 2
[t=0.032788s, 410868512 KB] g=29, 103 evaluated, 102 expanded
[t=0.032818s, 410868512 KB] New best heuristic value for landmark_sum(lm_reasonable_orders_hps(lm_rhw()),pref=true): 1
[t=0.0328215s, 410868512 KB] g=30, 104 evaluated, 103 expanded
[t=0.0499711s, 410868512 KB] New best heuristic value for ff(): 2
[t=0.049976s, 410868512 KB] g=31, 750 evaluated, 749 expanded
[t=0.0500233s, 410868512 KB] New best heuristic value for ff(): 1
[t=0.0500271s, 410868512 KB] g=32, 752 evaluated, 751 expanded
[t=0.0500398s, 410868512 KB] Solution found!
[t=0.0500448s, 410868512 KB] Actual search time: 0.0204889s
robot_attach_carrier drone carrier1 central_warehouse (1)
robot_load_box drone carrier1 box1 central_warehouse six five (1)
pick_up_content_at_cw drone bolt carrier1 box1 (1)
move_flying drone central_warehouse loc2 (1)
put_down_content drone carrier1 box1 bolt loc2 wor2_1 (1)
move_flying drone loc2 central_warehouse (1)
pick_up_content_at_cw drone bolt carrier1 box1 (1)
move_flying drone central_warehouse loc3 (1)
put_down_content drone carrier1 box1 bolt loc3 wor3_1 (1)
move_flying drone loc3 central_warehouse (1)
pick_up_content_at_cw drone gears carrier1 box1 (1)
move_flying drone central_warehouse loc3 (1)
put_down_content drone carrier1 box1 gears loc3 wor3_2 (1)
move_flying drone loc3 central_warehouse (1)
pick_up_content_at_cw drone parts carrier1 box1 (1)
move_flying drone central_warehouse loc3 (1)
put_down_content drone carrier1 box1 parts loc3 wor3_1 (1)
move_flying drone loc3 central_warehouse (1)
pick_up_content_at_cw drone parts carrier1 box1 (1)
move_flying drone central_warehouse loc2 (1)
put_down_content drone carrier1 box1 parts loc2 wor2_3 (1)
move_flying drone loc2 central_warehouse (1)
pick_up_content_at_cw drone valve carrier1 box1 (1)
move_flying drone central_warehouse loc1 (1)
put_down_content drone carrier1 box1 valve loc1 wor1_1 (1)
move_flying drone loc1 central_warehouse (1)
pick_up_content_at_cw drone valve carrier1 box1 (1)
move_flying drone central_warehouse loc2 (1)
put_down_content drone carrier1 box1 valve loc2 wor2_2 (1)
move_flying drone loc2 central_warehouse (1)
pick_up_content_at_cw drone tool carrier1 box1 (1)
move_flying drone central_warehouse loc2 (1)
put_down_content drone carrier1 box1 tool loc2 wor2_1 (1)
[t=0.0503834s, 410868512 KB] Plan length: 33 step(s).
[t=0.050388s, 410868512 KB] Plan cost: 33
[t=0.0503917s, 410868512 KB] Expanded 752 state(s).
[t=0.0503952s, 410868512 KB] Reopened 0 state(s).
[t=0.0503989s, 410868512 KB] Evaluated 753 state(s).
[t=0.0504025s, 410868512 KB] Evaluations: 1506
[t=0.0504058s, 410868512 KB] Generated 5830 state(s).
[t=0.0504089s, 410868512 KB] Dead ends: 0 state(s).
[t=0.0504124s, 410868512 KB] Number of registered states: 753
[t=0.0504155s, 410868512 KB] Int hash set load factor: 753/1024 = 0.735352
[t=0.0504192s, 410868512 KB] Int hash set resizes: 10
[t=0.0504223s, 410868512 KB] Best solution cost so far: 33
[t=0.0504254s, 410868512 KB] Solution found - keep searching
[t=0.0504551s, 410868512 KB] Building successor generator...done!
[t=0.0504621s, 410868512 KB] peak memory difference for successor generator creation: 0 KB
[t=0.0504653s, 410868512 KB] time for successor generation creation: 8.3e-08s
[t=0.0504709s, 410868512 KB] Variables: 104
[t=0.0504743s, 410868512 KB] FactPairs: 246
[t=0.0504776s, 410868512 KB] Bytes per state: 16
[t=0.0504848s, 410868512 KB] Starting search: lazy_wastar([hff,hlm],preferred=[hff,hlm],w=5)
[t=0.0504882s, 410868512 KB] Conducting lazy best first search, (real) bound = 33
[t=0.0505237s, 410868512 KB] New best heuristic value for ff(): 18
[t=0.0505275s, 410868512 KB] New best heuristic value for landmark_sum(lm_reasonable_orders_hps(lm_rhw()),pref=true): 14
[t=0.0505307s, 410868512 KB] g=0, 1 evaluated, 0 expanded
[t=0.0505379s, 410868512 KB] Initial heuristic value for ff(): 18
[t=0.0505414s, 410868512 KB] Initial heuristic value for landmark_sum(lm_reasonable_orders_hps(lm_rhw()),pref=true): 14
[t=0.0506694s, 410868512 KB] New best heuristic value for ff(): 17
[t=0.0506742s, 410868512 KB] New best heuristic value for landmark_sum(lm_reasonable_orders_hps(lm_rhw()),pref=true): 11
[t=0.0506774s, 410868512 KB] g=1, 5 evaluated, 4 expanded
[t=0.0507149s, 410868512 KB] New best heuristic value for landmark_sum(lm_reasonable_orders_hps(lm_rhw()),pref=true): 10
[t=0.0507185s, 410868512 KB] g=2, 6 evaluated, 5 expanded
[t=0.0508142s, 410868512 KB] New best heuristic value for ff(): 16
[t=0.0508179s, 410868512 KB] g=2, 9 evaluated, 8 expanded
[t=0.05113s, 410868512 KB] New best heuristic value for ff(): 15
[t=0.0511337s, 410868512 KB] g=4, 19 evaluated, 18 expanded
[t=0.0512246s, 410868512 KB] New best heuristic value for landmark_sum(lm_reasonable_orders_hps(lm_rhw()),pref=true): 9
[t=0.0512282s, 410868512 KB] g=5, 22 evaluated, 21 expanded
[t=0.0519559s, 410868512 KB] New best heuristic value for ff(): 14
[t=0.0519597s, 410868512 KB] g=8, 45 evaluated, 44 expanded
[t=0.0520214s, 410868512 KB] New best heuristic value for landmark_sum(lm_reasonable_orders_hps(lm_rhw()),pref=true): 8
[t=0.0520251s, 410868512 KB] g=9, 47 evaluated, 46 expanded
[t=0.0521843s, 410868512 KB] New best heuristic value for ff(): 13
[t=0.052188s, 410868512 KB] g=11, 52 evaluated, 51 expanded
[t=0.052425s, 410868512 KB] New best heuristic value for ff(): 12
[t=0.0524288s, 410868512 KB] New best heuristic value for landmark_sum(lm_reasonable_orders_hps(lm_rhw()),pref=true): 7
[t=0.052432s, 410868512 KB] g=13, 60 evaluated, 59 expanded
[t=0.0526221s, 410868512 KB] New best heuristic value for ff(): 11
[t=0.0526257s, 410868512 KB] g=15, 66 evaluated, 65 expanded
[t=0.052747s, 410868512 KB] New best heuristic value for ff(): 10
[t=0.0527505s, 410868512 KB] g=16, 70 evaluated, 69 expanded
[t=0.0528122s, 410868512 KB] New best heuristic value for landmark_sum(lm_reasonable_orders_hps(lm_rhw()),pref=true): 6
[t=0.052816s, 410868512 KB] g=17, 72 evaluated, 71 expanded
[t=0.052892s, 410868512 KB] New best heuristic value for landmark_sum(lm_reasonable_orders_hps(lm_rhw()),pref=true): 5
[t=0.0528958s, 410868512 KB] g=19, 74 evaluated, 73 expanded
[t=0.0529892s, 410868512 KB] New best heuristic value for ff(): 9
[t=0.052993s, 410868512 KB] g=19, 77 evaluated, 76 expanded
[t=0.0531707s, 410868512 KB] New best heuristic value for ff(): 8
[t=0.0531746s, 410868512 KB] New best heuristic value for landmark_sum(lm_reasonable_orders_hps(lm_rhw()),pref=true): 4
[t=0.053178s, 410868512 KB] g=21, 83 evaluated, 82 expanded
[t=0.0533695s, 410868512 KB] New best heuristic value for ff(): 7
[t=0.0533734s, 410868512 KB] g=23, 89 evaluated, 88 expanded
[t=0.053475s, 410868512 KB] New best heuristic value for ff(): 6
[t=0.0534788s, 410868512 KB] g=24, 92 evaluated, 91 expanded
[t=0.0535416s, 410868512 KB] New best heuristic value for landmark_sum(lm_reasonable_orders_hps(lm_rhw()),pref=true): 3
[t=0.0535453s, 410868512 KB] g=25, 94 evaluated, 93 expanded
[t=0.0537294s, 410868512 KB] New best heuristic value for ff(): 4
[t=0.0537332s, 410868512 KB] g=27, 100 evaluated, 99 expanded
[t=0.0537648s, 410868512 KB] New best heuristic value for ff(): 3
[t=0.0537684s, 410868512 KB] g=28, 101 evaluated, 100 expanded
[t=0.0538315s, 410868512 KB] New best heuristic value for landmark_sum(lm_reasonable_orders_hps(lm_rhw()),pref=true): 2
[t=0.0538351s, 410868512 KB] g=29, 103 evaluated, 102 expanded
[t=0.0538658s, 410868512 KB] New best heuristic value for landmark_sum(lm_reasonable_orders_hps(lm_rhw()),pref=true): 1
[t=0.0538694s, 410868512 KB] g=30, 104 evaluated, 103 expanded
[t=0.0554327s, 410868512 KB] New best heuristic value for ff(): 2
[t=0.0554393s, 410868512 KB] g=31, 163 evaluated, 162 expanded, 7 reopened
[t=0.0554906s, 410868512 KB] New best heuristic value for ff(): 1
[t=0.0554943s, 410868512 KB] g=32, 165 evaluated, 164 expanded, 7 reopened
[t=0.5949s, 410877728 KB] Solution found!
[t=0.594924s, 410877728 KB] Actual search time: 0.544435s
robot_attach_carrier drone carrier1 central_warehouse (1)
robot_load_box drone carrier1 box1 central_warehouse six five (1)
pick_up_content_at_cw drone bolt carrier1 box1 (1)
move_flying drone central_warehouse loc2 (1)
put_down_content drone carrier1 box1 bolt loc2 wor2_1 (1)
move_flying drone loc2 central_warehouse (1)
pick_up_content_at_cw drone bolt carrier1 box1 (1)
move_flying drone central_warehouse loc3 (1)
put_down_content drone carrier1 box1 bolt loc3 wor3_1 (1)
move_flying drone loc3 central_warehouse (1)
pick_up_content_at_cw drone gears carrier1 box1 (1)
move_flying drone central_warehouse loc3 (1)
put_down_content drone carrier1 box1 gears loc3 wor3_2 (1)
move_flying drone loc3 central_warehouse (1)
pick_up_content_at_cw drone parts carrier1 box1 (1)
move_flying drone central_warehouse loc3 (1)
put_down_content drone carrier1 box1 parts loc3 wor3_1 (1)
move_flying drone loc3 central_warehouse (1)
pick_up_content_at_cw drone parts carrier1 box1 (1)
move_flying drone central_warehouse loc2 (1)
put_down_content drone carrier1 box1 parts loc2 wor2_3 (1)
move_flying drone loc2 central_warehouse (1)
pick_up_content_at_cw drone valve carrier1 box1 (1)
move_flying drone central_warehouse loc1 (1)
put_down_content drone carrier1 box1 valve loc1 wor1_1 (1)
move_flying drone loc1 central_warehouse (1)
robot_load_box drone carrier1 box3 central_warehouse five four (1)
pick_up_content_at_cw drone tool carrier1 box1 (1)
pick_up_content_at_cw drone valve carrier1 box3 (1)
move_flying drone central_warehouse loc2 (1)
put_down_content drone carrier1 box1 tool loc2 wor2_1 (1)
put_down_content drone carrier1 box3 valve loc2 wor2_2 (1)
[t=0.595296s, 410877728 KB] Plan length: 32 step(s).
[t=0.595302s, 410877728 KB] Plan cost: 32
[t=0.595306s, 410877728 KB] Expanded 20482 state(s).
[t=0.59531s, 410877728 KB] Reopened 1914 state(s).
[t=0.595314s, 410877728 KB] Evaluated 20483 state(s).
[t=0.595317s, 410877728 KB] Evaluations: 39052
[t=0.59532s, 410877728 KB] Generated 181432 state(s).
[t=0.595324s, 410877728 KB] Dead ends: 0 state(s).
[t=0.595327s, 410877728 KB] Number of registered states: 18569
[t=0.595335s, 410877728 KB] Int hash set load factor: 18569/32768 = 0.566681
[t=0.595339s, 410877728 KB] Int hash set resizes: 15
[t=0.595342s, 410877728 KB] Best solution cost so far: 32
[t=0.595346s, 410877728 KB] Solution found - keep searching
[t=0.595449s, 410877728 KB] Building successor generator...done!
[t=0.595457s, 410877728 KB] peak memory difference for successor generator creation: 0 KB
[t=0.59546s, 410877728 KB] time for successor generation creation: 2.92e-07s
[t=0.595466s, 410877728 KB] Variables: 104
[t=0.59547s, 410877728 KB] FactPairs: 246
[t=0.595473s, 410877728 KB] Bytes per state: 16
[t=0.595482s, 410877728 KB] Starting search: lazy_wastar([hff,hlm],preferred=[hff,hlm],w=3)
[t=0.595486s, 410877728 KB] Conducting lazy best first search, (real) bound = 32
[t=0.595529s, 410877728 KB] New best heuristic value for landmark_sum(lm_reasonable_orders_hps(lm_rhw()),pref=true): 14
[t=0.595535s, 410877728 KB] New best heuristic value for ff(): 18
[t=0.595538s, 410877728 KB] g=0, 1 evaluated, 0 expanded
[t=0.595546s, 410877728 KB] Initial heuristic value for landmark_sum(lm_reasonable_orders_hps(lm_rhw()),pref=true): 14
[t=0.59555s, 410877728 KB] Initial heuristic value for ff(): 18
[t=0.595678s, 410877728 KB] New best heuristic value for landmark_sum(lm_reasonable_orders_hps(lm_rhw()),pref=true): 11
[t=0.595683s, 410877728 KB] New best heuristic value for ff(): 17
[t=0.595686s, 410877728 KB] g=1, 5 evaluated, 4 expanded
[t=0.595724s, 410877728 KB] New best heuristic value for landmark_sum(lm_reasonable_orders_hps(lm_rhw()),pref=true): 10
[t=0.595728s, 410877728 KB] g=2, 6 evaluated, 5 expanded
[t=0.595824s, 410877728 KB] New best heuristic value for ff(): 16
[t=0.595828s, 410877728 KB] g=2, 9 evaluated, 8 expanded
[t=0.596142s, 410877728 KB] New best heuristic value for ff(): 15
[t=0.596146s, 410877728 KB] g=4, 19 evaluated, 18 expanded
[t=0.596237s, 410877728 KB] New best heuristic value for landmark_sum(lm_reasonable_orders_hps(lm_rhw()),pref=true): 9
[t=0.596241s, 410877728 KB] g=5, 22 evaluated, 21 expanded
[t=0.596916s, 410877728 KB] New best heuristic value for ff(): 14
[t=0.596919s, 410877728 KB] g=6, 47 evaluated, 46 expanded, 3 reopened
[t=0.597173s, 410877728 KB] New best heuristic value for ff(): 13
[t=0.597177s, 410877728 KB] g=8, 56 evaluated, 55 expanded, 4 reopened
[t=0.597239s, 410877728 KB] New best heuristic value for landmark_sum(lm_reasonable_orders_hps(lm_rhw()),pref=true): 8
[t=0.597243s, 410877728 KB] g=9, 58 evaluated, 57 expanded, 4 reopened
[t=0.598387s, 410877728 KB] New best heuristic value for ff(): 12
[t=0.598391s, 410877728 KB] g=10, 100 evaluated, 99 expanded, 8 reopened
[t=0.598428s, 410877728 KB] New best heuristic value for landmark_sum(lm_reasonable_orders_hps(lm_rhw()),pref=true): 7
[t=0.598432s, 410877728 KB] g=11, 101 evaluated, 100 expanded, 8 reopened
[t=0.598916s, 410877728 KB] New best heuristic value for landmark_sum(lm_reasonable_orders_hps(lm_rhw()),pref=true): 6
[t=0.59892s, 410877728 KB] g=13, 119 evaluated, 118 expanded, 10 reopened
[t=0.598956s, 410877728 KB] New best heuristic value for ff(): 11
[t=0.59896s, 410877728 KB] g=14, 120 evaluated, 119 expanded, 10 reopened
[t=0.599837s, 410877728 KB] New best heuristic value for ff(): 10
[t=0.599841s, 410877728 KB] g=14, 151 evaluated, 150 expanded, 13 reopened
[t=0.600384s, 410877728 KB] New best heuristic value for landmark_sum(lm_reasonable_orders_hps(lm_rhw()),pref=true): 5
[t=0.600389s, 410877728 KB] g=17, 170 evaluated, 169 expanded, 14 reopened
[t=0.600425s, 410877728 KB] New best heuristic value for ff(): 9
[t=0.600429s, 410877728 KB] g=18, 171 evaluated, 170 expanded, 14 reopened
[t=0.602359s, 410877728 KB] New best heuristic value for ff(): 8
[t=0.602363s, 410877728 KB] g=18, 239 evaluated, 238 expanded, 19 reopened
[t=0.602517s, 410877728 KB] New best heuristic value for ff(): 7
[t=0.602521s, 410877728 KB] g=20, 244 evaluated, 243 expanded, 19 reopened
[t=0.602583s, 410877728 KB] New best heuristic value for landmark_sum(lm_reasonable_orders_hps(lm_rhw()),pref=true): 4
[t=0.602593s, 410877728 KB] g=21, 246 evaluated, 245 expanded, 19 reopened
[t=0.603566s, 410877728 KB] New best heuristic value for ff(): 6
[t=0.60357s, 410877728 KB] g=24, 279 evaluated, 278 expanded, 21 reopened
[t=0.603666s, 410877728 KB] New best heuristic value for landmark_sum(lm_reasonable_orders_hps(lm_rhw()),pref=true): 3
[t=0.60367s, 410877728 KB] g=25, 282 evaluated, 281 expanded, 21 reopened
[t=0.603821s, 410877728 KB] New best heuristic value for ff(): 5
[t=0.603824s, 410877728 KB] g=25, 287 evaluated, 286 expanded, 21 reopened
[t=0.603976s, 410877728 KB] New best heuristic value for landmark_sum(lm_reasonable_orders_hps(lm_rhw()),pref=true): 2
[t=0.60398s, 410877728 KB] g=26, 292 evaluated, 291 expanded, 21 reopened
[t=0.605534s, 410877728 KB] New best heuristic value for ff(): 4
[t=0.60554s, 410877728 KB] g=27, 361 evaluated, 360 expanded, 40 reopened
[t=0.6056s, 410877728 KB] New best heuristic value for ff(): 3
[t=0.605605s, 410877728 KB] g=28, 363 evaluated, 362 expanded, 40 reopened
[t=0.60572s, 410877728 KB] New best heuristic value for landmark_sum(lm_reasonable_orders_hps(lm_rhw()),pref=true): 1
[t=0.605724s, 410877728 KB] g=30, 367 evaluated, 366 expanded, 40 reopened
[t=0.611629s, 410877728 KB] New best heuristic value for ff(): 2
[t=0.611635s, 410877728 KB] g=31, 591 evaluated, 590 expanded, 69 reopened
[t=1.17752s, 410886944 KB] New best heuristic value for ff(): 1
[t=1.17754s, 410886944 KB] g=27, 22355 evaluated, 22354 expanded, 3346 reopened
[t=1.17756s, 410886944 KB] Solution found!
[t=1.17757s, 410886944 KB] Actual search time: 0.582071s
robot_attach_carrier drone carrier1 central_warehouse (1)
robot_load_box drone carrier1 box1 central_warehouse six five (1)
pick_up_content_at_cw drone valve carrier1 box1 (1)
move_flying drone central_warehouse loc1 (1)
put_down_content drone carrier1 box1 valve loc1 wor1_1 (1)
move_flying drone loc1 central_warehouse (1)
robot_load_box drone carrier1 box2 central_warehouse five four (1)
pick_up_content_at_cw drone gears carrier1 box1 (1)
move_flying drone central_warehouse loc3 (1)
put_down_content drone carrier1 box1 gears loc3 wor3_2 (1)
move_flying drone loc3 central_warehouse (1)
pick_up_content_at_cw drone valve carrier1 box1 (1)
pick_up_content_at_cw drone bolt carrier1 box2 (1)
move_flying drone central_warehouse loc2 (1)
put_down_content drone carrier1 box1 valve loc2 wor2_2 (1)
put_down_content drone carrier1 box2 bolt loc2 wor2_1 (1)
move_flying drone loc2 central_warehouse (1)
pick_up_content_at_cw drone parts carrier1 box1 (1)
pick_up_content_at_cw drone bolt carrier1 box2 (1)
move_flying drone central_warehouse loc3 (1)
put_down_content drone carrier1 box2 bolt loc3 wor3_1 (1)
put_down_content drone carrier1 box1 parts loc3 wor3_1 (1)
move_flying drone loc3 central_warehouse (1)
pick_up_content_at_cw drone parts carrier1 box1 (1)
pick_up_content_at_cw drone tool carrier1 box2 (1)
move_flying drone central_warehouse loc2 (1)
put_down_content drone carrier1 box1 parts loc2 wor2_3 (1)
put_down_content drone carrier1 box2 tool loc2 wor2_1 (1)
[t=1.17787s, 410886944 KB] Plan length: 28 step(s).
[t=1.17787s, 410886944 KB] Plan cost: 28
[t=1.17787s, 410886944 KB] Expanded 22355 state(s).
[t=1.17788s, 410886944 KB] Reopened 3346 state(s).
[t=1.17788s, 410886944 KB] Evaluated 22356 state(s).
[t=1.17788s, 410886944 KB] Evaluations: 41366
[t=1.17789s, 410886944 KB] Generated 198430 state(s).
[t=1.17789s, 410886944 KB] Dead ends: 0 state(s).
[t=1.17789s, 410886944 KB] Number of registered states: 19010
[t=1.1779s, 410886944 KB] Int hash set load factor: 19010/32768 = 0.580139
[t=1.1779s, 410886944 KB] Int hash set resizes: 15
[t=1.1779s, 410886944 KB] Best solution cost so far: 28
[t=1.17791s, 410886944 KB] Solution found - keep searching
[t=1.17799s, 410886944 KB] Building successor generator...done!
[t=1.178s, 410886944 KB] peak memory difference for successor generator creation: 0 KB
[t=1.178s, 410886944 KB] time for successor generation creation: 1.25e-07s
[t=1.17801s, 410886944 KB] Variables: 104
[t=1.17801s, 410886944 KB] FactPairs: 246
[t=1.17802s, 410886944 KB] Bytes per state: 16
[t=1.17803s, 410886944 KB] Starting search: lazy_wastar([hff,hlm],preferred=[hff,hlm],w=2)
[t=1.17803s, 410886944 KB] Conducting lazy best first search, (real) bound = 28
[t=1.17807s, 410886944 KB] New best heuristic value for landmark_sum(lm_reasonable_orders_hps(lm_rhw()),pref=true): 14
[t=1.17808s, 410886944 KB] New best heuristic value for ff(): 18
[t=1.17808s, 410886944 KB] g=0, 1 evaluated, 0 expanded
[t=1.17809s, 410886944 KB] Initial heuristic value for landmark_sum(lm_reasonable_orders_hps(lm_rhw()),pref=true): 14
[t=1.17809s, 410886944 KB] Initial heuristic value for ff(): 18
[t=1.17822s, 410886944 KB] New best heuristic value for landmark_sum(lm_reasonable_orders_hps(lm_rhw()),pref=true): 11
[t=1.17822s, 410886944 KB] New best heuristic value for ff(): 17
[t=1.17823s, 410886944 KB] g=1, 5 evaluated, 4 expanded
[t=1.17827s, 410886944 KB] New best heuristic value for landmark_sum(lm_reasonable_orders_hps(lm_rhw()),pref=true): 10
[t=1.17827s, 410886944 KB] g=2, 6 evaluated, 5 expanded
[t=1.17837s, 410886944 KB] New best heuristic value for ff(): 16
[t=1.17837s, 410886944 KB] g=2, 9 evaluated, 8 expanded
[t=1.17869s, 410886944 KB] New best heuristic value for ff(): 15
[t=1.17869s, 410886944 KB] g=4, 19 evaluated, 18 expanded
[t=1.17875s, 410886944 KB] New best heuristic value for landmark_sum(lm_reasonable_orders_hps(lm_rhw()),pref=true): 9
[t=1.17876s, 410886944 KB] g=5, 21 evaluated, 20 expanded
[t=1.17945s, 410886944 KB] New best heuristic value for ff(): 14
[t=1.17945s, 410886944 KB] g=6, 45 evaluated, 44 expanded, 1 reopened
[t=1.17983s, 410886944 KB] New best heuristic value for landmark_sum(lm_reasonable_orders_hps(lm_rhw()),pref=true): 8
[t=1.17984s, 410886944 KB] g=7, 59 evaluated, 58 expanded, 3 reopened
[t=1.18048s, 410886944 KB] New best heuristic value for ff(): 13
[t=1.18048s, 410886944 KB] g=8, 85 evaluated, 84 expanded, 9 reopened
[t=1.18178s, 410886944 KB] New best heuristic value for landmark_sum(lm_reasonable_orders_hps(lm_rhw()),pref=true): 7
[t=1.18179s, 410886944 KB] g=9, 133 evaluated, 132 expanded, 13 reopened
[t=1.18242s, 410886944 KB] New best heuristic value for ff(): 12
[t=1.18242s, 410886944 KB] g=10, 157 evaluated, 156 expanded, 16 reopened
[t=1.1847s, 410886944 KB] New best heuristic value for ff(): 11
[t=1.1847s, 410886944 KB] g=12, 236 evaluated, 235 expanded, 20 reopened
[t=1.18477s, 410886944 KB] New best heuristic value for landmark_sum(lm_reasonable_orders_hps(lm_rhw()),pref=true): 6
[t=1.18477s, 410886944 KB] g=13, 238 evaluated, 237 expanded, 20 reopened
[t=1.18624s, 410886944 KB] New best heuristic value for ff(): 10
[t=1.18624s, 410886944 KB] g=14, 291 evaluated, 290 expanded, 25 reopened
[t=1.18699s, 410886944 KB] New best heuristic value for ff(): 9
[t=1.187s, 410886944 KB] g=16, 318 evaluated, 317 expanded, 28 reopened
[t=1.18709s, 410886944 KB] New best heuristic value for landmark_sum(lm_reasonable_orders_hps(lm_rhw()),pref=true): 5
[t=1.18709s, 410886944 KB] g=17, 321 evaluated, 320 expanded, 28 reopened
[t=1.19323s, 410886944 KB] New best heuristic value for ff(): 8
[t=1.19324s, 410886944 KB] g=18, 526 evaluated, 525 expanded, 34 reopened
[t=1.19347s, 410886944 KB] New best heuristic value for ff(): 7
[t=1.19347s, 410886944 KB] g=20, 534 evaluated, 533 expanded, 35 reopened
[t=1.19363s, 410886944 KB] New best heuristic value for landmark_sum(lm_reasonable_orders_hps(lm_rhw()),pref=true): 4
[t=1.19363s, 410886944 KB] g=21, 539 evaluated, 538 expanded, 35 reopened
[t=1.22289s, 410886944 KB] New best heuristic value for ff(): 6
[t=1.2229s, 410886944 KB] g=24, 1653 evaluated, 1652 expanded, 194 reopened
[t=1.22293s, 410886944 KB] New best heuristic value for landmark_sum(lm_reasonable_orders_hps(lm_rhw()),pref=true): 3
[t=1.22294s, 410886944 KB] g=25, 1654 evaluated, 1653 expanded, 194 reopened
[t=1.22309s, 410886944 KB] New best heuristic value for ff(): 5
[t=1.22309s, 410886944 KB] g=25, 1659 evaluated, 1658 expanded, 194 reopened
[t=1.22331s, 410886944 KB] New best heuristic value for landmark_sum(lm_reasonable_orders_hps(lm_rhw()),pref=true): 2
[t=1.22332s, 410886944 KB] g=26, 1666 evaluated, 1665 expanded, 194 reopened
[t=1.23904s, 410886944 KB] New best heuristic value for ff(): 4
[t=1.23905s, 410886944 KB] g=27, 2231 evaluated, 2230 expanded, 251 reopened
[t=2.01287s, 411018016 KB] New best heuristic value for ff(): 3
[t=2.01289s, 411018016 KB] g=24, 28870 evaluated, 28869 expanded, 2747 reopened
[t=2.01295s, 411018016 KB] New best heuristic value for ff(): 2
[t=2.01295s, 411018016 KB] g=25, 28872 evaluated, 28871 expanded, 2747 reopened
[t=2.01301s, 411018016 KB] New best heuristic value for landmark_sum(lm_reasonable_orders_hps(lm_rhw()),pref=true): 1
[t=2.01302s, 411018016 KB] New best heuristic value for ff(): 1
[t=2.01302s, 411018016 KB] g=26, 28874 evaluated, 28873 expanded, 2747 reopened
[t=2.01304s, 411018016 KB] Solution found!
[t=2.01304s, 411018016 KB] Actual search time: 0.835006s
robot_attach_carrier drone carrier1 central_warehouse (1)
robot_load_box drone carrier1 box1 central_warehouse six five (1)
robot_load_box drone carrier1 box2 central_warehouse five four (1)
pick_up_content_at_cw drone gears carrier1 box1 (1)
pick_up_content_at_cw drone valve carrier1 box2 (1)
move_flying drone central_warehouse loc1 (1)
put_down_content drone carrier1 box2 valve loc1 wor1_1 (1)
move_flying drone loc1 loc3 (1)
put_down_content drone carrier1 box1 gears loc3 wor3_2 (1)
move_flying drone loc3 central_warehouse (1)
pick_up_content_at_cw drone valve carrier1 box1 (1)
pick_up_content_at_cw drone tool carrier1 box2 (1)
move_flying drone central_warehouse loc2 (1)
put_down_content drone carrier1 box1 valve loc2 wor2_2 (1)
put_down_content drone carrier1 box2 tool loc2 wor2_1 (1)
move_flying drone loc2 central_warehouse (1)
pick_up_content_at_cw drone parts carrier1 box1 (1)
pick_up_content_at_cw drone bolt carrier1 box2 (1)
move_flying drone central_warehouse loc2 (1)
put_down_content drone carrier1 box1 parts loc2 wor2_3 (1)
put_down_content drone carrier1 box2 bolt loc2 wor2_1 (1)
move_flying drone loc2 central_warehouse (1)
pick_up_content_at_cw drone parts carrier1 box1 (1)
pick_up_content_at_cw drone bolt carrier1 box2 (1)
move_flying drone central_warehouse loc3 (1)
put_down_content drone carrier1 box1 parts loc3 wor3_1 (1)
put_down_content drone carrier1 box2 bolt loc3 wor3_1 (1)
[t=2.01332s, 411018016 KB] Plan length: 27 step(s).
[t=2.01333s, 411018016 KB] Plan cost: 27
[t=2.01333s, 411018016 KB] Expanded 28874 state(s).
[t=2.01333s, 411018016 KB] Reopened 2747 state(s).
[t=2.01334s, 411018016 KB] Evaluated 28875 state(s).
[t=2.01334s, 411018016 KB] Evaluations: 55003
[t=2.01334s, 411018016 KB] Generated 281420 state(s).
[t=2.01335s, 411018016 KB] Dead ends: 0 state(s).
[t=2.01335s, 411018016 KB] Number of registered states: 26128
[t=2.01335s, 411018016 KB] Int hash set load factor: 26128/32768 = 0.797363
[t=2.01336s, 411018016 KB] Int hash set resizes: 15
[t=2.01336s, 411018016 KB] Best solution cost so far: 27
[t=2.01336s, 411018016 KB] Solution found - keep searching
[t=2.01346s, 411018016 KB] Building successor generator...done!
[t=2.01347s, 411018016 KB] peak memory difference for successor generator creation: 0 KB
[t=2.01348s, 411018016 KB] time for successor generation creation: 1.25e-07s
[t=2.01348s, 411018016 KB] Variables: 104
[t=2.01348s, 411018016 KB] FactPairs: 246
[t=2.01349s, 411018016 KB] Bytes per state: 16
[t=2.0135s, 411018016 KB] Starting search: lazy_wastar([hff,hlm],preferred=[hff,hlm],w=1)
[t=2.0135s, 411018016 KB] Conducting lazy best first search, (real) bound = 27
[t=2.01354s, 411018016 KB] New best heuristic value for ff(): 18
[t=2.01354s, 411018016 KB] New best heuristic value for landmark_sum(lm_reasonable_orders_hps(lm_rhw()),pref=true): 14
[t=2.01355s, 411018016 KB] g=0, 1 evaluated, 0 expanded
[t=2.01356s, 411018016 KB] Initial heuristic value for ff(): 18
[t=2.01356s, 411018016 KB] Initial heuristic value for landmark_sum(lm_reasonable_orders_hps(lm_rhw()),pref=true): 14
[t=2.01368s, 411018016 KB] New best heuristic value for ff(): 17
[t=2.01369s, 411018016 KB] New best heuristic value for landmark_sum(lm_reasonable_orders_hps(lm_rhw()),pref=true): 11
[t=2.0137s, 411018016 KB] g=1, 5 evaluated, 4 expanded
[t=2.01373s, 411018016 KB] New best heuristic value for landmark_sum(lm_reasonable_orders_hps(lm_rhw()),pref=true): 10
[t=2.01374s, 411018016 KB] g=2, 6 evaluated, 5 expanded
[t=2.01383s, 411018016 KB] New best heuristic value for ff(): 16
[t=2.01383s, 411018016 KB] g=2, 9 evaluated, 8 expanded
[t=2.01414s, 411018016 KB] New best heuristic value for ff(): 15
[t=2.01415s, 411018016 KB] g=4, 19 evaluated, 18 expanded
[t=2.01458s, 411018016 KB] New best heuristic value for landmark_sum(lm_reasonable_orders_hps(lm_rhw()),pref=true): 9
[t=2.01458s, 411018016 KB] g=5, 34 evaluated, 33 expanded
[t=2.01533s, 411018016 KB] New best heuristic value for ff(): 14
[t=2.01534s, 411018016 KB] g=6, 60 evaluated, 59 expanded
[t=2.01555s, 411018016 KB] New best heuristic value for landmark_sum(lm_reasonable_orders_hps(lm_rhw()),pref=true): 8
[t=2.01556s, 411018016 KB] g=6, 67 evaluated, 66 expanded
[t=2.01792s, 411018016 KB] New best heuristic value for ff(): 13
[t=2.01792s, 411018016 KB] g=8, 144 evaluated, 143 expanded
[t=2.01911s, 411018016 KB] New best heuristic value for landmark_sum(lm_reasonable_orders_hps(lm_rhw()),pref=true): 7
[t=2.01911s, 411018016 KB] g=9, 186 evaluated, 185 expanded
[t=2.02024s, 411018016 KB] New best heuristic value for ff(): 12
[t=2.02024s, 411018016 KB] g=10, 224 evaluated, 223 expanded
[t=2.03607s, 411018016 KB] New best heuristic value for ff(): 11
[t=2.03608s, 411018016 KB] g=12, 775 evaluated, 774 expanded, 9 reopened
[t=2.04025s, 411018016 KB] New best heuristic value for landmark_sum(lm_reasonable_orders_hps(lm_rhw()),pref=true): 6
[t=2.04026s, 411018016 KB] g=13, 932 evaluated, 931 expanded, 29 reopened
[t=2.05682s, 411018016 KB] New best heuristic value for ff(): 10
[t=2.05683s, 411018016 KB] g=14, 1500 evaluated, 1499 expanded, 41 reopened
[t=2.09236s, 411018016 KB] New best heuristic value for ff(): 9
[t=2.09236s, 411018016 KB] g=16, 2705 evaluated, 2704 expanded, 47 reopened
[t=2.10225s, 411018016 KB] New best heuristic value for landmark_sum(lm_reasonable_orders_hps(lm_rhw()),pref=true): 5
[t=2.10226s, 411018016 KB] g=17, 3077 evaluated, 3076 expanded, 82 reopened
[t=2.16125s, 411018016 KB] New best heuristic value for ff(): 8
[t=2.16126s, 411018016 KB] g=18, 5094 evaluated, 5093 expanded, 87 reopened
Peak memory: 411648832 KB
caught signal 24 -- exiting
Time limit has been reached.
Remove intermediate file output.sas
search exit code: 23

Driver aborting after search
INFO     Planner time: 59.16s
