INFO     planner time limit: 60s
INFO     planner memory limit: None

INFO     Running translator.
INFO     translator stdin: None
INFO     translator time limit: 59s
INFO     translator memory limit: None
INFO     translator command line string: /opt/homebrew/opt/python@3.12/bin/python3.12 /Users/francesco/Desktop/planners/downward/builds/release/bin/translate/translate.py domain.pddl problem_2.pddl --sas-file output.sas
Parsing...
Parsing: [0.000s CPU, 0.001s wall-clock]
Normalizing task... [0.000s CPU, 0.000s wall-clock]
Instantiating...
Generating Datalog program... [0.000s CPU, 0.000s wall-clock]
Normalizing Datalog program...
Normalizing Datalog program: [0.000s CPU, 0.002s wall-clock]
Preparing model... [0.000s CPU, 0.001s wall-clock]
Generated 117 rules.
Computing model... [0.010s CPU, 0.006s wall-clock]
1608 relevant atoms
781 auxiliary atoms
2389 final queue length
4799 total queue pushes
Completing instantiation... [0.020s CPU, 0.018s wall-clock]
Instantiating: [0.030s CPU, 0.027s wall-clock]
Computing fact groups...
Finding invariants...
33 initial candidates
Finding invariants: [0.000s CPU, 0.002s wall-clock]
Checking invariant weight... [0.000s CPU, 0.000s wall-clock]
Instantiating groups... [0.000s CPU, 0.000s wall-clock]
Collecting mutex groups... [0.000s CPU, 0.000s wall-clock]
Choosing groups...
93 uncovered facts
Choosing groups: [0.000s CPU, 0.000s wall-clock]
Building translation key... [0.000s CPU, 0.000s wall-clock]
Computing fact groups: [0.000s CPU, 0.003s wall-clock]
Building STRIPS to SAS dictionary... [0.000s CPU, 0.000s wall-clock]
Building dictionary for full mutex groups... [0.000s CPU, 0.000s wall-clock]
Building mutex information...
Building mutex information: [0.000s CPU, 0.000s wall-clock]
Translating task...
Processing axioms...
Simplifying axioms... [0.000s CPU, 0.000s wall-clock]
Translator axioms removed by simplifying: 0
Computing negative axioms... [0.000s CPU, 0.000s wall-clock]
Processing axioms: [0.000s CPU, 0.002s wall-clock]
Translating task: [0.030s CPU, 0.027s wall-clock]
1248 effect conditions simplified
0 implied preconditions added
Detecting unreachable propositions...
0 operators removed
0 axioms removed
11 propositions removed
Detecting unreachable propositions: [0.010s CPU, 0.013s wall-clock]
Reordering and filtering variables...
104 of 104 variables necessary.
9 of 20 mutex groups necessary.
1300 of 1300 operators necessary.
0 of 0 axiom rules necessary.
Reordering and filtering variables: [0.010s CPU, 0.007s wall-clock]
Translator variables: 104
Translator derived variables: 0
Translator facts: 246
Translator goal facts: 8
Translator mutex groups: 9
Translator total mutex groups size: 45
Translator operators: 1300
Translator axioms: 0
Translator task size: 14383
warning: could not determine peak memory
Writing output... [0.000s CPU, 0.007s wall-clock]
Done! [0.080s CPU, 0.087s wall-clock]
translate exit code: 0

INFO     Running search (release).
INFO     search stdin: output.sas
INFO     search time limit: 59s
INFO     search memory limit: None
INFO     search command line string: /Users/francesco/Desktop/planners/downward/builds/release/bin/downward --evaluator 'cg=cg()' --search 'lazy_greedy([cg], preferred=[cg])' --internal-plan-file plans/plan_lazy_greddy_cg_2 < output.sas
[t=0.000145667s, 410597152 KB] reading input...
[t=0.0232293s, 410728224 KB] done reading input!
[t=0.0238109s, 410728224 KB] Initializing causal graph heuristic...
[t=0.0238188s, 410728224 KB] Initializing heuristic cache... building causal graph...done! [t=0.000925417s]
[t=0.0253167s, 410728224 KB] done!
[t=0.0284765s, 410728224 KB] Building successor generator...done!
[t=0.0287866s, 410728224 KB] peak memory difference for successor generator creation: 0 KB
[t=0.0287913s, 410728224 KB] time for successor generation creation: 0.000298541s
[t=0.0287988s, 410728224 KB] Variables: 104
[t=0.0288037s, 410728224 KB] FactPairs: 246
[t=0.0288081s, 410728224 KB] Bytes per state: 16
[t=0.028825s, 410728224 KB] Conducting lazy best first search, (real) bound = 2147483647
[t=0.028904s, 410728224 KB] New best heuristic value for cg(): 232
[t=0.0289216s, 410728224 KB] g=0, 1 evaluated, 0 expanded
[t=0.028929s, 410728224 KB] Initial heuristic value for cg(): 232
[t=0.0291199s, 410728224 KB] New best heuristic value for cg(): 80
[t=0.0291243s, 410728224 KB] g=1, 4 evaluated, 3 expanded
[t=0.0292916s, 410728224 KB] New best heuristic value for cg(): 32
[t=0.0292955s, 410728224 KB] g=2, 8 evaluated, 7 expanded
[t=0.0293418s, 410728224 KB] New best heuristic value for cg(): 28
[t=0.0293456s, 410728224 KB] g=3, 9 evaluated, 8 expanded
[t=0.029411s, 410728224 KB] New best heuristic value for cg(): 24
[t=0.0294148s, 410728224 KB] g=3, 11 evaluated, 10 expanded
[t=0.0294566s, 410728224 KB] New best heuristic value for cg(): 20
[t=0.0294605s, 410728224 KB] g=4, 12 evaluated, 11 expanded
[t=0.0302069s, 410728224 KB] New best heuristic value for cg(): 18
[t=0.0302107s, 410728224 KB] g=4, 36 evaluated, 35 expanded
[t=0.0836285s, 410728224 KB] New best heuristic value for cg(): 16
[t=0.0836343s, 410728224 KB] g=6, 1779 evaluated, 1778 expanded
[t=0.0838785s, 410728224 KB] New best heuristic value for cg(): 15
[t=0.0838824s, 410728224 KB] g=9, 1787 evaluated, 1786 expanded
[t=0.0923242s, 410728224 KB] New best heuristic value for cg(): 14
[t=0.0923292s, 410728224 KB] g=16, 2051 evaluated, 2050 expanded
[t=0.0924178s, 410728224 KB] New best heuristic value for cg(): 13
[t=0.0924216s, 410728224 KB] g=17, 2054 evaluated, 2053 expanded
[t=0.142206s, 410737440 KB] New best heuristic value for cg(): 12
[t=0.142226s, 410737440 KB] g=21, 3711 evaluated, 3710 expanded
[t=0.142262s, 410737440 KB] New best heuristic value for cg(): 11
[t=0.142267s, 410737440 KB] g=22, 3712 evaluated, 3711 expanded
[t=0.168886s, 410868512 KB] New best heuristic value for cg(): 9
[t=0.168892s, 410868512 KB] g=26, 4590 evaluated, 4589 expanded
[t=0.169011s, 410868512 KB] New best heuristic value for cg(): 8
[t=0.169015s, 410868512 KB] g=26, 4595 evaluated, 4594 expanded
[t=0.214078s, 410868512 KB] New best heuristic value for cg(): 7
[t=0.214084s, 410868512 KB] g=30, 6291 evaluated, 6290 expanded
[t=0.214112s, 410868512 KB] New best heuristic value for cg(): 5
[t=0.214117s, 410868512 KB] g=31, 6292 evaluated, 6291 expanded
[t=0.217469s, 410868512 KB] New best heuristic value for cg(): 3
[t=0.217473s, 410868512 KB] g=37, 6446 evaluated, 6445 expanded
[t=0.217842s, 410868512 KB] New best heuristic value for cg(): 2
[t=0.217845s, 410868512 KB] g=40, 6467 evaluated, 6466 expanded
[t=0.217867s, 410868512 KB] New best heuristic value for cg(): 1
[t=0.217871s, 410868512 KB] g=41, 6468 evaluated, 6467 expanded
[t=0.217878s, 410868512 KB] Solution found!
[t=0.217885s, 410868512 KB] Actual search time: 0.189056s
robot_attach_carrier drone carrier1 central_warehouse (1)
robot_load_box drone carrier1 box1 central_warehouse six five (1)
pick_up_content_at_cw drone valve carrier1 box1 (1)
robot_load_box drone carrier1 box2 central_warehouse five four (1)
pick_up_content_at_cw drone bolt carrier1 box2 (1)
move_flying drone central_warehouse loc2 (1)
put_down_content drone carrier1 box1 valve loc2 wor2_3 (1)
put_down_content drone carrier1 box2 bolt loc2 wor2_1 (1)
pick_up_content drone carrier1 box2 valve loc2 wor2_3 (1)
pick_up_content drone carrier1 box1 bolt loc2 wor2_1 (1)
move_flying drone loc2 loc1 (1)
put_down_content drone carrier1 box2 valve loc1 wor1_1 (1)
move_flying drone loc1 loc2 (1)
move_flying drone loc2 central_warehouse (1)
pick_up_content_at_cw drone valve carrier1 box2 (1)
move_flying drone central_warehouse loc2 (1)
put_down_content drone carrier1 box2 valve loc2 wor2_2 (1)
move_flying drone loc2 central_warehouse (1)
pick_up_content_at_cw drone bolt carrier1 box2 (1)
move_flying drone central_warehouse loc2 (1)
put_down_content drone carrier1 box2 bolt loc2 wor2_1 (1)
move_flying drone loc2 loc3 (1)
put_down_content drone carrier1 box1 bolt loc3 wor3_1 (1)
move_flying drone loc3 central_warehouse (1)
pick_up_content_at_cw drone gears carrier1 box2 (1)
move_flying drone central_warehouse loc3 (1)
put_down_content drone carrier1 box2 gears loc3 wor3_2 (1)
move_flying drone loc3 loc2 (1)
move_flying drone loc2 central_warehouse (1)
pick_up_content_at_cw drone parts carrier1 box2 (1)
move_flying drone central_warehouse loc2 (1)
move_flying drone loc2 loc3 (1)
put_down_content drone carrier1 box2 parts loc3 wor3_1 (1)
move_flying drone loc3 loc2 (1)
move_flying drone loc2 central_warehouse (1)
pick_up_content_at_cw drone parts carrier1 box2 (1)
move_flying drone central_warehouse loc2 (1)
put_down_content drone carrier1 box2 parts loc2 wor2_3 (1)
move_flying drone loc2 central_warehouse (1)
pick_up_content_at_cw drone tool carrier1 box2 (1)
move_flying drone central_warehouse loc2 (1)
put_down_content drone carrier1 box2 tool loc2 wor2_1 (1)
[t=0.217889s, 410868512 KB] Plan length: 42 step(s).
[t=0.217889s, 410868512 KB] Plan cost: 42
[t=0.217889s, 410868512 KB] Expanded 6468 state(s).
[t=0.217889s, 410868512 KB] Reopened 0 state(s).
[t=0.217889s, 410868512 KB] Evaluated 6469 state(s).
[t=0.217889s, 410868512 KB] Evaluations: 6469
[t=0.217889s, 410868512 KB] Generated 43864 state(s).
[t=0.217889s, 410868512 KB] Dead ends: 0 state(s).
[t=0.217889s, 410868512 KB] Number of registered states: 6469
[t=0.217889s, 410868512 KB] Int hash set load factor: 6469/8192 = 0.789673
[t=0.217889s, 410868512 KB] Int hash set resizes: 13
[t=0.217889s, 410868512 KB] Search time: 0.189064s
[t=0.217889s, 410868512 KB] Total time: 0.217889s
Solution found.
Peak memory: 410868512 KB
Remove intermediate file output.sas
search exit code: 0

INFO     Planner time: 0.35s
