INFO     planner time limit: 60s
INFO     planner memory limit: None

INFO     Running translator.
INFO     translator stdin: None
INFO     translator time limit: 59s
INFO     translator memory limit: None
INFO     translator command line string: /opt/homebrew/opt/python@3.12/bin/python3.12 /Users/francesco/Desktop/planners/downward/builds/release/bin/translate/translate.py domain.pddl problem_2.pddl --sas-file output.sas
Parsing...
Parsing: [0.000s CPU, 0.002s wall-clock]
Normalizing task... [0.000s CPU, 0.000s wall-clock]
Instantiating...
Generating Datalog program... [0.000s CPU, 0.000s wall-clock]
Normalizing Datalog program...
Normalizing Datalog program: [0.000s CPU, 0.002s wall-clock]
Preparing model... [0.000s CPU, 0.001s wall-clock]
Generated 117 rules.
Computing model... [0.010s CPU, 0.006s wall-clock]
1608 relevant atoms
781 auxiliary atoms
2389 final queue length
4799 total queue pushes
Completing instantiation... [0.020s CPU, 0.018s wall-clock]
Instantiating: [0.030s CPU, 0.027s wall-clock]
Computing fact groups...
Finding invariants...
33 initial candidates
Finding invariants: [0.000s CPU, 0.002s wall-clock]
Checking invariant weight... [0.000s CPU, 0.000s wall-clock]
Instantiating groups... [0.000s CPU, 0.000s wall-clock]
Collecting mutex groups... [0.000s CPU, 0.000s wall-clock]
Choosing groups...
93 uncovered facts
Choosing groups: [0.000s CPU, 0.000s wall-clock]
Building translation key... [0.000s CPU, 0.000s wall-clock]
Computing fact groups: [0.000s CPU, 0.003s wall-clock]
Building STRIPS to SAS dictionary... [0.000s CPU, 0.000s wall-clock]
Building dictionary for full mutex groups... [0.000s CPU, 0.000s wall-clock]
Building mutex information...
Building mutex information: [0.000s CPU, 0.000s wall-clock]
Translating task...
Processing axioms...
Simplifying axioms... [0.000s CPU, 0.000s wall-clock]
Translator axioms removed by simplifying: 0
Computing negative axioms... [0.000s CPU, 0.000s wall-clock]
Processing axioms: [0.000s CPU, 0.002s wall-clock]
Translating task: [0.030s CPU, 0.026s wall-clock]
1248 effect conditions simplified
0 implied preconditions added
Detecting unreachable propositions...
0 operators removed
0 axioms removed
11 propositions removed
Detecting unreachable propositions: [0.010s CPU, 0.013s wall-clock]
Reordering and filtering variables...
104 of 104 variables necessary.
9 of 20 mutex groups necessary.
1300 of 1300 operators necessary.
0 of 0 axiom rules necessary.
Reordering and filtering variables: [0.010s CPU, 0.007s wall-clock]
Translator variables: 104
Translator derived variables: 0
Translator facts: 246
Translator goal facts: 8
Translator mutex groups: 9
Translator total mutex groups size: 45
Translator operators: 1300
Translator axioms: 0
Translator task size: 14383
warning: could not determine peak memory
Writing output... [0.000s CPU, 0.009s wall-clock]
Done! [0.080s CPU, 0.089s wall-clock]
translate exit code: 0

INFO     Running search (release).
INFO     search stdin: output.sas
INFO     search time limit: 59s
INFO     search memory limit: None
INFO     search command line string: /Users/francesco/Desktop/planners/downward/builds/release/bin/downward --evaluator 'add=add()' --search 'lazy_greedy([add], preferred=[add])' --internal-plan-file plans/plan_lazy_greddy_add_2 < output.sas
[t=0.000155166s, 410606368 KB] reading input...
[t=0.0232565s, 410737440 KB] done reading input!
[t=0.0240962s, 410737440 KB] Simplifying 3796 unary operators... done! [3444 unary operators]
[t=0.0248658s, 410737440 KB] time to simplify: 0.000772167s
[t=0.0249521s, 410737440 KB] Initializing additive heuristic...
[t=0.0249776s, 410737440 KB] Building successor generator...done!
[t=0.0252841s, 410737440 KB] peak memory difference for successor generator creation: 0 KB
[t=0.025289s, 410737440 KB] time for successor generation creation: 0.00029625s
[t=0.0252962s, 410737440 KB] Variables: 104
[t=0.0253016s, 410737440 KB] FactPairs: 246
[t=0.0253059s, 410737440 KB] Bytes per state: 16
[t=0.0253231s, 410737440 KB] Conducting lazy best first search, (real) bound = 2147483647
[t=0.0253638s, 410737440 KB] New best heuristic value for add(): 232
[t=0.0253763s, 410737440 KB] g=0, 1 evaluated, 0 expanded
[t=0.025384s, 410737440 KB] Initial heuristic value for add(): 232
[t=0.0255031s, 410737440 KB] New best heuristic value for add(): 80
[t=0.025507s, 410737440 KB] g=1, 5 evaluated, 4 expanded
[t=0.025623s, 410737440 KB] New best heuristic value for add(): 32
[t=0.0256268s, 410737440 KB] g=2, 9 evaluated, 8 expanded
[t=0.0257354s, 410737440 KB] New best heuristic value for add(): 28
[t=0.0257391s, 410737440 KB] g=3, 13 evaluated, 12 expanded
[t=0.0259787s, 410737440 KB] New best heuristic value for add(): 26
[t=0.0259826s, 410737440 KB] g=7, 22 evaluated, 21 expanded
[t=0.0261916s, 410737440 KB] New best heuristic value for add(): 24
[t=0.0261954s, 410737440 KB] g=7, 30 evaluated, 29 expanded
[t=0.0264604s, 410737440 KB] New best heuristic value for add(): 22
[t=0.0264642s, 410737440 KB] g=11, 40 evaluated, 39 expanded
[t=0.0269267s, 410737440 KB] New best heuristic value for add(): 20
[t=0.0269304s, 410737440 KB] g=14, 58 evaluated, 57 expanded
[t=0.027011s, 410737440 KB] New best heuristic value for add(): 18
[t=0.0270147s, 410737440 KB] g=15, 61 evaluated, 60 expanded
[t=0.0271515s, 410737440 KB] New best heuristic value for add(): 16
[t=0.0271552s, 410737440 KB] g=18, 66 evaluated, 65 expanded
[t=0.0272648s, 410737440 KB] New best heuristic value for add(): 14
[t=0.0272685s, 410737440 KB] g=19, 70 evaluated, 69 expanded
[t=0.0274518s, 410737440 KB] New best heuristic value for add(): 12
[t=0.0274555s, 410737440 KB] g=22, 77 evaluated, 76 expanded
[t=0.027565s, 410737440 KB] New best heuristic value for add(): 10
[t=0.0275687s, 410737440 KB] g=23, 81 evaluated, 80 expanded
[t=0.0277503s, 410737440 KB] New best heuristic value for add(): 8
[t=0.0277539s, 410737440 KB] g=26, 88 evaluated, 87 expanded
[t=0.027858s, 410737440 KB] New best heuristic value for add(): 4
[t=0.0278618s, 410737440 KB] g=27, 92 evaluated, 91 expanded
[t=0.0278897s, 410737440 KB] New best heuristic value for add(): 3
[t=0.0278933s, 410737440 KB] g=28, 93 evaluated, 92 expanded
[t=0.179243s, 410877728 KB] New best heuristic value for add(): 2
[t=0.179268s, 410877728 KB] g=31, 6326 evaluated, 6325 expanded
[t=0.179293s, 410877728 KB] New best heuristic value for add(): 1
[t=0.179298s, 410877728 KB] g=32, 6327 evaluated, 6326 expanded
[t=0.179307s, 410877728 KB] Solution found!
[t=0.179313s, 410877728 KB] Actual search time: 0.153986s
robot_attach_carrier drone carrier1 central_warehouse (1)
robot_load_box drone carrier1 box1 central_warehouse six five (1)
pick_up_content_at_cw drone bolt carrier1 box1 (1)
move_flying drone central_warehouse loc2 (1)
put_down_content drone carrier1 box1 bolt loc2 wor2_1 (1)
move_flying drone loc2 central_warehouse (1)
pick_up_content_at_cw drone parts carrier1 box1 (1)
move_flying drone central_warehouse loc2 (1)
put_down_content drone carrier1 box1 parts loc2 wor2_3 (1)
move_flying drone loc2 central_warehouse (1)
pick_up_content_at_cw drone tool carrier1 box1 (1)
move_flying drone central_warehouse loc2 (1)
put_down_content drone carrier1 box1 tool loc2 wor2_1 (1)
move_flying drone loc2 central_warehouse (1)
pick_up_content_at_cw drone bolt carrier1 box1 (1)
move_flying drone central_warehouse loc3 (1)
put_down_content drone carrier1 box1 bolt loc3 wor3_1 (1)
move_flying drone loc3 central_warehouse (1)
pick_up_content_at_cw drone gears carrier1 box1 (1)
move_flying drone central_warehouse loc3 (1)
put_down_content drone carrier1 box1 gears loc3 wor3_2 (1)
move_flying drone loc3 central_warehouse (1)
pick_up_content_at_cw drone parts carrier1 box1 (1)
move_flying drone central_warehouse loc3 (1)
put_down_content drone carrier1 box1 parts loc3 wor3_1 (1)
move_flying drone loc3 central_warehouse (1)
pick_up_content_at_cw drone valve carrier1 box1 (1)
move_flying drone central_warehouse loc1 (1)
put_down_content drone carrier1 box1 valve loc1 wor1_1 (1)
move_flying drone loc1 central_warehouse (1)
pick_up_content_at_cw drone valve carrier1 box1 (1)
move_flying drone central_warehouse loc2 (1)
put_down_content drone carrier1 box1 valve loc2 wor2_2 (1)
[t=0.179317s, 410877728 KB] Plan length: 33 step(s).
[t=0.179317s, 410877728 KB] Plan cost: 33
[t=0.179317s, 410877728 KB] Expanded 6327 state(s).
[t=0.179317s, 410877728 KB] Reopened 0 state(s).
[t=0.179317s, 410877728 KB] Evaluated 6328 state(s).
[t=0.179317s, 410877728 KB] Evaluations: 6328
[t=0.179317s, 410877728 KB] Generated 48937 state(s).
[t=0.179317s, 410877728 KB] Dead ends: 0 state(s).
[t=0.179317s, 410877728 KB] Number of registered states: 6328
[t=0.179317s, 410877728 KB] Int hash set load factor: 6328/8192 = 0.772461
[t=0.179317s, 410877728 KB] Int hash set resizes: 13
[t=0.179317s, 410877728 KB] Search time: 0.153995s
[t=0.179317s, 410877728 KB] Total time: 0.179317s
Solution found.
Peak memory: 410877728 KB
Remove intermediate file output.sas
search exit code: 0

INFO     Planner time: 0.33s
