INFO     planner time limit: 60s
INFO     planner memory limit: None

INFO     Running translator.
INFO     translator stdin: None
INFO     translator time limit: 59s
INFO     translator memory limit: None
INFO     translator command line string: /opt/homebrew/opt/python@3.12/bin/python3.12 /Users/francesco/Desktop/planners/downward/builds/release/bin/translate/translate.py domain.pddl problem_1.pddl --sas-file output.sas
Parsing...
Parsing: [0.000s CPU, 0.002s wall-clock]
Normalizing task... [0.000s CPU, 0.000s wall-clock]
Instantiating...
Generating Datalog program... [0.000s CPU, 0.000s wall-clock]
Normalizing Datalog program...
Normalizing Datalog program: [0.000s CPU, 0.002s wall-clock]
Preparing model... [0.000s CPU, 0.001s wall-clock]
Generated 117 rules.
Computing model... [0.010s CPU, 0.008s wall-clock]
2283 relevant atoms
980 auxiliary atoms
3263 final queue length
7839 total queue pushes
Completing instantiation... [0.030s CPU, 0.032s wall-clock]
Instantiating: [0.040s CPU, 0.044s wall-clock]
Computing fact groups...
Finding invariants...
33 initial candidates
Finding invariants: [0.010s CPU, 0.002s wall-clock]
Checking invariant weight... [0.000s CPU, 0.000s wall-clock]
Instantiating groups... [0.000s CPU, 0.000s wall-clock]
Collecting mutex groups... [0.000s CPU, 0.000s wall-clock]
Choosing groups...
28 uncovered facts
Choosing groups: [0.000s CPU, 0.000s wall-clock]
Building translation key... [0.000s CPU, 0.000s wall-clock]
Computing fact groups: [0.010s CPU, 0.003s wall-clock]
Building STRIPS to SAS dictionary... [0.000s CPU, 0.000s wall-clock]
Building dictionary for full mutex groups... [0.000s CPU, 0.000s wall-clock]
Building mutex information...
Building mutex information: [0.000s CPU, 0.000s wall-clock]
Translating task...
Processing axioms...
Simplifying axioms... [0.000s CPU, 0.000s wall-clock]
Translator axioms removed by simplifying: 0
Computing negative axioms... [0.000s CPU, 0.000s wall-clock]
Processing axioms: [0.000s CPU, 0.003s wall-clock]
Translating task: [0.040s CPU, 0.040s wall-clock]
1238 effect conditions simplified
0 implied preconditions added
Detecting unreachable propositions...
0 operators removed
0 axioms removed
9 propositions removed
Detecting unreachable propositions: [0.010s CPU, 0.015s wall-clock]
Reordering and filtering variables...
37 of 37 variables necessary.
5 of 14 mutex groups necessary.
2012 of 2012 operators necessary.
0 of 0 axiom rules necessary.
Reordering and filtering variables: [0.010s CPU, 0.008s wall-clock]
Translator variables: 37
Translator derived variables: 0
Translator facts: 147
Translator goal facts: 3
Translator mutex groups: 5
Translator total mutex groups size: 50
Translator operators: 2012
Translator axioms: 0
Translator task size: 20401
warning: could not determine peak memory
Writing output... [0.020s CPU, 0.010s wall-clock]
Done! [0.130s CPU, 0.124s wall-clock]
translate exit code: 0

INFO     Running search (release).
INFO     search stdin: output.sas
INFO     search time limit: 59s
INFO     search memory limit: None
INFO     search command line string: /Users/francesco/Desktop/planners/downward/builds/release/bin/downward --evaluator 'cg=cg()' --search 'lazy_greedy([cg], preferred=[cg])' --internal-plan-file plans/plan_lazy_greddy_cg_1 < output.sas
[t=0.000191125s, 410606368 KB] reading input...
[t=0.0325376s, 410737440 KB] done reading input!
[t=0.0331373s, 410737440 KB] Initializing causal graph heuristic...
[t=0.0331453s, 410737440 KB] Initializing heuristic cache... building causal graph...done! [t=0.000656542s]
[t=0.034385s, 410737440 KB] done!
[t=0.039951s, 410737440 KB] Building successor generator...done!
[t=0.0404484s, 410737440 KB] peak memory difference for successor generator creation: 0 KB
[t=0.0404531s, 410737440 KB] time for successor generation creation: 0.000483875s
[t=0.0404615s, 410737440 KB] Variables: 37
[t=0.0404665s, 410737440 KB] FactPairs: 147
[t=0.0404711s, 410737440 KB] Bytes per state: 8
[t=0.0404877s, 410737440 KB] Conducting lazy best first search, (real) bound = 2147483647
[t=0.0405644s, 410737440 KB] New best heuristic value for cg(): 92
[t=0.0405864s, 410737440 KB] g=0, 1 evaluated, 0 expanded
[t=0.0405943s, 410737440 KB] Initial heuristic value for cg(): 92
[t=0.0406967s, 410737440 KB] New best heuristic value for cg(): 41
[t=0.0407015s, 410737440 KB] g=1, 3 evaluated, 2 expanded
[t=0.040775s, 410737440 KB] New best heuristic value for cg(): 23
[t=0.0407791s, 410737440 KB] g=2, 5 evaluated, 4 expanded
[t=0.0408297s, 410737440 KB] New best heuristic value for cg(): 18
[t=0.0408333s, 410737440 KB] g=3, 7 evaluated, 6 expanded
[t=0.0408592s, 410737440 KB] New best heuristic value for cg(): 16
[t=0.0408629s, 410737440 KB] g=4, 8 evaluated, 7 expanded
[t=0.0412232s, 410737440 KB] New best heuristic value for cg(): 14
[t=0.0412269s, 410737440 KB] g=4, 23 evaluated, 22 expanded
[t=0.0420932s, 410737440 KB] New best heuristic value for cg(): 13
[t=0.0420974s, 410737440 KB] g=5, 57 evaluated, 56 expanded
[t=0.0421308s, 410737440 KB] New best heuristic value for cg(): 12
[t=0.0421344s, 410737440 KB] g=6, 58 evaluated, 57 expanded
[t=0.0421644s, 410737440 KB] New best heuristic value for cg(): 11
[t=0.042168s, 410737440 KB] g=6, 59 evaluated, 58 expanded
[t=0.0421983s, 410737440 KB] New best heuristic value for cg(): 10
[t=0.042202s, 410737440 KB] g=7, 60 evaluated, 59 expanded
[t=0.0422299s, 410737440 KB] New best heuristic value for cg(): 9
[t=0.0422335s, 410737440 KB] g=8, 61 evaluated, 60 expanded
[t=0.0423748s, 410737440 KB] New best heuristic value for cg(): 7
[t=0.0423785s, 410737440 KB] g=9, 66 evaluated, 65 expanded
[t=0.04255s, 410737440 KB] New best heuristic value for cg(): 5
[t=0.0425537s, 410737440 KB] g=10, 72 evaluated, 71 expanded
[t=0.0425867s, 410737440 KB] New best heuristic value for cg(): 3
[t=0.0425903s, 410737440 KB] g=11, 73 evaluated, 72 expanded
[t=0.263951s, 410737440 KB] New best heuristic value for cg(): 2
[t=0.263972s, 410737440 KB] g=20, 8688 evaluated, 8687 expanded
[t=0.264s, 410737440 KB] New best heuristic value for cg(): 1
[t=0.264005s, 410737440 KB] g=21, 8689 evaluated, 8688 expanded
[t=0.264013s, 410737440 KB] Solution found!
[t=0.264017s, 410737440 KB] Actual search time: 0.223529s
robot_attach_carrier walker carrier1 central_warehouse (1)
robot_attach_carrier jumper carrier2 central_warehouse (1)
robot_load_box jumper carrier2 box2 central_warehouse two one (1)
pick_up_content_at_cw jumper tool carrier2 box2 (1)
robot_load_box walker carrier1 box1 central_warehouse one zero (1)
pick_up_content_at_cw walker valve carrier1 box1 (1)
move_walking walker central_warehouse loc1 (1)
put_down_content walker carrier1 box1 valve loc1 wor1_1 (1)
move_jumping jumper central_warehouse loc1 loc2 (1)
move_jumping jumper loc2 loc3 loc4 (1)
move_jumping jumper loc4 loc5 loc6 (1)
move_walking walker loc1 central_warehouse (1)
pick_up_content_at_cw walker tool carrier1 box1 (1)
move_walking walker central_warehouse loc1 (1)
move_walking walker loc1 loc2 (1)
move_walking walker loc2 loc3 (1)
move_walking walker loc3 loc4 (1)
move_walking walker loc4 loc5 (1)
move_jumping jumper loc6 loc7 loc8 (1)
move_walking walker loc5 loc6 (1)
put_down_content walker carrier1 box1 tool loc6 wor6_1 (1)
put_down_content jumper carrier2 box2 tool loc8 wor8_1 (1)
[t=0.264025s, 410737440 KB] Plan length: 22 step(s).
[t=0.264025s, 410737440 KB] Plan cost: 22
[t=0.264025s, 410737440 KB] Expanded 8689 state(s).
[t=0.264025s, 410737440 KB] Reopened 0 state(s).
[t=0.264025s, 410737440 KB] Evaluated 8690 state(s).
[t=0.264025s, 410737440 KB] Evaluations: 8690
[t=0.264025s, 410737440 KB] Generated 57204 state(s).
[t=0.264025s, 410737440 KB] Dead ends: 0 state(s).
[t=0.264025s, 410737440 KB] Number of registered states: 8690
[t=0.264025s, 410737440 KB] Int hash set load factor: 8690/16384 = 0.530396
[t=0.264025s, 410737440 KB] Int hash set resizes: 14
[t=0.264025s, 410737440 KB] Search time: 0.223537s
[t=0.264025s, 410737440 KB] Total time: 0.264025s
Solution found.
Peak memory: 410737440 KB
Remove intermediate file output.sas
search exit code: 0

INFO     Planner time: 0.45s
