INFO     planner time limit: 60s
INFO     planner memory limit: None

INFO     Running translator.
INFO     translator stdin: None
INFO     translator time limit: 59s
INFO     translator memory limit: None
INFO     translator command line string: /opt/homebrew/opt/python@3.12/bin/python3.12 /Users/francesco/Desktop/planners/downward/builds/release/bin/translate/translate.py domain.pddl problem_1.pddl --sas-file output.sas
Parsing...
Parsing: [0.000s CPU, 0.001s wall-clock]
Normalizing task... [0.000s CPU, 0.000s wall-clock]
Instantiating...
Generating Datalog program... [0.000s CPU, 0.000s wall-clock]
Normalizing Datalog program...
Normalizing Datalog program: [0.000s CPU, 0.002s wall-clock]
Preparing model... [0.000s CPU, 0.001s wall-clock]
Generated 117 rules.
Computing model... [0.010s CPU, 0.008s wall-clock]
2283 relevant atoms
980 auxiliary atoms
3263 final queue length
7839 total queue pushes
Completing instantiation... [0.030s CPU, 0.032s wall-clock]
Instantiating: [0.040s CPU, 0.044s wall-clock]
Computing fact groups...
Finding invariants...
33 initial candidates
Finding invariants: [0.010s CPU, 0.002s wall-clock]
Checking invariant weight... [0.000s CPU, 0.000s wall-clock]
Instantiating groups... [0.000s CPU, 0.000s wall-clock]
Collecting mutex groups... [0.000s CPU, 0.000s wall-clock]
Choosing groups...
28 uncovered facts
Choosing groups: [0.000s CPU, 0.000s wall-clock]
Building translation key... [0.000s CPU, 0.000s wall-clock]
Computing fact groups: [0.010s CPU, 0.003s wall-clock]
Building STRIPS to SAS dictionary... [0.000s CPU, 0.000s wall-clock]
Building dictionary for full mutex groups... [0.000s CPU, 0.000s wall-clock]
Building mutex information...
Building mutex information: [0.000s CPU, 0.000s wall-clock]
Translating task...
Processing axioms...
Simplifying axioms... [0.000s CPU, 0.000s wall-clock]
Translator axioms removed by simplifying: 0
Computing negative axioms... [0.000s CPU, 0.000s wall-clock]
Processing axioms: [0.000s CPU, 0.003s wall-clock]
Translating task: [0.040s CPU, 0.040s wall-clock]
1238 effect conditions simplified
0 implied preconditions added
Detecting unreachable propositions...
0 operators removed
0 axioms removed
9 propositions removed
Detecting unreachable propositions: [0.010s CPU, 0.015s wall-clock]
Reordering and filtering variables...
37 of 37 variables necessary.
5 of 14 mutex groups necessary.
2012 of 2012 operators necessary.
0 of 0 axiom rules necessary.
Reordering and filtering variables: [0.010s CPU, 0.008s wall-clock]
Translator variables: 37
Translator derived variables: 0
Translator facts: 147
Translator goal facts: 3
Translator mutex groups: 5
Translator total mutex groups size: 50
Translator operators: 2012
Translator axioms: 0
Translator task size: 20401
warning: could not determine peak memory
Writing output... [0.010s CPU, 0.010s wall-clock]
Done! [0.120s CPU, 0.124s wall-clock]
translate exit code: 0

INFO     Running search (release).
INFO     search stdin: output.sas
INFO     search time limit: 59s
INFO     search memory limit: None
INFO     search command line string: /Users/francesco/Desktop/planners/downward/builds/release/bin/downward --evaluator 'cea=cea()' --search 'lazy_greedy([cea], preferred=[cea])' --internal-plan-file plans/plan_lazy_greddy_cea_1 < output.sas
[t=0.000144125s, 410597152 KB] reading input...
[t=0.0325122s, 410728224 KB] done reading input!
[t=0.0331036s, 410728224 KB] Initializing context-enhanced additive heuristic...
[t=0.0504729s, 410728224 KB] Building successor generator...done!
[t=0.0509707s, 410728224 KB] peak memory difference for successor generator creation: 0 KB
[t=0.0509755s, 410728224 KB] time for successor generation creation: 0.000484791s
[t=0.050984s, 410728224 KB] Variables: 37
[t=0.0509913s, 410728224 KB] FactPairs: 147
[t=0.0509965s, 410728224 KB] Bytes per state: 8
[t=0.0510133s, 410728224 KB] Conducting lazy best first search, (real) bound = 2147483647
[t=0.0513214s, 410728224 KB] New best heuristic value for cea(): 92
[t=0.051327s, 410728224 KB] g=0, 1 evaluated, 0 expanded
[t=0.051336s, 410728224 KB] Initial heuristic value for cea(): 92
[t=0.0516074s, 410728224 KB] New best heuristic value for cea(): 41
[t=0.051612s, 410728224 KB] g=1, 3 evaluated, 2 expanded
[t=0.0518875s, 410728224 KB] New best heuristic value for cea(): 23
[t=0.0518917s, 410728224 KB] g=2, 5 evaluated, 4 expanded
[t=0.0522577s, 410728224 KB] New best heuristic value for cea(): 19
[t=0.0522618s, 410728224 KB] g=3, 8 evaluated, 7 expanded
[t=0.0523806s, 410728224 KB] New best heuristic value for cea(): 18
[t=0.0523843s, 410728224 KB] g=4, 9 evaluated, 8 expanded
[t=0.0529676s, 410728224 KB] New best heuristic value for cea(): 17
[t=0.0529715s, 410728224 KB] g=4, 14 evaluated, 13 expanded
[t=0.070813s, 410728224 KB] New best heuristic value for cea(): 13
[t=0.0708183s, 410728224 KB] g=11, 181 evaluated, 180 expanded
[t=0.0714749s, 410728224 KB] New best heuristic value for cea(): 9
[t=0.071479s, 410728224 KB] g=14, 188 evaluated, 187 expanded
[t=0.0715652s, 410728224 KB] New best heuristic value for cea(): 7
[t=0.071569s, 410728224 KB] g=15, 189 evaluated, 188 expanded
[t=0.0716387s, 410728224 KB] New best heuristic value for cea(): 5
[t=0.0716423s, 410728224 KB] g=16, 190 evaluated, 189 expanded
[t=0.0716903s, 410728224 KB] New best heuristic value for cea(): 3
[t=0.0716939s, 410728224 KB] g=17, 191 evaluated, 190 expanded
[t=0.171293s, 410745632 KB] New best heuristic value for cea(): 2
[t=0.171323s, 410745632 KB] g=85, 1373 evaluated, 1372 expanded
[t=0.171369s, 410745632 KB] New best heuristic value for cea(): 1
[t=0.171377s, 410745632 KB] g=86, 1374 evaluated, 1373 expanded
[t=0.171383s, 410745632 KB] Solution found!
[t=0.17139s, 410745632 KB] Actual search time: 0.120373s
robot_attach_carrier walker carrier1 central_warehouse (1)
robot_load_box walker carrier1 box1 central_warehouse one zero (1)
pick_up_content_at_cw walker tool carrier1 box1 (1)
robot_attach_carrier jumper carrier2 central_warehouse (1)
move_jumping jumper central_warehouse loc1 loc2 (1)
move_walking walker central_warehouse loc1 (1)
put_down_content walker carrier1 box1 tool loc1 wor1_1 (1)
move_walking walker loc1 central_warehouse (1)
pick_up_content_at_cw walker tool carrier1 box1 (1)
move_walking walker central_warehouse loc1 (1)
move_jumping jumper loc2 loc3 loc4 (1)
move_jumping jumper loc4 loc5 loc6 (1)
move_walking walker loc1 loc2 (1)
move_walking walker loc2 loc3 (1)
move_walking walker loc3 loc4 (1)
move_walking walker loc4 loc5 (1)
move_walking walker loc5 loc6 (1)
move_jumping jumper loc6 loc5 loc4 (1)
move_jumping jumper loc4 loc3 loc2 (1)
move_jumping jumper loc2 loc1 central_warehouse (1)
move_walking walker loc6 loc5 (1)
move_walking walker loc5 loc4 (1)
move_walking walker loc4 loc3 (1)
move_walking walker loc3 loc2 (1)
move_walking walker loc2 loc1 (1)
move_walking walker loc1 central_warehouse (1)
put_down_content_at_cw walker tool carrier1 box1 (1)
pick_up_content_at_cw walker valve carrier1 box1 (1)
move_walking walker central_warehouse loc1 (1)
put_down_content walker carrier1 box1 valve loc1 wor1_1 (1)
move_walking walker loc1 central_warehouse (1)
pick_up_content_at_cw walker valve carrier1 box1 (1)
move_jumping jumper central_warehouse loc1 loc2 (1)
move_jumping jumper loc2 loc3 loc4 (1)
move_jumping jumper loc4 loc5 loc6 (1)
move_jumping jumper loc6 loc7 loc8 (1)
move_walking walker central_warehouse loc1 (1)
move_walking walker loc1 loc2 (1)
move_walking walker loc2 loc3 (1)
move_walking walker loc3 loc4 (1)
move_walking walker loc4 loc5 (1)
move_walking walker loc5 loc6 (1)
move_walking walker loc6 loc7 (1)
move_walking walker loc7 loc8 (1)
move_jumping jumper loc8 loc7 loc6 (1)
move_walking walker loc8 loc7 (1)
move_walking walker loc7 loc6 (1)
put_down_content walker carrier1 box1 valve loc6 wor6_1 (1)
move_jumping jumper loc6 loc5 loc4 (1)
move_jumping jumper loc4 loc3 loc2 (1)
move_jumping jumper loc2 loc1 central_warehouse (1)
move_walking walker loc6 loc5 (1)
move_walking walker loc5 loc4 (1)
move_walking walker loc4 loc3 (1)
move_walking walker loc3 loc2 (1)
move_walking walker loc2 loc1 (1)
pick_up_content walker carrier1 box1 valve loc1 wor1_1 (1)
move_walking walker loc1 central_warehouse (1)
put_down_content_at_cw walker valve carrier1 box1 (1)
pick_up_content_at_cw walker tool carrier1 box1 (1)
move_jumping jumper central_warehouse loc1 loc2 (1)
move_walking walker central_warehouse loc1 (1)
move_jumping jumper loc2 loc3 loc4 (1)
move_jumping jumper loc4 loc5 loc6 (1)
move_walking walker loc1 loc2 (1)
move_walking walker loc2 loc3 (1)
move_walking walker loc3 loc4 (1)
move_walking walker loc4 loc5 (1)
move_walking walker loc5 loc6 (1)
put_down_content walker carrier1 box1 tool loc6 wor6_1 (1)
pick_up_content walker carrier1 box1 valve loc6 wor6_1 (1)
move_walking walker loc6 loc5 (1)
move_walking walker loc5 loc4 (1)
move_walking walker loc4 loc3 (1)
move_walking walker loc3 loc2 (1)
move_walking walker loc2 loc1 (1)
put_down_content walker carrier1 box1 valve loc1 wor1_1 (1)
pick_up_content walker carrier1 box1 tool loc1 wor1_1 (1)
move_walking walker loc1 loc2 (1)
robot_unload_box walker carrier1 box1 loc2 zero one (1)
move_jumping jumper loc6 loc5 loc4 (1)
move_jumping jumper loc4 loc3 loc2 (1)
robot_load_box jumper carrier2 box1 loc2 two one (1)
move_jumping jumper loc2 loc3 loc4 (1)
move_jumping jumper loc4 loc5 loc6 (1)
move_jumping jumper loc6 loc7 loc8 (1)
put_down_content jumper carrier2 box1 tool loc8 wor8_1 (1)
[t=0.171394s, 410745632 KB] Plan length: 87 step(s).
[t=0.171394s, 410745632 KB] Plan cost: 87
[t=0.171394s, 410745632 KB] Expanded 1374 state(s).
[t=0.171394s, 410745632 KB] Reopened 0 state(s).
[t=0.171394s, 410745632 KB] Evaluated 1375 state(s).
[t=0.171394s, 410745632 KB] Evaluations: 1375
[t=0.171394s, 410745632 KB] Generated 9944 state(s).
[t=0.171394s, 410745632 KB] Dead ends: 0 state(s).
[t=0.171394s, 410745632 KB] Number of registered states: 1375
[t=0.171394s, 410745632 KB] Int hash set load factor: 1375/2048 = 0.671387
[t=0.171394s, 410745632 KB] Int hash set resizes: 11
[t=0.171394s, 410745632 KB] Search time: 0.120381s
[t=0.171394s, 410745632 KB] Total time: 0.171394s
Solution found.
Peak memory: 410745632 KB
Remove intermediate file output.sas
search exit code: 0

INFO     Planner time: 0.35s
