INFO     planner time limit: 60s
INFO     planner memory limit: None

INFO     Running translator.
INFO     translator stdin: None
INFO     translator time limit: 59s
INFO     translator memory limit: None
INFO     translator command line string: /opt/homebrew/opt/python@3.12/bin/python3.12 /Users/francesco/Desktop/planners/downward/builds/release/bin/translate/translate.py domain.pddl problem_2.pddl --sas-file output.sas
Parsing...
Parsing: [0.000s CPU, 0.001s wall-clock]
Normalizing task... [0.000s CPU, 0.000s wall-clock]
Instantiating...
Generating Datalog program... [0.000s CPU, 0.000s wall-clock]
Normalizing Datalog program...
Normalizing Datalog program: [0.000s CPU, 0.002s wall-clock]
Preparing model... [0.000s CPU, 0.001s wall-clock]
Generated 117 rules.
Computing model... [0.010s CPU, 0.006s wall-clock]
1608 relevant atoms
781 auxiliary atoms
2389 final queue length
4799 total queue pushes
Completing instantiation... [0.020s CPU, 0.018s wall-clock]
Instantiating: [0.030s CPU, 0.027s wall-clock]
Computing fact groups...
Finding invariants...
33 initial candidates
Finding invariants: [0.000s CPU, 0.002s wall-clock]
Checking invariant weight... [0.000s CPU, 0.000s wall-clock]
Instantiating groups... [0.000s CPU, 0.000s wall-clock]
Collecting mutex groups... [0.000s CPU, 0.000s wall-clock]
Choosing groups...
93 uncovered facts
Choosing groups: [0.000s CPU, 0.000s wall-clock]
Building translation key... [0.000s CPU, 0.000s wall-clock]
Computing fact groups: [0.000s CPU, 0.003s wall-clock]
Building STRIPS to SAS dictionary... [0.000s CPU, 0.000s wall-clock]
Building dictionary for full mutex groups... [0.000s CPU, 0.000s wall-clock]
Building mutex information...
Building mutex information: [0.000s CPU, 0.000s wall-clock]
Translating task...
Processing axioms...
Simplifying axioms... [0.000s CPU, 0.000s wall-clock]
Translator axioms removed by simplifying: 0
Computing negative axioms... [0.000s CPU, 0.000s wall-clock]
Processing axioms: [0.000s CPU, 0.002s wall-clock]
Translating task: [0.030s CPU, 0.026s wall-clock]
1248 effect conditions simplified
0 implied preconditions added
Detecting unreachable propositions...
0 operators removed
0 axioms removed
11 propositions removed
Detecting unreachable propositions: [0.010s CPU, 0.013s wall-clock]
Reordering and filtering variables...
104 of 104 variables necessary.
9 of 20 mutex groups necessary.
1300 of 1300 operators necessary.
0 of 0 axiom rules necessary.
Reordering and filtering variables: [0.010s CPU, 0.007s wall-clock]
Translator variables: 104
Translator derived variables: 0
Translator facts: 246
Translator goal facts: 8
Translator mutex groups: 9
Translator total mutex groups size: 45
Translator operators: 1300
Translator axioms: 0
Translator task size: 14383
warning: could not determine peak memory
Writing output... [0.000s CPU, 0.008s wall-clock]
Done! [0.080s CPU, 0.087s wall-clock]
translate exit code: 0

INFO     Running search (release).
INFO     search stdin: output.sas
INFO     search time limit: 59s
INFO     search memory limit: None
INFO     search command line string: /Users/francesco/Desktop/planners/downward/builds/release/bin/downward --evaluator 'cea=cea()' --search 'lazy_greedy([cea], preferred=[cea])' --internal-plan-file plans/plan_lazy_greddy_cea_2 < output.sas
[t=0.000149542s, 410597152 KB] reading input...
[t=0.0231987s, 410728224 KB] done reading input!
[t=0.0237708s, 410728224 KB] Initializing context-enhanced additive heuristic...
[t=0.0316474s, 410728224 KB] Building successor generator...done!
[t=0.0319558s, 410728224 KB] peak memory difference for successor generator creation: 0 KB
[t=0.0319608s, 410728224 KB] time for successor generation creation: 0.000294959s
[t=0.0319685s, 410728224 KB] Variables: 104
[t=0.0319735s, 410728224 KB] FactPairs: 246
[t=0.0319778s, 410728224 KB] Bytes per state: 16
[t=0.0319952s, 410728224 KB] Conducting lazy best first search, (real) bound = 2147483647
[t=0.032234s, 410728224 KB] New best heuristic value for cea(): 232
[t=0.0322398s, 410728224 KB] g=0, 1 evaluated, 0 expanded
[t=0.0322482s, 410728224 KB] Initial heuristic value for cea(): 232
[t=0.0326375s, 410728224 KB] New best heuristic value for cea(): 80
[t=0.0326419s, 410728224 KB] g=1, 5 evaluated, 4 expanded
[t=0.0329822s, 410728224 KB] New best heuristic value for cea(): 32
[t=0.0329873s, 410728224 KB] g=2, 9 evaluated, 8 expanded
[t=0.0333285s, 410728224 KB] New best heuristic value for cea(): 28
[t=0.0333325s, 410728224 KB] g=3, 13 evaluated, 12 expanded
[t=0.0342016s, 410728224 KB] New best heuristic value for cea(): 26
[t=0.0342056s, 410728224 KB] g=7, 24 evaluated, 23 expanded
[t=0.0348303s, 410728224 KB] New best heuristic value for cea(): 24
[t=0.0348342s, 410728224 KB] g=7, 32 evaluated, 31 expanded
[t=0.0355976s, 410728224 KB] New best heuristic value for cea(): 22
[t=0.0356015s, 410728224 KB] g=11, 42 evaluated, 41 expanded
[t=0.0369813s, 410728224 KB] New best heuristic value for cea(): 20
[t=0.0369853s, 410728224 KB] g=14, 60 evaluated, 59 expanded
[t=0.0372183s, 410728224 KB] New best heuristic value for cea(): 18
[t=0.0372223s, 410728224 KB] g=15, 63 evaluated, 62 expanded
[t=0.0376179s, 410728224 KB] New best heuristic value for cea(): 16
[t=0.0376217s, 410728224 KB] g=18, 68 evaluated, 67 expanded
[t=0.0378564s, 410728224 KB] New best heuristic value for cea(): 14
[t=0.0378603s, 410728224 KB] g=19, 71 evaluated, 70 expanded
[t=0.0383186s, 410728224 KB] New best heuristic value for cea(): 12
[t=0.0383224s, 410728224 KB] g=22, 77 evaluated, 76 expanded
[t=0.0385531s, 410728224 KB] New best heuristic value for cea(): 10
[t=0.0385569s, 410728224 KB] g=23, 80 evaluated, 79 expanded
[t=0.039001s, 410728224 KB] New best heuristic value for cea(): 8
[t=0.0390051s, 410728224 KB] g=26, 86 evaluated, 85 expanded
[t=0.0392155s, 410728224 KB] New best heuristic value for cea(): 4
[t=0.0392193s, 410728224 KB] g=27, 89 evaluated, 88 expanded
[t=0.0392735s, 410728224 KB] New best heuristic value for cea(): 3
[t=0.0392772s, 410728224 KB] g=28, 90 evaluated, 89 expanded
[t=0.0402567s, 410728224 KB] New best heuristic value for cea(): 2
[t=0.0402605s, 410728224 KB] g=38, 106 evaluated, 105 expanded
[t=0.040299s, 410728224 KB] New best heuristic value for cea(): 1
[t=0.0403027s, 410728224 KB] g=39, 107 evaluated, 106 expanded
[t=0.0403094s, 410728224 KB] Solution found!
[t=0.0403138s, 410728224 KB] Actual search time: 0.00831471s
robot_attach_carrier drone carrier1 central_warehouse (1)
robot_load_box drone carrier1 box6 central_warehouse six five (1)
pick_up_content_at_cw drone bolt carrier1 box6 (1)
move_flying drone central_warehouse loc2 (1)
put_down_content drone carrier1 box6 bolt loc2 wor2_1 (1)
move_flying drone loc2 central_warehouse (1)
pick_up_content_at_cw drone parts carrier1 box6 (1)
move_flying drone central_warehouse loc2 (1)
put_down_content drone carrier1 box6 parts loc2 wor2_3 (1)
move_flying drone loc2 central_warehouse (1)
pick_up_content_at_cw drone tool carrier1 box6 (1)
move_flying drone central_warehouse loc2 (1)
put_down_content drone carrier1 box6 tool loc2 wor2_1 (1)
move_flying drone loc2 central_warehouse (1)
pick_up_content_at_cw drone bolt carrier1 box6 (1)
move_flying drone central_warehouse loc3 (1)
put_down_content drone carrier1 box6 bolt loc3 wor3_1 (1)
move_flying drone loc3 central_warehouse (1)
pick_up_content_at_cw drone gears carrier1 box6 (1)
move_flying drone central_warehouse loc3 (1)
put_down_content drone carrier1 box6 gears loc3 wor3_2 (1)
move_flying drone loc3 central_warehouse (1)
pick_up_content_at_cw drone parts carrier1 box6 (1)
move_flying drone central_warehouse loc3 (1)
put_down_content drone carrier1 box6 parts loc3 wor3_1 (1)
move_flying drone loc3 central_warehouse (1)
pick_up_content_at_cw drone valve carrier1 box6 (1)
move_flying drone central_warehouse loc1 (1)
put_down_content drone carrier1 box6 valve loc1 wor1_1 (1)
move_flying drone loc1 loc2 (1)
pick_up_content drone carrier1 box6 tool loc2 wor2_1 (1)
move_flying drone loc2 central_warehouse (1)
put_down_content_at_cw drone tool carrier1 box6 (1)
pick_up_content_at_cw drone valve carrier1 box6 (1)
move_flying drone central_warehouse loc2 (1)
put_down_content drone carrier1 box6 valve loc2 wor2_2 (1)
move_flying drone loc2 central_warehouse (1)
pick_up_content_at_cw drone tool carrier1 box6 (1)
move_flying drone central_warehouse loc2 (1)
put_down_content drone carrier1 box6 tool loc2 wor2_1 (1)
[t=0.0403173s, 410728224 KB] Plan length: 40 step(s).
[t=0.0403173s, 410728224 KB] Plan cost: 40
[t=0.0403173s, 410728224 KB] Expanded 107 state(s).
[t=0.0403173s, 410728224 KB] Reopened 0 state(s).
[t=0.0403173s, 410728224 KB] Evaluated 108 state(s).
[t=0.0403173s, 410728224 KB] Evaluations: 108
[t=0.0403173s, 410728224 KB] Generated 902 state(s).
[t=0.0403173s, 410728224 KB] Dead ends: 0 state(s).
[t=0.0403173s, 410728224 KB] Number of registered states: 108
[t=0.0403173s, 410728224 KB] Int hash set load factor: 108/128 = 0.84375
[t=0.0403173s, 410728224 KB] Int hash set resizes: 7
[t=0.0403173s, 410728224 KB] Search time: 0.00832225s
[t=0.0403173s, 410728224 KB] Total time: 0.0403173s
Solution found.
Peak memory: 410728224 KB
Remove intermediate file output.sas
search exit code: 0

INFO     Planner time: 0.17s
