INFO     planner time limit: 60s
INFO     planner memory limit: None

INFO     Running translator.
INFO     translator stdin: None
INFO     translator time limit: 59s
INFO     translator memory limit: None
INFO     translator command line string: /opt/homebrew/opt/python@3.12/bin/python3.12 /Users/francesco/Desktop/planners/downward/builds/release/bin/translate/translate.py domain.pddl problem_1.pddl --sas-file output.sas
Parsing...
Parsing: [0.000s CPU, 0.001s wall-clock]
Normalizing task... [0.000s CPU, 0.000s wall-clock]
Instantiating...
Generating Datalog program... [0.000s CPU, 0.000s wall-clock]
Normalizing Datalog program...
Normalizing Datalog program: [0.000s CPU, 0.002s wall-clock]
Preparing model... [0.000s CPU, 0.001s wall-clock]
Generated 117 rules.
Computing model... [0.010s CPU, 0.008s wall-clock]
2283 relevant atoms
980 auxiliary atoms
3263 final queue length
7839 total queue pushes
Completing instantiation... [0.030s CPU, 0.032s wall-clock]
Instantiating: [0.040s CPU, 0.044s wall-clock]
Computing fact groups...
Finding invariants...
33 initial candidates
Finding invariants: [0.010s CPU, 0.002s wall-clock]
Checking invariant weight... [0.000s CPU, 0.000s wall-clock]
Instantiating groups... [0.000s CPU, 0.000s wall-clock]
Collecting mutex groups... [0.000s CPU, 0.000s wall-clock]
Choosing groups...
28 uncovered facts
Choosing groups: [0.000s CPU, 0.000s wall-clock]
Building translation key... [0.000s CPU, 0.000s wall-clock]
Computing fact groups: [0.010s CPU, 0.003s wall-clock]
Building STRIPS to SAS dictionary... [0.000s CPU, 0.000s wall-clock]
Building dictionary for full mutex groups... [0.000s CPU, 0.000s wall-clock]
Building mutex information...
Building mutex information: [0.000s CPU, 0.000s wall-clock]
Translating task...
Processing axioms...
Simplifying axioms... [0.000s CPU, 0.000s wall-clock]
Translator axioms removed by simplifying: 0
Computing negative axioms... [0.000s CPU, 0.000s wall-clock]
Processing axioms: [0.000s CPU, 0.003s wall-clock]
Translating task: [0.040s CPU, 0.040s wall-clock]
1238 effect conditions simplified
0 implied preconditions added
Detecting unreachable propositions...
0 operators removed
0 axioms removed
9 propositions removed
Detecting unreachable propositions: [0.010s CPU, 0.015s wall-clock]
Reordering and filtering variables...
37 of 37 variables necessary.
5 of 14 mutex groups necessary.
2012 of 2012 operators necessary.
0 of 0 axiom rules necessary.
Reordering and filtering variables: [0.010s CPU, 0.008s wall-clock]
Translator variables: 37
Translator derived variables: 0
Translator facts: 147
Translator goal facts: 3
Translator mutex groups: 5
Translator total mutex groups size: 50
Translator operators: 2012
Translator axioms: 0
Translator task size: 20401
warning: could not determine peak memory
Writing output... [0.010s CPU, 0.011s wall-clock]
Done! [0.120s CPU, 0.124s wall-clock]
translate exit code: 0

INFO     Running search (release).
INFO     search stdin: output.sas
INFO     search time limit: 59s
INFO     search memory limit: None
INFO     search command line string: /Users/francesco/Desktop/planners/downward/builds/release/bin/downward --evaluator 'lmcut=lmcut()' --search 'lazy_greedy([lmcut], preferred=[lmcut])' --internal-plan-file plans/plan_lazy_greddy_lmcut_1 < output.sas
[t=0.000142875s, 410597152 KB] reading input...
[t=0.0325154s, 410728224 KB] done reading input!
[t=0.0336431s, 410728224 KB] Initializing landmark cut heuristic...
[t=0.0336695s, 410728224 KB] Building successor generator...done!
[t=0.0341633s, 410728224 KB] peak memory difference for successor generator creation: 0 KB
[t=0.0341681s, 410728224 KB] time for successor generation creation: 0.000482792s
[t=0.0341762s, 410728224 KB] Variables: 37
[t=0.0341814s, 410728224 KB] FactPairs: 147
[t=0.0341858s, 410728224 KB] Bytes per state: 8
[t=0.0342064s, 410728224 KB] Conducting lazy best first search, (real) bound = 2147483647
[t=0.0345402s, 410728224 KB] New best heuristic value for lmcut(): 12
[t=0.0345456s, 410728224 KB] g=0, 1 evaluated, 0 expanded
[t=0.0345535s, 410728224 KB] Initial heuristic value for lmcut(): 12
[t=0.0351748s, 410728224 KB] New best heuristic value for lmcut(): 11
[t=0.035179s, 410728224 KB] g=1, 3 evaluated, 2 expanded
[t=0.0357315s, 410728224 KB] New best heuristic value for lmcut(): 10
[t=0.0357355s, 410728224 KB] g=2, 5 evaluated, 4 expanded
[t=0.0362837s, 410728224 KB] New best heuristic value for lmcut(): 9
[t=0.0362876s, 410728224 KB] g=3, 7 evaluated, 6 expanded
[t=0.0365213s, 410728224 KB] New best heuristic value for lmcut(): 8
[t=0.0365257s, 410728224 KB] g=4, 8 evaluated, 7 expanded
[t=0.0478322s, 410728224 KB] New best heuristic value for lmcut(): 7
[t=0.0478382s, 410728224 KB] g=9, 54 evaluated, 53 expanded
[t=0.050025s, 410728224 KB] New best heuristic value for lmcut(): 6
[t=0.0500295s, 410728224 KB] g=11, 64 evaluated, 63 expanded
[t=0.710375s, 410755872 KB] New best heuristic value for lmcut(): 5
[t=0.710403s, 410755872 KB] g=25, 3220 evaluated, 3219 expanded
[t=0.711409s, 410755872 KB] New best heuristic value for lmcut(): 4
[t=0.711415s, 410755872 KB] g=27, 3226 evaluated, 3225 expanded
[t=0.71836s, 410755872 KB] New best heuristic value for lmcut(): 3
[t=0.718365s, 410755872 KB] g=30, 3273 evaluated, 3272 expanded
[t=1.10445s, 410886944 KB] New best heuristic value for lmcut(): 2
[t=1.10447s, 410886944 KB] g=45, 6544 evaluated, 6543 expanded
[t=1.10453s, 410886944 KB] New best heuristic value for lmcut(): 1
[t=1.10453s, 410886944 KB] g=46, 6545 evaluated, 6544 expanded
[t=1.10464s, 410886944 KB] Solution found!
[t=1.10465s, 410886944 KB] Actual search time: 1.07044s
robot_attach_carrier walker carrier1 central_warehouse (1)
robot_load_box walker carrier1 box1 central_warehouse one zero (1)
robot_detach_carrier walker carrier1 central_warehouse (1)
move_walking walker central_warehouse loc1 (1)
move_jumping jumper central_warehouse loc1 loc2 (1)
move_walking walker loc1 central_warehouse (1)
robot_attach_carrier walker carrier2 central_warehouse (1)
robot_load_box walker carrier2 box2 central_warehouse two one (1)
pick_up_content_at_cw walker valve carrier2 box2 (1)
robot_detach_carrier walker carrier2 central_warehouse (1)
move_jumping jumper loc2 loc3 loc4 (1)
robot_attach_carrier walker carrier1 central_warehouse (1)
pick_up_content_at_cw walker valve carrier1 box1 (1)
move_walking walker central_warehouse loc1 (1)
put_down_content walker carrier1 box1 valve loc1 wor1_1 (1)
move_walking walker loc1 central_warehouse (1)
pick_up_content_at_cw walker tool carrier1 box1 (1)
robot_detach_carrier walker carrier1 central_warehouse (1)
robot_attach_carrier walker carrier2 central_warehouse (1)
put_down_content_at_cw walker valve carrier2 box2 (1)
pick_up_content_at_cw walker tool carrier2 box2 (1)
move_walking walker central_warehouse loc1 (1)
move_walking walker loc1 loc2 (1)
move_walking walker loc2 loc3 (1)
move_walking walker loc3 loc4 (1)
move_walking walker loc4 loc5 (1)
move_walking walker loc5 loc6 (1)
put_down_content walker carrier2 box2 tool loc6 wor6_1 (1)
move_jumping jumper loc4 loc5 loc6 (1)
robot_detach_carrier walker carrier2 loc6 (1)
robot_attach_carrier jumper carrier2 loc6 (1)
move_walking walker loc6 loc5 (1)
move_walking walker loc5 loc4 (1)
move_walking walker loc4 loc3 (1)
move_walking walker loc3 loc2 (1)
move_walking walker loc2 loc1 (1)
move_walking walker loc1 central_warehouse (1)
robot_attach_carrier walker carrier1 central_warehouse (1)
move_walking walker central_warehouse loc1 (1)
move_walking walker loc1 loc2 (1)
move_walking walker loc2 loc3 (1)
move_walking walker loc3 loc4 (1)
move_walking walker loc4 loc5 (1)
move_walking walker loc5 loc6 (1)
move_walking walker loc6 loc7 (1)
move_walking walker loc7 loc8 (1)
put_down_content walker carrier1 box1 tool loc8 wor8_1 (1)
[t=1.10465s, 410886944 KB] Plan length: 47 step(s).
[t=1.10465s, 410886944 KB] Plan cost: 47
[t=1.10465s, 410886944 KB] Expanded 6546 state(s).
[t=1.10465s, 410886944 KB] Reopened 0 state(s).
[t=1.10465s, 410886944 KB] Evaluated 6547 state(s).
[t=1.10465s, 410886944 KB] Evaluations: 6547
[t=1.10465s, 410886944 KB] Generated 42817 state(s).
[t=1.10465s, 410886944 KB] Dead ends: 0 state(s).
[t=1.10465s, 410886944 KB] Number of registered states: 6547
[t=1.10465s, 410886944 KB] Int hash set load factor: 6547/8192 = 0.799194
[t=1.10465s, 410886944 KB] Int hash set resizes: 13
[t=1.10465s, 410886944 KB] Search time: 1.07045s
[t=1.10465s, 410886944 KB] Total time: 1.10465s
Solution found.
Peak memory: 410886944 KB
Remove intermediate file output.sas
search exit code: 0

INFO     Planner time: 1.28s
