INFO     planner time limit: 60s
INFO     planner memory limit: None

INFO     Running translator.
INFO     translator stdin: None
INFO     translator time limit: 59s
INFO     translator memory limit: None
INFO     translator command line string: /opt/homebrew/opt/python@3.12/bin/python3.12 /Users/francesco/Desktop/planners/downward/builds/release/bin/translate/translate.py domain.pddl problem_3.pddl --sas-file output.sas
Parsing...
Parsing: [0.000s CPU, 0.001s wall-clock]
Normalizing task... [0.000s CPU, 0.000s wall-clock]
Instantiating...
Generating Datalog program... [0.000s CPU, 0.000s wall-clock]
Normalizing Datalog program...
Normalizing Datalog program: [0.000s CPU, 0.001s wall-clock]
Preparing model... [0.000s CPU, 0.001s wall-clock]
Generated 59 rules.
Computing model... [0.010s CPU, 0.003s wall-clock]
855 relevant atoms
671 auxiliary atoms
1526 final queue length
2131 total queue pushes
Completing instantiation... [0.000s CPU, 0.005s wall-clock]
Instantiating: [0.010s CPU, 0.010s wall-clock]
Computing fact groups...
Finding invariants...
22 initial candidates
Finding invariants: [0.000s CPU, 0.001s wall-clock]
Checking invariant weight... [0.000s CPU, 0.000s wall-clock]
Instantiating groups... [0.000s CPU, 0.000s wall-clock]
Collecting mutex groups... [0.000s CPU, 0.000s wall-clock]
Choosing groups...
113 uncovered facts
Choosing groups: [0.000s CPU, 0.000s wall-clock]
Building translation key... [0.000s CPU, 0.000s wall-clock]
Computing fact groups: [0.000s CPU, 0.002s wall-clock]
Building STRIPS to SAS dictionary... [0.000s CPU, 0.000s wall-clock]
Building dictionary for full mutex groups... [0.000s CPU, 0.000s wall-clock]
Building mutex information...
Building mutex information: [0.000s CPU, 0.000s wall-clock]
Translating task...
Processing axioms...
Simplifying axioms... [0.000s CPU, 0.000s wall-clock]
Translator axioms removed by simplifying: 0
Computing negative axioms... [0.000s CPU, 0.000s wall-clock]
Processing axioms: [0.000s CPU, 0.001s wall-clock]
Translating task: [0.010s CPU, 0.008s wall-clock]
668 effect conditions simplified
0 implied preconditions added
Detecting unreachable propositions...
0 operators removed
0 axioms removed
3 propositions removed
Detecting unreachable propositions: [0.000s CPU, 0.004s wall-clock]
Reordering and filtering variables...
116 of 116 variables necessary.
2 of 5 mutex groups necessary.
508 of 508 operators necessary.
0 of 0 axiom rules necessary.
Reordering and filtering variables: [0.010s CPU, 0.003s wall-clock]
Translator variables: 116
Translator derived variables: 0
Translator facts: 279
Translator goal facts: 16
Translator mutex groups: 2
Translator total mutex groups size: 36
Translator operators: 508
Translator axioms: 0
Translator task size: 4723
warning: could not determine peak memory
Writing output... [0.000s CPU, 0.003s wall-clock]
Done! [0.030s CPU, 0.032s wall-clock]
translate exit code: 0

INFO     Running search (release).
INFO     search stdin: output.sas
INFO     search time limit: 59s
INFO     search memory limit: None
INFO     search command line string: /Users/francesco/Desktop/planners/downward/builds/release/bin/downward --evaluator 'ff=ff()' --evaluator 'lmcut=lmcut()' --search 'eager(tiebreaking([sum([g(), ff, lmcut]), ff, lmcut], unsafe_pruning=false), reopen_closed=true, f_eval=sum([g(), ff, lmcut]))' --internal-plan-file plans/plan_astar_ff+lmcut_3 < output.sas
[t=0.000149125s, 410606368 KB] reading input...
[t=0.00863567s, 410737440 KB] done reading input!
[t=0.00944558s, 410737440 KB] Simplifying 1436 unary operators... done! [1426 unary operators]
[t=0.0112548s, 410737440 KB] time to simplify: 0.00181158s
[t=0.0113003s, 410737440 KB] Initializing additive heuristic...
[t=0.0113056s, 410737440 KB] Initializing FF heuristic...
[t=0.0114601s, 410737440 KB] Initializing landmark cut heuristic...
[t=0.0114921s, 410737440 KB] Building successor generator...done!
[t=0.0116455s, 410737440 KB] peak memory difference for successor generator creation: 0 KB
[t=0.01165s, 410737440 KB] time for successor generation creation: 0.000143209s
[t=0.0116561s, 410737440 KB] Variables: 116
[t=0.0116692s, 410737440 KB] FactPairs: 279
[t=0.0116727s, 410737440 KB] Bytes per state: 16
[t=0.0116882s, 410737440 KB] Conducting best first search with reopening closed nodes, (real) bound = 2147483647
[t=0.0118786s, 410737440 KB] New best heuristic value for lmcut(): 34
[t=0.0118833s, 410737440 KB] New best heuristic value for ff(): 39
[t=0.0118867s, 410737440 KB] g=0, 1 evaluated, 0 expanded
[t=0.0118909s, 410737440 KB] f = 73, 1 evaluated, 0 expanded
[t=0.0118962s, 410737440 KB] Initial heuristic value for ff(): 39
[t=0.0118996s, 410737440 KB] Initial heuristic value for lmcut(): 34
[t=0.0119029s, 410737440 KB] pruning method: none
[t=0.0127388s, 410737440 KB] New best heuristic value for lmcut(): 30
[t=0.0127429s, 410737440 KB] New best heuristic value for ff(): 38
[t=0.0127462s, 410737440 KB] g=1, 6 evaluated, 1 expanded
[t=0.0137007s, 410737440 KB] New best heuristic value for lmcut(): 29
[t=0.013705s, 410737440 KB] g=2, 12 evaluated, 2 expanded
[t=0.0150153s, 410737440 KB] New best heuristic value for ff(): 37
[t=0.0150205s, 410737440 KB] g=3, 20 evaluated, 3 expanded
[t=0.0153288s, 410737440 KB] New best heuristic value for lmcut(): 27
[t=0.0153328s, 410737440 KB] g=3, 22 evaluated, 3 expanded
[t=0.0238898s, 410737440 KB] New best heuristic value for lmcut(): 25
[t=0.0238947s, 410737440 KB] g=4, 77 evaluated, 14 expanded
[t=0.0240362s, 410737440 KB] New best heuristic value for lmcut(): 23
[t=0.02404s, 410737440 KB] g=4, 78 evaluated, 14 expanded
[t=0.030759s, 410737440 KB] New best heuristic value for lmcut(): 22
[t=0.0307636s, 410737440 KB] g=9, 125 evaluated, 24 expanded
[t=0.0313379s, 410737440 KB] New best heuristic value for lmcut(): 21
[t=0.0313418s, 410737440 KB] g=9, 129 evaluated, 24 expanded
[t=0.032778s, 410737440 KB] New best heuristic value for ff(): 36
[t=0.0327818s, 410737440 KB] g=10, 139 evaluated, 26 expanded
[t=0.0533469s, 410737440 KB] New best heuristic value for lmcut(): 20
[t=0.0533519s, 410737440 KB] g=13, 283 evaluated, 83 expanded
[t=0.0550863s, 410737440 KB] New best heuristic value for ff(): 35
[t=0.0550907s, 410737440 KB] g=14, 295 evaluated, 85 expanded
[t=0.614663s, 410878752 KB] New best heuristic value for ff(): 34
[t=0.614698s, 410878752 KB] g=16, 4185 evaluated, 1294 expanded
[t=0.753365s, 410878752 KB] New best heuristic value for lmcut(): 17
[t=0.753373s, 410878752 KB] g=9, 5155 evaluated, 1630 expanded
[t=3.25842s, 411019040 KB] New best heuristic value for ff(): 33
[t=3.25845s, 411019040 KB] g=20, 22665 evaluated, 6995 expanded, 4 reopened
[t=4.15785s, 411019040 KB] New best heuristic value for ff(): 32
[t=4.15786s, 411019040 KB] g=18, 29133 evaluated, 8772 expanded, 4 reopened
[t=6.54976s, 411019040 KB] New best heuristic value for lmcut(): 16
[t=6.5498s, 411019040 KB] g=13, 45861 evaluated, 14721 expanded, 22 reopened
[t=7.7254s, 411019040 KB] f = 74, 53850 evaluated, 17769 expanded, 28 reopened
[t=9.59251s, 411150112 KB] New best heuristic value for ff(): 31
[t=9.59255s, 411150112 KB] g=22, 67246 evaluated, 21660 expanded, 80 reopened
[t=27.117s, 411150112 KB] f = 75, 188664 evaluated, 61304 expanded, 829 reopened
[t=27.2578s, 411150112 KB] New best heuristic value for ff(): 30
[t=27.2578s, 411150112 KB] g=21, 189725 evaluated, 61587 expanded, 829 reopened
[t=28.3305s, 411150112 KB] New best heuristic value for lmcut(): 15
[t=28.3305s, 411150112 KB] g=21, 197661 evaluated, 63640 expanded, 829 reopened
Peak memory: 411150112 KB
caught signal 24 -- exiting
Time limit has been reached.
Remove intermediate file output.sas
search exit code: 23

Driver aborting after search
INFO     Planner time: 58.14s
