INFO     planner time limit: 60s
INFO     planner memory limit: None

INFO     Running translator.
INFO     translator stdin: None
INFO     translator time limit: 59s
INFO     translator memory limit: None
INFO     translator command line string: /opt/homebrew/opt/python@3.12/bin/python3.12 /Users/francesco/Desktop/planners/downward/builds/release/bin/translate/translate.py domain.pddl problem_2.pddl --sas-file output.sas
Parsing...
Parsing: [0.000s CPU, 0.001s wall-clock]
Normalizing task... [0.000s CPU, 0.000s wall-clock]
Instantiating...
Generating Datalog program... [0.000s CPU, 0.000s wall-clock]
Normalizing Datalog program...
Normalizing Datalog program: [0.000s CPU, 0.001s wall-clock]
Preparing model... [0.000s CPU, 0.000s wall-clock]
Generated 59 rules.
Computing model... [0.000s CPU, 0.001s wall-clock]
260 relevant atoms
225 auxiliary atoms
485 final queue length
632 total queue pushes
Completing instantiation... [0.000s CPU, 0.001s wall-clock]
Instantiating: [0.000s CPU, 0.004s wall-clock]
Computing fact groups...
Finding invariants...
22 initial candidates
Finding invariants: [0.000s CPU, 0.001s wall-clock]
Checking invariant weight... [0.000s CPU, 0.000s wall-clock]
Instantiating groups... [0.000s CPU, 0.000s wall-clock]
Collecting mutex groups... [0.000s CPU, 0.000s wall-clock]
Choosing groups...
32 uncovered facts
Choosing groups: [0.000s CPU, 0.000s wall-clock]
Building translation key... [0.000s CPU, 0.000s wall-clock]
Computing fact groups: [0.000s CPU, 0.001s wall-clock]
Building STRIPS to SAS dictionary... [0.000s CPU, 0.000s wall-clock]
Building dictionary for full mutex groups... [0.000s CPU, 0.000s wall-clock]
Building mutex information...
Building mutex information: [0.000s CPU, 0.000s wall-clock]
Translating task...
Processing axioms...
Simplifying axioms... [0.010s CPU, 0.000s wall-clock]
Translator axioms removed by simplifying: 0
Computing negative axioms... [0.000s CPU, 0.000s wall-clock]
Processing axioms: [0.010s CPU, 0.000s wall-clock]
Translating task: [0.010s CPU, 0.002s wall-clock]
162 effect conditions simplified
0 implied preconditions added
Detecting unreachable propositions...
0 operators removed
0 axioms removed
3 propositions removed
Detecting unreachable propositions: [0.000s CPU, 0.001s wall-clock]
Reordering and filtering variables...
35 of 35 variables necessary.
2 of 5 mutex groups necessary.
130 of 130 operators necessary.
0 of 0 axiom rules necessary.
Reordering and filtering variables: [0.000s CPU, 0.001s wall-clock]
Translator variables: 35
Translator derived variables: 0
Translator facts: 84
Translator goal facts: 4
Translator mutex groups: 2
Translator total mutex groups size: 14
Translator operators: 130
Translator axioms: 0
Translator task size: 1205
warning: could not determine peak memory
Writing output... [0.000s CPU, 0.001s wall-clock]
Done! [0.010s CPU, 0.011s wall-clock]
translate exit code: 0

INFO     Running search (release).
INFO     search stdin: output.sas
INFO     search time limit: 59s
INFO     search memory limit: None
INFO     search command line string: /Users/francesco/Desktop/planners/downward/builds/release/bin/downward --search 'astar(cea())' --internal-plan-file plans/plan_astar_cea_2 < output.sas
[t=0.00014625s, 410597152 KB] reading input...
[t=0.00233092s, 410597152 KB] done reading input!
[t=0.00284213s, 410597152 KB] Initializing context-enhanced additive heuristic...
[t=0.00350992s, 410597152 KB] Building successor generator...done!
[t=0.00356054s, 410597152 KB] peak memory difference for successor generator creation: 0 KB
[t=0.00356533s, 410597152 KB] time for successor generation creation: 3.9167e-05s
[t=0.00357121s, 410597152 KB] Variables: 35
[t=0.003576s, 410597152 KB] FactPairs: 84
[t=0.00358042s, 410597152 KB] Bytes per state: 8
[t=0.00359121s, 410597152 KB] Conducting best first search with reopening closed nodes, (real) bound = 2147483647
[t=0.00362983s, 410597152 KB] New best heuristic value for cea(): 43
[t=0.00363492s, 410597152 KB] g=0, 1 evaluated, 0 expanded
[t=0.00363967s, 410597152 KB] f = 43, 1 evaluated, 0 expanded
[t=0.00364583s, 410597152 KB] Initial heuristic value for cea(): 43
[t=0.00366092s, 410597152 KB] pruning method: none
[t=0.00368867s, 410597152 KB] New best heuristic value for cea(): 19
[t=0.00369275s, 410597152 KB] g=1, 3 evaluated, 1 expanded
[t=0.00372133s, 410597152 KB] New best heuristic value for cea(): 17
[t=0.00372517s, 410597152 KB] g=2, 6 evaluated, 2 expanded
[t=0.00373596s, 410597152 KB] New best heuristic value for cea(): 15
[t=0.00373954s, 410597152 KB] g=2, 7 evaluated, 2 expanded
[t=0.00375687s, 410597152 KB] New best heuristic value for cea(): 13
[t=0.003761s, 410597152 KB] g=3, 9 evaluated, 3 expanded
[t=0.00401738s, 410597152 KB] New best heuristic value for cea(): 11
[t=0.00402171s, 410597152 KB] g=7, 46 evaluated, 12 expanded
[t=0.00421642s, 410597152 KB] New best heuristic value for cea(): 9
[t=0.00422038s, 410597152 KB] g=10, 75 evaluated, 20 expanded
[t=0.00426908s, 410597152 KB] New best heuristic value for cea(): 8
[t=0.00427283s, 410597152 KB] g=11, 82 evaluated, 21 expanded
[t=0.00483175s, 410597152 KB] New best heuristic value for cea(): 6
[t=0.00483562s, 410597152 KB] g=13, 176 evaluated, 45 expanded
[t=0.00495225s, 410597152 KB] New best heuristic value for cea(): 4
[t=0.00495596s, 410597152 KB] g=16, 194 evaluated, 50 expanded
[t=0.00500129s, 410597152 KB] New best heuristic value for cea(): 3
[t=0.00500496s, 410597152 KB] g=17, 201 evaluated, 51 expanded
[t=0.00607071s, 410597152 KB] New best heuristic value for cea(): 2
[t=0.00607642s, 410597152 KB] g=19, 386 evaluated, 97 expanded
[t=0.00610604s, 410597152 KB] New best heuristic value for cea(): 1
[t=0.00610962s, 410597152 KB] g=20, 391 evaluated, 98 expanded
[t=0.00612621s, 410597152 KB] New best heuristic value for cea(): 0
[t=0.00612975s, 410597152 KB] g=21, 394 evaluated, 99 expanded
[t=0.00613879s, 410597152 KB] Solution found!
[t=0.00614321s, 410597152 KB] Actual search time: 0.00247996s
pick_up_box rob1 box1 central_warehouse (1)
pick_up_content_at_cw rob1 box1 tool (1)
move rob1 central_warehouse loc1 (1)
put_down_content rob1 box1 tool loc1 wor1_1 (1)
move rob1 loc1 central_warehouse (1)
pick_up_content_at_cw rob1 box1 valve (1)
move rob1 central_warehouse loc1 (1)
move rob1 loc1 loc5 (1)
put_down_content rob1 box1 valve loc5 wor5_1 (1)
move rob1 loc5 loc1 (1)
move rob1 loc1 central_warehouse (1)
pick_up_content_at_cw rob1 box1 bolt (1)
move rob1 central_warehouse loc1 (1)
move rob1 loc1 loc2 (1)
put_down_content rob1 box1 bolt loc2 wor2_2 (1)
move rob1 loc2 loc1 (1)
move rob1 loc1 central_warehouse (1)
pick_up_content_at_cw rob1 box1 tool (1)
move rob1 central_warehouse loc1 (1)
move rob1 loc1 loc5 (1)
put_down_content rob1 box1 tool loc5 wor5_1 (1)
[t=0.00614667s, 410597152 KB] Plan length: 21 step(s).
[t=0.00614667s, 410597152 KB] Plan cost: 21
[t=0.00614667s, 410597152 KB] Expanded 100 state(s).
[t=0.00614667s, 410597152 KB] Reopened 0 state(s).
[t=0.00614667s, 410597152 KB] Evaluated 395 state(s).
[t=0.00614667s, 410597152 KB] Evaluations: 395
[t=0.00614667s, 410597152 KB] Generated 500 state(s).
[t=0.00614667s, 410597152 KB] Dead ends: 0 state(s).
[t=0.00614667s, 410597152 KB] Expanded until last jump: 0 state(s).
[t=0.00614667s, 410597152 KB] Reopened until last jump: 0 state(s).
[t=0.00614667s, 410597152 KB] Evaluated until last jump: 1 state(s).
[t=0.00614667s, 410597152 KB] Generated until last jump: 0 state(s).
[t=0.00614667s, 410597152 KB] Number of registered states: 395
[t=0.00614667s, 410597152 KB] Int hash set load factor: 395/512 = 0.771484
[t=0.00614667s, 410597152 KB] Int hash set resizes: 9
[t=0.00614667s, 410597152 KB] Search time: 0.00255546s
[t=0.00614667s, 410597152 KB] Total time: 0.00614667s
Solution found.
Peak memory: 410597152 KB
Remove intermediate file output.sas
search exit code: 0

INFO     Planner time: 0.06s
