INFO     planner time limit: 60s
INFO     planner memory limit: None

INFO     Running translator.
INFO     translator stdin: None
INFO     translator time limit: 59s
INFO     translator memory limit: None
INFO     translator command line string: /opt/homebrew/opt/python@3.12/bin/python3.12 /Users/francesco/Desktop/planners/downward/builds/release/bin/translate/translate.py domain.pddl problem_2.pddl --sas-file output.sas
Parsing...
Parsing: [0.000s CPU, 0.001s wall-clock]
Normalizing task... [0.000s CPU, 0.000s wall-clock]
Instantiating...
Generating Datalog program... [0.000s CPU, 0.000s wall-clock]
Normalizing Datalog program...
Normalizing Datalog program: [0.000s CPU, 0.001s wall-clock]
Preparing model... [0.000s CPU, 0.000s wall-clock]
Generated 59 rules.
Computing model... [0.000s CPU, 0.001s wall-clock]
260 relevant atoms
225 auxiliary atoms
485 final queue length
632 total queue pushes
Completing instantiation... [0.000s CPU, 0.001s wall-clock]
Instantiating: [0.000s CPU, 0.004s wall-clock]
Computing fact groups...
Finding invariants...
22 initial candidates
Finding invariants: [0.000s CPU, 0.001s wall-clock]
Checking invariant weight... [0.000s CPU, 0.000s wall-clock]
Instantiating groups... [0.000s CPU, 0.000s wall-clock]
Collecting mutex groups... [0.000s CPU, 0.000s wall-clock]
Choosing groups...
32 uncovered facts
Choosing groups: [0.000s CPU, 0.000s wall-clock]
Building translation key... [0.000s CPU, 0.000s wall-clock]
Computing fact groups: [0.000s CPU, 0.001s wall-clock]
Building STRIPS to SAS dictionary... [0.000s CPU, 0.000s wall-clock]
Building dictionary for full mutex groups... [0.000s CPU, 0.000s wall-clock]
Building mutex information...
Building mutex information: [0.000s CPU, 0.000s wall-clock]
Translating task...
Processing axioms...
Simplifying axioms... [0.000s CPU, 0.000s wall-clock]
Translator axioms removed by simplifying: 0
Computing negative axioms... [0.000s CPU, 0.000s wall-clock]
Processing axioms: [0.010s CPU, 0.000s wall-clock]
Translating task: [0.010s CPU, 0.002s wall-clock]
162 effect conditions simplified
0 implied preconditions added
Detecting unreachable propositions...
0 operators removed
0 axioms removed
3 propositions removed
Detecting unreachable propositions: [0.000s CPU, 0.001s wall-clock]
Reordering and filtering variables...
35 of 35 variables necessary.
2 of 5 mutex groups necessary.
130 of 130 operators necessary.
0 of 0 axiom rules necessary.
Reordering and filtering variables: [0.000s CPU, 0.001s wall-clock]
Translator variables: 35
Translator derived variables: 0
Translator facts: 84
Translator goal facts: 4
Translator mutex groups: 2
Translator total mutex groups size: 14
Translator operators: 130
Translator axioms: 0
Translator task size: 1205
warning: could not determine peak memory
Writing output... [0.000s CPU, 0.001s wall-clock]
Done! [0.010s CPU, 0.011s wall-clock]
translate exit code: 0

INFO     Running search (release).
INFO     search stdin: output.sas
INFO     search time limit: 59s
INFO     search memory limit: None
INFO     search command line string: /Users/francesco/Desktop/planners/downward/builds/release/bin/downward --search 'astar(cg())' --internal-plan-file plans/plan_astar_cg_2 < output.sas
[t=0.000145125s, 410597152 KB] reading input...
[t=0.00230642s, 410597152 KB] done reading input!
[t=0.00283388s, 410597152 KB] Initializing causal graph heuristic...
[t=0.00284233s, 410597152 KB] Initializing heuristic cache... building causal graph...done! [t=0.000108292s]
[t=0.004272s, 410728224 KB] done!
[t=0.00461308s, 410728224 KB] Building successor generator...done!
[t=0.00466454s, 410728224 KB] peak memory difference for successor generator creation: 0 KB
[t=0.00466937s, 410728224 KB] time for successor generation creation: 3.9292e-05s
[t=0.00467571s, 410728224 KB] Variables: 35
[t=0.00468079s, 410728224 KB] FactPairs: 84
[t=0.00468554s, 410728224 KB] Bytes per state: 8
[t=0.004698s, 410728224 KB] Conducting best first search with reopening closed nodes, (real) bound = 2147483647
[t=0.00472196s, 410728224 KB] New best heuristic value for cg(): 43
[t=0.00472717s, 410728224 KB] g=0, 1 evaluated, 0 expanded
[t=0.00473896s, 410728224 KB] f = 43, 1 evaluated, 0 expanded
[t=0.00474617s, 410728224 KB] Initial heuristic value for cg(): 43
[t=0.00474996s, 410728224 KB] pruning method: none
[t=0.00477592s, 410728224 KB] New best heuristic value for cg(): 19
[t=0.00478033s, 410728224 KB] g=1, 3 evaluated, 1 expanded
[t=0.00479654s, 410728224 KB] New best heuristic value for cg(): 17
[t=0.00480012s, 410728224 KB] g=2, 5 evaluated, 2 expanded
[t=0.00480738s, 410728224 KB] New best heuristic value for cg(): 16
[t=0.00481108s, 410728224 KB] g=2, 6 evaluated, 2 expanded
[t=0.00481846s, 410728224 KB] New best heuristic value for cg(): 13
[t=0.00482221s, 410728224 KB] g=2, 7 evaluated, 2 expanded
[t=0.00483192s, 410728224 KB] New best heuristic value for cg(): 11
[t=0.00483554s, 410728224 KB] g=3, 9 evaluated, 3 expanded
[t=0.00486483s, 410728224 KB] New best heuristic value for cg(): 10
[t=0.00486887s, 410728224 KB] g=4, 14 evaluated, 4 expanded
[t=0.00510583s, 410728224 KB] New best heuristic value for cg(): 8
[t=0.00511083s, 410728224 KB] g=8, 85 evaluated, 25 expanded
[t=0.00521079s, 410728224 KB] New best heuristic value for cg(): 7
[t=0.00521633s, 410728224 KB] g=11, 124 evaluated, 36 expanded
[t=0.00579767s, 410728224 KB] New best heuristic value for cg(): 6
[t=0.00580271s, 410728224 KB] g=13, 372 evaluated, 113 expanded
[t=0.00581104s, 410728224 KB] New best heuristic value for cg(): 5
[t=0.0058145s, 410728224 KB] g=14, 374 evaluated, 114 expanded
[t=0.00587117s, 410728224 KB] New best heuristic value for cg(): 3
[t=0.00587508s, 410728224 KB] g=17, 400 evaluated, 121 expanded
[t=0.00704462s, 410728224 KB] New best heuristic value for cg(): 2
[t=0.00704875s, 410728224 KB] g=19, 979 evaluated, 327 expanded, 20 reopened
[t=0.0070565s, 410728224 KB] New best heuristic value for cg(): 1
[t=0.00705996s, 410728224 KB] g=20, 981 evaluated, 328 expanded, 20 reopened
[t=0.00707687s, 410728224 KB] New best heuristic value for cg(): 0
[t=0.00708054s, 410728224 KB] g=21, 989 evaluated, 329 expanded, 20 reopened
[t=0.00708471s, 410728224 KB] Solution found!
[t=0.00708871s, 410728224 KB] Actual search time: 0.00233671s
pick_up_box rob1 box1 central_warehouse (1)
pick_up_content_at_cw rob1 box1 tool (1)
move rob1 central_warehouse loc1 (1)
put_down_content rob1 box1 tool loc1 wor1_1 (1)
move rob1 loc1 central_warehouse (1)
pick_up_content_at_cw rob1 box1 valve (1)
move rob1 central_warehouse loc1 (1)
move rob1 loc1 loc5 (1)
put_down_content rob1 box1 valve loc5 wor5_1 (1)
move rob1 loc5 loc1 (1)
move rob1 loc1 central_warehouse (1)
pick_up_content_at_cw rob1 box1 tool (1)
move rob1 central_warehouse loc1 (1)
move rob1 loc1 loc5 (1)
put_down_content rob1 box1 tool loc5 wor5_1 (1)
move rob1 loc5 loc1 (1)
move rob1 loc1 central_warehouse (1)
pick_up_content_at_cw rob1 box1 bolt (1)
move rob1 central_warehouse loc1 (1)
move rob1 loc1 loc2 (1)
put_down_content rob1 box1 bolt loc2 wor2_2 (1)
[t=0.00709208s, 410728224 KB] Plan length: 21 step(s).
[t=0.00709208s, 410728224 KB] Plan cost: 21
[t=0.00709208s, 410728224 KB] Expanded 330 state(s).
[t=0.00709208s, 410728224 KB] Reopened 20 state(s).
[t=0.00709208s, 410728224 KB] Evaluated 989 state(s).
[t=0.00709208s, 410728224 KB] Evaluations: 989
[t=0.00709208s, 410728224 KB] Generated 1424 state(s).
[t=0.00709208s, 410728224 KB] Dead ends: 0 state(s).
[t=0.00709208s, 410728224 KB] Expanded until last jump: 0 state(s).
[t=0.00709208s, 410728224 KB] Reopened until last jump: 0 state(s).
[t=0.00709208s, 410728224 KB] Evaluated until last jump: 1 state(s).
[t=0.00709208s, 410728224 KB] Generated until last jump: 0 state(s).
[t=0.00709208s, 410728224 KB] Number of registered states: 989
[t=0.00709208s, 410728224 KB] Int hash set load factor: 989/1024 = 0.96582
[t=0.00709208s, 410728224 KB] Int hash set resizes: 10
[t=0.00709208s, 410728224 KB] Search time: 0.00239446s
[t=0.00709208s, 410728224 KB] Total time: 0.00709208s
Solution found.
Peak memory: 410728224 KB
Remove intermediate file output.sas
search exit code: 0

INFO     Planner time: 0.06s
