INFO     planner time limit: 60s
INFO     planner memory limit: None

INFO     Running translator.
INFO     translator stdin: None
INFO     translator time limit: 59s
INFO     translator memory limit: None
INFO     translator command line string: /opt/homebrew/opt/python@3.12/bin/python3.12 /Users/francesco/Desktop/planners/downward/builds/release/bin/translate/translate.py domain.pddl problem_4.pddl --sas-file output.sas
Parsing...
Parsing: [0.000s CPU, 0.001s wall-clock]
Normalizing task... [0.000s CPU, 0.000s wall-clock]
Instantiating...
Generating Datalog program... [0.000s CPU, 0.000s wall-clock]
Normalizing Datalog program...
Normalizing Datalog program: [0.000s CPU, 0.001s wall-clock]
Preparing model... [0.000s CPU, 0.001s wall-clock]
Generated 59 rules.
Computing model... [0.010s CPU, 0.004s wall-clock]
1386 relevant atoms
892 auxiliary atoms
2278 final queue length
3632 total queue pushes
Completing instantiation... [0.010s CPU, 0.010s wall-clock]
Instantiating: [0.020s CPU, 0.017s wall-clock]
Computing fact groups...
Finding invariants...
22 initial candidates
Finding invariants: [0.000s CPU, 0.001s wall-clock]
Checking invariant weight... [0.000s CPU, 0.000s wall-clock]
Instantiating groups... [0.000s CPU, 0.000s wall-clock]
Collecting mutex groups... [0.000s CPU, 0.000s wall-clock]
Choosing groups...
114 uncovered facts
Choosing groups: [0.000s CPU, 0.000s wall-clock]
Building translation key... [0.000s CPU, 0.000s wall-clock]
Computing fact groups: [0.000s CPU, 0.002s wall-clock]
Building STRIPS to SAS dictionary... [0.000s CPU, 0.000s wall-clock]
Building dictionary for full mutex groups... [0.000s CPU, 0.000s wall-clock]
Building mutex information...
Building mutex information: [0.000s CPU, 0.000s wall-clock]
Translating task...
Processing axioms...
Simplifying axioms... [0.000s CPU, 0.000s wall-clock]
Translator axioms removed by simplifying: 0
Computing negative axioms... [0.000s CPU, 0.000s wall-clock]
Processing axioms: [0.000s CPU, 0.001s wall-clock]
Translating task: [0.020s CPU, 0.017s wall-clock]
1336 effect conditions simplified
0 implied preconditions added
Detecting unreachable propositions...
0 operators removed
0 axioms removed
4 propositions removed
Detecting unreachable propositions: [0.000s CPU, 0.007s wall-clock]
Reordering and filtering variables...
118 of 118 variables necessary.
2 of 6 mutex groups necessary.
1016 of 1016 operators necessary.
0 of 0 axiom rules necessary.
Reordering and filtering variables: [0.010s CPU, 0.004s wall-clock]
Translator variables: 118
Translator derived variables: 0
Translator facts: 300
Translator goal facts: 16
Translator mutex groups: 2
Translator total mutex groups size: 36
Translator operators: 1016
Translator axioms: 0
Translator task size: 9022
warning: could not determine peak memory
Writing output... [0.000s CPU, 0.005s wall-clock]
Done! [0.050s CPU, 0.054s wall-clock]
translate exit code: 0

INFO     Running search (release).
INFO     search stdin: output.sas
INFO     search time limit: 59s
INFO     search memory limit: None
INFO     search command line string: /Users/francesco/Desktop/planners/downward/builds/release/bin/downward --search 'astar(lmcut())' --internal-plan-file plans/plan_astar_lmcut_4 < output.sas
[t=0.000146833s, 410597152 KB] reading input...
[t=0.0160572s, 410728224 KB] done reading input!
[t=0.0168409s, 410728224 KB] Initializing landmark cut heuristic...
[t=0.0168575s, 410728224 KB] Building successor generator...done!
[t=0.0171473s, 410728224 KB] peak memory difference for successor generator creation: 0 KB
[t=0.0171522s, 410728224 KB] time for successor generation creation: 0.000278917s
[t=0.0171597s, 410728224 KB] Variables: 118
[t=0.0171647s, 410728224 KB] FactPairs: 300
[t=0.0171691s, 410728224 KB] Bytes per state: 20
[t=0.0171796s, 410728224 KB] Conducting best first search with reopening closed nodes, (real) bound = 2147483647
[t=0.0175056s, 410728224 KB] New best heuristic value for lmcut(): 34
[t=0.0175113s, 410728224 KB] g=0, 1 evaluated, 0 expanded
[t=0.0175162s, 410728224 KB] f = 34, 1 evaluated, 0 expanded
[t=0.0175224s, 410728224 KB] Initial heuristic value for lmcut(): 34
[t=0.0175352s, 410728224 KB] pruning method: none
[t=0.0178508s, 410728224 KB] New best heuristic value for lmcut(): 33
[t=0.0178551s, 410728224 KB] g=1, 2 evaluated, 1 expanded
[t=0.019018s, 410728224 KB] New best heuristic value for lmcut(): 29
[t=0.0190252s, 410728224 KB] g=1, 6 evaluated, 1 expanded
[t=0.0241139s, 410728224 KB] New best heuristic value for lmcut(): 25
[t=0.0241186s, 410728224 KB] g=2, 24 evaluated, 2 expanded
[t=0.0243593s, 410728224 KB] New best heuristic value for lmcut(): 24
[t=0.0243631s, 410728224 KB] g=2, 25 evaluated, 2 expanded
[t=0.0269902s, 410728224 KB] New best heuristic value for lmcut(): 22
[t=0.0269941s, 410728224 KB] g=3, 35 evaluated, 3 expanded
[t=0.125441s, 410737440 KB] New best heuristic value for lmcut(): 21
[t=0.125462s, 410737440 KB] g=6, 390 evaluated, 55 expanded
[t=0.128369s, 410737440 KB] New best heuristic value for lmcut(): 20
[t=0.128375s, 410737440 KB] g=7, 401 evaluated, 56 expanded
[t=3.59698s, 410886944 KB] New best heuristic value for lmcut(): 19
[t=3.59701s, 410886944 KB] g=11, 13438 evaluated, 2877 expanded, 66 reopened
[t=6.73082s, 410886944 KB] New best heuristic value for lmcut(): 18
[t=6.73085s, 410886944 KB] g=12, 25177 evaluated, 5734 expanded, 123 reopened
[t=6.73363s, 410886944 KB] New best heuristic value for lmcut(): 17
[t=6.73364s, 410886944 KB] g=13, 25188 evaluated, 5735 expanded, 123 reopened
[t=8.97941s, 411018016 KB] New best heuristic value for lmcut(): 16
[t=8.97944s, 411018016 KB] g=13, 33720 evaluated, 8079 expanded, 123 reopened
Peak memory: 411028256 KB
caught signal 24 -- exiting
Time limit has been reached.
Remove intermediate file output.sas
search exit code: 23

Driver aborting after search
INFO     Planner time: 59.11s
