INFO     planner time limit: 60s
INFO     planner memory limit: None

INFO     Running translator.
INFO     translator stdin: None
INFO     translator time limit: 59s
INFO     translator memory limit: None
INFO     translator command line string: /opt/homebrew/opt/python@3.12/bin/python3.12 /Users/francesco/Desktop/planners/downward/builds/release/bin/translate/translate.py domain.pddl problem_2.pddl --sas-file output.sas
Parsing...
Parsing: [0.000s CPU, 0.001s wall-clock]
Normalizing task... [0.000s CPU, 0.000s wall-clock]
Instantiating...
Generating Datalog program... [0.000s CPU, 0.000s wall-clock]
Normalizing Datalog program...
Normalizing Datalog program: [0.000s CPU, 0.001s wall-clock]
Preparing model... [0.000s CPU, 0.000s wall-clock]
Generated 59 rules.
Computing model... [0.000s CPU, 0.001s wall-clock]
260 relevant atoms
225 auxiliary atoms
485 final queue length
632 total queue pushes
Completing instantiation... [0.000s CPU, 0.001s wall-clock]
Instantiating: [0.000s CPU, 0.004s wall-clock]
Computing fact groups...
Finding invariants...
22 initial candidates
Finding invariants: [0.000s CPU, 0.001s wall-clock]
Checking invariant weight... [0.000s CPU, 0.000s wall-clock]
Instantiating groups... [0.000s CPU, 0.000s wall-clock]
Collecting mutex groups... [0.000s CPU, 0.000s wall-clock]
Choosing groups...
32 uncovered facts
Choosing groups: [0.000s CPU, 0.000s wall-clock]
Building translation key... [0.000s CPU, 0.000s wall-clock]
Computing fact groups: [0.000s CPU, 0.001s wall-clock]
Building STRIPS to SAS dictionary... [0.000s CPU, 0.000s wall-clock]
Building dictionary for full mutex groups... [0.000s CPU, 0.000s wall-clock]
Building mutex information...
Building mutex information: [0.000s CPU, 0.000s wall-clock]
Translating task...
Processing axioms...
Simplifying axioms... [0.000s CPU, 0.000s wall-clock]
Translator axioms removed by simplifying: 0
Computing negative axioms... [0.000s CPU, 0.000s wall-clock]
Processing axioms: [0.010s CPU, 0.000s wall-clock]
Translating task: [0.010s CPU, 0.002s wall-clock]
162 effect conditions simplified
0 implied preconditions added
Detecting unreachable propositions...
0 operators removed
0 axioms removed
3 propositions removed
Detecting unreachable propositions: [0.000s CPU, 0.001s wall-clock]
Reordering and filtering variables...
35 of 35 variables necessary.
2 of 5 mutex groups necessary.
130 of 130 operators necessary.
0 of 0 axiom rules necessary.
Reordering and filtering variables: [0.000s CPU, 0.001s wall-clock]
Translator variables: 35
Translator derived variables: 0
Translator facts: 84
Translator goal facts: 4
Translator mutex groups: 2
Translator total mutex groups size: 14
Translator operators: 130
Translator axioms: 0
Translator task size: 1205
warning: could not determine peak memory
Writing output... [0.000s CPU, 0.001s wall-clock]
Done! [0.010s CPU, 0.011s wall-clock]
translate exit code: 0

INFO     Running search (release).
INFO     search stdin: output.sas
INFO     search time limit: 59s
INFO     search memory limit: None
INFO     search command line string: /Users/francesco/Desktop/planners/downward/builds/release/bin/downward --search 'astar(ff())' --internal-plan-file plans/plan_astar_ff_2 < output.sas
[t=0.000146375s, 410597152 KB] reading input...
[t=0.00233325s, 410597152 KB] done reading input!
[t=0.00285829s, 410597152 KB] Simplifying 358 unary operators... done! [330 unary operators]
[t=0.00327608s, 410597152 KB] time to simplify: 0.000420208s
[t=0.00329771s, 410597152 KB] Initializing additive heuristic...
[t=0.00330279s, 410597152 KB] Initializing FF heuristic...
[t=0.00331483s, 410597152 KB] Building successor generator...done!
[t=0.00336388s, 410597152 KB] peak memory difference for successor generator creation: 0 KB
[t=0.00336892s, 410597152 KB] time for successor generation creation: 3.9916e-05s
[t=0.00337471s, 410597152 KB] Variables: 35
[t=0.00337913s, 410597152 KB] FactPairs: 84
[t=0.00338362s, 410597152 KB] Bytes per state: 8
[t=0.00339367s, 410597152 KB] Conducting best first search with reopening closed nodes, (real) bound = 2147483647
[t=0.00340988s, 410597152 KB] New best heuristic value for ff(): 11
[t=0.00342167s, 410597152 KB] g=0, 1 evaluated, 0 expanded
[t=0.00342575s, 410597152 KB] f = 11, 1 evaluated, 0 expanded
[t=0.00343125s, 410597152 KB] Initial heuristic value for ff(): 11
[t=0.00343525s, 410597152 KB] pruning method: none
[t=0.00345896s, 410597152 KB] New best heuristic value for ff(): 10
[t=0.00346308s, 410597152 KB] g=1, 3 evaluated, 1 expanded
[t=0.00350467s, 410597152 KB] f = 12, 12 evaluated, 3 expanded
[t=0.00354192s, 410597152 KB] New best heuristic value for ff(): 9
[t=0.00354554s, 410597152 KB] g=3, 20 evaluated, 6 expanded
[t=0.00366475s, 410597152 KB] f = 13, 50 evaluated, 14 expanded
[t=0.00386112s, 410597152 KB] f = 14, 102 evaluated, 30 expanded
[t=0.00431792s, 410597152 KB] f = 15, 225 evaluated, 73 expanded
[t=0.00441129s, 410597152 KB] New best heuristic value for ff(): 8
[t=0.004415s, 410597152 KB] g=7, 248 evaluated, 82 expanded
[t=0.0045115s, 410597152 KB] New best heuristic value for ff(): 7
[t=0.00451525s, 410597152 KB] g=8, 272 evaluated, 87 expanded
[t=0.00452663s, 410597152 KB] New best heuristic value for ff(): 6
[t=0.00453033s, 410597152 KB] g=9, 274 evaluated, 88 expanded
[t=0.00528954s, 410597152 KB] f = 16, 480 evaluated, 184 expanded
[t=0.00764483s, 410597152 KB] f = 17, 1115 evaluated, 403 expanded
[t=0.0118002s, 410597152 KB] f = 18, 2244 evaluated, 850 expanded
[t=0.0120396s, 410597152 KB] New best heuristic value for ff(): 5
[t=0.0120435s, 410597152 KB] g=13, 2309 evaluated, 867 expanded
[t=0.0120652s, 410597152 KB] New best heuristic value for ff(): 4
[t=0.0120691s, 410597152 KB] g=14, 2314 evaluated, 868 expanded
[t=0.0199143s, 410728224 KB] f = 19, 4440 evaluated, 1809 expanded
[t=0.0199257s, 410728224 KB] New best heuristic value for ff(): 3
[t=0.0199303s, 410728224 KB] g=16, 4441 evaluated, 1810 expanded
[t=0.0339633s, 410728224 KB] f = 20, 8260 evaluated, 3474 expanded
[t=0.0608392s, 410736416 KB] f = 21, 15498 evaluated, 6610 expanded
[t=0.0612715s, 410736416 KB] New best heuristic value for ff(): 2
[t=0.0612774s, 410736416 KB] g=19, 15617 evaluated, 6646 expanded
[t=0.0612887s, 410736416 KB] New best heuristic value for ff(): 1
[t=0.0612932s, 410736416 KB] g=20, 15619 evaluated, 6647 expanded
[t=0.0613202s, 410736416 KB] New best heuristic value for ff(): 0
[t=0.0613243s, 410736416 KB] g=21, 15627 evaluated, 6648 expanded
[t=0.0613288s, 410736416 KB] Solution found!
[t=0.0613353s, 410736416 KB] Actual search time: 0.0578982s
pick_up_box rob1 box1 central_warehouse (1)
pick_up_content_at_cw rob1 box1 valve (1)
move rob1 central_warehouse loc1 (1)
move rob1 loc1 loc5 (1)
put_down_content rob1 box1 valve loc5 wor5_1 (1)
move rob1 loc5 loc1 (1)
move rob1 loc1 central_warehouse (1)
pick_up_content_at_cw rob1 box1 tool (1)
move rob1 central_warehouse loc1 (1)
move rob1 loc1 loc5 (1)
put_down_content rob1 box1 tool loc5 wor5_1 (1)
move rob1 loc5 loc1 (1)
move rob1 loc1 central_warehouse (1)
pick_up_content_at_cw rob1 box1 tool (1)
move rob1 central_warehouse loc1 (1)
put_down_content rob1 box1 tool loc1 wor1_1 (1)
move rob1 loc1 central_warehouse (1)
pick_up_content_at_cw rob1 box1 bolt (1)
move rob1 central_warehouse loc1 (1)
move rob1 loc1 loc2 (1)
put_down_content rob1 box1 bolt loc2 wor2_2 (1)
[t=0.0613392s, 410736416 KB] Plan length: 21 step(s).
[t=0.0613392s, 410736416 KB] Plan cost: 21
[t=0.0613392s, 410736416 KB] Expanded 6649 state(s).
[t=0.0613392s, 410736416 KB] Reopened 0 state(s).
[t=0.0613392s, 410736416 KB] Evaluated 15627 state(s).
[t=0.0613392s, 410736416 KB] Evaluations: 15627
[t=0.0613392s, 410736416 KB] Generated 23855 state(s).
[t=0.0613392s, 410736416 KB] Dead ends: 0 state(s).
[t=0.0613392s, 410736416 KB] Expanded until last jump: 6610 state(s).
[t=0.0613392s, 410736416 KB] Reopened until last jump: 0 state(s).
[t=0.0613392s, 410736416 KB] Evaluated until last jump: 15498 state(s).
[t=0.0613392s, 410736416 KB] Generated until last jump: 23682 state(s).
[t=0.0613392s, 410736416 KB] Number of registered states: 15627
[t=0.0613392s, 410736416 KB] Int hash set load factor: 15627/32768 = 0.476898
[t=0.0613392s, 410736416 KB] Int hash set resizes: 15
[t=0.0613392s, 410736416 KB] Search time: 0.0579456s
[t=0.0613392s, 410736416 KB] Total time: 0.0613392s
Solution found.
Peak memory: 410736416 KB
Remove intermediate file output.sas
search exit code: 0

INFO     Planner time: 0.11s
