INFO     planner time limit: 60s
INFO     planner memory limit: None

INFO     Running translator.
INFO     translator stdin: None
INFO     translator time limit: 59s
INFO     translator memory limit: None
INFO     translator command line string: /opt/homebrew/opt/python@3.12/bin/python3.12 /Users/francesco/Desktop/planners/downward/builds/release/bin/translate/translate.py domain.pddl problem_4.pddl --sas-file output.sas
Parsing...
Parsing: [0.000s CPU, 0.001s wall-clock]
Normalizing task... [0.000s CPU, 0.000s wall-clock]
Instantiating...
Generating Datalog program... [0.000s CPU, 0.000s wall-clock]
Normalizing Datalog program...
Normalizing Datalog program: [0.000s CPU, 0.001s wall-clock]
Preparing model... [0.000s CPU, 0.001s wall-clock]
Generated 59 rules.
Computing model... [0.010s CPU, 0.004s wall-clock]
1386 relevant atoms
892 auxiliary atoms
2278 final queue length
3632 total queue pushes
Completing instantiation... [0.010s CPU, 0.010s wall-clock]
Instantiating: [0.020s CPU, 0.017s wall-clock]
Computing fact groups...
Finding invariants...
22 initial candidates
Finding invariants: [0.000s CPU, 0.001s wall-clock]
Checking invariant weight... [0.000s CPU, 0.000s wall-clock]
Instantiating groups... [0.000s CPU, 0.000s wall-clock]
Collecting mutex groups... [0.000s CPU, 0.000s wall-clock]
Choosing groups...
114 uncovered facts
Choosing groups: [0.000s CPU, 0.000s wall-clock]
Building translation key... [0.000s CPU, 0.000s wall-clock]
Computing fact groups: [0.000s CPU, 0.002s wall-clock]
Building STRIPS to SAS dictionary... [0.000s CPU, 0.000s wall-clock]
Building dictionary for full mutex groups... [0.000s CPU, 0.000s wall-clock]
Building mutex information...
Building mutex information: [0.000s CPU, 0.000s wall-clock]
Translating task...
Processing axioms...
Simplifying axioms... [0.000s CPU, 0.000s wall-clock]
Translator axioms removed by simplifying: 0
Computing negative axioms... [0.000s CPU, 0.000s wall-clock]
Processing axioms: [0.000s CPU, 0.001s wall-clock]
Translating task: [0.020s CPU, 0.017s wall-clock]
1336 effect conditions simplified
0 implied preconditions added
Detecting unreachable propositions...
0 operators removed
0 axioms removed
4 propositions removed
Detecting unreachable propositions: [0.000s CPU, 0.007s wall-clock]
Reordering and filtering variables...
118 of 118 variables necessary.
2 of 6 mutex groups necessary.
1016 of 1016 operators necessary.
0 of 0 axiom rules necessary.
Reordering and filtering variables: [0.010s CPU, 0.004s wall-clock]
Translator variables: 118
Translator derived variables: 0
Translator facts: 300
Translator goal facts: 16
Translator mutex groups: 2
Translator total mutex groups size: 36
Translator operators: 1016
Translator axioms: 0
Translator task size: 9022
warning: could not determine peak memory
Writing output... [0.000s CPU, 0.006s wall-clock]
Done! [0.050s CPU, 0.055s wall-clock]
translate exit code: 0

INFO     Running search (release).
INFO     search stdin: output.sas
INFO     search time limit: 59s
INFO     search memory limit: None
INFO     search command line string: /Users/francesco/Desktop/planners/downward/builds/release/bin/downward --search 'astar(blind())' --internal-plan-file plans/plan_astar_blind_4 < output.sas
[t=0.000144334s, 410597152 KB] reading input...
[t=0.0161081s, 410728224 KB] done reading input!
[t=0.0166213s, 410728224 KB] Initializing blind search heuristic...
[t=0.0166383s, 410728224 KB] Building successor generator...done!
[t=0.0169173s, 410728224 KB] peak memory difference for successor generator creation: 0 KB
[t=0.0169224s, 410728224 KB] time for successor generation creation: 0.000267834s
[t=0.0169296s, 410728224 KB] Variables: 118
[t=0.0169345s, 410728224 KB] FactPairs: 300
[t=0.016939s, 410728224 KB] Bytes per state: 20
[t=0.0169505s, 410728224 KB] Conducting best first search with reopening closed nodes, (real) bound = 2147483647
[t=0.0169604s, 410728224 KB] New best heuristic value for blind(): 1
[t=0.0169655s, 410728224 KB] g=0, 1 evaluated, 0 expanded
[t=0.0169704s, 410728224 KB] f = 1, 1 evaluated, 0 expanded
[t=0.0169765s, 410728224 KB] Initial heuristic value for blind(): 1
[t=0.0169897s, 410728224 KB] pruning method: none
[t=0.0170065s, 410728224 KB] f = 2, 13 evaluated, 1 expanded
[t=0.0170887s, 410728224 KB] f = 3, 111 evaluated, 13 expanded
[t=0.0175374s, 410728224 KB] f = 4, 627 evaluated, 111 expanded
[t=0.0196082s, 410728224 KB] f = 5, 2947 evaluated, 627 expanded
[t=0.0275667s, 410728224 KB] f = 6, 11571 evaluated, 2947 expanded
[t=0.0555021s, 410728224 KB] f = 7, 40547 evaluated, 11571 expanded
[t=0.142721s, 410868512 KB] f = 8, 127027 evaluated, 40547 expanded
[t=0.387433s, 410885920 KB] f = 9, 370691 evaluated, 127027 expanded
[t=1.1413s, 411058992 KB] f = 10, 1048547 evaluated, 370691 expanded
[t=3.21165s, 411165488 KB] f = 11, 2758907 evaluated, 1048547 expanded
[t=8.2467s, 411412288 KB] f = 12, 6777731 evaluated, 2758907 expanded
[t=20.9584s, 412329808 KB] f = 13, 16225439 evaluated, 6777731 expanded
Peak memory: 413201248 KB
caught signal 24 -- exiting
Time limit has been reached.
Remove intermediate file output.sas
search exit code: 23

Driver aborting after search
INFO     Planner time: 40.21s
