INFO     planner time limit: 60s
INFO     planner memory limit: None

INFO     Running translator.
INFO     translator stdin: None
INFO     translator time limit: 59s
INFO     translator memory limit: None
INFO     translator command line string: /opt/homebrew/opt/python@3.12/bin/python3.12 /Users/francesco/Desktop/planners/downward/builds/release/bin/translate/translate.py domain.pddl problem_2.pddl --sas-file output.sas
Parsing...
Parsing: [0.000s CPU, 0.001s wall-clock]
Normalizing task... [0.000s CPU, 0.000s wall-clock]
Instantiating...
Generating Datalog program... [0.000s CPU, 0.000s wall-clock]
Normalizing Datalog program...
Normalizing Datalog program: [0.000s CPU, 0.001s wall-clock]
Preparing model... [0.000s CPU, 0.000s wall-clock]
Generated 59 rules.
Computing model... [0.000s CPU, 0.001s wall-clock]
260 relevant atoms
225 auxiliary atoms
485 final queue length
632 total queue pushes
Completing instantiation... [0.000s CPU, 0.001s wall-clock]
Instantiating: [0.000s CPU, 0.004s wall-clock]
Computing fact groups...
Finding invariants...
22 initial candidates
Finding invariants: [0.000s CPU, 0.001s wall-clock]
Checking invariant weight... [0.000s CPU, 0.000s wall-clock]
Instantiating groups... [0.000s CPU, 0.000s wall-clock]
Collecting mutex groups... [0.000s CPU, 0.000s wall-clock]
Choosing groups...
32 uncovered facts
Choosing groups: [0.000s CPU, 0.000s wall-clock]
Building translation key... [0.000s CPU, 0.000s wall-clock]
Computing fact groups: [0.000s CPU, 0.001s wall-clock]
Building STRIPS to SAS dictionary... [0.000s CPU, 0.000s wall-clock]
Building dictionary for full mutex groups... [0.000s CPU, 0.000s wall-clock]
Building mutex information...
Building mutex information: [0.000s CPU, 0.000s wall-clock]
Translating task...
Processing axioms...
Simplifying axioms... [0.000s CPU, 0.000s wall-clock]
Translator axioms removed by simplifying: 0
Computing negative axioms... [0.000s CPU, 0.000s wall-clock]
Processing axioms: [0.010s CPU, 0.000s wall-clock]
Translating task: [0.010s CPU, 0.002s wall-clock]
162 effect conditions simplified
0 implied preconditions added
Detecting unreachable propositions...
0 operators removed
0 axioms removed
3 propositions removed
Detecting unreachable propositions: [0.000s CPU, 0.001s wall-clock]
Reordering and filtering variables...
35 of 35 variables necessary.
2 of 5 mutex groups necessary.
130 of 130 operators necessary.
0 of 0 axiom rules necessary.
Reordering and filtering variables: [0.000s CPU, 0.001s wall-clock]
Translator variables: 35
Translator derived variables: 0
Translator facts: 84
Translator goal facts: 4
Translator mutex groups: 2
Translator total mutex groups size: 14
Translator operators: 130
Translator axioms: 0
Translator task size: 1205
warning: could not determine peak memory
Writing output... [0.000s CPU, 0.001s wall-clock]
Done! [0.010s CPU, 0.011s wall-clock]
translate exit code: 0

INFO     Running search (release).
INFO     search stdin: output.sas
INFO     search time limit: 59s
INFO     search memory limit: None
INFO     search command line string: /Users/francesco/Desktop/planners/downward/builds/release/bin/downward --search 'astar(ipdb())' --internal-plan-file plans/plan_astar_ipdb_2 < output.sas
[t=0.000144209s, 410597152 KB] reading input...
[t=0.00231179s, 410597152 KB] done reading input!
[t=0.00292929s, 410597152 KB] Initializing canonical PDB heuristic...
[t=0.00293717s, 410597152 KB] Generating patterns using: hill climbing pattern collection generator
[t=0.00299762s, 410597152 KB] Done calculating initial pattern collection: 5.7416e-05s
[t=0.00300475s, 410597152 KB] Average operator cost: 1
[t=0.00301046s, 410597152 KB] building causal graph...done! [t=0.000105791s]
[t=0.00360363s, 410597152 KB] Done calculating initial candidate PDBs
[t=0.00570321s, 410728224 KB] found a better pattern with improvement 907
[t=0.00896933s, 410728224 KB] found a better pattern with improvement 906
[t=0.0133418s, 410728224 KB] found a better pattern with improvement 642
[t=0.0188513s, 410728224 KB] Improvement below threshold. Stop hill climbing.
[t=0.0188566s, 410728224 KB] Hill climbing iterations: 4
[t=0.0188765s, 410728224 KB] Hill climbing generated patterns: 65
[t=0.0188804s, 410728224 KB] Hill climbing rejected patterns: 0
[t=0.0188839s, 410728224 KB] Hill climbing maximum PDB size: 336
[t=0.0188873s, 410728224 KB] Hill climbing time: 0.0158842s
[t=0.0189374s, 410728224 KB] hill climbing pattern collection generator number of patterns: 7
[t=0.0189414s, 410728224 KB] hill climbing pattern collection generator total PDB size: 92
[t=0.0189448s, 410728224 KB] hill climbing pattern collection generator computation time: 0.0159945s
[t=0.0189486s, 410728224 KB] Running dominance pruning...
[t=0.0189536s, 410728224 KB] Pruned 3 of 4 pattern cliques
[t=0.0189608s, 410728224 KB] Pruned 4 of 7 PDBs
[t=0.0189646s, 410728224 KB] Dominance pruning took 1.4083e-05s
[t=0.0189688s, 410728224 KB] Canonical PDB heuristic number of patterns: 3
[t=0.0189722s, 410728224 KB] Canonical PDB heuristic total PDB size: 52
[t=0.0189755s, 410728224 KB] Canonical PDB heuristic computation time: 0.0160397s
[t=0.0189881s, 410728224 KB] Building successor generator...done!
[t=0.0190296s, 410728224 KB] peak memory difference for successor generator creation: 0 KB
[t=0.019033s, 410728224 KB] time for successor generation creation: 3.4625e-05s
[t=0.0190378s, 410728224 KB] Variables: 35
[t=0.0190413s, 410728224 KB] FactPairs: 84
[t=0.0190445s, 410728224 KB] Bytes per state: 8
[t=0.0190581s, 410728224 KB] Conducting best first search with reopening closed nodes, (real) bound = 2147483647
[t=0.0190661s, 410728224 KB] New best heuristic value for : 9
[t=0.0190698s, 410728224 KB] g=0, 1 evaluated, 0 expanded
[t=0.0190735s, 410728224 KB] f = 9, 1 evaluated, 0 expanded
[t=0.0190787s, 410728224 KB] Initial heuristic value for : 9
[t=0.0190821s, 410728224 KB] pruning method: none
[t=0.0190891s, 410728224 KB] New best heuristic value for : 8
[t=0.0190925s, 410728224 KB] g=1, 2 evaluated, 1 expanded
[t=0.0190996s, 410728224 KB] New best heuristic value for : 7
[t=0.019103s, 410728224 KB] g=2, 5 evaluated, 2 expanded
[t=0.019114s, 410728224 KB] New best heuristic value for : 6
[t=0.0191174s, 410728224 KB] g=3, 13 evaluated, 6 expanded
[t=0.0191349s, 410728224 KB] f = 10, 30 evaluated, 12 expanded
[t=0.0191476s, 410728224 KB] New best heuristic value for : 5
[t=0.019151s, 410728224 KB] g=5, 41 evaluated, 15 expanded
[t=0.019156s, 410728224 KB] New best heuristic value for : 4
[t=0.0191593s, 410728224 KB] g=6, 42 evaluated, 16 expanded
[t=0.0191666s, 410728224 KB] New best heuristic value for : 3
[t=0.01917s, 410728224 KB] g=7, 47 evaluated, 17 expanded
[t=0.0192658s, 410728224 KB] f = 11, 166 evaluated, 56 expanded
[t=0.0193364s, 410728224 KB] f = 12, 252 evaluated, 102 expanded
[t=0.019577s, 410728224 KB] f = 13, 525 evaluated, 250 expanded
[t=0.0195975s, 410728224 KB] New best heuristic value for : 2
[t=0.0196013s, 410728224 KB] g=11, 546 evaluated, 256 expanded
[t=0.020354s, 410728224 KB] f = 14, 1523 evaluated, 634 expanded
[t=0.0212844s, 410728224 KB] f = 15, 2620 evaluated, 1198 expanded
[t=0.0234553s, 410728224 KB] f = 16, 5283 evaluated, 2561 expanded
[t=0.0236583s, 410728224 KB] New best heuristic value for : 1
[t=0.023662s, 410728224 KB] g=15, 5545 evaluated, 2706 expanded
[t=0.0279798s, 410728224 KB] f = 17, 11028 evaluated, 5167 expanded
[t=0.035068s, 410728224 KB] f = 18, 19526 evaluated, 9673 expanded
[t=0.0484005s, 410728224 KB] f = 19, 35630 evaluated, 18253 expanded
[t=0.0680147s, 410728224 KB] f = 20, 58501 evaluated, 30566 expanded
[t=0.0973709s, 410728224 KB] f = 21, 95053 evaluated, 52348 expanded
[t=0.0974034s, 410728224 KB] New best heuristic value for : 0
[t=0.0974069s, 410728224 KB] g=21, 95087 evaluated, 52364 expanded
[t=0.0974117s, 410728224 KB] Solution found!
[t=0.097416s, 410728224 KB] Actual search time: 0.078332s
pick_up_box rob1 box1 central_warehouse (1)
pick_up_content_at_cw rob1 box1 bolt (1)
move rob1 central_warehouse loc1 (1)
move rob1 loc1 loc2 (1)
put_down_content rob1 box1 bolt loc2 wor2_2 (1)
move rob1 loc2 loc1 (1)
move rob1 loc1 central_warehouse (1)
pick_up_content_at_cw rob1 box1 tool (1)
move rob1 central_warehouse loc1 (1)
put_down_content rob1 box1 tool loc1 wor1_1 (1)
move rob1 loc1 central_warehouse (1)
pick_up_content_at_cw rob1 box1 valve (1)
move rob1 central_warehouse loc1 (1)
move rob1 loc1 loc5 (1)
put_down_content rob1 box1 valve loc5 wor5_1 (1)
move rob1 loc5 loc1 (1)
move rob1 loc1 central_warehouse (1)
pick_up_content_at_cw rob1 box1 tool (1)
move rob1 central_warehouse loc1 (1)
move rob1 loc1 loc5 (1)
put_down_content rob1 box1 tool loc5 wor5_1 (1)
[t=0.0974196s, 410728224 KB] Plan length: 21 step(s).
[t=0.0974196s, 410728224 KB] Plan cost: 21
[t=0.0974196s, 410728224 KB] Expanded 52365 state(s).
[t=0.0974196s, 410728224 KB] Reopened 0 state(s).
[t=0.0974196s, 410728224 KB] Evaluated 95088 state(s).
[t=0.0974196s, 410728224 KB] Evaluations: 95088
[t=0.0974196s, 410728224 KB] Generated 163892 state(s).
[t=0.0974196s, 410728224 KB] Dead ends: 0 state(s).
[t=0.0974196s, 410728224 KB] Expanded until last jump: 52348 state(s).
[t=0.0974196s, 410728224 KB] Reopened until last jump: 0 state(s).
[t=0.0974196s, 410728224 KB] Evaluated until last jump: 95053 state(s).
[t=0.0974196s, 410728224 KB] Generated until last jump: 163836 state(s).
[t=0.0974196s, 410728224 KB] Number of registered states: 95088
[t=0.0974196s, 410728224 KB] Int hash set load factor: 95088/131072 = 0.725464
[t=0.0974196s, 410728224 KB] Int hash set resizes: 17
[t=0.0974196s, 410728224 KB] Search time: 0.0783616s
[t=0.0974196s, 410728224 KB] Total time: 0.0974196s
Solution found.
Peak memory: 410728224 KB
Remove intermediate file output.sas
search exit code: 0

INFO     Planner time: 0.15s
