INFO     planner time limit: 60s
INFO     planner memory limit: None

INFO     Running translator.
INFO     translator stdin: None
INFO     translator time limit: 59s
INFO     translator memory limit: None
INFO     translator command line string: /opt/homebrew/opt/python@3.12/bin/python3.12 /Users/francesco/Desktop/planners/downward/builds/release/bin/translate/translate.py domain.pddl problem_2.pddl --sas-file output.sas
Parsing...
Parsing: [0.000s CPU, 0.001s wall-clock]
Normalizing task... [0.000s CPU, 0.000s wall-clock]
Instantiating...
Generating Datalog program... [0.000s CPU, 0.000s wall-clock]
Normalizing Datalog program...
Normalizing Datalog program: [0.000s CPU, 0.001s wall-clock]
Preparing model... [0.000s CPU, 0.000s wall-clock]
Generated 59 rules.
Computing model... [0.000s CPU, 0.001s wall-clock]
260 relevant atoms
225 auxiliary atoms
485 final queue length
632 total queue pushes
Completing instantiation... [0.000s CPU, 0.001s wall-clock]
Instantiating: [0.000s CPU, 0.004s wall-clock]
Computing fact groups...
Finding invariants...
22 initial candidates
Finding invariants: [0.010s CPU, 0.001s wall-clock]
Checking invariant weight... [0.000s CPU, 0.000s wall-clock]
Instantiating groups... [0.000s CPU, 0.000s wall-clock]
Collecting mutex groups... [0.000s CPU, 0.000s wall-clock]
Choosing groups...
32 uncovered facts
Choosing groups: [0.000s CPU, 0.000s wall-clock]
Building translation key... [0.000s CPU, 0.000s wall-clock]
Computing fact groups: [0.010s CPU, 0.001s wall-clock]
Building STRIPS to SAS dictionary... [0.000s CPU, 0.000s wall-clock]
Building dictionary for full mutex groups... [0.000s CPU, 0.000s wall-clock]
Building mutex information...
Building mutex information: [0.000s CPU, 0.000s wall-clock]
Translating task...
Processing axioms...
Simplifying axioms... [0.000s CPU, 0.000s wall-clock]
Translator axioms removed by simplifying: 0
Computing negative axioms... [0.000s CPU, 0.000s wall-clock]
Processing axioms: [0.000s CPU, 0.000s wall-clock]
Translating task: [0.000s CPU, 0.002s wall-clock]
162 effect conditions simplified
0 implied preconditions added
Detecting unreachable propositions...
0 operators removed
0 axioms removed
3 propositions removed
Detecting unreachable propositions: [0.000s CPU, 0.001s wall-clock]
Reordering and filtering variables...
35 of 35 variables necessary.
2 of 5 mutex groups necessary.
130 of 130 operators necessary.
0 of 0 axiom rules necessary.
Reordering and filtering variables: [0.000s CPU, 0.001s wall-clock]
Translator variables: 35
Translator derived variables: 0
Translator facts: 84
Translator goal facts: 4
Translator mutex groups: 2
Translator total mutex groups size: 14
Translator operators: 130
Translator axioms: 0
Translator task size: 1205
warning: could not determine peak memory
Writing output... [0.000s CPU, 0.001s wall-clock]
Done! [0.010s CPU, 0.012s wall-clock]
translate exit code: 0

INFO     Running search (release).
INFO     search stdin: output.sas
INFO     search time limit: 59s
INFO     search memory limit: None
INFO     search command line string: /Users/francesco/Desktop/planners/downward/builds/release/bin/downward --search 'astar(blind())' --internal-plan-file plans/plan_astar_blind_2 < output.sas
[t=0.000153416s, 410597152 KB] reading input...
[t=0.00232154s, 410597152 KB] done reading input!
[t=0.00283521s, 410597152 KB] Initializing blind search heuristic...
[t=0.00285038s, 410597152 KB] Building successor generator...done!
[t=0.00290321s, 410597152 KB] peak memory difference for successor generator creation: 0 KB
[t=0.00290821s, 410597152 KB] time for successor generation creation: 4.1625e-05s
[t=0.00291417s, 410597152 KB] Variables: 35
[t=0.00291917s, 410597152 KB] FactPairs: 84
[t=0.00292358s, 410597152 KB] Bytes per state: 8
[t=0.00293463s, 410597152 KB] Conducting best first search with reopening closed nodes, (real) bound = 2147483647
[t=0.00294413s, 410597152 KB] New best heuristic value for blind(): 1
[t=0.00294938s, 410597152 KB] g=0, 1 evaluated, 0 expanded
[t=0.00295429s, 410597152 KB] f = 1, 1 evaluated, 0 expanded
[t=0.00296067s, 410597152 KB] Initial heuristic value for blind(): 1
[t=0.0029735s, 410597152 KB] pruning method: none
[t=0.00298283s, 410597152 KB] f = 2, 4 evaluated, 1 expanded
[t=0.00299621s, 410597152 KB] f = 3, 16 evaluated, 4 expanded
[t=0.00301871s, 410597152 KB] f = 4, 38 evaluated, 16 expanded
[t=0.00306796s, 410597152 KB] f = 5, 104 evaluated, 38 expanded
[t=0.00320175s, 410597152 KB] f = 6, 288 evaluated, 104 expanded
[t=0.00343017s, 410597152 KB] f = 7, 562 evaluated, 288 expanded
[t=0.00386662s, 410597152 KB] f = 8, 1161 evaluated, 562 expanded
[t=0.00486233s, 410597152 KB] f = 9, 2544 evaluated, 1161 expanded
[t=0.00643575s, 410728224 KB] f = 10, 4378 evaluated, 2544 expanded
[t=0.00928112s, 410728224 KB] f = 11, 8224 evaluated, 4378 expanded
[t=0.0149795s, 410728224 KB] f = 12, 15773 evaluated, 8224 expanded
[t=0.0229597s, 410728224 KB] f = 13, 25850 evaluated, 15773 expanded
[t=0.0367811s, 410728224 KB] f = 14, 43835 evaluated, 25850 expanded
[t=0.0603755s, 410728224 KB] f = 15, 73655 evaluated, 43835 expanded
[t=0.092079s, 410728224 KB] f = 16, 113188 evaluated, 73655 expanded
[t=0.14022s, 410728224 KB] f = 17, 171844 evaluated, 113188 expanded
[t=0.215869s, 410728224 KB] f = 18, 263497 evaluated, 171844 expanded
[t=0.313531s, 410736416 KB] f = 19, 385717 evaluated, 263497 expanded
[t=0.4686s, 410744608 KB] f = 20, 564419 evaluated, 385717 expanded
[t=0.680202s, 410753824 KB] f = 21, 827268 evaluated, 564419 expanded
[t=0.73731s, 410770224 KB] New best heuristic value for blind(): 0
[t=0.73734s, 410770224 KB] g=21, 865188 evaluated, 590924 expanded
[t=0.737353s, 410770224 KB] Solution found!
[t=0.737361s, 410770224 KB] Actual search time: 0.734386s
pick_up_box rob1 box1 central_warehouse (1)
pick_up_content_at_cw rob1 box1 bolt (1)
move rob1 central_warehouse loc1 (1)
move rob1 loc1 loc2 (1)
put_down_content rob1 box1 bolt loc2 wor2_2 (1)
move rob1 loc2 loc1 (1)
move rob1 loc1 central_warehouse (1)
pick_up_content_at_cw rob1 box1 tool (1)
move rob1 central_warehouse loc1 (1)
move rob1 loc1 loc5 (1)
put_down_content rob1 box1 tool loc5 wor5_1 (1)
move rob1 loc5 loc1 (1)
move rob1 loc1 central_warehouse (1)
pick_up_content_at_cw rob1 box1 tool (1)
move rob1 central_warehouse loc1 (1)
put_down_content rob1 box1 tool loc1 wor1_1 (1)
move rob1 loc1 central_warehouse (1)
pick_up_content_at_cw rob1 box1 valve (1)
move rob1 central_warehouse loc1 (1)
move rob1 loc1 loc5 (1)
put_down_content rob1 box1 valve loc5 wor5_1 (1)
[t=0.737369s, 410770224 KB] Plan length: 21 step(s).
[t=0.737369s, 410770224 KB] Plan cost: 21
[t=0.737369s, 410770224 KB] Expanded 590925 state(s).
[t=0.737369s, 410770224 KB] Reopened 0 state(s).
[t=0.737369s, 410770224 KB] Evaluated 865189 state(s).
[t=0.737369s, 410770224 KB] Evaluations: 865189
[t=0.737369s, 410770224 KB] Generated 1689801 state(s).
[t=0.737369s, 410770224 KB] Dead ends: 0 state(s).
[t=0.737369s, 410770224 KB] Expanded until last jump: 564419 state(s).
[t=0.737369s, 410770224 KB] Reopened until last jump: 0 state(s).
[t=0.737369s, 410770224 KB] Evaluated until last jump: 827268 state(s).
[t=0.737369s, 410770224 KB] Generated until last jump: 1616711 state(s).
[t=0.737369s, 410770224 KB] Number of registered states: 865189
[t=0.737369s, 410770224 KB] Int hash set load factor: 865189/2097152 = 0.412554
[t=0.737369s, 410770224 KB] Int hash set resizes: 21
[t=0.737369s, 410770224 KB] Search time: 0.734434s
[t=0.737369s, 410770224 KB] Total time: 0.737369s
Solution found.
Peak memory: 410762032 KB
Remove intermediate file output.sas
search exit code: 0

INFO     Planner time: 0.79s
