INFO     planner time limit: 60s
INFO     planner memory limit: None

INFO     Running translator.
INFO     translator stdin: None
INFO     translator time limit: 59s
INFO     translator memory limit: None
INFO     translator command line string: /opt/homebrew/opt/python@3.12/bin/python3.12 /Users/francesco/Desktop/planners/downward/builds/release/bin/translate/translate.py domain.pddl problem_3.pddl --sas-file output.sas
Parsing...
Parsing: [0.000s CPU, 0.002s wall-clock]
Normalizing task... [0.000s CPU, 0.000s wall-clock]
Instantiating...
Generating Datalog program... [0.000s CPU, 0.000s wall-clock]
Normalizing Datalog program...
Normalizing Datalog program: [0.000s CPU, 0.001s wall-clock]
Preparing model... [0.000s CPU, 0.001s wall-clock]
Generated 59 rules.
Computing model... [0.010s CPU, 0.003s wall-clock]
855 relevant atoms
671 auxiliary atoms
1526 final queue length
2131 total queue pushes
Completing instantiation... [0.000s CPU, 0.005s wall-clock]
Instantiating: [0.010s CPU, 0.011s wall-clock]
Computing fact groups...
Finding invariants...
22 initial candidates
Finding invariants: [0.000s CPU, 0.001s wall-clock]
Checking invariant weight... [0.000s CPU, 0.000s wall-clock]
Instantiating groups... [0.000s CPU, 0.000s wall-clock]
Collecting mutex groups... [0.000s CPU, 0.000s wall-clock]
Choosing groups...
113 uncovered facts
Choosing groups: [0.000s CPU, 0.000s wall-clock]
Building translation key... [0.000s CPU, 0.000s wall-clock]
Computing fact groups: [0.000s CPU, 0.002s wall-clock]
Building STRIPS to SAS dictionary... [0.000s CPU, 0.000s wall-clock]
Building dictionary for full mutex groups... [0.000s CPU, 0.000s wall-clock]
Building mutex information...
Building mutex information: [0.000s CPU, 0.000s wall-clock]
Translating task...
Processing axioms...
Simplifying axioms... [0.000s CPU, 0.000s wall-clock]
Translator axioms removed by simplifying: 0
Computing negative axioms... [0.000s CPU, 0.000s wall-clock]
Processing axioms: [0.000s CPU, 0.001s wall-clock]
Translating task: [0.010s CPU, 0.008s wall-clock]
668 effect conditions simplified
0 implied preconditions added
Detecting unreachable propositions...
0 operators removed
0 axioms removed
3 propositions removed
Detecting unreachable propositions: [0.000s CPU, 0.004s wall-clock]
Reordering and filtering variables...
116 of 116 variables necessary.
2 of 5 mutex groups necessary.
508 of 508 operators necessary.
0 of 0 axiom rules necessary.
Reordering and filtering variables: [0.010s CPU, 0.003s wall-clock]
Translator variables: 116
Translator derived variables: 0
Translator facts: 279
Translator goal facts: 16
Translator mutex groups: 2
Translator total mutex groups size: 36
Translator operators: 508
Translator axioms: 0
Translator task size: 4723
warning: could not determine peak memory
Writing output... [0.000s CPU, 0.003s wall-clock]
Done! [0.030s CPU, 0.033s wall-clock]
translate exit code: 0

INFO     Running search (release).
INFO     search stdin: output.sas
INFO     search time limit: 59s
INFO     search memory limit: None
INFO     search command line string: /Users/francesco/Desktop/planners/downward/builds/release/bin/downward --search 'astar(ff())' --internal-plan-file plans/plan_astar_ff_3 < output.sas
[t=0.000150041s, 410606368 KB] reading input...
[t=0.00871408s, 410737440 KB] done reading input!
[t=0.00933546s, 410737440 KB] Simplifying 1436 unary operators... done! [1426 unary operators]
[t=0.0111439s, 410737440 KB] time to simplify: 0.00181104s
[t=0.0111904s, 410737440 KB] Initializing additive heuristic...
[t=0.0111959s, 410737440 KB] Initializing FF heuristic...
[t=0.0112093s, 410737440 KB] Building successor generator...done!
[t=0.0113603s, 410737440 KB] peak memory difference for successor generator creation: 0 KB
[t=0.011365s, 410737440 KB] time for successor generation creation: 0.000141167s
[t=0.0113716s, 410737440 KB] Variables: 116
[t=0.0113759s, 410737440 KB] FactPairs: 279
[t=0.0113803s, 410737440 KB] Bytes per state: 16
[t=0.0113905s, 410737440 KB] Conducting best first search with reopening closed nodes, (real) bound = 2147483647
[t=0.0114257s, 410737440 KB] New best heuristic value for ff(): 39
[t=0.0114303s, 410737440 KB] g=0, 1 evaluated, 0 expanded
[t=0.0114342s, 410737440 KB] f = 39, 1 evaluated, 0 expanded
[t=0.0114399s, 410737440 KB] Initial heuristic value for ff(): 39
[t=0.0114435s, 410737440 KB] pruning method: none
[t=0.0115125s, 410737440 KB] New best heuristic value for ff(): 38
[t=0.0115163s, 410737440 KB] g=1, 6 evaluated, 1 expanded
[t=0.0117603s, 410737440 KB] f = 40, 27 evaluated, 3 expanded
[t=0.0119834s, 410737440 KB] New best heuristic value for ff(): 37
[t=0.0119886s, 410737440 KB] g=3, 46 evaluated, 8 expanded
[t=0.0134083s, 410737440 KB] f = 41, 171 evaluated, 35 expanded
[t=0.0169504s, 410737440 KB] f = 42, 483 evaluated, 143 expanded
[t=0.0261233s, 410737440 KB] f = 43, 1294 evaluated, 398 expanded
[t=0.0264246s, 410737440 KB] New best heuristic value for ff(): 36
[t=0.0264295s, 410737440 KB] g=7, 1320 evaluated, 404 expanded
[t=0.0493525s, 410737440 KB] f = 44, 3365 evaluated, 1043 expanded
[t=0.0497652s, 410737440 KB] New best heuristic value for ff(): 35
[t=0.0497706s, 410737440 KB] g=9, 3401 evaluated, 1053 expanded
[t=0.157734s, 410746656 KB] f = 45, 13101 evaluated, 3685 expanded
[t=0.427819s, 410877728 KB] f = 46, 37186 evaluated, 11346 expanded
[t=1.09266s, 411018016 KB] f = 47, 96062 evaluated, 30587 expanded
[t=1.09295s, 411018016 KB] New best heuristic value for ff(): 34
[t=1.09295s, 411018016 KB] g=13, 96084 evaluated, 30592 expanded
[t=1.14674s, 411018016 KB] New best heuristic value for ff(): 33
[t=1.14674s, 411018016 KB] g=13, 100873 evaluated, 31571 expanded
[t=1.147s, 411018016 KB] New best heuristic value for ff(): 32
[t=1.14701s, 411018016 KB] g=15, 100896 evaluated, 31575 expanded
[t=2.69973s, 411149088 KB] f = 48, 237434 evaluated, 81911 expanded
[t=7.49172s, 411157280 KB] f = 49, 661327 evaluated, 222797 expanded
[t=17.7362s, 411206448 KB] f = 50, 1555264 evaluated, 556166 expanded
[t=17.7373s, 411206448 KB] New best heuristic value for ff(): 31
[t=17.7373s, 411206448 KB] g=19, 1555281 evaluated, 556170 expanded
[t=42.1685s, 411407152 KB] f = 51, 3678406 evaluated, 1330372 expanded
[t=42.169s, 411407152 KB] New best heuristic value for ff(): 30
[t=42.1691s, 411407152 KB] g=21, 3678434 evaluated, 1330380 expanded
Peak memory: 411464496 KB
caught signal 24 -- exiting
Time limit has been reached.
Remove intermediate file output.sas
search exit code: 23

Driver aborting after search
INFO     Planner time: 55.29s
