INFO     planner time limit: 60s
INFO     planner memory limit: None

INFO     Running translator.
INFO     translator stdin: None
INFO     translator time limit: 59s
INFO     translator memory limit: None
INFO     translator command line string: /opt/homebrew/opt/python@3.12/bin/python3.12 /Users/francesco/Desktop/planners/downward/builds/release/bin/translate/translate.py domain.pddl problem_1.pddl --sas-file output.sas
Parsing...
Parsing: [0.000s CPU, 0.001s wall-clock]
Normalizing task... [0.000s CPU, 0.000s wall-clock]
Instantiating...
Generating Datalog program... [0.000s CPU, 0.000s wall-clock]
Normalizing Datalog program...
Normalizing Datalog program: [0.000s CPU, 0.001s wall-clock]
Preparing model... [0.000s CPU, 0.000s wall-clock]
Generated 59 rules.
Computing model... [0.000s CPU, 0.001s wall-clock]
63 relevant atoms
69 auxiliary atoms
132 final queue length
145 total queue pushes
Completing instantiation... [0.000s CPU, 0.000s wall-clock]
Instantiating: [0.000s CPU, 0.002s wall-clock]
Computing fact groups...
Finding invariants...
22 initial candidates
Finding invariants: [0.000s CPU, 0.001s wall-clock]
Checking invariant weight... [0.000s CPU, 0.000s wall-clock]
Instantiating groups... [0.000s CPU, 0.000s wall-clock]
Collecting mutex groups... [0.000s CPU, 0.000s wall-clock]
Choosing groups...
9 uncovered facts
Choosing groups: [0.000s CPU, 0.000s wall-clock]
Building translation key... [0.000s CPU, 0.000s wall-clock]
Computing fact groups: [0.000s CPU, 0.001s wall-clock]
Building STRIPS to SAS dictionary... [0.000s CPU, 0.000s wall-clock]
Building dictionary for full mutex groups... [0.000s CPU, 0.000s wall-clock]
Building mutex information...
Building mutex information: [0.000s CPU, 0.000s wall-clock]
Translating task...
Processing axioms...
Simplifying axioms... [0.000s CPU, 0.000s wall-clock]
Translator axioms removed by simplifying: 0
Computing negative axioms... [0.000s CPU, 0.000s wall-clock]
Processing axioms: [0.000s CPU, 0.000s wall-clock]
Translating task: [0.000s CPU, 0.000s wall-clock]
19 effect conditions simplified
0 implied preconditions added
Detecting unreachable propositions...
0 operators removed
0 axioms removed
2 propositions removed
Detecting unreachable propositions: [0.000s CPU, 0.000s wall-clock]
Reordering and filtering variables...
11 of 11 variables necessary.
1 of 3 mutex groups necessary.
18 of 18 operators necessary.
0 of 0 axiom rules necessary.
Reordering and filtering variables: [0.000s CPU, 0.000s wall-clock]
Translator variables: 11
Translator derived variables: 0
Translator facts: 23
Translator goal facts: 1
Translator mutex groups: 1
Translator total mutex groups size: 3
Translator operators: 18
Translator axioms: 0
Translator task size: 175
warning: could not determine peak memory
Writing output... [0.000s CPU, 0.000s wall-clock]
Done! [0.000s CPU, 0.005s wall-clock]
translate exit code: 0

INFO     Running search (release).
INFO     search stdin: output.sas
INFO     search time limit: 59s
INFO     search memory limit: None
INFO     search command line string: /Users/francesco/Desktop/planners/downward/builds/release/bin/downward --evaluator 'ff=ff()' --evaluator 'lmcut=lmcut()' --search 'eager(tiebreaking([sum([g(), ff, lmcut]), ff, lmcut], unsafe_pruning=false), reopen_closed=true, f_eval=sum([g(), ff, lmcut]))' --internal-plan-file plans/plan_astar_ff+lmcut_1 < output.sas
[t=0.000144292s, 410597152 KB] reading input...
[t=0.000506209s, 410597152 KB] done reading input!
[t=0.00123446s, 410597152 KB] Simplifying 44 unary operators... done! [42 unary operators]
[t=0.00129825s, 410597152 KB] time to simplify: 6.5833e-05s
[t=0.00130833s, 410597152 KB] Initializing additive heuristic...
[t=0.00131317s, 410597152 KB] Initializing FF heuristic...
[t=0.00133108s, 410597152 KB] Initializing landmark cut heuristic...
[t=0.00135879s, 410597152 KB] Building successor generator...done!
[t=0.00137771s, 410597152 KB] peak memory difference for successor generator creation: 0 KB
[t=0.00138204s, 410597152 KB] time for successor generation creation: 9.208e-06s
[t=0.00138767s, 410597152 KB] Variables: 11
[t=0.00139954s, 410597152 KB] FactPairs: 23
[t=0.00140321s, 410597152 KB] Bytes per state: 4
[t=0.0014155s, 410597152 KB] Conducting best first search with reopening closed nodes, (real) bound = 2147483647
[t=0.0014355s, 410597152 KB] New best heuristic value for lmcut(): 4
[t=0.00143958s, 410597152 KB] New best heuristic value for ff(): 5
[t=0.00144292s, 410597152 KB] g=0, 1 evaluated, 0 expanded
[t=0.00144704s, 410597152 KB] f = 9, 1 evaluated, 0 expanded
[t=0.00145262s, 410597152 KB] Initial heuristic value for lmcut(): 4
[t=0.00145658s, 410597152 KB] Initial heuristic value for ff(): 5
[t=0.00145987s, 410597152 KB] pruning method: none
[t=0.00147804s, 410597152 KB] New best heuristic value for lmcut(): 3
[t=0.00148183s, 410597152 KB] New best heuristic value for ff(): 4
[t=0.00148508s, 410597152 KB] g=1, 3 evaluated, 1 expanded
[t=0.00150229s, 410597152 KB] New best heuristic value for lmcut(): 2
[t=0.00150583s, 410597152 KB] New best heuristic value for ff(): 2
[t=0.00150908s, 410597152 KB] g=2, 6 evaluated, 2 expanded
[t=0.00152021s, 410597152 KB] New best heuristic value for lmcut(): 1
[t=0.00152375s, 410597152 KB] New best heuristic value for ff(): 1
[t=0.00152696s, 410597152 KB] g=3, 8 evaluated, 3 expanded
[t=0.00154058s, 410597152 KB] New best heuristic value for lmcut(): 0
[t=0.00154417s, 410597152 KB] New best heuristic value for ff(): 0
[t=0.00154733s, 410597152 KB] g=4, 11 evaluated, 4 expanded
[t=0.00155146s, 410597152 KB] Solution found!
[t=0.00155512s, 410597152 KB] Actual search time: 9.3291e-05s
pick_up_box rob1 box1 central_warehouse (1)
pick_up_content_at_cw rob1 box1 tool (1)
move rob1 central_warehouse loc1 (1)
put_down_content rob1 box1 tool loc1 wor1_1 (1)
[t=0.00155875s, 410597152 KB] Plan length: 4 step(s).
[t=0.00155875s, 410597152 KB] Plan cost: 4
[t=0.00155875s, 410597152 KB] Expanded 5 state(s).
[t=0.00155875s, 410597152 KB] Reopened 0 state(s).
[t=0.00155875s, 410597152 KB] Evaluated 11 state(s).
[t=0.00155875s, 410597152 KB] Evaluations: 22
[t=0.00155875s, 410597152 KB] Generated 13 state(s).
[t=0.00155875s, 410597152 KB] Dead ends: 0 state(s).
[t=0.00155875s, 410597152 KB] Expanded until last jump: 0 state(s).
[t=0.00155875s, 410597152 KB] Reopened until last jump: 0 state(s).
[t=0.00155875s, 410597152 KB] Evaluated until last jump: 1 state(s).
[t=0.00155875s, 410597152 KB] Generated until last jump: 0 state(s).
[t=0.00155875s, 410597152 KB] Number of registered states: 11
[t=0.00155875s, 410597152 KB] Int hash set load factor: 11/16 = 0.6875
[t=0.00155875s, 410597152 KB] Int hash set resizes: 4
[t=0.00155875s, 410597152 KB] Search time: 0.000143333s
[t=0.00155875s, 410597152 KB] Total time: 0.00155875s
Solution found.
Peak memory: 410597152 KB
Remove intermediate file output.sas
search exit code: 0

INFO     Planner time: 0.05s
