INFO     planner time limit: 60s
INFO     planner memory limit: None

INFO     Running translator.
INFO     translator stdin: None
INFO     translator time limit: 59s
INFO     translator memory limit: None
INFO     translator command line string: /opt/homebrew/opt/python@3.12/bin/python3.12 /Users/francesco/Desktop/planners/downward/builds/release/bin/translate/translate.py domain.pddl problem_2.pddl --sas-file output.sas
Parsing...
Parsing: [0.000s CPU, 0.001s wall-clock]
Normalizing task... [0.000s CPU, 0.000s wall-clock]
Instantiating...
Generating Datalog program... [0.000s CPU, 0.000s wall-clock]
Normalizing Datalog program...
Normalizing Datalog program: [0.000s CPU, 0.001s wall-clock]
Preparing model... [0.000s CPU, 0.000s wall-clock]
Generated 59 rules.
Computing model... [0.000s CPU, 0.001s wall-clock]
260 relevant atoms
225 auxiliary atoms
485 final queue length
632 total queue pushes
Completing instantiation... [0.000s CPU, 0.001s wall-clock]
Instantiating: [0.000s CPU, 0.004s wall-clock]
Computing fact groups...
Finding invariants...
22 initial candidates
Finding invariants: [0.000s CPU, 0.001s wall-clock]
Checking invariant weight... [0.000s CPU, 0.000s wall-clock]
Instantiating groups... [0.000s CPU, 0.000s wall-clock]
Collecting mutex groups... [0.000s CPU, 0.000s wall-clock]
Choosing groups...
32 uncovered facts
Choosing groups: [0.000s CPU, 0.000s wall-clock]
Building translation key... [0.000s CPU, 0.000s wall-clock]
Computing fact groups: [0.000s CPU, 0.001s wall-clock]
Building STRIPS to SAS dictionary... [0.000s CPU, 0.000s wall-clock]
Building dictionary for full mutex groups... [0.000s CPU, 0.000s wall-clock]
Building mutex information...
Building mutex information: [0.000s CPU, 0.000s wall-clock]
Translating task...
Processing axioms...
Simplifying axioms... [0.000s CPU, 0.000s wall-clock]
Translator axioms removed by simplifying: 0
Computing negative axioms... [0.000s CPU, 0.000s wall-clock]
Processing axioms: [0.000s CPU, 0.000s wall-clock]
Translating task: [0.010s CPU, 0.002s wall-clock]
162 effect conditions simplified
0 implied preconditions added
Detecting unreachable propositions...
0 operators removed
0 axioms removed
3 propositions removed
Detecting unreachable propositions: [0.000s CPU, 0.001s wall-clock]
Reordering and filtering variables...
35 of 35 variables necessary.
2 of 5 mutex groups necessary.
130 of 130 operators necessary.
0 of 0 axiom rules necessary.
Reordering and filtering variables: [0.000s CPU, 0.001s wall-clock]
Translator variables: 35
Translator derived variables: 0
Translator facts: 84
Translator goal facts: 4
Translator mutex groups: 2
Translator total mutex groups size: 14
Translator operators: 130
Translator axioms: 0
Translator task size: 1205
warning: could not determine peak memory
Writing output... [0.000s CPU, 0.001s wall-clock]
Done! [0.010s CPU, 0.011s wall-clock]
translate exit code: 0

INFO     Running search (release).
INFO     search stdin: output.sas
INFO     search time limit: 59s
INFO     search memory limit: None
INFO     search command line string: /Users/francesco/Desktop/planners/downward/builds/release/bin/downward --search 'astar(lmcut())' --internal-plan-file plans/plan_astar_lmcut_2 < output.sas
[t=0.000143458s, 410597152 KB] reading input...
[t=0.00230337s, 410597152 KB] done reading input!
[t=0.00285542s, 410597152 KB] Initializing landmark cut heuristic...
[t=0.00287071s, 410597152 KB] Building successor generator...done!
[t=0.00292321s, 410597152 KB] peak memory difference for successor generator creation: 0 KB
[t=0.00292787s, 410597152 KB] time for successor generation creation: 4.1584e-05s
[t=0.00293429s, 410597152 KB] Variables: 35
[t=0.00293908s, 410597152 KB] FactPairs: 84
[t=0.00294333s, 410597152 KB] Bytes per state: 8
[t=0.00295692s, 410597152 KB] Conducting best first search with reopening closed nodes, (real) bound = 2147483647
[t=0.00299096s, 410597152 KB] New best heuristic value for lmcut(): 9
[t=0.00299608s, 410597152 KB] g=0, 1 evaluated, 0 expanded
[t=0.00300071s, 410597152 KB] f = 9, 1 evaluated, 0 expanded
[t=0.00300692s, 410597152 KB] Initial heuristic value for lmcut(): 9
[t=0.00302688s, 410597152 KB] pruning method: none
[t=0.00307s, 410597152 KB] New best heuristic value for lmcut(): 7
[t=0.00307375s, 410597152 KB] g=1, 3 evaluated, 1 expanded
[t=0.0032875s, 410597152 KB] f = 10, 16 evaluated, 5 expanded
[t=0.00336392s, 410597152 KB] New best heuristic value for lmcut(): 6
[t=0.00336771s, 410597152 KB] g=4, 21 evaluated, 6 expanded
[t=0.00461483s, 410597152 KB] f = 11, 110 evaluated, 26 expanded
[t=0.00587562s, 410597152 KB] f = 12, 193 evaluated, 68 expanded
[t=0.00817413s, 410597152 KB] f = 13, 347 evaluated, 152 expanded
[t=0.00850904s, 410597152 KB] New best heuristic value for lmcut(): 5
[t=0.00851321s, 410597152 KB] g=7, 371 evaluated, 161 expanded
[t=0.0123224s, 410597152 KB] f = 14, 624 evaluated, 270 expanded
[t=0.020276s, 410597152 KB] f = 15, 1140 evaluated, 505 expanded
[t=0.0204313s, 410597152 KB] New best heuristic value for lmcut(): 4
[t=0.0204351s, 410597152 KB] g=10, 1151 evaluated, 515 expanded
[t=0.0360753s, 410597152 KB] f = 16, 2174 evaluated, 948 expanded
[t=0.0752508s, 410728224 KB] f = 17, 4731 evaluated, 2103 expanded
[t=0.131807s, 410877728 KB] f = 18, 8281 evaluated, 4000 expanded, 4 reopened
[t=0.131858s, 410877728 KB] New best heuristic value for lmcut(): 3
[t=0.131863s, 410877728 KB] g=15, 8283 evaluated, 4001 expanded, 4 reopened
[t=0.246151s, 410877728 KB] f = 19, 15585 evaluated, 7779 expanded, 38 reopened
[t=0.416711s, 410877728 KB] f = 20, 26565 evaluated, 13653 expanded, 68 reopened
[t=0.704684s, 410877728 KB] f = 21, 44972 evaluated, 23822 expanded, 84 reopened
[t=0.705355s, 410877728 KB] New best heuristic value for lmcut(): 2
[t=0.705362s, 410877728 KB] g=19, 45038 evaluated, 23842 expanded, 84 reopened
[t=0.705411s, 410877728 KB] New best heuristic value for lmcut(): 1
[t=0.705415s, 410877728 KB] g=20, 45043 evaluated, 23843 expanded, 84 reopened
[t=0.705439s, 410877728 KB] New best heuristic value for lmcut(): 0
[t=0.705443s, 410877728 KB] g=21, 45046 evaluated, 23844 expanded, 84 reopened
[t=0.705454s, 410877728 KB] Solution found!
[t=0.705458s, 410877728 KB] Actual search time: 0.702429s
pick_up_box rob1 box1 central_warehouse (1)
pick_up_content_at_cw rob1 box1 bolt (1)
move rob1 central_warehouse loc1 (1)
move rob1 loc1 loc2 (1)
put_down_content rob1 box1 bolt loc2 wor2_2 (1)
move rob1 loc2 loc1 (1)
move rob1 loc1 central_warehouse (1)
pick_up_content_at_cw rob1 box1 tool (1)
move rob1 central_warehouse loc1 (1)
put_down_content rob1 box1 tool loc1 wor1_1 (1)
move rob1 loc1 central_warehouse (1)
pick_up_content_at_cw rob1 box1 valve (1)
move rob1 central_warehouse loc1 (1)
move rob1 loc1 loc5 (1)
put_down_content rob1 box1 valve loc5 wor5_1 (1)
move rob1 loc5 loc1 (1)
move rob1 loc1 central_warehouse (1)
pick_up_content_at_cw rob1 box1 tool (1)
move rob1 central_warehouse loc1 (1)
move rob1 loc1 loc5 (1)
put_down_content rob1 box1 tool loc5 wor5_1 (1)
[t=0.705462s, 410877728 KB] Plan length: 21 step(s).
[t=0.705462s, 410877728 KB] Plan cost: 21
[t=0.705462s, 410877728 KB] Expanded 23845 state(s).
[t=0.705462s, 410877728 KB] Reopened 84 state(s).
[t=0.705462s, 410877728 KB] Evaluated 45047 state(s).
[t=0.705462s, 410877728 KB] Evaluations: 45047
[t=0.705462s, 410877728 KB] Generated 75777 state(s).
[t=0.705462s, 410877728 KB] Dead ends: 0 state(s).
[t=0.705462s, 410877728 KB] Expanded until last jump: 23822 state(s).
[t=0.705462s, 410877728 KB] Reopened until last jump: 84 state(s).
[t=0.705462s, 410877728 KB] Evaluated until last jump: 44972 state(s).
[t=0.705462s, 410877728 KB] Generated until last jump: 75672 state(s).
[t=0.705462s, 410877728 KB] Number of registered states: 45047
[t=0.705462s, 410877728 KB] Int hash set load factor: 45047/65536 = 0.687363
[t=0.705462s, 410877728 KB] Int hash set resizes: 16
[t=0.705462s, 410877728 KB] Search time: 0.702505s
[t=0.705462s, 410877728 KB] Total time: 0.705462s
Solution found.
Peak memory: 410877728 KB
Remove intermediate file output.sas
search exit code: 0

INFO     Planner time: 0.76s
