INFO     planner time limit: 60s
INFO     planner memory limit: None

INFO     Running translator.
INFO     translator stdin: None
INFO     translator time limit: 59s
INFO     translator memory limit: None
INFO     translator command line string: /opt/homebrew/opt/python@3.12/bin/python3.12 /Users/francesco/Desktop/planners/downward/builds/release/bin/translate/translate.py domain.pddl problem_3.pddl --sas-file output.sas
Parsing...
Parsing: [0.000s CPU, 0.002s wall-clock]
Normalizing task... [0.000s CPU, 0.000s wall-clock]
Instantiating...
Generating Datalog program... [0.000s CPU, 0.000s wall-clock]
Normalizing Datalog program...
Normalizing Datalog program: [0.000s CPU, 0.001s wall-clock]
Preparing model... [0.000s CPU, 0.001s wall-clock]
Generated 59 rules.
Computing model... [0.010s CPU, 0.003s wall-clock]
855 relevant atoms
671 auxiliary atoms
1526 final queue length
2131 total queue pushes
Completing instantiation... [0.000s CPU, 0.005s wall-clock]
Instantiating: [0.010s CPU, 0.011s wall-clock]
Computing fact groups...
Finding invariants...
22 initial candidates
Finding invariants: [0.000s CPU, 0.001s wall-clock]
Checking invariant weight... [0.000s CPU, 0.000s wall-clock]
Instantiating groups... [0.000s CPU, 0.000s wall-clock]
Collecting mutex groups... [0.000s CPU, 0.000s wall-clock]
Choosing groups...
113 uncovered facts
Choosing groups: [0.000s CPU, 0.000s wall-clock]
Building translation key... [0.000s CPU, 0.000s wall-clock]
Computing fact groups: [0.000s CPU, 0.002s wall-clock]
Building STRIPS to SAS dictionary... [0.000s CPU, 0.000s wall-clock]
Building dictionary for full mutex groups... [0.000s CPU, 0.000s wall-clock]
Building mutex information...
Building mutex information: [0.000s CPU, 0.000s wall-clock]
Translating task...
Processing axioms...
Simplifying axioms... [0.000s CPU, 0.000s wall-clock]
Translator axioms removed by simplifying: 0
Computing negative axioms... [0.000s CPU, 0.000s wall-clock]
Processing axioms: [0.000s CPU, 0.001s wall-clock]
Translating task: [0.010s CPU, 0.008s wall-clock]
668 effect conditions simplified
0 implied preconditions added
Detecting unreachable propositions...
0 operators removed
0 axioms removed
3 propositions removed
Detecting unreachable propositions: [0.000s CPU, 0.004s wall-clock]
Reordering and filtering variables...
116 of 116 variables necessary.
2 of 5 mutex groups necessary.
508 of 508 operators necessary.
0 of 0 axiom rules necessary.
Reordering and filtering variables: [0.010s CPU, 0.003s wall-clock]
Translator variables: 116
Translator derived variables: 0
Translator facts: 279
Translator goal facts: 16
Translator mutex groups: 2
Translator total mutex groups size: 36
Translator operators: 508
Translator axioms: 0
Translator task size: 4723
warning: could not determine peak memory
Writing output... [0.000s CPU, 0.003s wall-clock]
Done! [0.030s CPU, 0.033s wall-clock]
translate exit code: 0

INFO     Running search (release).
INFO     search stdin: output.sas
INFO     search time limit: 59s
INFO     search memory limit: None
INFO     search command line string: /Users/francesco/Desktop/planners/downward/builds/release/bin/downward --search 'astar(blind())' --internal-plan-file plans/plan_astar_blind_3 < output.sas
[t=0.000152958s, 410597152 KB] reading input...
[t=0.00866404s, 410728224 KB] done reading input!
[t=0.00919812s, 410728224 KB] Initializing blind search heuristic...
[t=0.00921904s, 410728224 KB] Building successor generator...done!
[t=0.0093755s, 410728224 KB] peak memory difference for successor generator creation: 0 KB
[t=0.00938063s, 410728224 KB] time for successor generation creation: 0.000141792s
[t=0.00938729s, 410728224 KB] Variables: 116
[t=0.00939488s, 410728224 KB] FactPairs: 279
[t=0.00939958s, 410728224 KB] Bytes per state: 16
[t=0.00941529s, 410728224 KB] Conducting best first search with reopening closed nodes, (real) bound = 2147483647
[t=0.00942542s, 410728224 KB] New best heuristic value for blind(): 1
[t=0.00943058s, 410728224 KB] g=0, 1 evaluated, 0 expanded
[t=0.00943546s, 410728224 KB] f = 1, 1 evaluated, 0 expanded
[t=0.00944163s, 410728224 KB] Initial heuristic value for blind(): 1
[t=0.00945437s, 410728224 KB] pruning method: none
[t=0.00946679s, 410728224 KB] f = 2, 7 evaluated, 1 expanded
[t=0.009499s, 410728224 KB] f = 3, 39 evaluated, 7 expanded
[t=0.00958763s, 410728224 KB] f = 4, 131 evaluated, 39 expanded
[t=0.00988604s, 410728224 KB] f = 5, 487 evaluated, 131 expanded
[t=0.0108258s, 410728224 KB] f = 6, 1527 evaluated, 487 expanded
[t=0.012895s, 410728224 KB] f = 7, 3683 evaluated, 1527 expanded
[t=0.0189639s, 410728224 KB] f = 8, 10527 evaluated, 3683 expanded
[t=0.0379173s, 410728224 KB] f = 9, 31627 evaluated, 10527 expanded
[t=0.0855243s, 410728224 KB] f = 10, 84199 evaluated, 31627 expanded
[t=0.200055s, 410877728 KB] f = 11, 204715 evaluated, 84199 expanded
[t=0.487506s, 410885920 KB] f = 12, 500011 evaluated, 204715 expanded
[t=1.16647s, 410936112 KB] f = 13, 1166819 evaluated, 500011 expanded
[t=2.81579s, 411157296 KB] f = 14, 2672563 evaluated, 1166819 expanded
[t=6.48154s, 411479856 KB] f = 15, 5965511 evaluated, 2672563 expanded
[t=14.6349s, 411889472 KB] f = 16, 13092823 evaluated, 5965511 expanded
[t=33.1449s, 412980064 KB] f = 17, 27862863 evaluated, 13092823 expanded
Peak memory: 413283168 KB
caught signal 24 -- exiting
Time limit has been reached.
Remove intermediate file output.sas
search exit code: 23

Driver aborting after search
INFO     Planner time: 41.66s
