INFO     planner time limit: 60s
INFO     planner memory limit: None

INFO     Running translator.
INFO     translator stdin: None
INFO     translator time limit: 59s
INFO     translator memory limit: None
INFO     translator command line string: /opt/homebrew/opt/python@3.12/bin/python3.12 /Users/francesco/Desktop/planners/downward/builds/release/bin/translate/translate.py domain.pddl problem_4.pddl --sas-file output.sas
Parsing...
Parsing: [0.000s CPU, 0.001s wall-clock]
Normalizing task... [0.000s CPU, 0.000s wall-clock]
Instantiating...
Generating Datalog program... [0.000s CPU, 0.000s wall-clock]
Normalizing Datalog program...
Normalizing Datalog program: [0.000s CPU, 0.001s wall-clock]
Preparing model... [0.000s CPU, 0.001s wall-clock]
Generated 59 rules.
Computing model... [0.010s CPU, 0.005s wall-clock]
1386 relevant atoms
892 auxiliary atoms
2278 final queue length
3632 total queue pushes
Completing instantiation... [0.010s CPU, 0.010s wall-clock]
Instantiating: [0.020s CPU, 0.017s wall-clock]
Computing fact groups...
Finding invariants...
22 initial candidates
Finding invariants: [0.000s CPU, 0.001s wall-clock]
Checking invariant weight... [0.000s CPU, 0.000s wall-clock]
Instantiating groups... [0.000s CPU, 0.000s wall-clock]
Collecting mutex groups... [0.000s CPU, 0.000s wall-clock]
Choosing groups...
114 uncovered facts
Choosing groups: [0.000s CPU, 0.000s wall-clock]
Building translation key... [0.000s CPU, 0.000s wall-clock]
Computing fact groups: [0.000s CPU, 0.002s wall-clock]
Building STRIPS to SAS dictionary... [0.000s CPU, 0.000s wall-clock]
Building dictionary for full mutex groups... [0.000s CPU, 0.000s wall-clock]
Building mutex information...
Building mutex information: [0.000s CPU, 0.000s wall-clock]
Translating task...
Processing axioms...
Simplifying axioms... [0.000s CPU, 0.000s wall-clock]
Translator axioms removed by simplifying: 0
Computing negative axioms... [0.000s CPU, 0.000s wall-clock]
Processing axioms: [0.000s CPU, 0.001s wall-clock]
Translating task: [0.020s CPU, 0.017s wall-clock]
1336 effect conditions simplified
0 implied preconditions added
Detecting unreachable propositions...
0 operators removed
0 axioms removed
4 propositions removed
Detecting unreachable propositions: [0.000s CPU, 0.007s wall-clock]
Reordering and filtering variables...
118 of 118 variables necessary.
2 of 6 mutex groups necessary.
1016 of 1016 operators necessary.
0 of 0 axiom rules necessary.
Reordering and filtering variables: [0.010s CPU, 0.004s wall-clock]
Translator variables: 118
Translator derived variables: 0
Translator facts: 300
Translator goal facts: 16
Translator mutex groups: 2
Translator total mutex groups size: 36
Translator operators: 1016
Translator axioms: 0
Translator task size: 9022
warning: could not determine peak memory
Writing output... [0.000s CPU, 0.006s wall-clock]
Done! [0.050s CPU, 0.055s wall-clock]
translate exit code: 0

INFO     Running search (release).
INFO     search stdin: output.sas
INFO     search time limit: 59s
INFO     search memory limit: None
INFO     search command line string: /Users/francesco/Desktop/planners/downward/builds/release/bin/downward --evaluator 'lmcut=lmcut()' --search 'eager_greedy([lmcut], preferred=[lmcut])' --internal-plan-file plans/plan_eager_greddy_lmcut_4 < output.sas
[t=0.000146375s, 410597152 KB] reading input...
[t=0.0162767s, 410728224 KB] done reading input!
[t=0.0171204s, 410728224 KB] Initializing landmark cut heuristic...
[t=0.0171469s, 410728224 KB] Building successor generator...done!
[t=0.017437s, 410728224 KB] peak memory difference for successor generator creation: 0 KB
[t=0.0174418s, 410728224 KB] time for successor generation creation: 0.000278916s
[t=0.017449s, 410728224 KB] Variables: 118
[t=0.017454s, 410728224 KB] FactPairs: 300
[t=0.0174587s, 410728224 KB] Bytes per state: 20
[t=0.0174718s, 410728224 KB] Conducting best first search without reopening closed nodes, (real) bound = 2147483647
[t=0.0177815s, 410728224 KB] New best heuristic value for lmcut(): 34
[t=0.0177869s, 410728224 KB] g=0, 1 evaluated, 0 expanded
[t=0.0177932s, 410728224 KB] Initial heuristic value for lmcut(): 34
[t=0.0178058s, 410728224 KB] pruning method: none
[t=0.018398s, 410728224 KB] New best heuristic value for lmcut(): 33
[t=0.0184023s, 410728224 KB] g=1, 2 evaluated, 1 expanded
[t=0.0195594s, 410728224 KB] New best heuristic value for lmcut(): 29
[t=0.0195657s, 410728224 KB] g=1, 6 evaluated, 1 expanded
[t=0.0248998s, 410728224 KB] New best heuristic value for lmcut(): 25
[t=0.0249057s, 410728224 KB] g=2, 24 evaluated, 2 expanded
[t=0.025148s, 410728224 KB] New best heuristic value for lmcut(): 24
[t=0.0251549s, 410728224 KB] g=2, 25 evaluated, 2 expanded
[t=0.0280023s, 410728224 KB] New best heuristic value for lmcut(): 22
[t=0.0280066s, 410728224 KB] g=3, 35 evaluated, 3 expanded
[t=0.0518047s, 410728224 KB] New best heuristic value for lmcut(): 20
[t=0.0518099s, 410728224 KB] g=7, 112 evaluated, 14 expanded
[t=0.11617s, 410746656 KB] New best heuristic value for lmcut(): 19
[t=0.116202s, 410746656 KB] g=17, 311 evaluated, 62 expanded
[t=0.548251s, 410755872 KB] New best heuristic value for lmcut(): 17
[t=0.548289s, 410755872 KB] g=26, 1714 evaluated, 323 expanded
[t=0.820834s, 410755872 KB] New best heuristic value for lmcut(): 16
[t=0.820849s, 410755872 KB] g=31, 2578 evaluated, 602 expanded
[t=1.00811s, 410755872 KB] New best heuristic value for lmcut(): 15
[t=1.00813s, 410755872 KB] g=35, 3225 evaluated, 792 expanded
Peak memory: 410923808 KB
caught signal 24 -- exiting
Time limit has been reached.
Remove intermediate file output.sas
search exit code: 23

Driver aborting after search
INFO     Planner time: 56.25s
