INFO     planner time limit: 60s
INFO     planner memory limit: None

INFO     Running translator.
INFO     translator stdin: None
INFO     translator time limit: 59s
INFO     translator memory limit: None
INFO     translator command line string: /opt/homebrew/opt/python@3.12/bin/python3.12 /Users/francesco/Desktop/planners/downward/builds/release/bin/translate/translate.py domain.pddl problem_3.pddl --sas-file output.sas
Parsing...
Parsing: [0.000s CPU, 0.002s wall-clock]
Normalizing task... [0.000s CPU, 0.000s wall-clock]
Instantiating...
Generating Datalog program... [0.000s CPU, 0.000s wall-clock]
Normalizing Datalog program...
Normalizing Datalog program: [0.000s CPU, 0.001s wall-clock]
Preparing model... [0.000s CPU, 0.001s wall-clock]
Generated 59 rules.
Computing model... [0.010s CPU, 0.003s wall-clock]
855 relevant atoms
671 auxiliary atoms
1526 final queue length
2131 total queue pushes
Completing instantiation... [0.000s CPU, 0.005s wall-clock]
Instantiating: [0.010s CPU, 0.011s wall-clock]
Computing fact groups...
Finding invariants...
22 initial candidates
Finding invariants: [0.000s CPU, 0.001s wall-clock]
Checking invariant weight... [0.000s CPU, 0.000s wall-clock]
Instantiating groups... [0.000s CPU, 0.000s wall-clock]
Collecting mutex groups... [0.000s CPU, 0.000s wall-clock]
Choosing groups...
113 uncovered facts
Choosing groups: [0.000s CPU, 0.000s wall-clock]
Building translation key... [0.000s CPU, 0.000s wall-clock]
Computing fact groups: [0.000s CPU, 0.002s wall-clock]
Building STRIPS to SAS dictionary... [0.000s CPU, 0.000s wall-clock]
Building dictionary for full mutex groups... [0.000s CPU, 0.000s wall-clock]
Building mutex information...
Building mutex information: [0.000s CPU, 0.000s wall-clock]
Translating task...
Processing axioms...
Simplifying axioms... [0.000s CPU, 0.000s wall-clock]
Translator axioms removed by simplifying: 0
Computing negative axioms... [0.000s CPU, 0.000s wall-clock]
Processing axioms: [0.000s CPU, 0.001s wall-clock]
Translating task: [0.010s CPU, 0.008s wall-clock]
668 effect conditions simplified
0 implied preconditions added
Detecting unreachable propositions...
0 operators removed
0 axioms removed
3 propositions removed
Detecting unreachable propositions: [0.010s CPU, 0.004s wall-clock]
Reordering and filtering variables...
116 of 116 variables necessary.
2 of 5 mutex groups necessary.
508 of 508 operators necessary.
0 of 0 axiom rules necessary.
Reordering and filtering variables: [0.000s CPU, 0.003s wall-clock]
Translator variables: 116
Translator derived variables: 0
Translator facts: 279
Translator goal facts: 16
Translator mutex groups: 2
Translator total mutex groups size: 36
Translator operators: 508
Translator axioms: 0
Translator task size: 4723
warning: could not determine peak memory
Writing output... [0.000s CPU, 0.003s wall-clock]
Done! [0.030s CPU, 0.033s wall-clock]
translate exit code: 0

INFO     Running search (release).
INFO     search stdin: output.sas
INFO     search time limit: 59s
INFO     search memory limit: None
INFO     search command line string: /Users/francesco/Desktop/planners/downward/builds/release/bin/downward --evaluator 'add=add()' --search 'eager_greedy([add], preferred=[add])' --internal-plan-file plans/plan_eager_greddy_add_3 < output.sas
[t=0.000167792s, 410606368 KB] reading input...
[t=0.00869867s, 410737440 KB] done reading input!
[t=0.009357s, 410737440 KB] Simplifying 1436 unary operators... done! [1426 unary operators]
[t=0.0111485s, 410737440 KB] time to simplify: 0.00179379s
[t=0.0111967s, 410737440 KB] Initializing additive heuristic...
[t=0.0112206s, 410737440 KB] Building successor generator...done!
[t=0.0113748s, 410737440 KB] peak memory difference for successor generator creation: 0 KB
[t=0.01138s, 410737440 KB] time for successor generation creation: 0.000143834s
[t=0.0113863s, 410737440 KB] Variables: 116
[t=0.011391s, 410737440 KB] FactPairs: 279
[t=0.0113954s, 410737440 KB] Bytes per state: 16
[t=0.0114083s, 410737440 KB] Conducting best first search without reopening closed nodes, (real) bound = 2147483647
[t=0.0114335s, 410737440 KB] New best heuristic value for add(): 172
[t=0.0114494s, 410737440 KB] g=0, 1 evaluated, 0 expanded
[t=0.0114553s, 410737440 KB] Initial heuristic value for add(): 172
[t=0.011459s, 410737440 KB] pruning method: none
[t=0.0115357s, 410737440 KB] New best heuristic value for add(): 76
[t=0.0115398s, 410737440 KB] g=1, 6 evaluated, 1 expanded
[t=0.0116234s, 410737440 KB] New best heuristic value for add(): 70
[t=0.011627s, 410737440 KB] g=2, 12 evaluated, 2 expanded
[t=0.0157465s, 410737440 KB] New best heuristic value for add(): 68
[t=0.0157506s, 410737440 KB] g=6, 337 evaluated, 65 expanded
[t=0.0157774s, 410737440 KB] New best heuristic value for add(): 66
[t=0.015781s, 410737440 KB] g=6, 339 evaluated, 65 expanded
[t=0.0178145s, 410737440 KB] New best heuristic value for add(): 64
[t=0.0178186s, 410737440 KB] g=10, 497 evaluated, 96 expanded
[t=0.017866s, 410737440 KB] New best heuristic value for add(): 62
[t=0.0178695s, 410737440 KB] g=10, 501 evaluated, 96 expanded
[t=0.0198398s, 410737440 KB] New best heuristic value for add(): 60
[t=0.019845s, 410737440 KB] g=14, 652 evaluated, 126 expanded
[t=0.0199025s, 410737440 KB] New best heuristic value for add(): 58
[t=0.0199061s, 410737440 KB] g=14, 657 evaluated, 126 expanded
[t=0.0217886s, 410737440 KB] New best heuristic value for add(): 56
[t=0.0217928s, 410737440 KB] g=18, 802 evaluated, 155 expanded
Peak memory: 411446064 KB
caught signal 24 -- exiting
Time limit has been reached.
Remove intermediate file output.sas
search exit code: 23

Driver aborting after search
INFO     Planner time: 59.11s
