INFO     planner time limit: 60s
INFO     planner memory limit: None

INFO     Running translator.
INFO     translator stdin: None
INFO     translator time limit: 59s
INFO     translator memory limit: None
INFO     translator command line string: /opt/homebrew/opt/python@3.12/bin/python3.12 /Users/francesco/Desktop/planners/downward/builds/release/bin/translate/translate.py domain.pddl problem_1.pddl --sas-file output.sas
Parsing...
Parsing: [0.000s CPU, 0.001s wall-clock]
Normalizing task... [0.000s CPU, 0.000s wall-clock]
Instantiating...
Generating Datalog program... [0.000s CPU, 0.000s wall-clock]
Normalizing Datalog program...
Normalizing Datalog program: [0.000s CPU, 0.001s wall-clock]
Preparing model... [0.000s CPU, 0.000s wall-clock]
Generated 59 rules.
Computing model... [0.000s CPU, 0.001s wall-clock]
63 relevant atoms
69 auxiliary atoms
132 final queue length
145 total queue pushes
Completing instantiation... [0.000s CPU, 0.000s wall-clock]
Instantiating: [0.000s CPU, 0.002s wall-clock]
Computing fact groups...
Finding invariants...
22 initial candidates
Finding invariants: [0.000s CPU, 0.001s wall-clock]
Checking invariant weight... [0.000s CPU, 0.000s wall-clock]
Instantiating groups... [0.000s CPU, 0.000s wall-clock]
Collecting mutex groups... [0.000s CPU, 0.000s wall-clock]
Choosing groups...
9 uncovered facts
Choosing groups: [0.000s CPU, 0.000s wall-clock]
Building translation key... [0.000s CPU, 0.000s wall-clock]
Computing fact groups: [0.000s CPU, 0.001s wall-clock]
Building STRIPS to SAS dictionary... [0.000s CPU, 0.000s wall-clock]
Building dictionary for full mutex groups... [0.000s CPU, 0.000s wall-clock]
Building mutex information...
Building mutex information: [0.000s CPU, 0.000s wall-clock]
Translating task...
Processing axioms...
Simplifying axioms... [0.000s CPU, 0.000s wall-clock]
Translator axioms removed by simplifying: 0
Computing negative axioms... [0.000s CPU, 0.000s wall-clock]
Processing axioms: [0.000s CPU, 0.000s wall-clock]
Translating task: [0.000s CPU, 0.000s wall-clock]
19 effect conditions simplified
0 implied preconditions added
Detecting unreachable propositions...
0 operators removed
0 axioms removed
2 propositions removed
Detecting unreachable propositions: [0.000s CPU, 0.000s wall-clock]
Reordering and filtering variables...
11 of 11 variables necessary.
1 of 3 mutex groups necessary.
18 of 18 operators necessary.
0 of 0 axiom rules necessary.
Reordering and filtering variables: [0.000s CPU, 0.000s wall-clock]
Translator variables: 11
Translator derived variables: 0
Translator facts: 23
Translator goal facts: 1
Translator mutex groups: 1
Translator total mutex groups size: 3
Translator operators: 18
Translator axioms: 0
Translator task size: 175
warning: could not determine peak memory
Writing output... [0.000s CPU, 0.000s wall-clock]
Done! [0.000s CPU, 0.005s wall-clock]
translate exit code: 0

INFO     Running search (release).
INFO     search stdin: output.sas
INFO     search time limit: 59s
INFO     search memory limit: None
INFO     search command line string: /Users/francesco/Desktop/planners/downward/builds/release/bin/downward --evaluator 'ipdb=ipdb()' --search 'eager_greedy([ipdb], preferred=[ipdb])' --internal-plan-file plans/plan_eager_greddy_ipdb_1 < output.sas
[t=0.000141042s, 410597152 KB] reading input...
[t=0.000494s, 410597152 KB] done reading input!
[t=0.00114296s, 410597152 KB] Initializing canonical PDB heuristic...
[t=0.00115008s, 410597152 KB] Generating patterns using: hill climbing pattern collection generator
[t=0.001167s, 410597152 KB] Done calculating initial pattern collection: 1.3667e-05s
[t=0.00117308s, 410597152 KB] Average operator cost: 1
[t=0.00117837s, 410597152 KB] building causal graph...done! [t=2.4e-05s]
[t=0.00123467s, 410597152 KB] Done calculating initial candidate PDBs
[t=0.00163058s, 410728224 KB] found a better pattern with improvement 930
[t=0.00238017s, 410728224 KB] found a better pattern with improvement 956
[t=0.00342742s, 410728224 KB] found a better pattern with improvement 461
[t=0.00481192s, 410728224 KB] found a better pattern with improvement 320
[t=0.00655033s, 410728224 KB] Improvement below threshold. Stop hill climbing.
[t=0.00655604s, 410728224 KB] Hill climbing iterations: 5
[t=0.00655938s, 410728224 KB] Hill climbing generated patterns: 21
[t=0.00656342s, 410728224 KB] Hill climbing rejected patterns: 0
[t=0.00656667s, 410728224 KB] Hill climbing maximum PDB size: 96
[t=0.00656983s, 410728224 KB] Hill climbing time: 0.00539829s
[t=0.00660371s, 410728224 KB] hill climbing pattern collection generator number of patterns: 5
[t=0.00660779s, 410728224 KB] hill climbing pattern collection generator total PDB size: 86
[t=0.00661108s, 410728224 KB] hill climbing pattern collection generator computation time: 0.00544854s
[t=0.00661492s, 410728224 KB] Running dominance pruning...
[t=0.0066195s, 410728224 KB] Pruned 4 of 5 pattern cliques
[t=0.00662288s, 410728224 KB] Pruned 4 of 5 PDBs
[t=0.00662658s, 410728224 KB] Dominance pruning took 9.959e-06s
[t=0.00663071s, 410728224 KB] Canonical PDB heuristic number of patterns: 1
[t=0.00663396s, 410728224 KB] Canonical PDB heuristic total PDB size: 48
[t=0.00663704s, 410728224 KB] Canonical PDB heuristic computation time: 0.00548771s
[t=0.00665708s, 410728224 KB] Building successor generator...done!
[t=0.0066705s, 410728224 KB] peak memory difference for successor generator creation: 0 KB
[t=0.00667371s, 410728224 KB] time for successor generation creation: 6.416e-06s
[t=0.00667796s, 410728224 KB] Variables: 11
[t=0.00668117s, 410728224 KB] FactPairs: 23
[t=0.00668425s, 410728224 KB] Bytes per state: 4
[t=0.0066965s, 410728224 KB] Conducting best first search without reopening closed nodes, (real) bound = 2147483647
[t=0.00670396s, 410728224 KB] New best heuristic value for : 4
[t=0.00670754s, 410728224 KB] g=0, 1 evaluated, 0 expanded
[t=0.00671288s, 410728224 KB] Initial heuristic value for : 4
[t=0.00671642s, 410728224 KB] pruning method: none
[t=0.00672321s, 410728224 KB] New best heuristic value for : 3
[t=0.00672671s, 410728224 KB] g=1, 3 evaluated, 1 expanded
[t=0.00673292s, 410728224 KB] New best heuristic value for : 2
[t=0.00673629s, 410728224 KB] g=2, 6 evaluated, 2 expanded
[t=0.00674142s, 410728224 KB] New best heuristic value for : 1
[t=0.00674479s, 410728224 KB] g=3, 8 evaluated, 3 expanded
[t=0.00675079s, 410728224 KB] New best heuristic value for : 0
[t=0.00675412s, 410728224 KB] g=4, 11 evaluated, 4 expanded
[t=0.00675804s, 410728224 KB] Solution found!
[t=0.00676158s, 410728224 KB] Actual search time: 4.3125e-05s
pick_up_box rob1 box1 central_warehouse (1)
pick_up_content_at_cw rob1 box1 tool (1)
move rob1 central_warehouse loc1 (1)
put_down_content rob1 box1 tool loc1 wor1_1 (1)
[t=0.00676488s, 410728224 KB] Plan length: 4 step(s).
[t=0.00676488s, 410728224 KB] Plan cost: 4
[t=0.00676488s, 410728224 KB] Expanded 5 state(s).
[t=0.00676488s, 410728224 KB] Reopened 0 state(s).
[t=0.00676488s, 410728224 KB] Evaluated 11 state(s).
[t=0.00676488s, 410728224 KB] Evaluations: 15
[t=0.00676488s, 410728224 KB] Generated 13 state(s).
[t=0.00676488s, 410728224 KB] Dead ends: 0 state(s).
[t=0.00676488s, 410728224 KB] Number of registered states: 11
[t=0.00676488s, 410728224 KB] Int hash set load factor: 11/16 = 0.6875
[t=0.00676488s, 410728224 KB] Int hash set resizes: 4
[t=0.00676488s, 410728224 KB] Search time: 6.8459e-05s
[t=0.00676488s, 410728224 KB] Total time: 0.00676488s
Solution found.
Peak memory: 410728224 KB
Remove intermediate file output.sas
search exit code: 0

INFO     Planner time: 0.04s
