INFO     planner time limit: 60s
INFO     planner memory limit: None

INFO     Running translator.
INFO     translator stdin: None
INFO     translator time limit: 59s
INFO     translator memory limit: None
INFO     translator command line string: /opt/homebrew/opt/python@3.12/bin/python3.12 /Users/francesco/Desktop/planners/downward/builds/release/bin/translate/translate.py domain.pddl problem_2.pddl --sas-file output.sas
Parsing...
Parsing: [0.000s CPU, 0.001s wall-clock]
Normalizing task... [0.000s CPU, 0.000s wall-clock]
Instantiating...
Generating Datalog program... [0.000s CPU, 0.000s wall-clock]
Normalizing Datalog program...
Normalizing Datalog program: [0.000s CPU, 0.001s wall-clock]
Preparing model... [0.000s CPU, 0.000s wall-clock]
Generated 59 rules.
Computing model... [0.000s CPU, 0.001s wall-clock]
260 relevant atoms
225 auxiliary atoms
485 final queue length
632 total queue pushes
Completing instantiation... [0.000s CPU, 0.001s wall-clock]
Instantiating: [0.000s CPU, 0.004s wall-clock]
Computing fact groups...
Finding invariants...
22 initial candidates
Finding invariants: [0.000s CPU, 0.001s wall-clock]
Checking invariant weight... [0.000s CPU, 0.000s wall-clock]
Instantiating groups... [0.000s CPU, 0.000s wall-clock]
Collecting mutex groups... [0.000s CPU, 0.000s wall-clock]
Choosing groups...
32 uncovered facts
Choosing groups: [0.000s CPU, 0.000s wall-clock]
Building translation key... [0.000s CPU, 0.000s wall-clock]
Computing fact groups: [0.000s CPU, 0.001s wall-clock]
Building STRIPS to SAS dictionary... [0.000s CPU, 0.000s wall-clock]
Building dictionary for full mutex groups... [0.000s CPU, 0.000s wall-clock]
Building mutex information...
Building mutex information: [0.000s CPU, 0.000s wall-clock]
Translating task...
Processing axioms...
Simplifying axioms... [0.000s CPU, 0.000s wall-clock]
Translator axioms removed by simplifying: 0
Computing negative axioms... [0.000s CPU, 0.000s wall-clock]
Processing axioms: [0.010s CPU, 0.000s wall-clock]
Translating task: [0.010s CPU, 0.002s wall-clock]
162 effect conditions simplified
0 implied preconditions added
Detecting unreachable propositions...
0 operators removed
0 axioms removed
3 propositions removed
Detecting unreachable propositions: [0.000s CPU, 0.001s wall-clock]
Reordering and filtering variables...
35 of 35 variables necessary.
2 of 5 mutex groups necessary.
130 of 130 operators necessary.
0 of 0 axiom rules necessary.
Reordering and filtering variables: [0.000s CPU, 0.001s wall-clock]
Translator variables: 35
Translator derived variables: 0
Translator facts: 84
Translator goal facts: 4
Translator mutex groups: 2
Translator total mutex groups size: 14
Translator operators: 130
Translator axioms: 0
Translator task size: 1205
warning: could not determine peak memory
Writing output... [0.000s CPU, 0.001s wall-clock]
Done! [0.010s CPU, 0.011s wall-clock]
translate exit code: 0

INFO     Running search (release).
INFO     search stdin: output.sas
INFO     search time limit: 59s
INFO     search memory limit: None
INFO     search command line string: /Users/francesco/Desktop/planners/downward/builds/release/bin/downward --evaluator 'blind=blind()' --search 'eager_greedy([blind], preferred=[blind])' --internal-plan-file plans/plan_eager_greddy_blind_2 < output.sas
[t=0.000146584s, 410597152 KB] reading input...
[t=0.00230621s, 410597152 KB] done reading input!
[t=0.00286342s, 410597152 KB] Initializing blind search heuristic...
[t=0.00288767s, 410597152 KB] Building successor generator...done!
[t=0.00294112s, 410597152 KB] peak memory difference for successor generator creation: 0 KB
[t=0.00294667s, 410597152 KB] time for successor generation creation: 4.2541e-05s
[t=0.00295258s, 410597152 KB] Variables: 35
[t=0.00295746s, 410597152 KB] FactPairs: 84
[t=0.002962s, 410597152 KB] Bytes per state: 8
[t=0.00297721s, 410597152 KB] Conducting best first search without reopening closed nodes, (real) bound = 2147483647
[t=0.00298633s, 410597152 KB] New best heuristic value for blind(): 1
[t=0.00299112s, 410597152 KB] g=0, 1 evaluated, 0 expanded
[t=0.00299783s, 410597152 KB] Initial heuristic value for blind(): 1
[t=0.00301246s, 410597152 KB] pruning method: none
[t=0.592095s, 410900272 KB] New best heuristic value for blind(): 0
[t=0.59214s, 410900272 KB] g=21, 865188 evaluated, 590924 expanded
[t=0.592156s, 410900272 KB] Solution found!
[t=0.592173s, 410900272 KB] Actual search time: 0.589159s
pick_up_box rob1 box1 central_warehouse (1)
pick_up_content_at_cw rob1 box1 bolt (1)
move rob1 central_warehouse loc1 (1)
move rob1 loc1 loc2 (1)
put_down_content rob1 box1 bolt loc2 wor2_2 (1)
move rob1 loc2 loc1 (1)
move rob1 loc1 central_warehouse (1)
pick_up_content_at_cw rob1 box1 tool (1)
move rob1 central_warehouse loc1 (1)
move rob1 loc1 loc5 (1)
put_down_content rob1 box1 tool loc5 wor5_1 (1)
move rob1 loc5 loc1 (1)
move rob1 loc1 central_warehouse (1)
pick_up_content_at_cw rob1 box1 tool (1)
move rob1 central_warehouse loc1 (1)
put_down_content rob1 box1 tool loc1 wor1_1 (1)
move rob1 loc1 central_warehouse (1)
pick_up_content_at_cw rob1 box1 valve (1)
move rob1 central_warehouse loc1 (1)
move rob1 loc1 loc5 (1)
put_down_content rob1 box1 valve loc5 wor5_1 (1)
[t=0.592178s, 410900272 KB] Plan length: 21 step(s).
[t=0.592178s, 410900272 KB] Plan cost: 21
[t=0.592178s, 410900272 KB] Expanded 590925 state(s).
[t=0.592178s, 410900272 KB] Reopened 0 state(s).
[t=0.592178s, 410900272 KB] Evaluated 865189 state(s).
[t=0.592178s, 410900272 KB] Evaluations: 1456113
[t=0.592178s, 410900272 KB] Generated 1689801 state(s).
[t=0.592178s, 410900272 KB] Dead ends: 0 state(s).
[t=0.592178s, 410900272 KB] Number of registered states: 865189
[t=0.592178s, 410900272 KB] Int hash set load factor: 865189/2097152 = 0.412554
[t=0.592178s, 410900272 KB] Int hash set resizes: 21
[t=0.592178s, 410900272 KB] Search time: 0.589201s
[t=0.592178s, 410900272 KB] Total time: 0.592178s
Solution found.
Peak memory: 410892080 KB
Remove intermediate file output.sas
search exit code: 0

INFO     Planner time: 0.65s
