INFO     planner time limit: 60s
INFO     planner memory limit: None

INFO     Running translator.
INFO     translator stdin: None
INFO     translator time limit: 59s
INFO     translator memory limit: None
INFO     translator command line string: /opt/homebrew/opt/python@3.12/bin/python3.12 /Users/francesco/Desktop/planners/downward/builds/release/bin/translate/translate.py domain.pddl problem_3.pddl --sas-file output.sas
Parsing...
Parsing: [0.000s CPU, 0.001s wall-clock]
Normalizing task... [0.000s CPU, 0.000s wall-clock]
Instantiating...
Generating Datalog program... [0.000s CPU, 0.000s wall-clock]
Normalizing Datalog program...
Normalizing Datalog program: [0.000s CPU, 0.001s wall-clock]
Preparing model... [0.000s CPU, 0.001s wall-clock]
Generated 59 rules.
Computing model... [0.010s CPU, 0.003s wall-clock]
855 relevant atoms
671 auxiliary atoms
1526 final queue length
2131 total queue pushes
Completing instantiation... [0.000s CPU, 0.005s wall-clock]
Instantiating: [0.010s CPU, 0.010s wall-clock]
Computing fact groups...
Finding invariants...
22 initial candidates
Finding invariants: [0.000s CPU, 0.001s wall-clock]
Checking invariant weight... [0.000s CPU, 0.000s wall-clock]
Instantiating groups... [0.000s CPU, 0.000s wall-clock]
Collecting mutex groups... [0.000s CPU, 0.000s wall-clock]
Choosing groups...
113 uncovered facts
Choosing groups: [0.000s CPU, 0.000s wall-clock]
Building translation key... [0.000s CPU, 0.000s wall-clock]
Computing fact groups: [0.000s CPU, 0.002s wall-clock]
Building STRIPS to SAS dictionary... [0.000s CPU, 0.000s wall-clock]
Building dictionary for full mutex groups... [0.000s CPU, 0.000s wall-clock]
Building mutex information...
Building mutex information: [0.000s CPU, 0.000s wall-clock]
Translating task...
Processing axioms...
Simplifying axioms... [0.000s CPU, 0.000s wall-clock]
Translator axioms removed by simplifying: 0
Computing negative axioms... [0.000s CPU, 0.000s wall-clock]
Processing axioms: [0.000s CPU, 0.001s wall-clock]
Translating task: [0.010s CPU, 0.008s wall-clock]
668 effect conditions simplified
0 implied preconditions added
Detecting unreachable propositions...
0 operators removed
0 axioms removed
3 propositions removed
Detecting unreachable propositions: [0.000s CPU, 0.004s wall-clock]
Reordering and filtering variables...
116 of 116 variables necessary.
2 of 5 mutex groups necessary.
508 of 508 operators necessary.
0 of 0 axiom rules necessary.
Reordering and filtering variables: [0.010s CPU, 0.003s wall-clock]
Translator variables: 116
Translator derived variables: 0
Translator facts: 279
Translator goal facts: 16
Translator mutex groups: 2
Translator total mutex groups size: 36
Translator operators: 508
Translator axioms: 0
Translator task size: 4723
warning: could not determine peak memory
Writing output... [0.000s CPU, 0.003s wall-clock]
Done! [0.030s CPU, 0.032s wall-clock]
translate exit code: 0

INFO     Running search (release).
INFO     search stdin: output.sas
INFO     search time limit: 59s
INFO     search memory limit: None
INFO     search command line string: /Users/francesco/Desktop/planners/downward/builds/release/bin/downward --evaluator 'lmcut=lmcut()' --search 'eager_greedy([lmcut], preferred=[lmcut])' --internal-plan-file plans/plan_eager_greddy_lmcut_3 < output.sas
[t=0.000146s, 410597152 KB] reading input...
[t=0.00862088s, 410728224 KB] done reading input!
[t=0.009341s, 410728224 KB] Initializing landmark cut heuristic...
[t=0.00937167s, 410728224 KB] Building successor generator...done!
[t=0.00952904s, 410728224 KB] peak memory difference for successor generator creation: 0 KB
[t=0.00953388s, 410728224 KB] time for successor generation creation: 0.000146125s
[t=0.00954092s, 410728224 KB] Variables: 116
[t=0.00954575s, 410728224 KB] FactPairs: 279
[t=0.00955025s, 410728224 KB] Bytes per state: 16
[t=0.00956692s, 410728224 KB] Conducting best first search without reopening closed nodes, (real) bound = 2147483647
[t=0.00973808s, 410728224 KB] New best heuristic value for lmcut(): 34
[t=0.00974325s, 410728224 KB] g=0, 1 evaluated, 0 expanded
[t=0.00974992s, 410728224 KB] Initial heuristic value for lmcut(): 34
[t=0.00976479s, 410728224 KB] pruning method: none
[t=0.0106775s, 410728224 KB] New best heuristic value for lmcut(): 30
[t=0.0106818s, 410728224 KB] g=1, 6 evaluated, 1 expanded
[t=0.0116651s, 410728224 KB] New best heuristic value for lmcut(): 29
[t=0.0116692s, 410728224 KB] g=2, 12 evaluated, 2 expanded
[t=0.0132867s, 410728224 KB] New best heuristic value for lmcut(): 27
[t=0.0132915s, 410728224 KB] g=3, 22 evaluated, 3 expanded
[t=0.0140112s, 410728224 KB] New best heuristic value for lmcut(): 25
[t=0.0140151s, 410728224 KB] g=4, 26 evaluated, 4 expanded
[t=0.0243155s, 410728224 KB] New best heuristic value for lmcut(): 24
[t=0.0243198s, 410728224 KB] g=5, 83 evaluated, 23 expanded
[t=0.024867s, 410728224 KB] New best heuristic value for lmcut(): 22
[t=0.024871s, 410728224 KB] g=5, 87 evaluated, 23 expanded
[t=0.0656462s, 410728224 KB] New best heuristic value for lmcut(): 21
[t=0.0656521s, 410728224 KB] g=9, 282 evaluated, 152 expanded
[t=0.0658654s, 410728224 KB] New best heuristic value for lmcut(): 20
[t=0.0658691s, 410728224 KB] g=10, 283 evaluated, 153 expanded
[t=0.812714s, 410886944 KB] New best heuristic value for lmcut(): 19
[t=0.812743s, 410886944 KB] g=51, 4738 evaluated, 1533 expanded
[t=1.10571s, 410886944 KB] New best heuristic value for lmcut(): 18
[t=1.10572s, 410886944 KB] g=58, 6555 evaluated, 2148 expanded
[t=1.146s, 410886944 KB] New best heuristic value for lmcut(): 17
[t=1.14601s, 410886944 KB] g=65, 6791 evaluated, 2278 expanded
[t=1.14822s, 410886944 KB] New best heuristic value for lmcut(): 16
[t=1.14822s, 410886944 KB] g=66, 6802 evaluated, 2288 expanded
[t=1.3229s, 410886944 KB] New best heuristic value for lmcut(): 15
[t=1.32291s, 410886944 KB] g=76, 7849 evaluated, 2896 expanded
[t=1.34632s, 410886944 KB] New best heuristic value for lmcut(): 14
[t=1.34633s, 410886944 KB] g=82, 8032 evaluated, 2950 expanded
[t=1.43982s, 410886944 KB] New best heuristic value for lmcut(): 13
[t=1.43982s, 410886944 KB] g=79, 8726 evaluated, 3198 expanded
[t=2.08547s, 410886944 KB] New best heuristic value for lmcut(): 12
[t=2.08547s, 410886944 KB] g=87, 13337 evaluated, 5081 expanded
[t=2.09533s, 410886944 KB] New best heuristic value for lmcut(): 10
[t=2.09533s, 410886944 KB] g=91, 13429 evaluated, 5103 expanded
[t=2.50128s, 410886944 KB] New best heuristic value for lmcut(): 9
[t=2.50131s, 410886944 KB] g=101, 16967 evaluated, 6657 expanded
[t=2.50683s, 410886944 KB] New best heuristic value for lmcut(): 8
[t=2.50683s, 410886944 KB] g=104, 17028 evaluated, 6680 expanded
[t=6.17077s, 410886944 KB] New best heuristic value for lmcut(): 7
[t=6.1708s, 410886944 KB] g=108, 55058 evaluated, 28364 expanded
Peak memory: 411174688 KB
caught signal 24 -- exiting
Time limit has been reached.
Remove intermediate file output.sas
search exit code: 23

Driver aborting after search
INFO     Planner time: 58.14s
