INFO     planner time limit: 60s
INFO     planner memory limit: None

INFO     Running translator.
INFO     translator stdin: None
INFO     translator time limit: 59s
INFO     translator memory limit: None
INFO     translator command line string: /opt/homebrew/opt/python@3.12/bin/python3.12 /Users/francesco/Desktop/planners/downward/builds/release/bin/translate/translate.py domain.pddl problem_3.pddl --sas-file output.sas
Parsing...
Parsing: [0.000s CPU, 0.002s wall-clock]
Normalizing task... [0.000s CPU, 0.000s wall-clock]
Instantiating...
Generating Datalog program... [0.000s CPU, 0.000s wall-clock]
Normalizing Datalog program...
Normalizing Datalog program: [0.000s CPU, 0.001s wall-clock]
Preparing model... [0.000s CPU, 0.001s wall-clock]
Generated 59 rules.
Computing model... [0.000s CPU, 0.003s wall-clock]
855 relevant atoms
671 auxiliary atoms
1526 final queue length
2131 total queue pushes
Completing instantiation... [0.010s CPU, 0.005s wall-clock]
Instantiating: [0.010s CPU, 0.010s wall-clock]
Computing fact groups...
Finding invariants...
22 initial candidates
Finding invariants: [0.000s CPU, 0.001s wall-clock]
Checking invariant weight... [0.000s CPU, 0.000s wall-clock]
Instantiating groups... [0.000s CPU, 0.000s wall-clock]
Collecting mutex groups... [0.000s CPU, 0.000s wall-clock]
Choosing groups...
113 uncovered facts
Choosing groups: [0.000s CPU, 0.000s wall-clock]
Building translation key... [0.000s CPU, 0.000s wall-clock]
Computing fact groups: [0.000s CPU, 0.002s wall-clock]
Building STRIPS to SAS dictionary... [0.000s CPU, 0.000s wall-clock]
Building dictionary for full mutex groups... [0.000s CPU, 0.000s wall-clock]
Building mutex information...
Building mutex information: [0.000s CPU, 0.000s wall-clock]
Translating task...
Processing axioms...
Simplifying axioms... [0.000s CPU, 0.000s wall-clock]
Translator axioms removed by simplifying: 0
Computing negative axioms... [0.000s CPU, 0.000s wall-clock]
Processing axioms: [0.000s CPU, 0.001s wall-clock]
Translating task: [0.010s CPU, 0.008s wall-clock]
668 effect conditions simplified
0 implied preconditions added
Detecting unreachable propositions...
0 operators removed
0 axioms removed
3 propositions removed
Detecting unreachable propositions: [0.000s CPU, 0.004s wall-clock]
Reordering and filtering variables...
116 of 116 variables necessary.
2 of 5 mutex groups necessary.
508 of 508 operators necessary.
0 of 0 axiom rules necessary.
Reordering and filtering variables: [0.010s CPU, 0.003s wall-clock]
Translator variables: 116
Translator derived variables: 0
Translator facts: 279
Translator goal facts: 16
Translator mutex groups: 2
Translator total mutex groups size: 36
Translator operators: 508
Translator axioms: 0
Translator task size: 4723
warning: could not determine peak memory
Writing output... [0.000s CPU, 0.003s wall-clock]
Done! [0.030s CPU, 0.032s wall-clock]
translate exit code: 0

INFO     Running search (release).
INFO     search stdin: output.sas
INFO     search time limit: 59s
INFO     search memory limit: None
INFO     search command line string: /Users/francesco/Desktop/planners/downward/builds/release/bin/downward --search --if-unit-cost 'let(hlm,landmark_sum(lm_reasonable_orders_hps(lm_rhw()),pref=true),let(hff,ff(),iterated([lazy_greedy([hff,hlm],preferred=[hff,hlm]),lazy_wastar([hff,hlm],preferred=[hff,hlm],w=5),lazy_wastar([hff,hlm],preferred=[hff,hlm],w=3),lazy_wastar([hff,hlm],preferred=[hff,hlm],w=2),lazy_wastar([hff,hlm],preferred=[hff,hlm],w=1)],repeat_last=true,continue_on_fail=true)))' --if-non-unit-cost 'let(hlm1,landmark_sum(lm_reasonable_orders_hps(lm_rhw()),transform=adapt_costs(one),pref=true),let(hff1,ff(transform=adapt_costs(one)),let(hlm2,landmark_sum(lm_reasonable_orders_hps(lm_rhw()),transform=adapt_costs(plusone),pref=true),let(hff2,ff(transform=adapt_costs(plusone)),iterated([lazy_greedy([hff1,hlm1],preferred=[hff1,hlm1],cost_type=one,reopen_closed=false),lazy_greedy([hff2,hlm2],preferred=[hff2,hlm2],reopen_closed=false),lazy_wastar([hff2,hlm2],preferred=[hff2,hlm2],w=5),lazy_wastar([hff2,hlm2],preferred=[hff2,hlm2],w=3),lazy_wastar([hff2,hlm2],preferred=[hff2,hlm2],w=2),lazy_wastar([hff2,hlm2],preferred=[hff2,hlm2],w=1)],repeat_last=true,continue_on_fail=true)))))' --always --internal-plan-file plans/plan_lama_3 < output.sas
[t=0.0001455s, 410597152 KB] reading input...
[t=0.00865333s, 410728224 KB] done reading input!
[t=0.00987662s, 410728224 KB] Initializing landmark sum heuristic...
[t=0.00988354s, 410728224 KB] Generating landmark graph...
[t=0.00991038s, 410728224 KB] Building a landmark graph with reasonable orders.
[t=0.00993596s, 410728224 KB] Initializing Exploration...
[t=0.0101123s, 410728224 KB] Generating landmarks using the RPG/SAS+ approach
[t=0.0125948s, 410728224 KB] Landmarks generation time: 0.00268296s
[t=0.0126013s, 410728224 KB] Discovered 59 landmarks, of which 8 are disjunctive and 0 are conjunctive.
[t=0.012606s, 410728224 KB] 161 edges
[t=0.012611s, 410728224 KB] approx. reasonable orders
[t=0.0129835s, 410728224 KB] Landmarks generation time: 0.00309771s
[t=0.0129875s, 410728224 KB] Discovered 59 landmarks, of which 8 are disjunctive and 0 are conjunctive.
[t=0.0129913s, 410728224 KB] 161 edges
[t=0.0129948s, 410728224 KB] Landmark graph generation time: 0.00311288s
[t=0.0129985s, 410728224 KB] Landmark graph contains 59 landmarks, of which 8 are disjunctive and 0 are conjunctive.
[t=0.0130024s, 410728224 KB] Landmark graph contains 161 orderings.
[t=0.0132625s, 410728224 KB] Simplifying 1436 unary operators... done! [1426 unary operators]
[t=0.0150869s, 410728224 KB] time to simplify: 0.00182642s
[t=0.0151333s, 410728224 KB] Initializing additive heuristic...
[t=0.0151372s, 410728224 KB] Initializing FF heuristic...
[t=0.0151938s, 410728224 KB] Building successor generator...done!
[t=0.0153377s, 410728224 KB] peak memory difference for successor generator creation: 0 KB
[t=0.0153412s, 410728224 KB] time for successor generation creation: 0.0001355s
[t=0.0153466s, 410728224 KB] Variables: 116
[t=0.01535s, 410728224 KB] FactPairs: 279
[t=0.0153536s, 410728224 KB] Bytes per state: 16
[t=0.0153964s, 410728224 KB] Building successor generator...done!
[t=0.0154047s, 410728224 KB] peak memory difference for successor generator creation: 0 KB
[t=0.015408s, 410728224 KB] time for successor generation creation: 8.3e-08s
[t=0.0154126s, 410728224 KB] Variables: 116
[t=0.0154161s, 410728224 KB] FactPairs: 279
[t=0.0154194s, 410728224 KB] Bytes per state: 16
[t=0.0154311s, 410728224 KB] Starting search: lazy_greedy([hff,hlm],preferred=[hff,hlm])
[t=0.0154354s, 410728224 KB] Conducting lazy best first search, (real) bound = 2147483647
[t=0.0154648s, 410728224 KB] New best heuristic value for landmark_sum(lm_reasonable_orders_hps(lm_rhw()),pref=true): 41
[t=0.015469s, 410728224 KB] New best heuristic value for ff(): 39
[t=0.0154725s, 410728224 KB] g=0, 1 evaluated, 0 expanded
[t=0.0154811s, 410728224 KB] Initial heuristic value for landmark_sum(lm_reasonable_orders_hps(lm_rhw()),pref=true): 41
[t=0.015485s, 410728224 KB] Initial heuristic value for ff(): 39
[t=0.0155742s, 410728224 KB] New best heuristic value for landmark_sum(lm_reasonable_orders_hps(lm_rhw()),pref=true): 39
[t=0.0155792s, 410728224 KB] New best heuristic value for ff(): 38
[t=0.0155826s, 410728224 KB] g=1, 6 evaluated, 5 expanded
[t=0.0156692s, 410728224 KB] New best heuristic value for landmark_sum(lm_reasonable_orders_hps(lm_rhw()),pref=true): 37
[t=0.0156735s, 410728224 KB] g=2, 11 evaluated, 10 expanded
[t=0.0157573s, 410728224 KB] New best heuristic value for ff(): 37
[t=0.0157616s, 410728224 KB] g=3, 16 evaluated, 15 expanded
[t=0.0161054s, 410728224 KB] New best heuristic value for landmark_sum(lm_reasonable_orders_hps(lm_rhw()),pref=true): 36
[t=0.0161099s, 410728224 KB] g=6, 38 evaluated, 37 expanded
[t=0.0165143s, 410728224 KB] New best heuristic value for ff(): 36
[t=0.0165182s, 410728224 KB] g=8, 65 evaluated, 64 expanded
[t=0.016634s, 410728224 KB] New best heuristic value for ff(): 35
[t=0.0166382s, 410728224 KB] g=11, 72 evaluated, 71 expanded
[t=0.0167503s, 410728224 KB] New best heuristic value for landmark_sum(lm_reasonable_orders_hps(lm_rhw()),pref=true): 34
[t=0.0167635s, 410728224 KB] g=12, 79 evaluated, 78 expanded
[t=0.0172695s, 410728224 KB] New best heuristic value for ff(): 34
[t=0.0172762s, 410728224 KB] g=13, 113 evaluated, 112 expanded
[t=0.0177001s, 410728224 KB] New best heuristic value for landmark_sum(lm_reasonable_orders_hps(lm_rhw()),pref=true): 33
[t=0.0177063s, 410728224 KB] g=16, 140 evaluated, 139 expanded
[t=0.017913s, 410728224 KB] New best heuristic value for ff(): 33
[t=0.0179195s, 410728224 KB] g=17, 153 evaluated, 152 expanded
[t=0.0180702s, 410728224 KB] New best heuristic value for landmark_sum(lm_reasonable_orders_hps(lm_rhw()),pref=true): 32
[t=0.0180768s, 410728224 KB] g=18, 162 evaluated, 161 expanded
[t=0.0185526s, 410728224 KB] New best heuristic value for ff(): 32
[t=0.0185582s, 410728224 KB] g=19, 193 evaluated, 192 expanded
[t=0.0188281s, 410728224 KB] New best heuristic value for landmark_sum(lm_reasonable_orders_hps(lm_rhw()),pref=true): 31
[t=0.0188322s, 410728224 KB] g=22, 210 evaluated, 209 expanded
[t=0.0194364s, 410728224 KB] New best heuristic value for ff(): 31
[t=0.0194408s, 410728224 KB] g=24, 250 evaluated, 249 expanded
[t=0.0195105s, 410728224 KB] New best heuristic value for landmark_sum(lm_reasonable_orders_hps(lm_rhw()),pref=true): 30
[t=0.0195144s, 410728224 KB] New best heuristic value for ff(): 29
[t=0.0195178s, 410728224 KB] g=26, 254 evaluated, 253 expanded
[t=0.0195572s, 410728224 KB] New best heuristic value for landmark_sum(lm_reasonable_orders_hps(lm_rhw()),pref=true): 29
[t=0.0195638s, 410728224 KB] g=27, 256 evaluated, 255 expanded
[t=0.0196218s, 410728224 KB] New best heuristic value for landmark_sum(lm_reasonable_orders_hps(lm_rhw()),pref=true): 28
[t=0.0196257s, 410728224 KB] g=28, 259 evaluated, 258 expanded
[t=0.0199014s, 410728224 KB] New best heuristic value for ff(): 28
[t=0.0199081s, 410728224 KB] g=30, 275 evaluated, 274 expanded
[t=0.0201776s, 410728224 KB] New best heuristic value for ff(): 27
[t=0.0201843s, 410728224 KB] g=34, 292 evaluated, 291 expanded
[t=0.0202039s, 410728224 KB] New best heuristic value for landmark_sum(lm_reasonable_orders_hps(lm_rhw()),pref=true): 27
[t=0.0202076s, 410728224 KB] g=30, 293 evaluated, 292 expanded
[t=0.020289s, 410728224 KB] New best heuristic value for landmark_sum(lm_reasonable_orders_hps(lm_rhw()),pref=true): 26
[t=0.0202931s, 410728224 KB] g=36, 298 evaluated, 297 expanded
[t=0.0205301s, 410728224 KB] New best heuristic value for ff(): 26
[t=0.0205343s, 410728224 KB] g=36, 313 evaluated, 312 expanded
[t=0.0205995s, 410728224 KB] New best heuristic value for landmark_sum(lm_reasonable_orders_hps(lm_rhw()),pref=true): 25
[t=0.0206034s, 410728224 KB] New best heuristic value for ff(): 25
[t=0.0206068s, 410728224 KB] g=38, 317 evaluated, 316 expanded
[t=0.0207187s, 410728224 KB] New best heuristic value for ff(): 24
[t=0.0207225s, 410728224 KB] g=40, 324 evaluated, 323 expanded
[t=0.020742s, 410728224 KB] New best heuristic value for landmark_sum(lm_reasonable_orders_hps(lm_rhw()),pref=true): 24
[t=0.0207456s, 410728224 KB] g=40, 325 evaluated, 324 expanded
[t=0.0208692s, 410728224 KB] New best heuristic value for landmark_sum(lm_reasonable_orders_hps(lm_rhw()),pref=true): 23
[t=0.0208732s, 410728224 KB] g=42, 333 evaluated, 332 expanded
[t=0.0210415s, 410728224 KB] New best heuristic value for ff(): 23
[t=0.0210451s, 410728224 KB] g=42, 344 evaluated, 343 expanded
[t=0.0211091s, 410728224 KB] New best heuristic value for landmark_sum(lm_reasonable_orders_hps(lm_rhw()),pref=true): 22
[t=0.0211128s, 410728224 KB] g=44, 348 evaluated, 347 expanded
[t=0.0211326s, 410728224 KB] New best heuristic value for ff(): 22
[t=0.0211362s, 410728224 KB] g=45, 349 evaluated, 348 expanded
[t=0.0212329s, 410728224 KB] New best heuristic value for landmark_sum(lm_reasonable_orders_hps(lm_rhw()),pref=true): 21
[t=0.0212368s, 410728224 KB] g=46, 355 evaluated, 354 expanded
[t=0.0213324s, 410728224 KB] New best heuristic value for landmark_sum(lm_reasonable_orders_hps(lm_rhw()),pref=true): 20
[t=0.021336s, 410728224 KB] New best heuristic value for ff(): 21
[t=0.0213452s, 410728224 KB] g=46, 361 evaluated, 360 expanded
[t=0.021427s, 410728224 KB] New best heuristic value for ff(): 20
[t=0.0214309s, 410728224 KB] g=48, 366 evaluated, 365 expanded
[t=0.0216168s, 410728224 KB] New best heuristic value for landmark_sum(lm_reasonable_orders_hps(lm_rhw()),pref=true): 19
[t=0.0216207s, 410728224 KB] g=48, 378 evaluated, 377 expanded
[t=0.0218627s, 410728224 KB] New best heuristic value for landmark_sum(lm_reasonable_orders_hps(lm_rhw()),pref=true): 18
[t=0.0218663s, 410728224 KB] New best heuristic value for ff(): 19
[t=0.0218695s, 410728224 KB] g=52, 394 evaluated, 393 expanded
[t=0.0220075s, 410728224 KB] New best heuristic value for ff(): 18
[t=0.0220112s, 410728224 KB] g=54, 403 evaluated, 402 expanded
[t=0.0220759s, 410728224 KB] New best heuristic value for landmark_sum(lm_reasonable_orders_hps(lm_rhw()),pref=true): 17
[t=0.0220799s, 410728224 KB] New best heuristic value for ff(): 17
[t=0.0220832s, 410728224 KB] g=56, 407 evaluated, 406 expanded
[t=0.0221223s, 410728224 KB] New best heuristic value for landmark_sum(lm_reasonable_orders_hps(lm_rhw()),pref=true): 16
[t=0.0221262s, 410728224 KB] g=57, 409 evaluated, 408 expanded
[t=0.0223222s, 410728224 KB] New best heuristic value for landmark_sum(lm_reasonable_orders_hps(lm_rhw()),pref=true): 15
[t=0.022326s, 410728224 KB] New best heuristic value for ff(): 16
[t=0.0223292s, 410728224 KB] g=58, 422 evaluated, 421 expanded
[t=0.0223506s, 410728224 KB] New best heuristic value for ff(): 15
[t=0.0223542s, 410728224 KB] g=59, 423 evaluated, 422 expanded
[t=0.0225633s, 410728224 KB] New best heuristic value for landmark_sum(lm_reasonable_orders_hps(lm_rhw()),pref=true): 14
[t=0.0225675s, 410728224 KB] g=60, 436 evaluated, 435 expanded
[t=0.022788s, 410728224 KB] New best heuristic value for landmark_sum(lm_reasonable_orders_hps(lm_rhw()),pref=true): 13
[t=0.022792s, 410728224 KB] New best heuristic value for ff(): 14
[t=0.0227955s, 410728224 KB] g=64, 450 evaluated, 449 expanded
[t=0.0228168s, 410728224 KB] New best heuristic value for ff(): 13
[t=0.0228206s, 410728224 KB] g=65, 451 evaluated, 450 expanded
[t=0.0229682s, 410728224 KB] New best heuristic value for landmark_sum(lm_reasonable_orders_hps(lm_rhw()),pref=true): 12
[t=0.0229721s, 410728224 KB] g=68, 460 evaluated, 459 expanded
[t=0.0230791s, 410728224 KB] New best heuristic value for landmark_sum(lm_reasonable_orders_hps(lm_rhw()),pref=true): 11
[t=0.023083s, 410728224 KB] New best heuristic value for ff(): 12
[t=0.0230864s, 410728224 KB] g=68, 467 evaluated, 466 expanded
[t=0.0231851s, 410728224 KB] New best heuristic value for landmark_sum(lm_reasonable_orders_hps(lm_rhw()),pref=true): 10
[t=0.0231891s, 410728224 KB] New best heuristic value for ff(): 11
[t=0.0231926s, 410728224 KB] g=70, 473 evaluated, 472 expanded
[t=0.0232277s, 410728224 KB] New best heuristic value for ff(): 10
[t=0.0232316s, 410728224 KB] g=72, 475 evaluated, 474 expanded
[t=0.0232528s, 410728224 KB] New best heuristic value for landmark_sum(lm_reasonable_orders_hps(lm_rhw()),pref=true): 9
[t=0.0232567s, 410728224 KB] New best heuristic value for ff(): 9
[t=0.0232599s, 410728224 KB] g=73, 476 evaluated, 475 expanded
[t=0.0233113s, 410728224 KB] New best heuristic value for landmark_sum(lm_reasonable_orders_hps(lm_rhw()),pref=true): 8
[t=0.0233151s, 410728224 KB] g=74, 479 evaluated, 478 expanded
[t=0.0234332s, 410728224 KB] New best heuristic value for landmark_sum(lm_reasonable_orders_hps(lm_rhw()),pref=true): 7
[t=0.0234367s, 410728224 KB] New best heuristic value for ff(): 7
[t=0.0234401s, 410728224 KB] g=74, 487 evaluated, 486 expanded
[t=0.0234589s, 410728224 KB] New best heuristic value for landmark_sum(lm_reasonable_orders_hps(lm_rhw()),pref=true): 6
[t=0.0234627s, 410728224 KB] g=75, 488 evaluated, 487 expanded
[t=0.0235211s, 410728224 KB] New best heuristic value for landmark_sum(lm_reasonable_orders_hps(lm_rhw()),pref=true): 5
[t=0.0235249s, 410728224 KB] g=76, 492 evaluated, 491 expanded
[t=0.0236177s, 410728224 KB] New best heuristic value for ff(): 6
[t=0.0236214s, 410728224 KB] g=79, 498 evaluated, 497 expanded
[t=0.0237465s, 410728224 KB] New best heuristic value for landmark_sum(lm_reasonable_orders_hps(lm_rhw()),pref=true): 4
[t=0.023751s, 410728224 KB] g=81, 505 evaluated, 504 expanded
[t=0.0238075s, 410728224 KB] New best heuristic value for ff(): 4
[t=0.023811s, 410728224 KB] g=80, 509 evaluated, 508 expanded
[t=0.0238397s, 410728224 KB] New best heuristic value for landmark_sum(lm_reasonable_orders_hps(lm_rhw()),pref=true): 3
[t=0.0238434s, 410728224 KB] New best heuristic value for ff(): 3
[t=0.0238466s, 410728224 KB] g=81, 511 evaluated, 510 expanded
[t=0.024356s, 410728224 KB] New best heuristic value for landmark_sum(lm_reasonable_orders_hps(lm_rhw()),pref=true): 2
[t=0.02436s, 410728224 KB] g=92, 551 evaluated, 550 expanded
[t=0.0244748s, 410728224 KB] New best heuristic value for landmark_sum(lm_reasonable_orders_hps(lm_rhw()),pref=true): 1
[t=0.0244785s, 410728224 KB] g=97, 560 evaluated, 559 expanded
[t=0.416056s, 411018016 KB] New best heuristic value for ff(): 2
[t=0.416095s, 411018016 KB] g=117, 33001 evaluated, 33000 expanded
[t=0.41611s, 411018016 KB] New best heuristic value for ff(): 1
[t=0.416116s, 411018016 KB] g=118, 33002 evaluated, 33001 expanded
[t=0.416125s, 411018016 KB] Solution found!
[t=0.416131s, 411018016 KB] Actual search time: 0.400692s
pick_up_box rob1 box1 central_warehouse (1)
pick_up_content_at_cw rob1 box1 bolt (1)
move rob1 central_warehouse loc3 (1)
put_down_content rob1 box1 bolt loc3 wor3_1 (1)
move rob1 loc3 central_warehouse (1)
pick_up_content_at_cw rob1 box1 bolt (1)
move rob1 central_warehouse loc2 (1)
move rob1 loc2 loc9 (1)
put_down_content rob1 box1 bolt loc9 wor9_1 (1)
move rob1 loc9 loc2 (1)
move rob1 loc2 central_warehouse (1)
pick_up_content_at_cw rob1 box1 nut (1)
move rob1 central_warehouse loc4 (1)
move rob1 loc4 loc16 (1)
put_down_content rob1 box1 nut loc16 wor16_1 (1)
move rob1 loc16 loc4 (1)
move rob1 loc4 central_warehouse (1)
pick_up_content_at_cw rob1 box1 nut (1)
move rob1 central_warehouse loc4 (1)
put_down_content rob1 box1 nut loc4 wor4_1 (1)
move rob1 loc4 central_warehouse (1)
pick_up_content_at_cw rob1 box1 bolt (1)
move rob1 central_warehouse loc4 (1)
move rob1 loc4 loc15 (1)
put_down_content rob1 box1 bolt loc15 wor15_1 (1)
move rob1 loc15 loc4 (1)
move rob1 loc4 central_warehouse (1)
pick_up_content_at_cw rob1 box1 gears (1)
move rob1 central_warehouse loc1 (1)
move rob1 loc1 loc6 (1)
put_down_content rob1 box1 gears loc6 wor6_1 (1)
move rob1 loc6 loc1 (1)
move rob1 loc1 central_warehouse (1)
pick_up_content_at_cw rob1 box1 gears (1)
move rob1 central_warehouse loc3 (1)
move rob1 loc3 loc12 (1)
put_down_content rob1 box1 gears loc12 wor12_1 (1)
move rob1 loc12 loc3 (1)
move rob1 loc3 central_warehouse (1)
pick_up_content_at_cw rob1 box1 nut (1)
move rob1 central_warehouse loc2 (1)
move rob1 loc2 loc10 (1)
put_down_content rob1 box1 nut loc10 wor10_1 (1)
move rob1 loc10 loc2 (1)
move rob1 loc2 central_warehouse (1)
pick_up_content_at_cw rob1 box1 screw (1)
move rob1 central_warehouse loc1 (1)
move rob1 loc1 loc5 (1)
put_down_content rob1 box1 screw loc5 wor5_1 (1)
move rob1 loc5 loc1 (1)
move rob1 loc1 central_warehouse (1)
pick_up_content_at_cw rob1 box1 screw (1)
move rob1 central_warehouse loc3 (1)
move rob1 loc3 loc11 (1)
put_down_content rob1 box1 screw loc11 wor11_1 (1)
move rob1 loc11 loc3 (1)
move rob1 loc3 central_warehouse (1)
pick_up_content_at_cw rob1 box1 tool (1)
move rob1 central_warehouse loc1 (1)
move rob1 loc1 loc7 (1)
put_down_content rob1 box1 tool loc7 wor7_1 (1)
move rob1 loc7 loc1 (1)
move rob1 loc1 central_warehouse (1)
pick_up_content_at_cw rob1 box1 tool (1)
move rob1 central_warehouse loc1 (1)
put_down_content rob1 box1 tool loc1 wor1_1 (1)
move rob1 loc1 central_warehouse (1)
pick_up_content_at_cw rob1 box1 tool (1)
move rob1 central_warehouse loc3 (1)
move rob1 loc3 loc13 (1)
put_down_content rob1 box1 tool loc13 wor13_1 (1)
move rob1 loc13 loc3 (1)
move rob1 loc3 central_warehouse (1)
pick_up_content_at_cw rob1 box1 valve (1)
move rob1 central_warehouse loc4 (1)
move rob1 loc4 loc14 (1)
put_down_content rob1 box1 valve loc14 wor14_1 (1)
move rob1 loc14 loc4 (1)
move rob1 loc4 central_warehouse (1)
pick_up_content_at_cw rob1 box1 gears (1)
move rob1 central_warehouse loc2 (1)
put_down_content rob1 box1 gears loc2 wor2_1 (1)
move rob1 loc2 central_warehouse (1)
pick_up_content_at_cw rob1 box1 valve (1)
move rob1 central_warehouse loc2 (1)
move rob1 loc2 loc8 (1)
put_down_content rob1 box1 valve loc8 wor8_1 (1)
move rob1 loc8 loc2 (1)
pick_up_content rob1 box1 gears loc2 wor2_1 (1)
move rob1 loc2 loc8 (1)
put_down_content rob1 box1 gears loc8 wor8_1 (1)
move rob1 loc8 loc2 (1)
move rob1 loc2 loc9 (1)
pick_up_content rob1 box1 bolt loc9 wor9_1 (1)
move rob1 loc9 loc2 (1)
move rob1 loc2 loc8 (1)
put_down_content rob1 box1 bolt loc8 wor8_1 (1)
pick_up_content rob1 box1 valve loc8 wor8_1 (1)
move rob1 loc8 loc2 (1)
put_down_content rob1 box1 valve loc2 wor2_1 (1)
move rob1 loc2 loc8 (1)
pick_up_content rob1 box1 bolt loc8 wor8_1 (1)
move rob1 loc8 loc2 (1)
put_down_content rob1 box1 bolt loc2 wor2_1 (1)
move rob1 loc2 loc8 (1)
pick_up_content rob1 box1 gears loc8 wor8_1 (1)
move rob1 loc8 loc2 (1)
move rob1 loc2 loc9 (1)
put_down_content rob1 box1 gears loc9 wor9_1 (1)
move rob1 loc9 loc2 (1)
pick_up_content rob1 box1 bolt loc2 wor2_1 (1)
move rob1 loc2 loc9 (1)
put_down_content rob1 box1 bolt loc9 wor9_1 (1)
move rob1 loc9 loc2 (1)
move rob1 loc2 central_warehouse (1)
pick_up_content_at_cw rob1 box1 valve (1)
move rob1 central_warehouse loc2 (1)
move rob1 loc2 loc8 (1)
put_down_content rob1 box1 valve loc8 wor8_1 (1)
[t=0.41687s, 411018016 KB] Plan length: 119 step(s).
[t=0.416876s, 411018016 KB] Plan cost: 119
[t=0.41688s, 411018016 KB] Expanded 33002 state(s).
[t=0.416883s, 411018016 KB] Reopened 0 state(s).
[t=0.416887s, 411018016 KB] Evaluated 33003 state(s).
[t=0.41689s, 411018016 KB] Evaluations: 66006
[t=0.416894s, 411018016 KB] Generated 155014 state(s).
[t=0.416897s, 411018016 KB] Dead ends: 0 state(s).
[t=0.4169s, 411018016 KB] Number of registered states: 33003
[t=0.416904s, 411018016 KB] Int hash set load factor: 33003/65536 = 0.503586
[t=0.416908s, 411018016 KB] Int hash set resizes: 16
[t=0.416911s, 411018016 KB] Best solution cost so far: 119
[t=0.416914s, 411018016 KB] Solution found - keep searching
[t=0.417016s, 411018016 KB] Building successor generator...done!
[t=0.417024s, 411018016 KB] peak memory difference for successor generator creation: 0 KB
[t=0.417028s, 411018016 KB] time for successor generation creation: 1.67e-07s
[t=0.417033s, 411018016 KB] Variables: 116
[t=0.417037s, 411018016 KB] FactPairs: 279
[t=0.41704s, 411018016 KB] Bytes per state: 16
[t=0.417049s, 411018016 KB] Starting search: lazy_wastar([hff,hlm],preferred=[hff,hlm],w=5)
[t=0.417053s, 411018016 KB] Conducting lazy best first search, (real) bound = 119
[t=0.417075s, 411018016 KB] New best heuristic value for landmark_sum(lm_reasonable_orders_hps(lm_rhw()),pref=true): 41
[t=0.41708s, 411018016 KB] New best heuristic value for ff(): 39
[t=0.417084s, 411018016 KB] g=0, 1 evaluated, 0 expanded
[t=0.417093s, 411018016 KB] Initial heuristic value for landmark_sum(lm_reasonable_orders_hps(lm_rhw()),pref=true): 41
[t=0.417097s, 411018016 KB] Initial heuristic value for ff(): 39
[t=0.417184s, 411018016 KB] New best heuristic value for landmark_sum(lm_reasonable_orders_hps(lm_rhw()),pref=true): 39
[t=0.417188s, 411018016 KB] New best heuristic value for ff(): 38
[t=0.417192s, 411018016 KB] g=1, 6 evaluated, 5 expanded
[t=0.417283s, 411018016 KB] New best heuristic value for landmark_sum(lm_reasonable_orders_hps(lm_rhw()),pref=true): 37
[t=0.417287s, 411018016 KB] g=2, 11 evaluated, 10 expanded
[t=0.417376s, 411018016 KB] New best heuristic value for ff(): 37
[t=0.417379s, 411018016 KB] g=3, 16 evaluated, 15 expanded
[t=0.418014s, 411018016 KB] New best heuristic value for landmark_sum(lm_reasonable_orders_hps(lm_rhw()),pref=true): 36
[t=0.418018s, 411018016 KB] g=6, 55 evaluated, 54 expanded
[t=0.418371s, 411018016 KB] New best heuristic value for ff(): 36
[t=0.418375s, 411018016 KB] g=7, 76 evaluated, 75 expanded
[t=0.419488s, 411018016 KB] New best heuristic value for landmark_sum(lm_reasonable_orders_hps(lm_rhw()),pref=true): 35
[t=0.419496s, 411018016 KB] g=10, 147 evaluated, 146 expanded
[t=0.420025s, 411018016 KB] New best heuristic value for ff(): 35
[t=0.420029s, 411018016 KB] g=11, 179 evaluated, 178 expanded
[t=0.421336s, 411018016 KB] New best heuristic value for landmark_sum(lm_reasonable_orders_hps(lm_rhw()),pref=true): 34
[t=0.42134s, 411018016 KB] g=14, 262 evaluated, 261 expanded
[t=0.421964s, 411018016 KB] New best heuristic value for ff(): 34
[t=0.421968s, 411018016 KB] g=15, 300 evaluated, 299 expanded
[t=0.42242s, 411018016 KB] New best heuristic value for landmark_sum(lm_reasonable_orders_hps(lm_rhw()),pref=true): 33
[t=0.422424s, 411018016 KB] g=18, 328 evaluated, 327 expanded
[t=0.423079s, 411018016 KB] New best heuristic value for ff(): 33
[t=0.423083s, 411018016 KB] g=19, 368 evaluated, 367 expanded
[t=0.423222s, 411018016 KB] New best heuristic value for landmark_sum(lm_reasonable_orders_hps(lm_rhw()),pref=true): 32
[t=0.423226s, 411018016 KB] g=20, 376 evaluated, 375 expanded
[t=0.423845s, 411018016 KB] New best heuristic value for ff(): 32
[t=0.423848s, 411018016 KB] g=21, 415 evaluated, 414 expanded
[t=0.424154s, 411018016 KB] New best heuristic value for landmark_sum(lm_reasonable_orders_hps(lm_rhw()),pref=true): 31
[t=0.424158s, 411018016 KB] g=24, 434 evaluated, 433 expanded
[t=0.424902s, 411018016 KB] New best heuristic value for ff(): 31
[t=0.424905s, 411018016 KB] g=26, 481 evaluated, 480 expanded
[t=0.425005s, 411018016 KB] New best heuristic value for ff(): 30
[t=0.425008s, 411018016 KB] g=29, 487 evaluated, 486 expanded
[t=0.42513s, 411018016 KB] New best heuristic value for landmark_sum(lm_reasonable_orders_hps(lm_rhw()),pref=true): 29
[t=0.425134s, 411018016 KB] g=30, 494 evaluated, 493 expanded
[t=0.425879s, 411018016 KB] New best heuristic value for landmark_sum(lm_reasonable_orders_hps(lm_rhw()),pref=true): 28
[t=0.425882s, 411018016 KB] g=32, 540 evaluated, 539 expanded
[t=0.425993s, 411018016 KB] New best heuristic value for ff(): 29
[t=0.425996s, 411018016 KB] g=32, 547 evaluated, 546 expanded
[t=0.426064s, 411018016 KB] New best heuristic value for ff(): 27
[t=0.426068s, 411018016 KB] g=34, 551 evaluated, 550 expanded
[t=0.426138s, 411018016 KB] New best heuristic value for landmark_sum(lm_reasonable_orders_hps(lm_rhw()),pref=true): 27
[t=0.426142s, 411018016 KB] g=35, 555 evaluated, 554 expanded
[t=0.426346s, 411018016 KB] New best heuristic value for landmark_sum(lm_reasonable_orders_hps(lm_rhw()),pref=true): 26
[t=0.426349s, 411018016 KB] g=39, 567 evaluated, 566 expanded
[t=0.426369s, 411018016 KB] New best heuristic value for ff(): 26
[t=0.426374s, 411018016 KB] g=40, 568 evaluated, 567 expanded
[t=0.426799s, 411018016 KB] New best heuristic value for landmark_sum(lm_reasonable_orders_hps(lm_rhw()),pref=true): 25
[t=0.426804s, 411018016 KB] g=42, 595 evaluated, 594 expanded
[t=0.42702s, 411018016 KB] New best heuristic value for ff(): 25
[t=0.427025s, 411018016 KB] g=42, 608 evaluated, 607 expanded
[t=0.42711s, 411018016 KB] New best heuristic value for landmark_sum(lm_reasonable_orders_hps(lm_rhw()),pref=true): 24
[t=0.427115s, 411018016 KB] g=42, 613 evaluated, 612 expanded
[t=0.427263s, 411018016 KB] New best heuristic value for ff(): 24
[t=0.42727s, 411018016 KB] g=46, 622 evaluated, 621 expanded
[t=0.427411s, 411018016 KB] New best heuristic value for landmark_sum(lm_reasonable_orders_hps(lm_rhw()),pref=true): 23
[t=0.427417s, 411018016 KB] g=48, 631 evaluated, 630 expanded
[t=0.427741s, 411018016 KB] New best heuristic value for landmark_sum(lm_reasonable_orders_hps(lm_rhw()),pref=true): 22
[t=0.427746s, 411018016 KB] g=48, 651 evaluated, 650 expanded
[t=0.427811s, 411018016 KB] New best heuristic value for ff(): 23
[t=0.427815s, 411018016 KB] g=48, 655 evaluated, 654 expanded
[t=0.427865s, 411018016 KB] New best heuristic value for ff(): 22
[t=0.42787s, 411018016 KB] g=50, 658 evaluated, 657 expanded
[t=0.427956s, 411018016 KB] New best heuristic value for ff(): 21
[t=0.427961s, 411018016 KB] g=52, 663 evaluated, 662 expanded
[t=0.428048s, 411018016 KB] New best heuristic value for landmark_sum(lm_reasonable_orders_hps(lm_rhw()),pref=true): 21
[t=0.428053s, 411018016 KB] g=53, 668 evaluated, 667 expanded
[t=0.428167s, 411018016 KB] New best heuristic value for landmark_sum(lm_reasonable_orders_hps(lm_rhw()),pref=true): 20
[t=0.428171s, 411018016 KB] g=54, 675 evaluated, 674 expanded
[t=0.428488s, 411018016 KB] New best heuristic value for ff(): 20
[t=0.428493s, 411018016 KB] g=53, 694 evaluated, 693 expanded
[t=0.428513s, 411018016 KB] New best heuristic value for landmark_sum(lm_reasonable_orders_hps(lm_rhw()),pref=true): 19
[t=0.428517s, 411018016 KB] g=54, 695 evaluated, 694 expanded
[t=0.428697s, 411018016 KB] New best heuristic value for landmark_sum(lm_reasonable_orders_hps(lm_rhw()),pref=true): 18
[t=0.428701s, 411018016 KB] New best heuristic value for ff(): 19
[t=0.428704s, 411018016 KB] g=57, 706 evaluated, 705 expanded
[t=0.428727s, 411018016 KB] New best heuristic value for ff(): 18
[t=0.428731s, 411018016 KB] g=58, 707 evaluated, 706 expanded
[t=0.42881s, 411018016 KB] New best heuristic value for landmark_sum(lm_reasonable_orders_hps(lm_rhw()),pref=true): 17
[t=0.428814s, 411018016 KB] g=58, 712 evaluated, 711 expanded
[t=0.429164s, 411018016 KB] New best heuristic value for ff(): 17
[t=0.429168s, 411018016 KB] g=59, 734 evaluated, 733 expanded
[t=0.429188s, 411018016 KB] New best heuristic value for landmark_sum(lm_reasonable_orders_hps(lm_rhw()),pref=true): 16
[t=0.429192s, 411018016 KB] g=60, 735 evaluated, 734 expanded
[t=0.429277s, 411018016 KB] New best heuristic value for ff(): 16
[t=0.429281s, 411018016 KB] g=62, 740 evaluated, 739 expanded
[t=0.429653s, 411018016 KB] New best heuristic value for landmark_sum(lm_reasonable_orders_hps(lm_rhw()),pref=true): 15
[t=0.429658s, 411018016 KB] g=62, 764 evaluated, 763 expanded
[t=0.429679s, 411018016 KB] New best heuristic value for landmark_sum(lm_reasonable_orders_hps(lm_rhw()),pref=true): 14
[t=0.429683s, 411018016 KB] g=63, 765 evaluated, 764 expanded
[t=0.42972s, 411018016 KB] New best heuristic value for ff(): 15
[t=0.429724s, 411018016 KB] g=64, 767 evaluated, 766 expanded
[t=0.429917s, 411018016 KB] New best heuristic value for landmark_sum(lm_reasonable_orders_hps(lm_rhw()),pref=true): 13
[t=0.429923s, 411018016 KB] g=67, 779 evaluated, 778 expanded
[t=0.430006s, 411018016 KB] New best heuristic value for landmark_sum(lm_reasonable_orders_hps(lm_rhw()),pref=true): 12
[t=0.430011s, 411018016 KB] g=68, 784 evaluated, 783 expanded
[t=0.43014s, 411018016 KB] New best heuristic value for ff(): 14
[t=0.430144s, 411018016 KB] g=68, 792 evaluated, 791 expanded
[t=0.430211s, 411018016 KB] New best heuristic value for landmark_sum(lm_reasonable_orders_hps(lm_rhw()),pref=true): 11
[t=0.430215s, 411018016 KB] g=70, 796 evaluated, 795 expanded
[t=0.430281s, 411018016 KB] New best heuristic value for ff(): 13
[t=0.430285s, 411018016 KB] g=70, 800 evaluated, 799 expanded
[t=0.430351s, 411018016 KB] New best heuristic value for ff(): 12
[t=0.430355s, 411018016 KB] g=72, 804 evaluated, 803 expanded
[t=0.430394s, 411018016 KB] New best heuristic value for landmark_sum(lm_reasonable_orders_hps(lm_rhw()),pref=true): 10
[t=0.430398s, 411018016 KB] g=73, 806 evaluated, 805 expanded
[t=0.430434s, 411018016 KB] New best heuristic value for ff(): 11
[t=0.430446s, 411018016 KB] g=74, 808 evaluated, 807 expanded
[t=0.430558s, 411018016 KB] New best heuristic value for landmark_sum(lm_reasonable_orders_hps(lm_rhw()),pref=true): 9
[t=0.430563s, 411018016 KB] g=76, 815 evaluated, 814 expanded
[t=0.430772s, 411018016 KB] New best heuristic value for landmark_sum(lm_reasonable_orders_hps(lm_rhw()),pref=true): 8
[t=0.430778s, 411018016 KB] New best heuristic value for ff(): 10
[t=0.430781s, 411018016 KB] g=76, 828 evaluated, 827 expanded
[t=0.430814s, 411018016 KB] New best heuristic value for ff(): 9
[t=0.430818s, 411018016 KB] g=78, 830 evaluated, 829 expanded
[t=0.431023s, 411018016 KB] New best heuristic value for landmark_sum(lm_reasonable_orders_hps(lm_rhw()),pref=true): 7
[t=0.431032s, 411018016 KB] New best heuristic value for ff(): 8
[t=0.431036s, 411018016 KB] g=80, 843 evaluated, 842 expanded
[t=0.431056s, 411018016 KB] New best heuristic value for landmark_sum(lm_reasonable_orders_hps(lm_rhw()),pref=true): 6
[t=0.43106s, 411018016 KB] g=81, 844 evaluated, 843 expanded
[t=0.431095s, 411018016 KB] New best heuristic value for landmark_sum(lm_reasonable_orders_hps(lm_rhw()),pref=true): 5
[t=0.431098s, 411018016 KB] New best heuristic value for ff(): 7
[t=0.431102s, 411018016 KB] g=82, 846 evaluated, 845 expanded
[t=0.431135s, 411018016 KB] New best heuristic value for ff(): 6
[t=0.431138s, 411018016 KB] g=84, 848 evaluated, 847 expanded
[t=0.431158s, 411018016 KB] New best heuristic value for ff(): 5
[t=0.431162s, 411018016 KB] g=85, 849 evaluated, 848 expanded
[t=0.431183s, 411018016 KB] New best heuristic value for landmark_sum(lm_reasonable_orders_hps(lm_rhw()),pref=true): 4
[t=0.431187s, 411018016 KB] g=86, 850 evaluated, 849 expanded
[t=0.43122s, 411018016 KB] New best heuristic value for landmark_sum(lm_reasonable_orders_hps(lm_rhw()),pref=true): 3
[t=0.431224s, 411018016 KB] g=87, 852 evaluated, 851 expanded
[t=0.43133s, 411018016 KB] New best heuristic value for ff(): 3
[t=0.431334s, 411018016 KB] g=86, 859 evaluated, 858 expanded
[t=0.431349s, 411018016 KB] New best heuristic value for landmark_sum(lm_reasonable_orders_hps(lm_rhw()),pref=true): 2
[t=0.431352s, 411018016 KB] New best heuristic value for ff(): 2
[t=0.431355s, 411018016 KB] g=87, 860 evaluated, 859 expanded
[t=0.431369s, 411018016 KB] New best heuristic value for landmark_sum(lm_reasonable_orders_hps(lm_rhw()),pref=true): 1
[t=0.431372s, 411018016 KB] New best heuristic value for ff(): 1
[t=0.431375s, 411018016 KB] g=88, 861 evaluated, 860 expanded
[t=0.431385s, 411018016 KB] Solution found!
[t=0.43139s, 411018016 KB] Actual search time: 0.0143332s
pick_up_box rob1 box1 central_warehouse (1)
pick_up_content_at_cw rob1 box1 bolt (1)
move rob1 central_warehouse loc3 (1)
put_down_content rob1 box1 bolt loc3 wor3_1 (1)
move rob1 loc3 central_warehouse (1)
pick_up_content_at_cw rob1 box1 nut (1)
move rob1 central_warehouse loc4 (1)
put_down_content rob1 box1 nut loc4 wor4_1 (1)
move rob1 loc4 central_warehouse (1)
pick_up_content_at_cw rob1 box1 tool (1)
move rob1 central_warehouse loc1 (1)
put_down_content rob1 box1 tool loc1 wor1_1 (1)
move rob1 loc1 central_warehouse (1)
pick_up_content_at_cw rob1 box1 valve (1)
move rob1 central_warehouse loc2 (1)
move rob1 loc2 loc8 (1)
put_down_content rob1 box1 valve loc8 wor8_1 (1)
move rob1 loc8 loc2 (1)
move rob1 loc2 central_warehouse (1)
pick_up_content_at_cw rob1 box1 valve (1)
move rob1 central_warehouse loc2 (1)
put_down_content rob1 box1 valve loc2 wor2_1 (1)
move rob1 loc2 central_warehouse (1)
pick_up_content_at_cw rob1 box1 bolt (1)
move rob1 central_warehouse loc2 (1)
move rob1 loc2 loc9 (1)
put_down_content rob1 box1 bolt loc9 wor9_1 (1)
move rob1 loc9 loc2 (1)
move rob1 loc2 central_warehouse (1)
pick_up_content_at_cw rob1 box1 bolt (1)
move rob1 central_warehouse loc4 (1)
move rob1 loc4 loc15 (1)
put_down_content rob1 box1 bolt loc15 wor15_1 (1)
move rob1 loc15 loc4 (1)
pick_up_content rob1 box1 nut loc4 wor4_1 (1)
move rob1 loc4 loc16 (1)
put_down_content rob1 box1 nut loc16 wor16_1 (1)
move rob1 loc16 loc4 (1)
move rob1 loc4 central_warehouse (1)
pick_up_content_at_cw rob1 box1 gears (1)
move rob1 central_warehouse loc1 (1)
move rob1 loc1 loc6 (1)
put_down_content rob1 box1 gears loc6 wor6_1 (1)
move rob1 loc6 loc1 (1)
move rob1 loc1 central_warehouse (1)
pick_up_content_at_cw rob1 box1 gears (1)
move rob1 central_warehouse loc3 (1)
move rob1 loc3 loc12 (1)
put_down_content rob1 box1 gears loc12 wor12_1 (1)
move rob1 loc12 loc3 (1)
move rob1 loc3 central_warehouse (1)
pick_up_content_at_cw rob1 box1 nut (1)
move rob1 central_warehouse loc2 (1)
move rob1 loc2 loc10 (1)
put_down_content rob1 box1 nut loc10 wor10_1 (1)
move rob1 loc10 loc2 (1)
move rob1 loc2 central_warehouse (1)
pick_up_content_at_cw rob1 box1 nut (1)
move rob1 central_warehouse loc4 (1)
put_down_content rob1 box1 nut loc4 wor4_1 (1)
move rob1 loc4 central_warehouse (1)
pick_up_content_at_cw rob1 box1 screw (1)
move rob1 central_warehouse loc1 (1)
move rob1 loc1 loc5 (1)
put_down_content rob1 box1 screw loc5 wor5_1 (1)
move rob1 loc5 loc1 (1)
move rob1 loc1 central_warehouse (1)
pick_up_content_at_cw rob1 box1 screw (1)
move rob1 central_warehouse loc3 (1)
move rob1 loc3 loc11 (1)
put_down_content rob1 box1 screw loc11 wor11_1 (1)
move rob1 loc11 loc3 (1)
move rob1 loc3 central_warehouse (1)
pick_up_content_at_cw rob1 box1 tool (1)
move rob1 central_warehouse loc1 (1)
move rob1 loc1 loc7 (1)
put_down_content rob1 box1 tool loc7 wor7_1 (1)
move rob1 loc7 loc1 (1)
move rob1 loc1 central_warehouse (1)
pick_up_content_at_cw rob1 box1 tool (1)
move rob1 central_warehouse loc3 (1)
move rob1 loc3 loc13 (1)
put_down_content rob1 box1 tool loc13 wor13_1 (1)
move rob1 loc13 loc3 (1)
move rob1 loc3 central_warehouse (1)
pick_up_content_at_cw rob1 box1 valve (1)
move rob1 central_warehouse loc4 (1)
move rob1 loc4 loc14 (1)
put_down_content rob1 box1 valve loc14 wor14_1 (1)
[t=0.431872s, 411018016 KB] Plan length: 89 step(s).
[t=0.431877s, 411018016 KB] Plan cost: 89
[t=0.43188s, 411018016 KB] Expanded 861 state(s).
[t=0.431884s, 411018016 KB] Reopened 0 state(s).
[t=0.431887s, 411018016 KB] Evaluated 862 state(s).
[t=0.431891s, 411018016 KB] Evaluations: 1724
[t=0.431894s, 411018016 KB] Generated 4305 state(s).
[t=0.431897s, 411018016 KB] Dead ends: 0 state(s).
[t=0.431901s, 411018016 KB] Number of registered states: 862
[t=0.431905s, 411018016 KB] Int hash set load factor: 862/1024 = 0.841797
[t=0.431908s, 411018016 KB] Int hash set resizes: 10
[t=0.431912s, 411018016 KB] Best solution cost so far: 89
[t=0.431915s, 411018016 KB] Solution found - keep searching
[t=0.431965s, 411018016 KB] Building successor generator...done!
[t=0.431973s, 411018016 KB] peak memory difference for successor generator creation: 0 KB
[t=0.431976s, 411018016 KB] time for successor generation creation: 8.4e-08s
[t=0.431981s, 411018016 KB] Variables: 116
[t=0.431984s, 411018016 KB] FactPairs: 279
[t=0.431987s, 411018016 KB] Bytes per state: 16
[t=0.431994s, 411018016 KB] Starting search: lazy_wastar([hff,hlm],preferred=[hff,hlm],w=3)
[t=0.431998s, 411018016 KB] Conducting lazy best first search, (real) bound = 89
[t=0.432018s, 411018016 KB] New best heuristic value for landmark_sum(lm_reasonable_orders_hps(lm_rhw()),pref=true): 41
[t=0.432022s, 411018016 KB] New best heuristic value for ff(): 39
[t=0.432025s, 411018016 KB] g=0, 1 evaluated, 0 expanded
[t=0.432033s, 411018016 KB] Initial heuristic value for landmark_sum(lm_reasonable_orders_hps(lm_rhw()),pref=true): 41
[t=0.432037s, 411018016 KB] Initial heuristic value for ff(): 39
[t=0.432123s, 411018016 KB] New best heuristic value for landmark_sum(lm_reasonable_orders_hps(lm_rhw()),pref=true): 39
[t=0.432127s, 411018016 KB] New best heuristic value for ff(): 38
[t=0.432131s, 411018016 KB] g=1, 6 evaluated, 5 expanded
[t=0.432222s, 411018016 KB] New best heuristic value for landmark_sum(lm_reasonable_orders_hps(lm_rhw()),pref=true): 37
[t=0.432226s, 411018016 KB] g=2, 11 evaluated, 10 expanded
[t=0.432316s, 411018016 KB] New best heuristic value for ff(): 37
[t=0.432319s, 411018016 KB] g=3, 16 evaluated, 15 expanded
[t=0.434498s, 411018016 KB] New best heuristic value for landmark_sum(lm_reasonable_orders_hps(lm_rhw()),pref=true): 36
[t=0.434503s, 411018016 KB] g=6, 154 evaluated, 153 expanded
[t=0.435569s, 411018016 KB] New best heuristic value for ff(): 36
[t=0.435573s, 411018016 KB] g=7, 220 evaluated, 219 expanded
[t=0.448473s, 411018016 KB] New best heuristic value for landmark_sum(lm_reasonable_orders_hps(lm_rhw()),pref=true): 35
[t=0.448478s, 411018016 KB] g=8, 1036 evaluated, 1035 expanded
[t=0.448566s, 411018016 KB] New best heuristic value for ff(): 35
[t=0.44857s, 411018016 KB] g=9, 1041 evaluated, 1040 expanded
[t=0.450582s, 411018016 KB] New best heuristic value for landmark_sum(lm_reasonable_orders_hps(lm_rhw()),pref=true): 34
[t=0.450587s, 411018016 KB] g=12, 1172 evaluated, 1171 expanded
[t=0.451755s, 411018016 KB] New best heuristic value for ff(): 34
[t=0.451761s, 411018016 KB] g=13, 1245 evaluated, 1244 expanded
[t=0.486471s, 411018016 KB] New best heuristic value for ff(): 33
[t=0.486478s, 411018016 KB] g=13, 3471 evaluated, 3470 expanded
[t=0.486581s, 411018016 KB] New best heuristic value for landmark_sum(lm_reasonable_orders_hps(lm_rhw()),pref=true): 32
[t=0.486585s, 411018016 KB] g=14, 3477 evaluated, 3476 expanded
[t=0.486672s, 411018016 KB] New best heuristic value for ff(): 32
[t=0.486676s, 411018016 KB] g=15, 3482 evaluated, 3481 expanded
[t=0.488417s, 411018016 KB] New best heuristic value for landmark_sum(lm_reasonable_orders_hps(lm_rhw()),pref=true): 31
[t=0.488421s, 411018016 KB] g=18, 3595 evaluated, 3594 expanded
[t=0.488984s, 411018016 KB] New best heuristic value for ff(): 31
[t=0.488988s, 411018016 KB] g=19, 3630 evaluated, 3629 expanded
[t=0.493957s, 411018016 KB] New best heuristic value for landmark_sum(lm_reasonable_orders_hps(lm_rhw()),pref=true): 30
[t=0.493966s, 411018016 KB] g=20, 3943 evaluated, 3942 expanded
[t=0.494053s, 411018016 KB] New best heuristic value for ff(): 30
[t=0.494056s, 411018016 KB] g=21, 3948 evaluated, 3947 expanded
[t=0.495584s, 411018016 KB] New best heuristic value for landmark_sum(lm_reasonable_orders_hps(lm_rhw()),pref=true): 29
[t=0.495587s, 411018016 KB] g=24, 4047 evaluated, 4046 expanded
[t=0.49638s, 411018016 KB] New best heuristic value for ff(): 29
[t=0.496384s, 411018016 KB] g=25, 4097 evaluated, 4096 expanded
[t=0.537447s, 411018016 KB] New best heuristic value for landmark_sum(lm_reasonable_orders_hps(lm_rhw()),pref=true): 28
[t=0.537452s, 411018016 KB] g=26, 6722 evaluated, 6721 expanded, 14 reopened
[t=0.537538s, 411018016 KB] New best heuristic value for ff(): 28
[t=0.537542s, 411018016 KB] g=27, 6727 evaluated, 6726 expanded, 14 reopened
[t=0.53894s, 411018016 KB] New best heuristic value for landmark_sum(lm_reasonable_orders_hps(lm_rhw()),pref=true): 27
[t=0.538944s, 411018016 KB] g=30, 6817 evaluated, 6816 expanded, 14 reopened
[t=0.539904s, 411018016 KB] New best heuristic value for ff(): 27
[t=0.539908s, 411018016 KB] g=31, 6878 evaluated, 6877 expanded, 14 reopened
[t=0.551166s, 411018016 KB] New best heuristic value for landmark_sum(lm_reasonable_orders_hps(lm_rhw()),pref=true): 26
[t=0.55117s, 411018016 KB] g=30, 7597 evaluated, 7596 expanded, 14 reopened
[t=0.551256s, 411018016 KB] New best heuristic value for ff(): 26
[t=0.55126s, 411018016 KB] g=31, 7602 evaluated, 7601 expanded, 14 reopened
[t=0.552445s, 411018016 KB] New best heuristic value for landmark_sum(lm_reasonable_orders_hps(lm_rhw()),pref=true): 25
[t=0.552449s, 411018016 KB] g=34, 7677 evaluated, 7676 expanded, 14 reopened
[t=0.553029s, 411018016 KB] New best heuristic value for ff(): 25
[t=0.553033s, 411018016 KB] g=35, 7713 evaluated, 7712 expanded, 14 reopened
[t=0.555697s, 411018016 KB] New best heuristic value for landmark_sum(lm_reasonable_orders_hps(lm_rhw()),pref=true): 24
[t=0.555701s, 411018016 KB] g=36, 7882 evaluated, 7881 expanded, 14 reopened
[t=0.555789s, 411018016 KB] New best heuristic value for ff(): 24
[t=0.555793s, 411018016 KB] g=37, 7887 evaluated, 7886 expanded, 14 reopened
[t=0.557089s, 411018016 KB] New best heuristic value for landmark_sum(lm_reasonable_orders_hps(lm_rhw()),pref=true): 23
[t=0.557093s, 411018016 KB] g=40, 7956 evaluated, 7955 expanded, 14 reopened
[t=0.557779s, 411018016 KB] New best heuristic value for ff(): 23
[t=0.557783s, 411018016 KB] g=41, 7999 evaluated, 7998 expanded, 14 reopened
[t=0.570043s, 411018016 KB] New best heuristic value for landmark_sum(lm_reasonable_orders_hps(lm_rhw()),pref=true): 22
[t=0.570051s, 411018016 KB] g=42, 8785 evaluated, 8784 expanded, 19 reopened
[t=0.570137s, 411018016 KB] New best heuristic value for ff(): 22
[t=0.570141s, 411018016 KB] g=43, 8790 evaluated, 8789 expanded, 19 reopened
[t=0.571041s, 411018016 KB] New best heuristic value for landmark_sum(lm_reasonable_orders_hps(lm_rhw()),pref=true): 21
[t=0.571045s, 411018016 KB] g=46, 8847 evaluated, 8846 expanded, 19 reopened
[t=0.571806s, 411018016 KB] New best heuristic value for landmark_sum(lm_reasonable_orders_hps(lm_rhw()),pref=true): 20
[t=0.57181s, 411018016 KB] g=47, 8895 evaluated, 8894 expanded, 19 reopened
[t=0.572065s, 411018016 KB] New best heuristic value for ff(): 21
[t=0.572069s, 411018016 KB] g=48, 8911 evaluated, 8910 expanded, 19 reopened
[t=0.575375s, 411018016 KB] New best heuristic value for ff(): 20
[t=0.575379s, 411018016 KB] g=47, 9120 evaluated, 9119 expanded, 19 reopened
[t=0.5757s, 411018016 KB] New best heuristic value for landmark_sum(lm_reasonable_orders_hps(lm_rhw()),pref=true): 19
[t=0.575704s, 411018016 KB] g=48, 9140 evaluated, 9139 expanded, 19 reopened
[t=0.576753s, 411018016 KB] New best heuristic value for ff(): 19
[t=0.576757s, 411018016 KB] g=51, 9207 evaluated, 9206 expanded, 19 reopened
[t=0.577391s, 411018016 KB] New best heuristic value for landmark_sum(lm_reasonable_orders_hps(lm_rhw()),pref=true): 18
[t=0.577395s, 411018016 KB] g=52, 9248 evaluated, 9247 expanded, 19 reopened
[t=0.578064s, 411018016 KB] New best heuristic value for ff(): 18
[t=0.578068s, 411018016 KB] g=53, 9291 evaluated, 9290 expanded, 19 reopened
[t=0.578394s, 411018016 KB] New best heuristic value for landmark_sum(lm_reasonable_orders_hps(lm_rhw()),pref=true): 17
[t=0.578398s, 411018016 KB] g=54, 9311 evaluated, 9310 expanded, 19 reopened
[t=0.579284s, 411018016 KB] New best heuristic value for landmark_sum(lm_reasonable_orders_hps(lm_rhw()),pref=true): 16
[t=0.579287s, 411018016 KB] g=57, 9368 evaluated, 9367 expanded, 19 reopened
[t=0.579324s, 411018016 KB] New best heuristic value for landmark_sum(lm_reasonable_orders_hps(lm_rhw()),pref=true): 15
[t=0.579328s, 411018016 KB] New best heuristic value for ff(): 17
[t=0.579332s, 411018016 KB] g=58, 9370 evaluated, 9369 expanded, 19 reopened
[t=0.583436s, 411018016 KB] New best heuristic value for ff(): 15
[t=0.58344s, 411018016 KB] g=61, 9636 evaluated, 9635 expanded, 21 reopened
[t=0.583539s, 411018016 KB] New best heuristic value for landmark_sum(lm_reasonable_orders_hps(lm_rhw()),pref=true): 14
[t=0.583543s, 411018016 KB] g=62, 9642 evaluated, 9641 expanded, 21 reopened
[t=0.583564s, 411018016 KB] New best heuristic value for landmark_sum(lm_reasonable_orders_hps(lm_rhw()),pref=true): 13
[t=0.583567s, 411018016 KB] g=63, 9643 evaluated, 9642 expanded, 21 reopened
[t=0.583772s, 411018016 KB] New best heuristic value for landmark_sum(lm_reasonable_orders_hps(lm_rhw()),pref=true): 12
[t=0.583775s, 411018016 KB] g=64, 9656 evaluated, 9655 expanded, 21 reopened
[t=0.583886s, 411018016 KB] New best heuristic value for ff(): 14
[t=0.58389s, 411018016 KB] g=64, 9663 evaluated, 9662 expanded, 21 reopened
[t=0.584092s, 411018016 KB] New best heuristic value for ff(): 12
[t=0.584096s, 411018016 KB] g=66, 9676 evaluated, 9675 expanded, 21 reopened
[t=0.584116s, 411018016 KB] New best heuristic value for ff(): 11
[t=0.584119s, 411018016 KB] g=67, 9677 evaluated, 9676 expanded, 21 reopened
[t=0.584142s, 411018016 KB] New best heuristic value for landmark_sum(lm_reasonable_orders_hps(lm_rhw()),pref=true): 11
[t=0.584145s, 411018016 KB] g=68, 9678 evaluated, 9677 expanded, 21 reopened
[t=0.584195s, 411018016 KB] New best heuristic value for landmark_sum(lm_reasonable_orders_hps(lm_rhw()),pref=true): 10
[t=0.584198s, 411018016 KB] g=68, 9681 evaluated, 9680 expanded, 21 reopened
[t=0.584218s, 411018016 KB] New best heuristic value for landmark_sum(lm_reasonable_orders_hps(lm_rhw()),pref=true): 9
[t=0.584222s, 411018016 KB] g=69, 9682 evaluated, 9681 expanded, 21 reopened
[t=0.584406s, 411018016 KB] New best heuristic value for ff(): 10
[t=0.58441s, 411018016 KB] g=69, 9694 evaluated, 9693 expanded, 21 reopened
[t=0.58483s, 411018016 KB] New best heuristic value for ff(): 9
[t=0.584834s, 411018016 KB] g=73, 9719 evaluated, 9718 expanded, 21 reopened
[t=0.584871s, 411018016 KB] New best heuristic value for landmark_sum(lm_reasonable_orders_hps(lm_rhw()),pref=true): 8
[t=0.584875s, 411018016 KB] g=73, 9721 evaluated, 9720 expanded, 21 reopened
[t=0.584909s, 411018016 KB] New best heuristic value for landmark_sum(lm_reasonable_orders_hps(lm_rhw()),pref=true): 7
[t=0.58492s, 411018016 KB] g=75, 9723 evaluated, 9722 expanded, 21 reopened
[t=0.585097s, 411018016 KB] New best heuristic value for landmark_sum(lm_reasonable_orders_hps(lm_rhw()),pref=true): 6
[t=0.585101s, 411018016 KB] g=76, 9734 evaluated, 9733 expanded, 21 reopened
[t=0.585118s, 411018016 KB] New best heuristic value for ff(): 8
[t=0.585122s, 411018016 KB] g=75, 9735 evaluated, 9734 expanded, 21 reopened
[t=0.585467s, 411018016 KB] New best heuristic value for ff(): 7
[t=0.585471s, 411018016 KB] g=79, 9757 evaluated, 9756 expanded, 21 reopened
[t=0.585609s, 411018016 KB] New best heuristic value for landmark_sum(lm_reasonable_orders_hps(lm_rhw()),pref=true): 5
[t=0.585612s, 411018016 KB] New best heuristic value for ff(): 5
[t=0.585616s, 411018016 KB] g=80, 9766 evaluated, 9765 expanded, 21 reopened
[t=0.585634s, 411018016 KB] New best heuristic value for landmark_sum(lm_reasonable_orders_hps(lm_rhw()),pref=true): 4
[t=0.585637s, 411018016 KB] g=81, 9767 evaluated, 9766 expanded, 21 reopened
[t=0.585679s, 411018016 KB] New best heuristic value for landmark_sum(lm_reasonable_orders_hps(lm_rhw()),pref=true): 3
[t=0.585682s, 411018016 KB] g=82, 9770 evaluated, 9769 expanded, 21 reopened
[t=0.585748s, 411018016 KB] New best heuristic value for ff(): 4
[t=0.585752s, 411018016 KB] g=85, 9774 evaluated, 9773 expanded, 21 reopened
[t=0.585784s, 411018016 KB] New best heuristic value for ff(): 3
[t=0.585788s, 411018016 KB] g=87, 9776 evaluated, 9775 expanded, 21 reopened
[t=0.585839s, 411018016 KB] New best heuristic value for landmark_sum(lm_reasonable_orders_hps(lm_rhw()),pref=true): 2
[t=0.585842s, 411018016 KB] g=87, 9780 evaluated, 9779 expanded, 21 reopened
[t=0.585947s, 411018016 KB] New best heuristic value for ff(): 2
[t=0.58595s, 411018016 KB] g=86, 9788 evaluated, 9787 expanded, 21 reopened
[t=0.585964s, 411018016 KB] New best heuristic value for landmark_sum(lm_reasonable_orders_hps(lm_rhw()),pref=true): 1
[t=0.585967s, 411018016 KB] New best heuristic value for ff(): 1
[t=0.58597s, 411018016 KB] g=87, 9789 evaluated, 9788 expanded, 21 reopened
[t=0.585981s, 411018016 KB] Solution found!
[t=0.585986s, 411018016 KB] Actual search time: 0.153985s
pick_up_box rob1 box1 central_warehouse (1)
pick_up_content_at_cw rob1 box1 gears (1)
move rob1 central_warehouse loc1 (1)
move rob1 loc1 loc6 (1)
put_down_content rob1 box1 gears loc6 wor6_1 (1)
move rob1 loc6 loc1 (1)
move rob1 loc1 central_warehouse (1)
pick_up_content_at_cw rob1 box1 gears (1)
move rob1 central_warehouse loc3 (1)
move rob1 loc3 loc12 (1)
put_down_content rob1 box1 gears loc12 wor12_1 (1)
move rob1 loc12 loc3 (1)
move rob1 loc3 central_warehouse (1)
pick_up_content_at_cw rob1 box1 nut (1)
move rob1 central_warehouse loc4 (1)
move rob1 loc4 loc16 (1)
put_down_content rob1 box1 nut loc16 wor16_1 (1)
move rob1 loc16 loc4 (1)
move rob1 loc4 central_warehouse (1)
pick_up_content_at_cw rob1 box1 nut (1)
move rob1 central_warehouse loc2 (1)
move rob1 loc2 loc10 (1)
put_down_content rob1 box1 nut loc10 wor10_1 (1)
move rob1 loc10 loc2 (1)
move rob1 loc2 central_warehouse (1)
pick_up_content_at_cw rob1 box1 nut (1)
move rob1 central_warehouse loc4 (1)
put_down_content rob1 box1 nut loc4 wor4_1 (1)
move rob1 loc4 central_warehouse (1)
pick_up_content_at_cw rob1 box1 tool (1)
move rob1 central_warehouse loc1 (1)
move rob1 loc1 loc7 (1)
put_down_content rob1 box1 tool loc7 wor7_1 (1)
move rob1 loc7 loc1 (1)
move rob1 loc1 central_warehouse (1)
pick_up_content_at_cw rob1 box1 tool (1)
move rob1 central_warehouse loc3 (1)
move rob1 loc3 loc13 (1)
put_down_content rob1 box1 tool loc13 wor13_1 (1)
move rob1 loc13 loc3 (1)
move rob1 loc3 central_warehouse (1)
pick_up_content_at_cw rob1 box1 tool (1)
move rob1 central_warehouse loc1 (1)
put_down_content rob1 box1 tool loc1 wor1_1 (1)
move rob1 loc1 central_warehouse (1)
pick_up_content_at_cw rob1 box1 valve (1)
move rob1 central_warehouse loc2 (1)
move rob1 loc2 loc8 (1)
put_down_content rob1 box1 valve loc8 wor8_1 (1)
move rob1 loc8 loc2 (1)
move rob1 loc2 central_warehouse (1)
pick_up_content_at_cw rob1 box1 bolt (1)
move rob1 central_warehouse loc3 (1)
put_down_content rob1 box1 bolt loc3 wor3_1 (1)
move rob1 loc3 central_warehouse (1)
pick_up_content_at_cw rob1 box1 screw (1)
move rob1 central_warehouse loc1 (1)
move rob1 loc1 loc5 (1)
put_down_content rob1 box1 screw loc5 wor5_1 (1)
move rob1 loc5 loc1 (1)
move rob1 loc1 central_warehouse (1)
pick_up_content_at_cw rob1 box1 screw (1)
move rob1 central_warehouse loc3 (1)
move rob1 loc3 loc11 (1)
put_down_content rob1 box1 screw loc11 wor11_1 (1)
move rob1 loc11 loc3 (1)
move rob1 loc3 central_warehouse (1)
pick_up_content_at_cw rob1 box1 bolt (1)
move rob1 central_warehouse loc4 (1)
move rob1 loc4 loc15 (1)
put_down_content rob1 box1 bolt loc15 wor15_1 (1)
move rob1 loc15 loc4 (1)
move rob1 loc4 central_warehouse (1)
pick_up_content_at_cw rob1 box1 bolt (1)
move rob1 central_warehouse loc2 (1)
move rob1 loc2 loc9 (1)
put_down_content rob1 box1 bolt loc9 wor9_1 (1)
move rob1 loc9 loc2 (1)
move rob1 loc2 central_warehouse (1)
pick_up_content_at_cw rob1 box1 valve (1)
move rob1 central_warehouse loc4 (1)
move rob1 loc4 loc14 (1)
put_down_content rob1 box1 valve loc14 wor14_1 (1)
move rob1 loc14 loc4 (1)
move rob1 loc4 central_warehouse (1)
pick_up_content_at_cw rob1 box1 valve (1)
move rob1 central_warehouse loc2 (1)
put_down_content rob1 box1 valve loc2 wor2_1 (1)
[t=0.586507s, 411018016 KB] Plan length: 88 step(s).
[t=0.586512s, 411018016 KB] Plan cost: 88
[t=0.586516s, 411018016 KB] Expanded 9789 state(s).
[t=0.586519s, 411018016 KB] Reopened 21 state(s).
[t=0.586522s, 411018016 KB] Evaluated 9790 state(s).
[t=0.586525s, 411018016 KB] Evaluations: 19559
[t=0.586529s, 411018016 KB] Generated 45308 state(s).
[t=0.586532s, 411018016 KB] Dead ends: 0 state(s).
[t=0.586535s, 411018016 KB] Number of registered states: 9769
[t=0.586538s, 411018016 KB] Int hash set load factor: 9769/16384 = 0.596252
[t=0.586542s, 411018016 KB] Int hash set resizes: 14
[t=0.586545s, 411018016 KB] Best solution cost so far: 88
[t=0.586548s, 411018016 KB] Solution found - keep searching
[t=0.586601s, 411018016 KB] Building successor generator...done!
[t=0.586608s, 411018016 KB] peak memory difference for successor generator creation: 0 KB
[t=0.586611s, 411018016 KB] time for successor generation creation: 4.2e-08s
[t=0.586616s, 411018016 KB] Variables: 116
[t=0.586619s, 411018016 KB] FactPairs: 279
[t=0.586622s, 411018016 KB] Bytes per state: 16
[t=0.58663s, 411018016 KB] Starting search: lazy_wastar([hff,hlm],preferred=[hff,hlm],w=2)
[t=0.586633s, 411018016 KB] Conducting lazy best first search, (real) bound = 88
[t=0.586654s, 411018016 KB] New best heuristic value for landmark_sum(lm_reasonable_orders_hps(lm_rhw()),pref=true): 41
[t=0.586657s, 411018016 KB] New best heuristic value for ff(): 39
[t=0.586661s, 411018016 KB] g=0, 1 evaluated, 0 expanded
[t=0.586668s, 411018016 KB] Initial heuristic value for landmark_sum(lm_reasonable_orders_hps(lm_rhw()),pref=true): 41
[t=0.586672s, 411018016 KB] Initial heuristic value for ff(): 39
[t=0.586763s, 411018016 KB] New best heuristic value for landmark_sum(lm_reasonable_orders_hps(lm_rhw()),pref=true): 39
[t=0.586767s, 411018016 KB] New best heuristic value for ff(): 38
[t=0.58677s, 411018016 KB] g=1, 6 evaluated, 5 expanded
[t=0.586859s, 411018016 KB] New best heuristic value for landmark_sum(lm_reasonable_orders_hps(lm_rhw()),pref=true): 37
[t=0.586863s, 411018016 KB] g=2, 11 evaluated, 10 expanded
[t=0.58695s, 411018016 KB] New best heuristic value for ff(): 37
[t=0.586954s, 411018016 KB] g=3, 16 evaluated, 15 expanded
[t=0.593281s, 411018016 KB] New best heuristic value for landmark_sum(lm_reasonable_orders_hps(lm_rhw()),pref=true): 36
[t=0.593285s, 411018016 KB] g=6, 433 evaluated, 432 expanded
[t=0.595498s, 411018016 KB] New best heuristic value for ff(): 36
[t=0.595503s, 411018016 KB] g=7, 573 evaluated, 572 expanded
[t=0.607077s, 411018016 KB] New best heuristic value for landmark_sum(lm_reasonable_orders_hps(lm_rhw()),pref=true): 35
[t=0.607082s, 411018016 KB] g=8, 1318 evaluated, 1317 expanded
[t=0.607173s, 411018016 KB] New best heuristic value for ff(): 35
[t=0.607177s, 411018016 KB] g=9, 1323 evaluated, 1322 expanded
[t=0.712808s, 411018016 KB] New best heuristic value for landmark_sum(lm_reasonable_orders_hps(lm_rhw()),pref=true): 34
[t=0.712816s, 411018016 KB] g=12, 8173 evaluated, 8172 expanded
[t=0.839113s, 411018016 KB] New best heuristic value for ff(): 34
[t=0.839119s, 411018016 KB] g=13, 16149 evaluated, 16148 expanded, 44 reopened
[t=0.894896s, 411018016 KB] New best heuristic value for ff(): 33
[t=0.894902s, 411018016 KB] g=13, 19599 evaluated, 19598 expanded, 44 reopened
[t=0.89499s, 411018016 KB] New best heuristic value for landmark_sum(lm_reasonable_orders_hps(lm_rhw()),pref=true): 32
[t=0.894994s, 411018016 KB] g=14, 19604 evaluated, 19603 expanded, 44 reopened
[t=0.895083s, 411018016 KB] New best heuristic value for ff(): 32
[t=0.895086s, 411018016 KB] g=15, 19609 evaluated, 19608 expanded, 44 reopened
[t=0.903067s, 411018016 KB] New best heuristic value for landmark_sum(lm_reasonable_orders_hps(lm_rhw()),pref=true): 31
[t=0.903072s, 411018016 KB] g=18, 20124 evaluated, 20123 expanded, 44 reopened
[t=0.968189s, 411018016 KB] New best heuristic value for ff(): 31
[t=0.968194s, 411018016 KB] g=19, 24220 evaluated, 24219 expanded, 44 reopened
[t=1.28789s, 411018016 KB] New best heuristic value for landmark_sum(lm_reasonable_orders_hps(lm_rhw()),pref=true): 30
[t=1.2879s, 411018016 KB] g=20, 44594 evaluated, 44593 expanded, 44 reopened
[t=1.5354s, 411026208 KB] New best heuristic value for ff(): 30
[t=1.53541s, 411026208 KB] g=21, 60142 evaluated, 60141 expanded, 44 reopened
[t=3.11025s, 411034400 KB] New best heuristic value for landmark_sum(lm_reasonable_orders_hps(lm_rhw()),pref=true): 29
[t=3.11029s, 411034400 KB] g=24, 158835 evaluated, 158834 expanded, 208 reopened
[t=6.29065s, 411058976 KB] New best heuristic value for ff(): 29
[t=6.29069s, 411058976 KB] g=25, 357407 evaluated, 357406 expanded, 1215 reopened
[t=7.03504s, 411067168 KB] New best heuristic value for ff(): 28
[t=7.03507s, 411067168 KB] g=25, 402692 evaluated, 402691 expanded, 1243 reopened
[t=7.03517s, 411067168 KB] New best heuristic value for landmark_sum(lm_reasonable_orders_hps(lm_rhw()),pref=true): 27
[t=7.03518s, 411067168 KB] g=26, 402697 evaluated, 402696 expanded, 1243 reopened
[t=7.03528s, 411067168 KB] New best heuristic value for ff(): 27
[t=7.03529s, 411067168 KB] g=27, 402702 evaluated, 402701 expanded, 1243 reopened
[t=7.03728s, 411067168 KB] New best heuristic value for landmark_sum(lm_reasonable_orders_hps(lm_rhw()),pref=true): 26
[t=7.03729s, 411067168 KB] g=30, 402828 evaluated, 402827 expanded, 1243 reopened
[t=10.5278s, 411099936 KB] New best heuristic value for ff(): 26
[t=10.5278s, 411099936 KB] g=31, 619175 evaluated, 619174 expanded, 1398 reopened
[t=10.5288s, 411099936 KB] New best heuristic value for landmark_sum(lm_reasonable_orders_hps(lm_rhw()),pref=true): 25
[t=10.5288s, 411099936 KB] g=32, 619230 evaluated, 619229 expanded, 1398 reopened
[t=12.5938s, 411124512 KB] New best heuristic value for ff(): 25
[t=12.5938s, 411124512 KB] g=33, 746101 evaluated, 746100 expanded, 1442 reopened
[t=13.1489s, 411124512 KB] New best heuristic value for ff(): 24
[t=13.1489s, 411124512 KB] g=35, 780267 evaluated, 780266 expanded, 1442 reopened
[t=13.149s, 411124512 KB] New best heuristic value for landmark_sum(lm_reasonable_orders_hps(lm_rhw()),pref=true): 23
[t=13.149s, 411124512 KB] g=36, 780274 evaluated, 780273 expanded, 1442 reopened
[t=13.2625s, 411132704 KB] New best heuristic value for ff(): 23
[t=13.2625s, 411132704 KB] g=37, 787340 evaluated, 787339 expanded, 1442 reopened
[t=29.2793s, 411313984 KB] New best heuristic value for landmark_sum(lm_reasonable_orders_hps(lm_rhw()),pref=true): 22
[t=29.2794s, 411313984 KB] g=40, 1774970 evaluated, 1774969 expanded, 7399 reopened
Peak memory: 411772752 KB
caught signal 24 -- exiting
Time limit has been reached.
Remove intermediate file output.sas
search exit code: 23

Driver aborting after search
INFO     Planner time: 58.16s
