INFO     planner time limit: 60s
INFO     planner memory limit: None

INFO     Running translator.
INFO     translator stdin: None
INFO     translator time limit: 59s
INFO     translator memory limit: None
INFO     translator command line string: /opt/homebrew/opt/python@3.12/bin/python3.12 /Users/francesco/Desktop/planners/downward/builds/release/bin/translate/translate.py domain.pddl problem_2.pddl --sas-file output.sas
Parsing...
Parsing: [0.000s CPU, 0.001s wall-clock]
Normalizing task... [0.000s CPU, 0.000s wall-clock]
Instantiating...
Generating Datalog program... [0.000s CPU, 0.000s wall-clock]
Normalizing Datalog program...
Normalizing Datalog program: [0.000s CPU, 0.001s wall-clock]
Preparing model... [0.000s CPU, 0.000s wall-clock]
Generated 59 rules.
Computing model... [0.000s CPU, 0.001s wall-clock]
260 relevant atoms
225 auxiliary atoms
485 final queue length
632 total queue pushes
Completing instantiation... [0.000s CPU, 0.001s wall-clock]
Instantiating: [0.000s CPU, 0.004s wall-clock]
Computing fact groups...
Finding invariants...
22 initial candidates
Finding invariants: [0.000s CPU, 0.001s wall-clock]
Checking invariant weight... [0.000s CPU, 0.000s wall-clock]
Instantiating groups... [0.000s CPU, 0.000s wall-clock]
Collecting mutex groups... [0.000s CPU, 0.000s wall-clock]
Choosing groups...
32 uncovered facts
Choosing groups: [0.000s CPU, 0.000s wall-clock]
Building translation key... [0.000s CPU, 0.000s wall-clock]
Computing fact groups: [0.000s CPU, 0.001s wall-clock]
Building STRIPS to SAS dictionary... [0.000s CPU, 0.000s wall-clock]
Building dictionary for full mutex groups... [0.000s CPU, 0.000s wall-clock]
Building mutex information...
Building mutex information: [0.000s CPU, 0.000s wall-clock]
Translating task...
Processing axioms...
Simplifying axioms... [0.000s CPU, 0.000s wall-clock]
Translator axioms removed by simplifying: 0
Computing negative axioms... [0.000s CPU, 0.000s wall-clock]
Processing axioms: [0.000s CPU, 0.000s wall-clock]
Translating task: [0.010s CPU, 0.002s wall-clock]
162 effect conditions simplified
0 implied preconditions added
Detecting unreachable propositions...
0 operators removed
0 axioms removed
3 propositions removed
Detecting unreachable propositions: [0.000s CPU, 0.001s wall-clock]
Reordering and filtering variables...
35 of 35 variables necessary.
2 of 5 mutex groups necessary.
130 of 130 operators necessary.
0 of 0 axiom rules necessary.
Reordering and filtering variables: [0.000s CPU, 0.001s wall-clock]
Translator variables: 35
Translator derived variables: 0
Translator facts: 84
Translator goal facts: 4
Translator mutex groups: 2
Translator total mutex groups size: 14
Translator operators: 130
Translator axioms: 0
Translator task size: 1205
warning: could not determine peak memory
Writing output... [0.000s CPU, 0.001s wall-clock]
Done! [0.010s CPU, 0.012s wall-clock]
translate exit code: 0

INFO     Running search (release).
INFO     search stdin: output.sas
INFO     search time limit: 59s
INFO     search memory limit: None
INFO     search command line string: /Users/francesco/Desktop/planners/downward/builds/release/bin/downward --search --if-unit-cost 'let(hlm,landmark_sum(lm_reasonable_orders_hps(lm_rhw()),pref=true),let(hff,ff(),iterated([lazy_greedy([hff,hlm],preferred=[hff,hlm]),lazy_wastar([hff,hlm],preferred=[hff,hlm],w=5),lazy_wastar([hff,hlm],preferred=[hff,hlm],w=3),lazy_wastar([hff,hlm],preferred=[hff,hlm],w=2),lazy_wastar([hff,hlm],preferred=[hff,hlm],w=1)],repeat_last=true,continue_on_fail=true)))' --if-non-unit-cost 'let(hlm1,landmark_sum(lm_reasonable_orders_hps(lm_rhw()),transform=adapt_costs(one),pref=true),let(hff1,ff(transform=adapt_costs(one)),let(hlm2,landmark_sum(lm_reasonable_orders_hps(lm_rhw()),transform=adapt_costs(plusone),pref=true),let(hff2,ff(transform=adapt_costs(plusone)),iterated([lazy_greedy([hff1,hlm1],preferred=[hff1,hlm1],cost_type=one,reopen_closed=false),lazy_greedy([hff2,hlm2],preferred=[hff2,hlm2],reopen_closed=false),lazy_wastar([hff2,hlm2],preferred=[hff2,hlm2],w=5),lazy_wastar([hff2,hlm2],preferred=[hff2,hlm2],w=3),lazy_wastar([hff2,hlm2],preferred=[hff2,hlm2],w=2),lazy_wastar([hff2,hlm2],preferred=[hff2,hlm2],w=1)],repeat_last=true,continue_on_fail=true)))))' --always --internal-plan-file plans/plan_lama_2 < output.sas
[t=0.000139666s, 410597152 KB] reading input...
[t=0.00226288s, 410597152 KB] done reading input!
[t=0.00345254s, 410597152 KB] Initializing landmark sum heuristic...
[t=0.00345867s, 410597152 KB] Generating landmark graph...
[t=0.00347104s, 410597152 KB] Building a landmark graph with reasonable orders.
[t=0.00348204s, 410597152 KB] Initializing Exploration...
[t=0.00353321s, 410597152 KB] Generating landmarks using the RPG/SAS+ approach
[t=0.00385729s, 410597152 KB] Landmarks generation time: 0.000384625s
[t=0.00386225s, 410597152 KB] Discovered 19 landmarks, of which 5 are disjunctive and 0 are conjunctive.
[t=0.00386642s, 410597152 KB] 48 edges
[t=0.00387108s, 410597152 KB] approx. reasonable orders
[t=0.00391387s, 410597152 KB] Landmarks generation time: 0.000452917s
[t=0.00391771s, 410597152 KB] Discovered 19 landmarks, of which 5 are disjunctive and 0 are conjunctive.
[t=0.00392142s, 410597152 KB] 48 edges
[t=0.00392479s, 410597152 KB] Landmark graph generation time: 0.000467708s
[t=0.00392825s, 410597152 KB] Landmark graph contains 19 landmarks, of which 5 are disjunctive and 0 are conjunctive.
[t=0.003932s, 410597152 KB] Landmark graph contains 48 orderings.
[t=0.00401488s, 410597152 KB] Simplifying 358 unary operators... done! [330 unary operators]
[t=0.00441071s, 410597152 KB] time to simplify: 0.0003975s
[t=0.00442946s, 410597152 KB] Initializing additive heuristic...
[t=0.00443275s, 410597152 KB] Initializing FF heuristic...
[t=0.00448508s, 410597152 KB] Building successor generator...done!
[t=0.00452796s, 410597152 KB] peak memory difference for successor generator creation: 0 KB
[t=0.00453137s, 410597152 KB] time for successor generation creation: 3.3875e-05s
[t=0.00453625s, 410597152 KB] Variables: 35
[t=0.00453958s, 410597152 KB] FactPairs: 84
[t=0.00454288s, 410597152 KB] Bytes per state: 8
[t=0.00458196s, 410597152 KB] Building successor generator...done!
[t=0.00458913s, 410597152 KB] peak memory difference for successor generator creation: 0 KB
[t=0.00459242s, 410597152 KB] time for successor generation creation: 4.2e-08s
[t=0.0045965s, 410597152 KB] Variables: 35
[t=0.00459967s, 410597152 KB] FactPairs: 84
[t=0.00460283s, 410597152 KB] Bytes per state: 8
[t=0.00461308s, 410597152 KB] Starting search: lazy_greedy([hff,hlm],preferred=[hff,hlm])
[t=0.00461679s, 410597152 KB] Conducting lazy best first search, (real) bound = 2147483647
[t=0.00463554s, 410597152 KB] New best heuristic value for landmark_sum(lm_reasonable_orders_hps(lm_rhw()),pref=true): 13
[t=0.00463971s, 410597152 KB] New best heuristic value for ff(): 11
[t=0.00464304s, 410597152 KB] g=0, 1 evaluated, 0 expanded
[t=0.00465008s, 410597152 KB] Initial heuristic value for landmark_sum(lm_reasonable_orders_hps(lm_rhw()),pref=true): 13
[t=0.00465362s, 410597152 KB] Initial heuristic value for ff(): 11
[t=0.00467537s, 410597152 KB] New best heuristic value for landmark_sum(lm_reasonable_orders_hps(lm_rhw()),pref=true): 11
[t=0.00467921s, 410597152 KB] New best heuristic value for ff(): 10
[t=0.00468246s, 410597152 KB] g=1, 3 evaluated, 2 expanded
[t=0.00470279s, 410597152 KB] New best heuristic value for landmark_sum(lm_reasonable_orders_hps(lm_rhw()),pref=true): 9
[t=0.00470654s, 410597152 KB] g=2, 5 evaluated, 4 expanded
[t=0.00476692s, 410597152 KB] New best heuristic value for ff(): 9
[t=0.00477067s, 410597152 KB] g=3, 14 evaluated, 13 expanded
[t=0.00485533s, 410597152 KB] New best heuristic value for landmark_sum(lm_reasonable_orders_hps(lm_rhw()),pref=true): 8
[t=0.00485896s, 410597152 KB] g=6, 27 evaluated, 26 expanded
[t=0.00486967s, 410597152 KB] New best heuristic value for ff(): 8
[t=0.00487312s, 410597152 KB] g=7, 28 evaluated, 27 expanded
[t=0.00488471s, 410597152 KB] New best heuristic value for landmark_sum(lm_reasonable_orders_hps(lm_rhw()),pref=true): 7
[t=0.00488846s, 410597152 KB] g=8, 29 evaluated, 28 expanded
[t=0.00490417s, 410597152 KB] New best heuristic value for landmark_sum(lm_reasonable_orders_hps(lm_rhw()),pref=true): 6
[t=0.00491438s, 410597152 KB] New best heuristic value for ff(): 7
[t=0.00491792s, 410597152 KB] g=8, 31 evaluated, 30 expanded
[t=0.00492908s, 410597152 KB] New best heuristic value for ff(): 6
[t=0.00493258s, 410597152 KB] g=9, 32 evaluated, 31 expanded
[t=0.00501142s, 410597152 KB] New best heuristic value for landmark_sum(lm_reasonable_orders_hps(lm_rhw()),pref=true): 5
[t=0.00501558s, 410597152 KB] g=12, 44 evaluated, 43 expanded
[t=0.00503138s, 410597152 KB] New best heuristic value for landmark_sum(lm_reasonable_orders_hps(lm_rhw()),pref=true): 4
[t=0.00503504s, 410597152 KB] New best heuristic value for ff(): 5
[t=0.00503829s, 410597152 KB] g=14, 46 evaluated, 45 expanded
[t=0.00506721s, 410597152 KB] New best heuristic value for landmark_sum(lm_reasonable_orders_hps(lm_rhw()),pref=true): 3
[t=0.00507075s, 410597152 KB] g=18, 50 evaluated, 49 expanded
[t=0.00510367s, 410597152 KB] New best heuristic value for landmark_sum(lm_reasonable_orders_hps(lm_rhw()),pref=true): 2
[t=0.00510717s, 410597152 KB] New best heuristic value for ff(): 3
[t=0.00511029s, 410597152 KB] g=18, 55 evaluated, 54 expanded
[t=0.00511983s, 410597152 KB] New best heuristic value for ff(): 2
[t=0.00512333s, 410597152 KB] g=19, 56 evaluated, 55 expanded
[t=0.00513167s, 410597152 KB] New best heuristic value for landmark_sum(lm_reasonable_orders_hps(lm_rhw()),pref=true): 1
[t=0.00513517s, 410597152 KB] New best heuristic value for ff(): 1
[t=0.00513825s, 410597152 KB] g=20, 57 evaluated, 56 expanded
[t=0.00514658s, 410597152 KB] Solution found!
[t=0.00515067s, 410597152 KB] Actual search time: 0.000529625s
pick_up_box rob1 box1 central_warehouse (1)
pick_up_content_at_cw rob1 box1 bolt (1)
move rob1 central_warehouse loc1 (1)
move rob1 loc1 loc2 (1)
put_down_content rob1 box1 bolt loc2 wor2_2 (1)
move rob1 loc2 loc1 (1)
move rob1 loc1 central_warehouse (1)
pick_up_content_at_cw rob1 box1 tool (1)
move rob1 central_warehouse loc1 (1)
put_down_content rob1 box1 tool loc1 wor1_1 (1)
move rob1 loc1 central_warehouse (1)
pick_up_content_at_cw rob1 box1 tool (1)
move rob1 central_warehouse loc1 (1)
move rob1 loc1 loc5 (1)
put_down_content rob1 box1 tool loc5 wor5_1 (1)
move rob1 loc5 loc1 (1)
move rob1 loc1 central_warehouse (1)
pick_up_content_at_cw rob1 box1 valve (1)
move rob1 central_warehouse loc1 (1)
move rob1 loc1 loc5 (1)
put_down_content rob1 box1 valve loc5 wor5_1 (1)
[t=0.00537654s, 410597152 KB] Plan length: 21 step(s).
[t=0.00538125s, 410597152 KB] Plan cost: 21
[t=0.00538508s, 410597152 KB] Expanded 57 state(s).
[t=0.00538933s, 410597152 KB] Reopened 0 state(s).
[t=0.00539308s, 410597152 KB] Evaluated 58 state(s).
[t=0.00539646s, 410597152 KB] Evaluations: 116
[t=0.00539992s, 410597152 KB] Generated 264 state(s).
[t=0.00540321s, 410597152 KB] Dead ends: 0 state(s).
[t=0.0054065s, 410597152 KB] Number of registered states: 58
[t=0.00540975s, 410597152 KB] Int hash set load factor: 58/64 = 0.90625
[t=0.00541379s, 410597152 KB] Int hash set resizes: 6
[t=0.00541704s, 410597152 KB] Best solution cost so far: 21
[t=0.00542033s, 410597152 KB] Solution found - keep searching
[t=0.00544617s, 410597152 KB] Building successor generator...done!
[t=0.0054535s, 410597152 KB] peak memory difference for successor generator creation: 0 KB
[t=0.00545687s, 410597152 KB] time for successor generation creation: 4.2e-08s
[t=0.00546092s, 410597152 KB] Variables: 35
[t=0.00546433s, 410597152 KB] FactPairs: 84
[t=0.00546742s, 410597152 KB] Bytes per state: 8
[t=0.00547438s, 410597152 KB] Starting search: lazy_wastar([hff,hlm],preferred=[hff,hlm],w=5)
[t=0.00547817s, 410597152 KB] Conducting lazy best first search, (real) bound = 21
[t=0.00548946s, 410597152 KB] New best heuristic value for landmark_sum(lm_reasonable_orders_hps(lm_rhw()),pref=true): 13
[t=0.00549312s, 410597152 KB] New best heuristic value for ff(): 11
[t=0.00549654s, 410597152 KB] g=0, 1 evaluated, 0 expanded
[t=0.00550283s, 410597152 KB] Initial heuristic value for landmark_sum(lm_reasonable_orders_hps(lm_rhw()),pref=true): 13
[t=0.00551013s, 410597152 KB] Initial heuristic value for ff(): 11
[t=0.00552846s, 410597152 KB] New best heuristic value for landmark_sum(lm_reasonable_orders_hps(lm_rhw()),pref=true): 11
[t=0.00553204s, 410597152 KB] New best heuristic value for ff(): 10
[t=0.00553521s, 410597152 KB] g=1, 3 evaluated, 2 expanded
[t=0.00555433s, 410597152 KB] New best heuristic value for landmark_sum(lm_reasonable_orders_hps(lm_rhw()),pref=true): 9
[t=0.00555779s, 410597152 KB] g=2, 5 evaluated, 4 expanded
[t=0.00558908s, 410597152 KB] New best heuristic value for ff(): 9
[t=0.00559254s, 410597152 KB] g=3, 9 evaluated, 8 expanded
[t=0.00569658s, 410597152 KB] New best heuristic value for landmark_sum(lm_reasonable_orders_hps(lm_rhw()),pref=true): 8
[t=0.00570158s, 410597152 KB] g=6, 23 evaluated, 22 expanded
[t=0.00579108s, 410597152 KB] New best heuristic value for ff(): 8
[t=0.00579642s, 410597152 KB] g=8, 35 evaluated, 34 expanded
[t=0.00585779s, 410597152 KB] New best heuristic value for ff(): 7
[t=0.00586154s, 410597152 KB] g=10, 43 evaluated, 42 expanded
[t=0.00589083s, 410597152 KB] New best heuristic value for landmark_sum(lm_reasonable_orders_hps(lm_rhw()),pref=true): 7
[t=0.00589438s, 410597152 KB] g=11, 46 evaluated, 45 expanded
[t=0.00592504s, 410597152 KB] New best heuristic value for landmark_sum(lm_reasonable_orders_hps(lm_rhw()),pref=true): 6
[t=0.00592871s, 410597152 KB] g=12, 50 evaluated, 49 expanded
[t=0.005965s, 410597152 KB] New best heuristic value for landmark_sum(lm_reasonable_orders_hps(lm_rhw()),pref=true): 5
[t=0.00596888s, 410597152 KB] New best heuristic value for ff(): 6
[t=0.00597242s, 410597152 KB] g=13, 55 evaluated, 54 expanded
[t=0.00598592s, 410597152 KB] New best heuristic value for landmark_sum(lm_reasonable_orders_hps(lm_rhw()),pref=true): 4
[t=0.00598954s, 410597152 KB] g=14, 56 evaluated, 55 expanded
[t=0.00602392s, 410597152 KB] New best heuristic value for ff(): 5
[t=0.00602746s, 410597152 KB] g=15, 60 evaluated, 59 expanded
[t=0.00603746s, 410597152 KB] New best heuristic value for ff(): 3
[t=0.00604079s, 410597152 KB] g=16, 61 evaluated, 60 expanded
[t=0.00605379s, 410597152 KB] New best heuristic value for landmark_sum(lm_reasonable_orders_hps(lm_rhw()),pref=true): 3
[t=0.00605729s, 410597152 KB] g=17, 62 evaluated, 61 expanded
[t=0.00608467s, 410597152 KB] New best heuristic value for landmark_sum(lm_reasonable_orders_hps(lm_rhw()),pref=true): 2
[t=0.00608833s, 410597152 KB] g=18, 65 evaluated, 64 expanded
[t=0.00609992s, 410597152 KB] New best heuristic value for landmark_sum(lm_reasonable_orders_hps(lm_rhw()),pref=true): 1
[t=0.00610346s, 410597152 KB] g=19, 66 evaluated, 65 expanded
[t=0.0062635s, 410597152 KB] New best heuristic value for ff(): 2
[t=0.00626754s, 410597152 KB] g=19, 89 evaluated, 88 expanded
[t=0.00627854s, 410597152 KB] New best heuristic value for ff(): 1
[t=0.00628237s, 410597152 KB] g=20, 90 evaluated, 89 expanded
[t=5.71854s, 410960672 KB] Completely explored state space -- no solution!
[t=5.71861s, 410960672 KB] Actual search time: 5.71313s
[t=5.71862s, 410960672 KB] Expanded 920973 state(s).
[t=5.71863s, 410960672 KB] Reopened 93705 state(s).
[t=5.71863s, 410960672 KB] Evaluated 920973 state(s).
[t=5.71864s, 410960672 KB] Evaluations: 1748241
[t=5.71864s, 410960672 KB] Generated 2687260 state(s).
[t=5.71865s, 410960672 KB] Dead ends: 0 state(s).
[t=5.71865s, 410960672 KB] Number of registered states: 827268
[t=5.71866s, 410960672 KB] Int hash set load factor: 827268/1048576 = 0.788944
[t=5.71866s, 410960672 KB] Int hash set resizes: 20
[t=5.71867s, 410960672 KB] Best solution cost so far: 21
[t=5.71867s, 410960672 KB] No solution found - keep searching
[t=5.72145s, 410927904 KB] Building successor generator...done!
[t=5.72146s, 410927904 KB] peak memory difference for successor generator creation: 0 KB
[t=5.72147s, 410927904 KB] time for successor generation creation: 2.08e-07s
[t=5.72147s, 410927904 KB] Variables: 35
[t=5.72148s, 410927904 KB] FactPairs: 84
[t=5.72148s, 410927904 KB] Bytes per state: 8
[t=5.72149s, 410927904 KB] Starting search: lazy_wastar([hff,hlm],preferred=[hff,hlm],w=3)
[t=5.72151s, 410927904 KB] Conducting lazy best first search, (real) bound = 21
[t=5.72153s, 410927904 KB] New best heuristic value for landmark_sum(lm_reasonable_orders_hps(lm_rhw()),pref=true): 13
[t=5.72154s, 410927904 KB] New best heuristic value for ff(): 11
[t=5.72154s, 410927904 KB] g=0, 1 evaluated, 0 expanded
[t=5.72155s, 410927904 KB] Initial heuristic value for landmark_sum(lm_reasonable_orders_hps(lm_rhw()),pref=true): 13
[t=5.72156s, 410927904 KB] Initial heuristic value for ff(): 11
[t=5.72158s, 410927904 KB] New best heuristic value for landmark_sum(lm_reasonable_orders_hps(lm_rhw()),pref=true): 11
[t=5.72158s, 410927904 KB] New best heuristic value for ff(): 10
[t=5.72159s, 410927904 KB] g=1, 3 evaluated, 2 expanded
[t=5.72161s, 410927904 KB] New best heuristic value for landmark_sum(lm_reasonable_orders_hps(lm_rhw()),pref=true): 9
[t=5.72161s, 410927904 KB] g=2, 5 evaluated, 4 expanded
[t=5.72165s, 410927904 KB] New best heuristic value for ff(): 9
[t=5.72165s, 410927904 KB] g=3, 9 evaluated, 8 expanded
[t=5.72182s, 410927904 KB] New best heuristic value for landmark_sum(lm_reasonable_orders_hps(lm_rhw()),pref=true): 8
[t=5.72183s, 410927904 KB] g=6, 32 evaluated, 31 expanded
[t=5.72189s, 410927904 KB] New best heuristic value for ff(): 8
[t=5.7219s, 410927904 KB] g=7, 40 evaluated, 39 expanded
[t=5.72193s, 410927904 KB] New best heuristic value for landmark_sum(lm_reasonable_orders_hps(lm_rhw()),pref=true): 7
[t=5.72194s, 410927904 KB] g=8, 41 evaluated, 40 expanded
[t=5.72196s, 410927904 KB] New best heuristic value for landmark_sum(lm_reasonable_orders_hps(lm_rhw()),pref=true): 6
[t=5.72196s, 410927904 KB] New best heuristic value for ff(): 7
[t=5.72196s, 410927904 KB] g=8, 43 evaluated, 42 expanded
[t=5.72197s, 410927904 KB] New best heuristic value for ff(): 6
[t=5.72198s, 410927904 KB] g=9, 44 evaluated, 43 expanded
[t=5.72216s, 410927904 KB] New best heuristic value for landmark_sum(lm_reasonable_orders_hps(lm_rhw()),pref=true): 5
[t=5.72216s, 410927904 KB] g=14, 68 evaluated, 67 expanded
[t=5.72218s, 410927904 KB] New best heuristic value for landmark_sum(lm_reasonable_orders_hps(lm_rhw()),pref=true): 4
[t=5.72219s, 410927904 KB] New best heuristic value for ff(): 4
[t=5.72219s, 410927904 KB] g=14, 70 evaluated, 69 expanded
[t=5.7222s, 410927904 KB] New best heuristic value for landmark_sum(lm_reasonable_orders_hps(lm_rhw()),pref=true): 3
[t=5.7222s, 410927904 KB] New best heuristic value for ff(): 3
[t=5.72221s, 410927904 KB] g=15, 71 evaluated, 70 expanded
[t=5.72242s, 410927904 KB] New best heuristic value for landmark_sum(lm_reasonable_orders_hps(lm_rhw()),pref=true): 2
[t=5.72242s, 410927904 KB] g=18, 102 evaluated, 101 expanded, 3 reopened
[t=5.72243s, 410927904 KB] New best heuristic value for ff(): 2
[t=5.72244s, 410927904 KB] g=19, 103 evaluated, 102 expanded, 3 reopened
[t=5.72245s, 410927904 KB] New best heuristic value for landmark_sum(lm_reasonable_orders_hps(lm_rhw()),pref=true): 1
[t=5.72245s, 410927904 KB] New best heuristic value for ff(): 1
[t=5.72245s, 410927904 KB] g=20, 104 evaluated, 103 expanded, 3 reopened
[t=11.206s, 411222816 KB] Completely explored state space -- no solution!
[t=11.206s, 411222816 KB] Actual search time: 5.48452s
[t=11.206s, 411222816 KB] Expanded 860590 state(s).
[t=11.2061s, 411222816 KB] Reopened 33322 state(s).
[t=11.2061s, 411222816 KB] Evaluated 860590 state(s).
[t=11.2061s, 411222816 KB] Evaluations: 1687858
[t=11.2061s, 411222816 KB] Generated 2468737 state(s).
[t=11.2061s, 411222816 KB] Dead ends: 0 state(s).
[t=11.2061s, 411222816 KB] Number of registered states: 827268
[t=11.2061s, 411222816 KB] Int hash set load factor: 827268/1048576 = 0.788944
[t=11.2061s, 411222816 KB] Int hash set resizes: 20
[t=11.2061s, 411222816 KB] Best solution cost so far: 21
[t=11.2061s, 411222816 KB] No solution found - keep searching
[t=11.2083s, 411190048 KB] Building successor generator...done!
[t=11.2083s, 411190048 KB] peak memory difference for successor generator creation: 0 KB
[t=11.2083s, 411190048 KB] time for successor generation creation: 3.33e-07s
[t=11.2083s, 411190048 KB] Variables: 35
[t=11.2083s, 411190048 KB] FactPairs: 84
[t=11.2083s, 411190048 KB] Bytes per state: 8
[t=11.2083s, 411190048 KB] Starting search: lazy_wastar([hff,hlm],preferred=[hff,hlm],w=2)
[t=11.2083s, 411190048 KB] Conducting lazy best first search, (real) bound = 21
[t=11.2083s, 411190048 KB] New best heuristic value for landmark_sum(lm_reasonable_orders_hps(lm_rhw()),pref=true): 13
[t=11.2083s, 411190048 KB] New best heuristic value for ff(): 11
[t=11.2083s, 411190048 KB] g=0, 1 evaluated, 0 expanded
[t=11.2084s, 411190048 KB] Initial heuristic value for landmark_sum(lm_reasonable_orders_hps(lm_rhw()),pref=true): 13
[t=11.2084s, 411190048 KB] Initial heuristic value for ff(): 11
[t=11.2084s, 411190048 KB] New best heuristic value for landmark_sum(lm_reasonable_orders_hps(lm_rhw()),pref=true): 11
[t=11.2084s, 411190048 KB] New best heuristic value for ff(): 10
[t=11.2084s, 411190048 KB] g=1, 3 evaluated, 2 expanded
[t=11.2084s, 411190048 KB] New best heuristic value for landmark_sum(lm_reasonable_orders_hps(lm_rhw()),pref=true): 9
[t=11.2084s, 411190048 KB] g=2, 5 evaluated, 4 expanded
[t=11.2084s, 411190048 KB] New best heuristic value for ff(): 9
[t=11.2085s, 411190048 KB] g=3, 9 evaluated, 8 expanded
[t=11.2088s, 411190048 KB] New best heuristic value for landmark_sum(lm_reasonable_orders_hps(lm_rhw()),pref=true): 8
[t=11.2088s, 411190048 KB] g=6, 63 evaluated, 62 expanded
[t=11.2089s, 411190048 KB] New best heuristic value for ff(): 8
[t=11.2089s, 411190048 KB] g=7, 64 evaluated, 63 expanded
[t=11.209s, 411190048 KB] New best heuristic value for landmark_sum(lm_reasonable_orders_hps(lm_rhw()),pref=true): 7
[t=11.209s, 411190048 KB] g=8, 85 evaluated, 84 expanded
[t=11.209s, 411190048 KB] New best heuristic value for landmark_sum(lm_reasonable_orders_hps(lm_rhw()),pref=true): 6
[t=11.209s, 411190048 KB] New best heuristic value for ff(): 7
[t=11.209s, 411190048 KB] g=8, 87 evaluated, 86 expanded
[t=11.2091s, 411190048 KB] New best heuristic value for ff(): 6
[t=11.2091s, 411190048 KB] g=9, 88 evaluated, 87 expanded
[t=11.2101s, 411190048 KB] New best heuristic value for landmark_sum(lm_reasonable_orders_hps(lm_rhw()),pref=true): 5
[t=11.2101s, 411190048 KB] g=12, 229 evaluated, 228 expanded
[t=11.2101s, 411190048 KB] New best heuristic value for landmark_sum(lm_reasonable_orders_hps(lm_rhw()),pref=true): 4
[t=11.2101s, 411190048 KB] New best heuristic value for ff(): 5
[t=11.2101s, 411190048 KB] g=14, 231 evaluated, 230 expanded
[t=11.2101s, 411190048 KB] New best heuristic value for landmark_sum(lm_reasonable_orders_hps(lm_rhw()),pref=true): 3
[t=11.2101s, 411190048 KB] New best heuristic value for ff(): 4
[t=11.2101s, 411190048 KB] g=14, 236 evaluated, 235 expanded
[t=11.2102s, 411190048 KB] New best heuristic value for ff(): 3
[t=11.2102s, 411190048 KB] g=16, 239 evaluated, 238 expanded
[t=11.2102s, 411190048 KB] New best heuristic value for landmark_sum(lm_reasonable_orders_hps(lm_rhw()),pref=true): 2
[t=11.2102s, 411190048 KB] g=18, 241 evaluated, 240 expanded
[t=11.2102s, 411190048 KB] New best heuristic value for landmark_sum(lm_reasonable_orders_hps(lm_rhw()),pref=true): 1
[t=11.2102s, 411190048 KB] g=19, 242 evaluated, 241 expanded
[t=11.2118s, 411190048 KB] New best heuristic value for ff(): 2
[t=11.2118s, 411190048 KB] g=19, 470 evaluated, 469 expanded, 10 reopened
[t=11.2118s, 411190048 KB] New best heuristic value for ff(): 1
[t=11.2118s, 411190048 KB] g=20, 471 evaluated, 470 expanded, 10 reopened
[t=16.5498s, 411231008 KB] Completely explored state space -- no solution!
[t=16.5498s, 411231008 KB] Actual search time: 5.3415s
[t=16.5498s, 411231008 KB] Expanded 840671 state(s).
[t=16.5498s, 411231008 KB] Reopened 13403 state(s).
[t=16.5498s, 411231008 KB] Evaluated 840671 state(s).
[t=16.5498s, 411231008 KB] Evaluations: 1667939
[t=16.5499s, 411231008 KB] Generated 2390269 state(s).
[t=16.5499s, 411231008 KB] Dead ends: 0 state(s).
[t=16.5499s, 411231008 KB] Number of registered states: 827268
[t=16.5499s, 411231008 KB] Int hash set load factor: 827268/1048576 = 0.788944
[t=16.5499s, 411231008 KB] Int hash set resizes: 20
[t=16.5499s, 411231008 KB] Best solution cost so far: 21
[t=16.5499s, 411231008 KB] No solution found - keep searching
[t=16.5525s, 411190048 KB] Building successor generator...done!
[t=16.5525s, 411190048 KB] peak memory difference for successor generator creation: 0 KB
[t=16.5525s, 411190048 KB] time for successor generation creation: 2.91e-07s
[t=16.5525s, 411190048 KB] Variables: 35
[t=16.5525s, 411190048 KB] FactPairs: 84
[t=16.5525s, 411190048 KB] Bytes per state: 8
[t=16.5525s, 411190048 KB] Starting search: lazy_wastar([hff,hlm],preferred=[hff,hlm],w=1)
[t=16.5525s, 411190048 KB] Conducting lazy best first search, (real) bound = 21
[t=16.5526s, 411190048 KB] New best heuristic value for landmark_sum(lm_reasonable_orders_hps(lm_rhw()),pref=true): 13
[t=16.5526s, 411190048 KB] New best heuristic value for ff(): 11
[t=16.5526s, 411190048 KB] g=0, 1 evaluated, 0 expanded
[t=16.5526s, 411190048 KB] Initial heuristic value for landmark_sum(lm_reasonable_orders_hps(lm_rhw()),pref=true): 13
[t=16.5526s, 411190048 KB] Initial heuristic value for ff(): 11
[t=16.5526s, 411190048 KB] New best heuristic value for landmark_sum(lm_reasonable_orders_hps(lm_rhw()),pref=true): 11
[t=16.5526s, 411190048 KB] New best heuristic value for ff(): 10
[t=16.5526s, 411190048 KB] g=1, 3 evaluated, 2 expanded
[t=16.5526s, 411190048 KB] New best heuristic value for landmark_sum(lm_reasonable_orders_hps(lm_rhw()),pref=true): 9
[t=16.5526s, 411190048 KB] g=2, 6 evaluated, 5 expanded
[t=16.5527s, 411190048 KB] New best heuristic value for ff(): 9
[t=16.5527s, 411190048 KB] g=3, 9 evaluated, 8 expanded
[t=16.5531s, 411190048 KB] New best heuristic value for landmark_sum(lm_reasonable_orders_hps(lm_rhw()),pref=true): 8
[t=16.5531s, 411190048 KB] g=6, 69 evaluated, 68 expanded
[t=16.5531s, 411190048 KB] New best heuristic value for ff(): 8
[t=16.5531s, 411190048 KB] g=7, 76 evaluated, 75 expanded
[t=16.5534s, 411190048 KB] New best heuristic value for landmark_sum(lm_reasonable_orders_hps(lm_rhw()),pref=true): 7
[t=16.5534s, 411190048 KB] g=8, 115 evaluated, 114 expanded
[t=16.5534s, 411190048 KB] New best heuristic value for landmark_sum(lm_reasonable_orders_hps(lm_rhw()),pref=true): 6
[t=16.5534s, 411190048 KB] New best heuristic value for ff(): 7
[t=16.5534s, 411190048 KB] g=8, 116 evaluated, 115 expanded
[t=16.5534s, 411190048 KB] New best heuristic value for ff(): 6
[t=16.5534s, 411190048 KB] g=9, 117 evaluated, 116 expanded
[t=16.5554s, 411190048 KB] New best heuristic value for landmark_sum(lm_reasonable_orders_hps(lm_rhw()),pref=true): 5
[t=16.5554s, 411190048 KB] g=12, 422 evaluated, 421 expanded
[t=16.5555s, 411190048 KB] New best heuristic value for landmark_sum(lm_reasonable_orders_hps(lm_rhw()),pref=true): 4
[t=16.5555s, 411190048 KB] New best heuristic value for ff(): 5
[t=16.5555s, 411190048 KB] g=13, 430 evaluated, 429 expanded
[t=16.5555s, 411190048 KB] New best heuristic value for landmark_sum(lm_reasonable_orders_hps(lm_rhw()),pref=true): 3
[t=16.5555s, 411190048 KB] New best heuristic value for ff(): 4
[t=16.5555s, 411190048 KB] g=14, 431 evaluated, 430 expanded
[t=16.5564s, 411190048 KB] New best heuristic value for ff(): 3
[t=16.5564s, 411190048 KB] g=16, 570 evaluated, 569 expanded
[t=16.5624s, 411190048 KB] New best heuristic value for landmark_sum(lm_reasonable_orders_hps(lm_rhw()),pref=true): 2
[t=16.5624s, 411190048 KB] New best heuristic value for ff(): 2
[t=16.5624s, 411190048 KB] g=19, 1484 evaluated, 1483 expanded
[t=16.5625s, 411190048 KB] New best heuristic value for landmark_sum(lm_reasonable_orders_hps(lm_rhw()),pref=true): 1
[t=16.5625s, 411190048 KB] New best heuristic value for ff(): 1
[t=16.5625s, 411190048 KB] g=20, 1488 evaluated, 1487 expanded
[t=21.5844s, 411222816 KB] Completely explored state space -- no solution!
[t=21.5844s, 411222816 KB] Actual search time: 5.03188s
[t=21.5844s, 411222816 KB] Expanded 829451 state(s).
[t=21.5844s, 411222816 KB] Reopened 2183 state(s).
[t=21.5844s, 411222816 KB] Evaluated 829451 state(s).
[t=21.5845s, 411222816 KB] Evaluations: 1656719
[t=21.5845s, 411222816 KB] Generated 2345206 state(s).
[t=21.5845s, 411222816 KB] Dead ends: 0 state(s).
[t=21.5845s, 411222816 KB] Number of registered states: 827268
[t=21.5845s, 411222816 KB] Int hash set load factor: 827268/1048576 = 0.788944
[t=21.5845s, 411222816 KB] Int hash set resizes: 20
[t=21.5845s, 411222816 KB] Best solution cost so far: 21
[t=21.5845s, 411222816 KB] No solution found - keep searching
[t=21.5867s, 411190048 KB] Actual search time: 21.5821s
[t=21.5867s, 411190048 KB] Cumulative statistics:
[t=21.5867s, 411190048 KB] Expanded 3451742 state(s).
[t=21.5867s, 411190048 KB] Reopened 142613 state(s).
[t=21.5867s, 411190048 KB] Evaluated 3451743 state(s).
[t=21.5867s, 411190048 KB] Evaluations: 6760873
[t=21.5867s, 411190048 KB] Generated 9891736 state(s).
[t=21.5867s, 411190048 KB] Dead ends: 0 state(s).
[t=21.5867s, 411190048 KB] Search time: 21.5821s
[t=21.5867s, 411190048 KB] Total time: 21.5867s
Solution found.
Peak memory: 411190048 KB
Remove intermediate file output.sas
search exit code: 0

INFO     Planner time: 21.56s
