INFO     planner time limit: 60s
INFO     planner memory limit: None

INFO     Running translator.
INFO     translator stdin: None
INFO     translator time limit: 59s
INFO     translator memory limit: None
INFO     translator command line string: /opt/homebrew/opt/python@3.12/bin/python3.12 /Users/francesco/Desktop/planners/downward/builds/release/bin/translate/translate.py domain.pddl problem_1.pddl --sas-file output.sas
Parsing...
Parsing: [0.000s CPU, 0.001s wall-clock]
Normalizing task... [0.000s CPU, 0.000s wall-clock]
Instantiating...
Generating Datalog program... [0.000s CPU, 0.000s wall-clock]
Normalizing Datalog program...
Normalizing Datalog program: [0.000s CPU, 0.001s wall-clock]
Preparing model... [0.000s CPU, 0.000s wall-clock]
Generated 59 rules.
Computing model... [0.000s CPU, 0.001s wall-clock]
63 relevant atoms
69 auxiliary atoms
132 final queue length
145 total queue pushes
Completing instantiation... [0.000s CPU, 0.000s wall-clock]
Instantiating: [0.000s CPU, 0.002s wall-clock]
Computing fact groups...
Finding invariants...
22 initial candidates
Finding invariants: [0.000s CPU, 0.001s wall-clock]
Checking invariant weight... [0.000s CPU, 0.000s wall-clock]
Instantiating groups... [0.000s CPU, 0.000s wall-clock]
Collecting mutex groups... [0.000s CPU, 0.000s wall-clock]
Choosing groups...
9 uncovered facts
Choosing groups: [0.000s CPU, 0.000s wall-clock]
Building translation key... [0.000s CPU, 0.000s wall-clock]
Computing fact groups: [0.000s CPU, 0.001s wall-clock]
Building STRIPS to SAS dictionary... [0.000s CPU, 0.000s wall-clock]
Building dictionary for full mutex groups... [0.000s CPU, 0.000s wall-clock]
Building mutex information...
Building mutex information: [0.000s CPU, 0.000s wall-clock]
Translating task...
Processing axioms...
Simplifying axioms... [0.000s CPU, 0.000s wall-clock]
Translator axioms removed by simplifying: 0
Computing negative axioms... [0.000s CPU, 0.000s wall-clock]
Processing axioms: [0.000s CPU, 0.000s wall-clock]
Translating task: [0.000s CPU, 0.000s wall-clock]
19 effect conditions simplified
0 implied preconditions added
Detecting unreachable propositions...
0 operators removed
0 axioms removed
2 propositions removed
Detecting unreachable propositions: [0.000s CPU, 0.000s wall-clock]
Reordering and filtering variables...
11 of 11 variables necessary.
1 of 3 mutex groups necessary.
18 of 18 operators necessary.
0 of 0 axiom rules necessary.
Reordering and filtering variables: [0.000s CPU, 0.000s wall-clock]
Translator variables: 11
Translator derived variables: 0
Translator facts: 23
Translator goal facts: 1
Translator mutex groups: 1
Translator total mutex groups size: 3
Translator operators: 18
Translator axioms: 0
Translator task size: 175
warning: could not determine peak memory
Writing output... [0.000s CPU, 0.000s wall-clock]
Done! [0.000s CPU, 0.006s wall-clock]
translate exit code: 0

INFO     Running search (release).
INFO     search stdin: output.sas
INFO     search time limit: 59s
INFO     search memory limit: None
INFO     search command line string: /Users/francesco/Desktop/planners/downward/builds/release/bin/downward --search --if-unit-cost 'let(hlm,landmark_sum(lm_reasonable_orders_hps(lm_rhw()),pref=true),let(hff,ff(),iterated([lazy_greedy([hff,hlm],preferred=[hff,hlm]),lazy_wastar([hff,hlm],preferred=[hff,hlm],w=5),lazy_wastar([hff,hlm],preferred=[hff,hlm],w=3),lazy_wastar([hff,hlm],preferred=[hff,hlm],w=2),lazy_wastar([hff,hlm],preferred=[hff,hlm],w=1)],repeat_last=true,continue_on_fail=true)))' --if-non-unit-cost 'let(hlm1,landmark_sum(lm_reasonable_orders_hps(lm_rhw()),transform=adapt_costs(one),pref=true),let(hff1,ff(transform=adapt_costs(one)),let(hlm2,landmark_sum(lm_reasonable_orders_hps(lm_rhw()),transform=adapt_costs(plusone),pref=true),let(hff2,ff(transform=adapt_costs(plusone)),iterated([lazy_greedy([hff1,hlm1],preferred=[hff1,hlm1],cost_type=one,reopen_closed=false),lazy_greedy([hff2,hlm2],preferred=[hff2,hlm2],reopen_closed=false),lazy_wastar([hff2,hlm2],preferred=[hff2,hlm2],w=5),lazy_wastar([hff2,hlm2],preferred=[hff2,hlm2],w=3),lazy_wastar([hff2,hlm2],preferred=[hff2,hlm2],w=2),lazy_wastar([hff2,hlm2],preferred=[hff2,hlm2],w=1)],repeat_last=true,continue_on_fail=true)))))' --always --internal-plan-file plans/plan_lama_1 < output.sas
[t=0.000146791s, 410597152 KB] reading input...
[t=0.000515999s, 410597152 KB] done reading input!
[t=0.00171408s, 410597152 KB] Initializing landmark sum heuristic...
[t=0.0017205s, 410597152 KB] Generating landmark graph...
[t=0.00172675s, 410597152 KB] Building a landmark graph with reasonable orders.
[t=0.00173271s, 410597152 KB] Initializing Exploration...
[t=0.00174638s, 410597152 KB] Generating landmarks using the RPG/SAS+ approach
[t=0.00182083s, 410597152 KB] Landmarks generation time: 9.25e-05s
[t=0.00182562s, 410597152 KB] Discovered 13 landmarks, of which 0 are disjunctive and 0 are conjunctive.
[t=0.00183017s, 410597152 KB] 24 edges
[t=0.00183475s, 410597152 KB] approx. reasonable orders
[t=0.00188058s, 410597152 KB] Landmarks generation time: 0.000157667s
[t=0.00188412s, 410597152 KB] Discovered 13 landmarks, of which 0 are disjunctive and 0 are conjunctive.
[t=0.00188796s, 410597152 KB] 25 edges
[t=0.00189129s, 410597152 KB] Landmark graph generation time: 0.00017225s
[t=0.00189475s, 410597152 KB] Landmark graph contains 13 landmarks, of which 0 are disjunctive and 0 are conjunctive.
[t=0.0018985s, 410597152 KB] Landmark graph contains 25 orderings.
[t=0.00192554s, 410597152 KB] Simplifying 44 unary operators... done! [42 unary operators]
[t=0.00198279s, 410597152 KB] time to simplify: 5.875e-05s
[t=0.00199075s, 410597152 KB] Initializing additive heuristic...
[t=0.00199417s, 410597152 KB] Initializing FF heuristic...
[t=0.00204788s, 410597152 KB] Building successor generator...done!
[t=0.00206183s, 410597152 KB] peak memory difference for successor generator creation: 0 KB
[t=0.00206508s, 410597152 KB] time for successor generation creation: 6.208e-06s
[t=0.00206933s, 410597152 KB] Variables: 11
[t=0.00207258s, 410597152 KB] FactPairs: 23
[t=0.00207571s, 410597152 KB] Bytes per state: 4
[t=0.00211429s, 410597152 KB] Building successor generator...done!
[t=0.00212142s, 410597152 KB] peak memory difference for successor generator creation: 0 KB
[t=0.0021245s, 410597152 KB] time for successor generation creation: 8.3e-08s
[t=0.00212829s, 410597152 KB] Variables: 11
[t=0.0021315s, 410597152 KB] FactPairs: 23
[t=0.00213458s, 410597152 KB] Bytes per state: 4
[t=0.00214471s, 410597152 KB] Starting search: lazy_greedy([hff,hlm],preferred=[hff,hlm])
[t=0.00214854s, 410597152 KB] Conducting lazy best first search, (real) bound = 2147483647
[t=0.00216112s, 410597152 KB] New best heuristic value for landmark_sum(lm_reasonable_orders_hps(lm_rhw()),pref=true): 6
[t=0.00216521s, 410597152 KB] New best heuristic value for ff(): 5
[t=0.00216846s, 410597152 KB] g=0, 1 evaluated, 0 expanded
[t=0.00217496s, 410597152 KB] Initial heuristic value for landmark_sum(lm_reasonable_orders_hps(lm_rhw()),pref=true): 6
[t=0.00217833s, 410597152 KB] Initial heuristic value for ff(): 5
[t=0.00219108s, 410597152 KB] New best heuristic value for landmark_sum(lm_reasonable_orders_hps(lm_rhw()),pref=true): 4
[t=0.00219471s, 410597152 KB] New best heuristic value for ff(): 4
[t=0.00219792s, 410597152 KB] g=1, 3 evaluated, 2 expanded
[t=0.00221308s, 410597152 KB] New best heuristic value for landmark_sum(lm_reasonable_orders_hps(lm_rhw()),pref=true): 2
[t=0.00221658s, 410597152 KB] New best heuristic value for ff(): 2
[t=0.00221983s, 410597152 KB] g=2, 6 evaluated, 5 expanded
[t=0.00222821s, 410597152 KB] New best heuristic value for landmark_sum(lm_reasonable_orders_hps(lm_rhw()),pref=true): 1
[t=0.00223187s, 410597152 KB] New best heuristic value for ff(): 1
[t=0.00223513s, 410597152 KB] g=3, 7 evaluated, 6 expanded
[t=0.00224137s, 410597152 KB] Solution found!
[t=0.00224521s, 410597152 KB] Actual search time: 9.2584e-05s
pick_up_box rob1 box1 central_warehouse (1)
pick_up_content_at_cw rob1 box1 tool (1)
move rob1 central_warehouse loc1 (1)
put_down_content rob1 box1 tool loc1 wor1_1 (1)
[t=0.00237012s, 410597152 KB] Plan length: 4 step(s).
[t=0.00237487s, 410597152 KB] Plan cost: 4
[t=0.00238317s, 410597152 KB] Expanded 7 state(s).
[t=0.00238688s, 410597152 KB] Reopened 0 state(s).
[t=0.00239062s, 410597152 KB] Evaluated 8 state(s).
[t=0.00239417s, 410597152 KB] Evaluations: 16
[t=0.00239746s, 410597152 KB] Generated 19 state(s).
[t=0.00240087s, 410597152 KB] Dead ends: 0 state(s).
[t=0.00240433s, 410597152 KB] Number of registered states: 8
[t=0.00240767s, 410597152 KB] Int hash set load factor: 8/8 = 1
[t=0.00241142s, 410597152 KB] Int hash set resizes: 3
[t=0.00241475s, 410597152 KB] Best solution cost so far: 4
[t=0.00241808s, 410597152 KB] Solution found - keep searching
[t=0.00244104s, 410597152 KB] Building successor generator...done!
[t=0.00244813s, 410597152 KB] peak memory difference for successor generator creation: 0 KB
[t=0.00245158s, 410597152 KB] time for successor generation creation: 4.2e-08s
[t=0.00245525s, 410597152 KB] Variables: 11
[t=0.00245846s, 410597152 KB] FactPairs: 23
[t=0.00246167s, 410597152 KB] Bytes per state: 4
[t=0.0024685s, 410597152 KB] Starting search: lazy_wastar([hff,hlm],preferred=[hff,hlm],w=5)
[t=0.00247192s, 410597152 KB] Conducting lazy best first search, (real) bound = 4
[t=0.00248s, 410597152 KB] New best heuristic value for landmark_sum(lm_reasonable_orders_hps(lm_rhw()),pref=true): 6
[t=0.00248371s, 410597152 KB] New best heuristic value for ff(): 5
[t=0.00248692s, 410597152 KB] g=0, 1 evaluated, 0 expanded
[t=0.00249267s, 410597152 KB] Initial heuristic value for landmark_sum(lm_reasonable_orders_hps(lm_rhw()),pref=true): 6
[t=0.00249625s, 410597152 KB] Initial heuristic value for ff(): 5
[t=0.00250738s, 410597152 KB] New best heuristic value for landmark_sum(lm_reasonable_orders_hps(lm_rhw()),pref=true): 4
[t=0.00251112s, 410597152 KB] New best heuristic value for ff(): 4
[t=0.00251454s, 410597152 KB] g=1, 3 evaluated, 2 expanded
[t=0.00253129s, 410597152 KB] New best heuristic value for landmark_sum(lm_reasonable_orders_hps(lm_rhw()),pref=true): 2
[t=0.00253475s, 410597152 KB] New best heuristic value for ff(): 2
[t=0.00253804s, 410597152 KB] g=2, 6 evaluated, 5 expanded
[t=0.00254529s, 410597152 KB] New best heuristic value for landmark_sum(lm_reasonable_orders_hps(lm_rhw()),pref=true): 1
[t=0.00254875s, 410597152 KB] New best heuristic value for ff(): 1
[t=0.00255196s, 410597152 KB] g=3, 7 evaluated, 6 expanded
[t=0.00258267s, 410597152 KB] Completely explored state space -- no solution!
[t=0.00258621s, 410597152 KB] Actual search time: 0.000111416s
[t=0.00258971s, 410597152 KB] Expanded 14 state(s).
[t=0.00259288s, 410597152 KB] Reopened 0 state(s).
[t=0.00259621s, 410597152 KB] Evaluated 14 state(s).
[t=0.00259942s, 410597152 KB] Evaluations: 28
[t=0.00260254s, 410597152 KB] Generated 36 state(s).
[t=0.00260567s, 410597152 KB] Dead ends: 0 state(s).
[t=0.00260892s, 410597152 KB] Number of registered states: 14
[t=0.00261208s, 410597152 KB] Int hash set load factor: 14/16 = 0.875
[t=0.00261571s, 410597152 KB] Int hash set resizes: 4
[t=0.00261888s, 410597152 KB] Best solution cost so far: 4
[t=0.00262217s, 410597152 KB] No solution found - keep searching
[t=0.0026395s, 410597152 KB] Building successor generator...done!
[t=0.00264646s, 410597152 KB] peak memory difference for successor generator creation: 0 KB
[t=0.00264967s, 410597152 KB] time for successor generation creation: 4.2e-08s
[t=0.00265317s, 410597152 KB] Variables: 11
[t=0.00265629s, 410597152 KB] FactPairs: 23
[t=0.00265942s, 410597152 KB] Bytes per state: 4
[t=0.00266533s, 410597152 KB] Starting search: lazy_wastar([hff,hlm],preferred=[hff,hlm],w=3)
[t=0.00266879s, 410597152 KB] Conducting lazy best first search, (real) bound = 4
[t=0.00267525s, 410597152 KB] New best heuristic value for landmark_sum(lm_reasonable_orders_hps(lm_rhw()),pref=true): 6
[t=0.00267879s, 410597152 KB] New best heuristic value for ff(): 5
[t=0.00268204s, 410597152 KB] g=0, 1 evaluated, 0 expanded
[t=0.00268754s, 410597152 KB] Initial heuristic value for landmark_sum(lm_reasonable_orders_hps(lm_rhw()),pref=true): 6
[t=0.00269096s, 410597152 KB] Initial heuristic value for ff(): 5
[t=0.002705s, 410597152 KB] New best heuristic value for landmark_sum(lm_reasonable_orders_hps(lm_rhw()),pref=true): 4
[t=0.00270896s, 410597152 KB] New best heuristic value for ff(): 4
[t=0.00271246s, 410597152 KB] g=1, 3 evaluated, 2 expanded
[t=0.00272837s, 410597152 KB] New best heuristic value for landmark_sum(lm_reasonable_orders_hps(lm_rhw()),pref=true): 2
[t=0.00273204s, 410597152 KB] New best heuristic value for ff(): 2
[t=0.00273517s, 410597152 KB] g=2, 6 evaluated, 5 expanded
[t=0.00274221s, 410597152 KB] New best heuristic value for landmark_sum(lm_reasonable_orders_hps(lm_rhw()),pref=true): 1
[t=0.00274562s, 410597152 KB] New best heuristic value for ff(): 1
[t=0.00274879s, 410597152 KB] g=3, 7 evaluated, 6 expanded
[t=0.00277525s, 410597152 KB] Completely explored state space -- no solution!
[t=0.00277854s, 410597152 KB] Actual search time: 0.000107292s
[t=0.00278188s, 410597152 KB] Expanded 14 state(s).
[t=0.00278508s, 410597152 KB] Reopened 0 state(s).
[t=0.00278812s, 410597152 KB] Evaluated 14 state(s).
[t=0.00279129s, 410597152 KB] Evaluations: 28
[t=0.00279425s, 410597152 KB] Generated 36 state(s).
[t=0.00279733s, 410597152 KB] Dead ends: 0 state(s).
[t=0.00280033s, 410597152 KB] Number of registered states: 14
[t=0.00280337s, 410597152 KB] Int hash set load factor: 14/16 = 0.875
[t=0.00280696s, 410597152 KB] Int hash set resizes: 4
[t=0.00281s, 410597152 KB] Best solution cost so far: 4
[t=0.00281304s, 410597152 KB] No solution found - keep searching
[t=0.00282871s, 410597152 KB] Building successor generator...done!
[t=0.00283533s, 410597152 KB] peak memory difference for successor generator creation: 0 KB
[t=0.00283838s, 410597152 KB] time for successor generation creation: 4.1e-08s
[t=0.00284187s, 410597152 KB] Variables: 11
[t=0.002845s, 410597152 KB] FactPairs: 23
[t=0.00284804s, 410597152 KB] Bytes per state: 4
[t=0.00285362s, 410597152 KB] Starting search: lazy_wastar([hff,hlm],preferred=[hff,hlm],w=2)
[t=0.002857s, 410597152 KB] Conducting lazy best first search, (real) bound = 4
[t=0.00286292s, 410597152 KB] New best heuristic value for landmark_sum(lm_reasonable_orders_hps(lm_rhw()),pref=true): 6
[t=0.00286629s, 410597152 KB] New best heuristic value for ff(): 5
[t=0.0028695s, 410597152 KB] g=0, 1 evaluated, 0 expanded
[t=0.0028745s, 410597152 KB] Initial heuristic value for landmark_sum(lm_reasonable_orders_hps(lm_rhw()),pref=true): 6
[t=0.00287779s, 410597152 KB] Initial heuristic value for ff(): 5
[t=0.00288688s, 410597152 KB] New best heuristic value for landmark_sum(lm_reasonable_orders_hps(lm_rhw()),pref=true): 4
[t=0.0028905s, 410597152 KB] New best heuristic value for ff(): 4
[t=0.00289367s, 410597152 KB] g=1, 3 evaluated, 2 expanded
[t=0.00290875s, 410597152 KB] New best heuristic value for landmark_sum(lm_reasonable_orders_hps(lm_rhw()),pref=true): 2
[t=0.00291208s, 410597152 KB] New best heuristic value for ff(): 2
[t=0.00291517s, 410597152 KB] g=2, 6 evaluated, 5 expanded
[t=0.00292204s, 410597152 KB] New best heuristic value for landmark_sum(lm_reasonable_orders_hps(lm_rhw()),pref=true): 1
[t=0.00292542s, 410597152 KB] New best heuristic value for ff(): 1
[t=0.00292862s, 410597152 KB] g=3, 7 evaluated, 6 expanded
[t=0.00295421s, 410597152 KB] Completely explored state space -- no solution!
[t=0.0029575s, 410597152 KB] Actual search time: 9.825e-05s
[t=0.00296087s, 410597152 KB] Expanded 14 state(s).
[t=0.00296404s, 410597152 KB] Reopened 0 state(s).
[t=0.00296708s, 410597152 KB] Evaluated 14 state(s).
[t=0.00297017s, 410597152 KB] Evaluations: 28
[t=0.00297313s, 410597152 KB] Generated 36 state(s).
[t=0.00297642s, 410597152 KB] Dead ends: 0 state(s).
[t=0.0029795s, 410597152 KB] Number of registered states: 14
[t=0.00298254s, 410597152 KB] Int hash set load factor: 14/16 = 0.875
[t=0.00298592s, 410597152 KB] Int hash set resizes: 4
[t=0.002989s, 410597152 KB] Best solution cost so far: 4
[t=0.00299204s, 410597152 KB] No solution found - keep searching
[t=0.00300663s, 410597152 KB] Building successor generator...done!
[t=0.00301346s, 410597152 KB] peak memory difference for successor generator creation: 0 KB
[t=0.00302096s, 410597152 KB] time for successor generation creation: 4.2e-08s
[t=0.00302462s, 410597152 KB] Variables: 11
[t=0.00302779s, 410597152 KB] FactPairs: 23
[t=0.00303079s, 410597152 KB] Bytes per state: 4
[t=0.00303617s, 410597152 KB] Starting search: lazy_wastar([hff,hlm],preferred=[hff,hlm],w=1)
[t=0.00303946s, 410597152 KB] Conducting lazy best first search, (real) bound = 4
[t=0.00304517s, 410597152 KB] New best heuristic value for landmark_sum(lm_reasonable_orders_hps(lm_rhw()),pref=true): 6
[t=0.00304858s, 410597152 KB] New best heuristic value for ff(): 5
[t=0.00305171s, 410597152 KB] g=0, 1 evaluated, 0 expanded
[t=0.00305662s, 410597152 KB] Initial heuristic value for landmark_sum(lm_reasonable_orders_hps(lm_rhw()),pref=true): 6
[t=0.00306008s, 410597152 KB] Initial heuristic value for ff(): 5
[t=0.00306904s, 410597152 KB] New best heuristic value for landmark_sum(lm_reasonable_orders_hps(lm_rhw()),pref=true): 4
[t=0.00307246s, 410597152 KB] New best heuristic value for ff(): 4
[t=0.00307567s, 410597152 KB] g=1, 3 evaluated, 2 expanded
[t=0.00308988s, 410597152 KB] New best heuristic value for landmark_sum(lm_reasonable_orders_hps(lm_rhw()),pref=true): 2
[t=0.00309338s, 410597152 KB] New best heuristic value for ff(): 2
[t=0.00309671s, 410597152 KB] g=2, 6 evaluated, 5 expanded
[t=0.00310342s, 410597152 KB] New best heuristic value for landmark_sum(lm_reasonable_orders_hps(lm_rhw()),pref=true): 1
[t=0.00310679s, 410597152 KB] New best heuristic value for ff(): 1
[t=0.00310992s, 410597152 KB] g=3, 7 evaluated, 6 expanded
[t=0.00313392s, 410597152 KB] Completely explored state space -- no solution!
[t=0.00313721s, 410597152 KB] Actual search time: 9.5417e-05s
[t=0.0031405s, 410597152 KB] Expanded 14 state(s).
[t=0.00314358s, 410597152 KB] Reopened 0 state(s).
[t=0.00314667s, 410597152 KB] Evaluated 14 state(s).
[t=0.00314983s, 410597152 KB] Evaluations: 28
[t=0.00315283s, 410597152 KB] Generated 36 state(s).
[t=0.00315587s, 410597152 KB] Dead ends: 0 state(s).
[t=0.00315904s, 410597152 KB] Number of registered states: 14
[t=0.00316204s, 410597152 KB] Int hash set load factor: 14/16 = 0.875
[t=0.0031655s, 410597152 KB] Int hash set resizes: 4
[t=0.00316858s, 410597152 KB] Best solution cost so far: 4
[t=0.00317162s, 410597152 KB] No solution found - keep searching
[t=0.00317629s, 410597152 KB] Actual search time: 0.00107842s
[t=0.00317958s, 410597152 KB] Cumulative statistics:
[t=0.00317958s, 410597152 KB] Expanded 63 state(s).
[t=0.00317958s, 410597152 KB] Reopened 0 state(s).
[t=0.00317958s, 410597152 KB] Evaluated 64 state(s).
[t=0.00317958s, 410597152 KB] Evaluations: 128
[t=0.00317958s, 410597152 KB] Generated 163 state(s).
[t=0.00317958s, 410597152 KB] Dead ends: 0 state(s).
[t=0.00317958s, 410597152 KB] Search time: 0.00108038s
[t=0.00317958s, 410597152 KB] Total time: 0.00317958s
Solution found.
Peak memory: 410597152 KB
Remove intermediate file output.sas
search exit code: 0

INFO     Planner time: 0.05s
