INFO     planner time limit: 60s
INFO     planner memory limit: None

INFO     Running translator.
INFO     translator stdin: None
INFO     translator time limit: 59s
INFO     translator memory limit: None
INFO     translator command line string: /opt/homebrew/opt/python@3.12/bin/python3.12 /Users/francesco/Desktop/planners/downward/builds/release/bin/translate/translate.py domain.pddl problem_3.pddl --sas-file output.sas
Parsing...
Parsing: [0.000s CPU, 0.001s wall-clock]
Normalizing task... [0.000s CPU, 0.000s wall-clock]
Instantiating...
Generating Datalog program... [0.000s CPU, 0.000s wall-clock]
Normalizing Datalog program...
Normalizing Datalog program: [0.000s CPU, 0.001s wall-clock]
Preparing model... [0.000s CPU, 0.001s wall-clock]
Generated 59 rules.
Computing model... [0.000s CPU, 0.003s wall-clock]
855 relevant atoms
671 auxiliary atoms
1526 final queue length
2131 total queue pushes
Completing instantiation... [0.000s CPU, 0.005s wall-clock]
Instantiating: [0.010s CPU, 0.010s wall-clock]
Computing fact groups...
Finding invariants...
22 initial candidates
Finding invariants: [0.000s CPU, 0.001s wall-clock]
Checking invariant weight... [0.000s CPU, 0.000s wall-clock]
Instantiating groups... [0.000s CPU, 0.000s wall-clock]
Collecting mutex groups... [0.000s CPU, 0.000s wall-clock]
Choosing groups...
113 uncovered facts
Choosing groups: [0.000s CPU, 0.000s wall-clock]
Building translation key... [0.000s CPU, 0.000s wall-clock]
Computing fact groups: [0.000s CPU, 0.002s wall-clock]
Building STRIPS to SAS dictionary... [0.000s CPU, 0.000s wall-clock]
Building dictionary for full mutex groups... [0.000s CPU, 0.000s wall-clock]
Building mutex information...
Building mutex information: [0.000s CPU, 0.000s wall-clock]
Translating task...
Processing axioms...
Simplifying axioms... [0.000s CPU, 0.000s wall-clock]
Translator axioms removed by simplifying: 0
Computing negative axioms... [0.000s CPU, 0.000s wall-clock]
Processing axioms: [0.000s CPU, 0.001s wall-clock]
Translating task: [0.010s CPU, 0.008s wall-clock]
668 effect conditions simplified
0 implied preconditions added
Detecting unreachable propositions...
0 operators removed
0 axioms removed
3 propositions removed
Detecting unreachable propositions: [0.000s CPU, 0.004s wall-clock]
Reordering and filtering variables...
116 of 116 variables necessary.
2 of 5 mutex groups necessary.
508 of 508 operators necessary.
0 of 0 axiom rules necessary.
Reordering and filtering variables: [0.010s CPU, 0.003s wall-clock]
Translator variables: 116
Translator derived variables: 0
Translator facts: 279
Translator goal facts: 16
Translator mutex groups: 2
Translator total mutex groups size: 36
Translator operators: 508
Translator axioms: 0
Translator task size: 4723
warning: could not determine peak memory
Writing output... [0.000s CPU, 0.003s wall-clock]
Done! [0.030s CPU, 0.031s wall-clock]
translate exit code: 0

INFO     Running search (release).
INFO     search stdin: output.sas
INFO     search time limit: 59s
INFO     search memory limit: None
INFO     search command line string: /Users/francesco/Desktop/planners/downward/builds/release/bin/downward --evaluator 'cg=cg()' --search 'lazy_greedy([cg], preferred=[cg])' --internal-plan-file plans/plan_lazy_greddy_cg_3 < output.sas
[t=0.000146292s, 410597152 KB] reading input...
[t=0.00861208s, 410728224 KB] done reading input!
[t=0.009196s, 410728224 KB] Initializing causal graph heuristic...
[t=0.00920413s, 410728224 KB] Initializing heuristic cache... building causal graph...done! [t=0.000355833s]
[t=0.016679s, 410728224 KB] done!
[t=0.0179571s, 410728224 KB] Building successor generator...done!
[t=0.0181103s, 410728224 KB] peak memory difference for successor generator creation: 0 KB
[t=0.0181151s, 410728224 KB] time for successor generation creation: 0.0001395s
[t=0.0181217s, 410728224 KB] Variables: 116
[t=0.0181265s, 410728224 KB] FactPairs: 279
[t=0.018131s, 410728224 KB] Bytes per state: 16
[t=0.0181496s, 410728224 KB] Conducting lazy best first search, (real) bound = 2147483647
[t=0.0181923s, 410728224 KB] New best heuristic value for cg(): 172
[t=0.0182149s, 410728224 KB] g=0, 1 evaluated, 0 expanded
[t=0.0182225s, 410728224 KB] Initial heuristic value for cg(): 172
[t=0.0182749s, 410728224 KB] New best heuristic value for cg(): 76
[t=0.0182789s, 410728224 KB] g=1, 3 evaluated, 2 expanded
[t=0.0182935s, 410728224 KB] New best heuristic value for cg(): 60
[t=0.0182973s, 410728224 KB] g=2, 4 evaluated, 3 expanded
[t=0.0183334s, 410728224 KB] New best heuristic value for cg(): 57
[t=0.0183372s, 410728224 KB] g=2, 9 evaluated, 8 expanded
[t=0.0209015s, 410728224 KB] New best heuristic value for cg(): 56
[t=0.0209063s, 410728224 KB] g=6, 272 evaluated, 271 expanded
[t=0.0209403s, 410728224 KB] New best heuristic value for cg(): 55
[t=0.0209442s, 410728224 KB] g=6, 277 evaluated, 276 expanded
[t=0.030668s, 410728224 KB] New best heuristic value for cg(): 54
[t=0.0306723s, 410728224 KB] g=10, 1457 evaluated, 1456 expanded
[t=0.0306892s, 410728224 KB] New best heuristic value for cg(): 53
[t=0.0306929s, 410728224 KB] g=10, 1459 evaluated, 1458 expanded
[t=0.0307139s, 410728224 KB] New best heuristic value for cg(): 52
[t=0.0307175s, 410728224 KB] g=10, 1462 evaluated, 1461 expanded
[t=0.0914945s, 410728224 KB] New best heuristic value for cg(): 51
[t=0.0915001s, 410728224 KB] g=14, 9010 evaluated, 9009 expanded
[t=0.091528s, 410728224 KB] New best heuristic value for cg(): 50
[t=0.0915318s, 410728224 KB] g=14, 9014 evaluated, 9013 expanded
[t=0.0915408s, 410728224 KB] New best heuristic value for cg(): 49
[t=0.0915444s, 410728224 KB] g=14, 9015 evaluated, 9014 expanded
[t=0.285548s, 410728224 KB] New best heuristic value for cg(): 48
[t=0.285555s, 410728224 KB] g=18, 33956 evaluated, 33955 expanded
[t=0.285587s, 410728224 KB] New best heuristic value for cg(): 46
[t=0.285592s, 410728224 KB] g=18, 33961 evaluated, 33960 expanded
Peak memory: 411725632 KB
caught signal 24 -- exiting
Time limit has been reached.
Remove intermediate file output.sas
search exit code: 23

Driver aborting after search
INFO     Planner time: 59.12s
