INFO     planner time limit: 60s
INFO     planner memory limit: None

INFO     Running translator.
INFO     translator stdin: None
INFO     translator time limit: 59s
INFO     translator memory limit: None
INFO     translator command line string: /opt/homebrew/opt/python@3.12/bin/python3.12 /Users/francesco/Desktop/planners/downward/builds/release/bin/translate/translate.py domain.pddl problem_4.pddl --sas-file output.sas
Parsing...
Parsing: [0.000s CPU, 0.001s wall-clock]
Normalizing task... [0.000s CPU, 0.000s wall-clock]
Instantiating...
Generating Datalog program... [0.000s CPU, 0.000s wall-clock]
Normalizing Datalog program...
Normalizing Datalog program: [0.000s CPU, 0.001s wall-clock]
Preparing model... [0.000s CPU, 0.001s wall-clock]
Generated 59 rules.
Computing model... [0.010s CPU, 0.005s wall-clock]
1386 relevant atoms
892 auxiliary atoms
2278 final queue length
3632 total queue pushes
Completing instantiation... [0.010s CPU, 0.010s wall-clock]
Instantiating: [0.020s CPU, 0.017s wall-clock]
Computing fact groups...
Finding invariants...
22 initial candidates
Finding invariants: [0.000s CPU, 0.001s wall-clock]
Checking invariant weight... [0.000s CPU, 0.000s wall-clock]
Instantiating groups... [0.000s CPU, 0.000s wall-clock]
Collecting mutex groups... [0.000s CPU, 0.000s wall-clock]
Choosing groups...
114 uncovered facts
Choosing groups: [0.000s CPU, 0.000s wall-clock]
Building translation key... [0.000s CPU, 0.000s wall-clock]
Computing fact groups: [0.000s CPU, 0.002s wall-clock]
Building STRIPS to SAS dictionary... [0.000s CPU, 0.000s wall-clock]
Building dictionary for full mutex groups... [0.000s CPU, 0.000s wall-clock]
Building mutex information...
Building mutex information: [0.000s CPU, 0.000s wall-clock]
Translating task...
Processing axioms...
Simplifying axioms... [0.000s CPU, 0.000s wall-clock]
Translator axioms removed by simplifying: 0
Computing negative axioms... [0.000s CPU, 0.000s wall-clock]
Processing axioms: [0.000s CPU, 0.001s wall-clock]
Translating task: [0.010s CPU, 0.017s wall-clock]
1336 effect conditions simplified
0 implied preconditions added
Detecting unreachable propositions...
0 operators removed
0 axioms removed
4 propositions removed
Detecting unreachable propositions: [0.010s CPU, 0.007s wall-clock]
Reordering and filtering variables...
118 of 118 variables necessary.
2 of 6 mutex groups necessary.
1016 of 1016 operators necessary.
0 of 0 axiom rules necessary.
Reordering and filtering variables: [0.010s CPU, 0.004s wall-clock]
Translator variables: 118
Translator derived variables: 0
Translator facts: 300
Translator goal facts: 16
Translator mutex groups: 2
Translator total mutex groups size: 36
Translator operators: 1016
Translator axioms: 0
Translator task size: 9022
warning: could not determine peak memory
Writing output... [0.000s CPU, 0.005s wall-clock]
Done! [0.050s CPU, 0.054s wall-clock]
translate exit code: 0

INFO     Running search (release).
INFO     search stdin: output.sas
INFO     search time limit: 59s
INFO     search memory limit: None
INFO     search command line string: /Users/francesco/Desktop/planners/downward/builds/release/bin/downward --evaluator 'blind=blind()' --search 'lazy_greedy([blind], preferred=[blind])' --internal-plan-file plans/plan_lazy_greddy_blind_4 < output.sas
[t=0.000147541s, 410597152 KB] reading input...
[t=0.0162336s, 410728224 KB] done reading input!
[t=0.0168135s, 410728224 KB] Initializing blind search heuristic...
[t=0.0168429s, 410728224 KB] Building successor generator...done!
[t=0.0171294s, 410728224 KB] peak memory difference for successor generator creation: 0 KB
[t=0.0171344s, 410728224 KB] time for successor generation creation: 0.000275291s
[t=0.0171416s, 410728224 KB] Variables: 118
[t=0.0171465s, 410728224 KB] FactPairs: 300
[t=0.017151s, 410728224 KB] Bytes per state: 20
[t=0.017168s, 410728224 KB] Conducting lazy best first search, (real) bound = 2147483647
[t=0.017177s, 410728224 KB] New best heuristic value for blind(): 1
[t=0.017182s, 410728224 KB] g=0, 1 evaluated, 0 expanded
[t=0.0171903s, 410728224 KB] Initial heuristic value for blind(): 1
Peak memory: 413430624 KB
caught signal 24 -- exiting
Time limit has been reached.
Remove intermediate file output.sas
search exit code: 23

Driver aborting after search
INFO     Planner time: 49.78s
