INFO     planner time limit: 60s
INFO     planner memory limit: None

INFO     Running translator.
INFO     translator stdin: None
INFO     translator time limit: 59s
INFO     translator memory limit: None
INFO     translator command line string: /opt/homebrew/opt/python@3.12/bin/python3.12 /Users/francesco/Desktop/planners/downward/builds/release/bin/translate/translate.py domain.pddl problem_2.pddl --sas-file output.sas
Parsing...
Parsing: [0.000s CPU, 0.001s wall-clock]
Normalizing task... [0.000s CPU, 0.000s wall-clock]
Instantiating...
Generating Datalog program... [0.000s CPU, 0.000s wall-clock]
Normalizing Datalog program...
Normalizing Datalog program: [0.000s CPU, 0.001s wall-clock]
Preparing model... [0.000s CPU, 0.000s wall-clock]
Generated 59 rules.
Computing model... [0.000s CPU, 0.001s wall-clock]
260 relevant atoms
225 auxiliary atoms
485 final queue length
632 total queue pushes
Completing instantiation... [0.000s CPU, 0.001s wall-clock]
Instantiating: [0.000s CPU, 0.004s wall-clock]
Computing fact groups...
Finding invariants...
22 initial candidates
Finding invariants: [0.000s CPU, 0.001s wall-clock]
Checking invariant weight... [0.000s CPU, 0.000s wall-clock]
Instantiating groups... [0.000s CPU, 0.000s wall-clock]
Collecting mutex groups... [0.000s CPU, 0.000s wall-clock]
Choosing groups...
32 uncovered facts
Choosing groups: [0.000s CPU, 0.000s wall-clock]
Building translation key... [0.000s CPU, 0.000s wall-clock]
Computing fact groups: [0.000s CPU, 0.001s wall-clock]
Building STRIPS to SAS dictionary... [0.000s CPU, 0.000s wall-clock]
Building dictionary for full mutex groups... [0.000s CPU, 0.000s wall-clock]
Building mutex information...
Building mutex information: [0.000s CPU, 0.000s wall-clock]
Translating task...
Processing axioms...
Simplifying axioms... [0.000s CPU, 0.000s wall-clock]
Translator axioms removed by simplifying: 0
Computing negative axioms... [0.000s CPU, 0.000s wall-clock]
Processing axioms: [0.010s CPU, 0.000s wall-clock]
Translating task: [0.010s CPU, 0.002s wall-clock]
162 effect conditions simplified
0 implied preconditions added
Detecting unreachable propositions...
0 operators removed
0 axioms removed
3 propositions removed
Detecting unreachable propositions: [0.000s CPU, 0.001s wall-clock]
Reordering and filtering variables...
35 of 35 variables necessary.
2 of 5 mutex groups necessary.
130 of 130 operators necessary.
0 of 0 axiom rules necessary.
Reordering and filtering variables: [0.000s CPU, 0.001s wall-clock]
Translator variables: 35
Translator derived variables: 0
Translator facts: 84
Translator goal facts: 4
Translator mutex groups: 2
Translator total mutex groups size: 14
Translator operators: 130
Translator axioms: 0
Translator task size: 1205
warning: could not determine peak memory
Writing output... [0.000s CPU, 0.001s wall-clock]
Done! [0.010s CPU, 0.011s wall-clock]
translate exit code: 0

INFO     Running search (release).
INFO     search stdin: output.sas
INFO     search time limit: 59s
INFO     search memory limit: None
INFO     search command line string: /Users/francesco/Desktop/planners/downward/builds/release/bin/downward --evaluator 'ff=ff()' --evaluator 'lmcut=lmcut()' --search 'lazy_greedy([ff, lmcut], preferred=[ff, lmcut])' --internal-plan-file plans/plan_lazy_greddy_ff+lmcut_2 < output.sas
[t=0.000147417s, 410597152 KB] reading input...
[t=0.0023165s, 410597152 KB] done reading input!
[t=0.0029715s, 410597152 KB] Simplifying 358 unary operators... done! [330 unary operators]
[t=0.00338142s, 410597152 KB] time to simplify: 0.000412166s
[t=0.00340246s, 410597152 KB] Initializing additive heuristic...
[t=0.00340754s, 410597152 KB] Initializing FF heuristic...
[t=0.00346008s, 410597152 KB] Initializing landmark cut heuristic...
[t=0.00348487s, 410597152 KB] Building successor generator...done!
[t=0.0035345s, 410597152 KB] peak memory difference for successor generator creation: 0 KB
[t=0.00353896s, 410597152 KB] time for successor generation creation: 3.9375e-05s
[t=0.00354467s, 410597152 KB] Variables: 35
[t=0.00354912s, 410597152 KB] FactPairs: 84
[t=0.00356887s, 410597152 KB] Bytes per state: 8
[t=0.00358817s, 410597152 KB] Conducting lazy best first search, (real) bound = 2147483647
[t=0.00362963s, 410597152 KB] New best heuristic value for lmcut(): 9
[t=0.00363387s, 410597152 KB] New best heuristic value for ff(): 11
[t=0.00363746s, 410597152 KB] g=0, 1 evaluated, 0 expanded
[t=0.003646s, 410597152 KB] Initial heuristic value for lmcut(): 9
[t=0.00364996s, 410597152 KB] Initial heuristic value for ff(): 11
[t=0.00370333s, 410597152 KB] New best heuristic value for lmcut(): 7
[t=0.00370717s, 410597152 KB] New best heuristic value for ff(): 10
[t=0.0037105s, 410597152 KB] g=1, 3 evaluated, 2 expanded
[t=0.00392113s, 410597152 KB] New best heuristic value for lmcut(): 6
[t=0.0039255s, 410597152 KB] New best heuristic value for ff(): 9
[t=0.00392888s, 410597152 KB] g=3, 13 evaluated, 12 expanded
[t=0.00425183s, 410597152 KB] New best heuristic value for lmcut(): 5
[t=0.00425688s, 410597152 KB] g=7, 30 evaluated, 29 expanded
[t=0.00431871s, 410597152 KB] New best heuristic value for ff(): 8
[t=0.00432258s, 410597152 KB] g=8, 33 evaluated, 32 expanded
[t=0.00437596s, 410597152 KB] New best heuristic value for ff(): 7
[t=0.00437967s, 410597152 KB] g=11, 36 evaluated, 35 expanded
[t=0.00464633s, 410597152 KB] New best heuristic value for ff(): 6
[t=0.00465029s, 410597152 KB] g=14, 51 evaluated, 50 expanded
[t=0.00468567s, 410597152 KB] New best heuristic value for lmcut(): 4
[t=0.00468946s, 410597152 KB] New best heuristic value for ff(): 5
[t=0.00469271s, 410597152 KB] g=16, 53 evaluated, 52 expanded
[t=0.00471675s, 410597152 KB] New best heuristic value for ff(): 4
[t=0.00472033s, 410597152 KB] g=17, 54 evaluated, 53 expanded
[t=0.00475075s, 410597152 KB] New best heuristic value for lmcut(): 3
[t=0.0047545s, 410597152 KB] New best heuristic value for ff(): 3
[t=0.00475771s, 410597152 KB] g=18, 56 evaluated, 55 expanded
[t=0.0047725s, 410597152 KB] New best heuristic value for lmcut(): 2
[t=0.00477621s, 410597152 KB] New best heuristic value for ff(): 2
[t=0.00477946s, 410597152 KB] g=19, 57 evaluated, 56 expanded
[t=0.00479083s, 410597152 KB] New best heuristic value for lmcut(): 1
[t=0.00479442s, 410597152 KB] New best heuristic value for ff(): 1
[t=0.00479758s, 410597152 KB] g=20, 58 evaluated, 57 expanded
[t=0.00480687s, 410597152 KB] Solution found!
[t=0.0048115s, 410597152 KB] Actual search time: 0.00121996s
pick_up_box rob1 box1 central_warehouse (1)
pick_up_content_at_cw rob1 box1 tool (1)
move rob1 central_warehouse loc1 (1)
put_down_content rob1 box1 tool loc1 wor1_1 (1)
move rob1 loc1 central_warehouse (1)
pick_up_content_at_cw rob1 box1 tool (1)
move rob1 central_warehouse loc1 (1)
move rob1 loc1 loc5 (1)
put_down_content rob1 box1 tool loc5 wor5_1 (1)
move rob1 loc5 loc1 (1)
move rob1 loc1 central_warehouse (1)
pick_up_content_at_cw rob1 box1 valve (1)
move rob1 central_warehouse loc1 (1)
move rob1 loc1 loc5 (1)
put_down_content rob1 box1 valve loc5 wor5_1 (1)
move rob1 loc5 loc1 (1)
move rob1 loc1 central_warehouse (1)
pick_up_content_at_cw rob1 box1 bolt (1)
move rob1 central_warehouse loc1 (1)
move rob1 loc1 loc2 (1)
put_down_content rob1 box1 bolt loc2 wor2_2 (1)
[t=0.00481504s, 410597152 KB] Plan length: 21 step(s).
[t=0.00481504s, 410597152 KB] Plan cost: 21
[t=0.00481504s, 410597152 KB] Expanded 58 state(s).
[t=0.00481504s, 410597152 KB] Reopened 0 state(s).
[t=0.00481504s, 410597152 KB] Evaluated 59 state(s).
[t=0.00481504s, 410597152 KB] Evaluations: 118
[t=0.00481504s, 410597152 KB] Generated 261 state(s).
[t=0.00481504s, 410597152 KB] Dead ends: 0 state(s).
[t=0.00481504s, 410597152 KB] Number of registered states: 59
[t=0.00481504s, 410597152 KB] Int hash set load factor: 59/64 = 0.921875
[t=0.00481504s, 410597152 KB] Int hash set resizes: 6
[t=0.00481504s, 410597152 KB] Search time: 0.00122713s
[t=0.00481504s, 410597152 KB] Total time: 0.00481504s
Solution found.
Peak memory: 410597152 KB
Remove intermediate file output.sas
search exit code: 0

INFO     Planner time: 0.06s
