INFO     planner time limit: 60s
INFO     planner memory limit: None

INFO     Running translator.
INFO     translator stdin: None
INFO     translator time limit: 59s
INFO     translator memory limit: None
INFO     translator command line string: /opt/homebrew/opt/python@3.12/bin/python3.12 /Users/francesco/Desktop/planners/downward/builds/release/bin/translate/translate.py domain.pddl problem_2.pddl --sas-file output.sas
Parsing...
Parsing: [0.000s CPU, 0.001s wall-clock]
Normalizing task... [0.000s CPU, 0.000s wall-clock]
Instantiating...
Generating Datalog program... [0.000s CPU, 0.000s wall-clock]
Normalizing Datalog program...
Normalizing Datalog program: [0.000s CPU, 0.001s wall-clock]
Preparing model... [0.000s CPU, 0.000s wall-clock]
Generated 59 rules.
Computing model... [0.000s CPU, 0.001s wall-clock]
260 relevant atoms
225 auxiliary atoms
485 final queue length
632 total queue pushes
Completing instantiation... [0.000s CPU, 0.001s wall-clock]
Instantiating: [0.000s CPU, 0.004s wall-clock]
Computing fact groups...
Finding invariants...
22 initial candidates
Finding invariants: [0.000s CPU, 0.001s wall-clock]
Checking invariant weight... [0.000s CPU, 0.000s wall-clock]
Instantiating groups... [0.000s CPU, 0.000s wall-clock]
Collecting mutex groups... [0.000s CPU, 0.000s wall-clock]
Choosing groups...
32 uncovered facts
Choosing groups: [0.000s CPU, 0.000s wall-clock]
Building translation key... [0.000s CPU, 0.000s wall-clock]
Computing fact groups: [0.000s CPU, 0.001s wall-clock]
Building STRIPS to SAS dictionary... [0.000s CPU, 0.000s wall-clock]
Building dictionary for full mutex groups... [0.000s CPU, 0.000s wall-clock]
Building mutex information...
Building mutex information: [0.000s CPU, 0.000s wall-clock]
Translating task...
Processing axioms...
Simplifying axioms... [0.000s CPU, 0.000s wall-clock]
Translator axioms removed by simplifying: 0
Computing negative axioms... [0.000s CPU, 0.000s wall-clock]
Processing axioms: [0.010s CPU, 0.000s wall-clock]
Translating task: [0.010s CPU, 0.002s wall-clock]
162 effect conditions simplified
0 implied preconditions added
Detecting unreachable propositions...
0 operators removed
0 axioms removed
3 propositions removed
Detecting unreachable propositions: [0.000s CPU, 0.001s wall-clock]
Reordering and filtering variables...
35 of 35 variables necessary.
2 of 5 mutex groups necessary.
130 of 130 operators necessary.
0 of 0 axiom rules necessary.
Reordering and filtering variables: [0.000s CPU, 0.001s wall-clock]
Translator variables: 35
Translator derived variables: 0
Translator facts: 84
Translator goal facts: 4
Translator mutex groups: 2
Translator total mutex groups size: 14
Translator operators: 130
Translator axioms: 0
Translator task size: 1205
warning: could not determine peak memory
Writing output... [0.000s CPU, 0.001s wall-clock]
Done! [0.010s CPU, 0.011s wall-clock]
translate exit code: 0

INFO     Running search (release).
INFO     search stdin: output.sas
INFO     search time limit: 59s
INFO     search memory limit: None
INFO     search command line string: /Users/francesco/Desktop/planners/downward/builds/release/bin/downward --evaluator 'ff=ff()' --search 'lazy_greedy([ff], preferred=[ff])' --internal-plan-file plans/plan_lazy_greddy_ff_2 < output.sas
[t=0.000149542s, 410597152 KB] reading input...
[t=0.00231429s, 410597152 KB] done reading input!
[t=0.00290662s, 410597152 KB] Simplifying 358 unary operators... done! [330 unary operators]
[t=0.00331658s, 410597152 KB] time to simplify: 0.000412208s
[t=0.00333779s, 410597152 KB] Initializing additive heuristic...
[t=0.003343s, 410597152 KB] Initializing FF heuristic...
[t=0.00336629s, 410597152 KB] Building successor generator...done!
[t=0.00341583s, 410597152 KB] peak memory difference for successor generator creation: 0 KB
[t=0.00342029s, 410597152 KB] time for successor generation creation: 3.9583e-05s
[t=0.003426s, 410597152 KB] Variables: 35
[t=0.00343046s, 410597152 KB] FactPairs: 84
[t=0.00343483s, 410597152 KB] Bytes per state: 8
[t=0.00345125s, 410597152 KB] Conducting lazy best first search, (real) bound = 2147483647
[t=0.00348412s, 410597152 KB] New best heuristic value for ff(): 11
[t=0.00348875s, 410597152 KB] g=0, 1 evaluated, 0 expanded
[t=0.00349575s, 410597152 KB] Initial heuristic value for ff(): 11
[t=0.00351317s, 410597152 KB] New best heuristic value for ff(): 10
[t=0.00351692s, 410597152 KB] g=1, 3 evaluated, 2 expanded
[t=0.00355979s, 410597152 KB] New best heuristic value for ff(): 9
[t=0.00356346s, 410597152 KB] g=3, 11 evaluated, 10 expanded
[t=0.00367671s, 410597152 KB] New best heuristic value for ff(): 8
[t=0.00368017s, 410597152 KB] g=8, 35 evaluated, 34 expanded
[t=0.00369808s, 410597152 KB] New best heuristic value for ff(): 7
[t=0.00370158s, 410597152 KB] g=11, 38 evaluated, 37 expanded
[t=0.00374529s, 410597152 KB] New best heuristic value for ff(): 6
[t=0.00374883s, 410597152 KB] g=14, 47 evaluated, 46 expanded
[t=0.00376392s, 410597152 KB] New best heuristic value for ff(): 5
[t=0.00376771s, 410597152 KB] g=16, 49 evaluated, 48 expanded
[t=0.00377621s, 410597152 KB] New best heuristic value for ff(): 4
[t=0.00377967s, 410597152 KB] g=17, 50 evaluated, 49 expanded
[t=0.00378904s, 410597152 KB] New best heuristic value for ff(): 3
[t=0.00379254s, 410597152 KB] g=18, 51 evaluated, 50 expanded
[t=0.00379954s, 410597152 KB] New best heuristic value for ff(): 2
[t=0.00380292s, 410597152 KB] g=19, 52 evaluated, 51 expanded
[t=0.00380958s, 410597152 KB] New best heuristic value for ff(): 1
[t=0.00381292s, 410597152 KB] g=20, 53 evaluated, 52 expanded
[t=0.00381992s, 410597152 KB] Solution found!
[t=0.00382412s, 410597152 KB] Actual search time: 0.000351875s
pick_up_box rob1 box1 central_warehouse (1)
pick_up_content_at_cw rob1 box1 tool (1)
move rob1 central_warehouse loc1 (1)
put_down_content rob1 box1 tool loc1 wor1_1 (1)
move rob1 loc1 central_warehouse (1)
pick_up_content_at_cw rob1 box1 tool (1)
move rob1 central_warehouse loc1 (1)
move rob1 loc1 loc5 (1)
put_down_content rob1 box1 tool loc5 wor5_1 (1)
move rob1 loc5 loc1 (1)
move rob1 loc1 central_warehouse (1)
pick_up_content_at_cw rob1 box1 valve (1)
move rob1 central_warehouse loc1 (1)
move rob1 loc1 loc5 (1)
put_down_content rob1 box1 valve loc5 wor5_1 (1)
move rob1 loc5 loc1 (1)
move rob1 loc1 central_warehouse (1)
pick_up_content_at_cw rob1 box1 bolt (1)
move rob1 central_warehouse loc1 (1)
move rob1 loc1 loc2 (1)
put_down_content rob1 box1 bolt loc2 wor2_2 (1)
[t=0.00382787s, 410597152 KB] Plan length: 21 step(s).
[t=0.00382787s, 410597152 KB] Plan cost: 21
[t=0.00382787s, 410597152 KB] Expanded 53 state(s).
[t=0.00382787s, 410597152 KB] Reopened 0 state(s).
[t=0.00382787s, 410597152 KB] Evaluated 54 state(s).
[t=0.00382787s, 410597152 KB] Evaluations: 54
[t=0.00382787s, 410597152 KB] Generated 238 state(s).
[t=0.00382787s, 410597152 KB] Dead ends: 0 state(s).
[t=0.00382787s, 410597152 KB] Number of registered states: 54
[t=0.00382787s, 410597152 KB] Int hash set load factor: 54/64 = 0.84375
[t=0.00382787s, 410597152 KB] Int hash set resizes: 6
[t=0.00382787s, 410597152 KB] Search time: 0.000376875s
[t=0.00382787s, 410597152 KB] Total time: 0.00382787s
Solution found.
Peak memory: 410597152 KB
Remove intermediate file output.sas
search exit code: 0

INFO     Planner time: 0.06s
