INFO     planner time limit: 60s
INFO     planner memory limit: None

INFO     Running translator.
INFO     translator stdin: None
INFO     translator time limit: 59s
INFO     translator memory limit: None
INFO     translator command line string: /opt/homebrew/opt/python@3.12/bin/python3.12 /Users/francesco/Desktop/planners/downward/builds/release/bin/translate/translate.py domain.pddl problem_3.pddl --sas-file output.sas
Parsing...
Parsing: [0.000s CPU, 0.001s wall-clock]
Normalizing task... [0.000s CPU, 0.000s wall-clock]
Instantiating...
Generating Datalog program... [0.000s CPU, 0.000s wall-clock]
Normalizing Datalog program...
Normalizing Datalog program: [0.000s CPU, 0.001s wall-clock]
Preparing model... [0.000s CPU, 0.001s wall-clock]
Generated 59 rules.
Computing model... [0.010s CPU, 0.003s wall-clock]
855 relevant atoms
671 auxiliary atoms
1526 final queue length
2131 total queue pushes
Completing instantiation... [0.000s CPU, 0.005s wall-clock]
Instantiating: [0.010s CPU, 0.010s wall-clock]
Computing fact groups...
Finding invariants...
22 initial candidates
Finding invariants: [0.000s CPU, 0.001s wall-clock]
Checking invariant weight... [0.000s CPU, 0.000s wall-clock]
Instantiating groups... [0.000s CPU, 0.000s wall-clock]
Collecting mutex groups... [0.000s CPU, 0.000s wall-clock]
Choosing groups...
113 uncovered facts
Choosing groups: [0.000s CPU, 0.000s wall-clock]
Building translation key... [0.000s CPU, 0.000s wall-clock]
Computing fact groups: [0.000s CPU, 0.002s wall-clock]
Building STRIPS to SAS dictionary... [0.000s CPU, 0.000s wall-clock]
Building dictionary for full mutex groups... [0.000s CPU, 0.000s wall-clock]
Building mutex information...
Building mutex information: [0.000s CPU, 0.000s wall-clock]
Translating task...
Processing axioms...
Simplifying axioms... [0.000s CPU, 0.000s wall-clock]
Translator axioms removed by simplifying: 0
Computing negative axioms... [0.000s CPU, 0.000s wall-clock]
Processing axioms: [0.000s CPU, 0.001s wall-clock]
Translating task: [0.010s CPU, 0.008s wall-clock]
668 effect conditions simplified
0 implied preconditions added
Detecting unreachable propositions...
0 operators removed
0 axioms removed
3 propositions removed
Detecting unreachable propositions: [0.000s CPU, 0.004s wall-clock]
Reordering and filtering variables...
116 of 116 variables necessary.
2 of 5 mutex groups necessary.
508 of 508 operators necessary.
0 of 0 axiom rules necessary.
Reordering and filtering variables: [0.010s CPU, 0.003s wall-clock]
Translator variables: 116
Translator derived variables: 0
Translator facts: 279
Translator goal facts: 16
Translator mutex groups: 2
Translator total mutex groups size: 36
Translator operators: 508
Translator axioms: 0
Translator task size: 4723
warning: could not determine peak memory
Writing output... [0.000s CPU, 0.003s wall-clock]
Done! [0.030s CPU, 0.031s wall-clock]
translate exit code: 0

INFO     Running search (release).
INFO     search stdin: output.sas
INFO     search time limit: 59s
INFO     search memory limit: None
INFO     search command line string: /Users/francesco/Desktop/planners/downward/builds/release/bin/downward --evaluator 'lmcut=lmcut()' --search 'lazy_greedy([lmcut], preferred=[lmcut])' --internal-plan-file plans/plan_lazy_greddy_lmcut_3 < output.sas
[t=0.000143042s, 410597152 KB] reading input...
[t=0.00860296s, 410728224 KB] done reading input!
[t=0.00932238s, 410728224 KB] Initializing landmark cut heuristic...
[t=0.00935267s, 410728224 KB] Building successor generator...done!
[t=0.00951029s, 410728224 KB] peak memory difference for successor generator creation: 0 KB
[t=0.009515s, 410728224 KB] time for successor generation creation: 0.00014625s
[t=0.00952158s, 410728224 KB] Variables: 116
[t=0.00952629s, 410728224 KB] FactPairs: 279
[t=0.00953083s, 410728224 KB] Bytes per state: 16
[t=0.00954858s, 410728224 KB] Conducting lazy best first search, (real) bound = 2147483647
[t=0.00971967s, 410728224 KB] New best heuristic value for lmcut(): 34
[t=0.00972488s, 410728224 KB] g=0, 1 evaluated, 0 expanded
[t=0.00973317s, 410728224 KB] Initial heuristic value for lmcut(): 34
[t=0.0105065s, 410728224 KB] New best heuristic value for lmcut(): 30
[t=0.010511s, 410728224 KB] g=1, 6 evaluated, 5 expanded
[t=0.0112176s, 410728224 KB] New best heuristic value for lmcut(): 29
[t=0.0112219s, 410728224 KB] g=2, 11 evaluated, 10 expanded
[t=0.0119381s, 410728224 KB] New best heuristic value for lmcut(): 27
[t=0.0119421s, 410728224 KB] g=3, 16 evaluated, 15 expanded
[t=0.0125343s, 410728224 KB] New best heuristic value for lmcut(): 25
[t=0.0125383s, 410728224 KB] g=4, 20 evaluated, 19 expanded
[t=0.024199s, 410728224 KB] New best heuristic value for lmcut(): 24
[t=0.0242039s, 410728224 KB] g=5, 101 evaluated, 100 expanded
[t=0.0276873s, 410728224 KB] New best heuristic value for lmcut(): 22
[t=0.0276915s, 410728224 KB] g=5, 128 evaluated, 127 expanded
[t=0.0524725s, 410728224 KB] New best heuristic value for lmcut(): 21
[t=0.0524777s, 410728224 KB] g=9, 317 evaluated, 316 expanded
[t=0.164573s, 410746656 KB] New best heuristic value for lmcut(): 20
[t=0.164592s, 410746656 KB] g=13, 1182 evaluated, 1181 expanded
[t=0.164708s, 410746656 KB] New best heuristic value for lmcut(): 19
[t=0.164714s, 410746656 KB] g=14, 1183 evaluated, 1182 expanded
[t=0.238329s, 410746656 KB] New best heuristic value for lmcut(): 18
[t=0.238355s, 410746656 KB] g=44, 1743 evaluated, 1742 expanded
[t=49.5882s, 411149088 KB] New best heuristic value for lmcut(): 17
[t=49.5882s, 411149088 KB] g=61, 382361 evaluated, 382360 expanded
Peak memory: 411149088 KB
caught signal 24 -- exiting
Time limit has been reached.
Remove intermediate file output.sas
search exit code: 23

Driver aborting after search
INFO     Planner time: 59.08s
