INFO     planner time limit: 60s
INFO     planner memory limit: None

INFO     Running translator.
INFO     translator stdin: None
INFO     translator time limit: 59s
INFO     translator memory limit: None
INFO     translator command line string: /opt/homebrew/opt/python@3.12/bin/python3.12 /Users/francesco/Desktop/planners/downward/builds/release/bin/translate/translate.py domain.pddl problem_4.pddl --sas-file output.sas
Parsing...
Parsing: [0.000s CPU, 0.001s wall-clock]
Normalizing task... [0.000s CPU, 0.000s wall-clock]
Instantiating...
Generating Datalog program... [0.000s CPU, 0.000s wall-clock]
Normalizing Datalog program...
Normalizing Datalog program: [0.000s CPU, 0.001s wall-clock]
Preparing model... [0.000s CPU, 0.001s wall-clock]
Generated 59 rules.
Computing model... [0.010s CPU, 0.005s wall-clock]
1386 relevant atoms
892 auxiliary atoms
2278 final queue length
3632 total queue pushes
Completing instantiation... [0.010s CPU, 0.010s wall-clock]
Instantiating: [0.020s CPU, 0.017s wall-clock]
Computing fact groups...
Finding invariants...
22 initial candidates
Finding invariants: [0.000s CPU, 0.001s wall-clock]
Checking invariant weight... [0.000s CPU, 0.000s wall-clock]
Instantiating groups... [0.000s CPU, 0.000s wall-clock]
Collecting mutex groups... [0.000s CPU, 0.000s wall-clock]
Choosing groups...
114 uncovered facts
Choosing groups: [0.000s CPU, 0.000s wall-clock]
Building translation key... [0.000s CPU, 0.000s wall-clock]
Computing fact groups: [0.000s CPU, 0.002s wall-clock]
Building STRIPS to SAS dictionary... [0.000s CPU, 0.000s wall-clock]
Building dictionary for full mutex groups... [0.000s CPU, 0.000s wall-clock]
Building mutex information...
Building mutex information: [0.000s CPU, 0.000s wall-clock]
Translating task...
Processing axioms...
Simplifying axioms... [0.000s CPU, 0.000s wall-clock]
Translator axioms removed by simplifying: 0
Computing negative axioms... [0.000s CPU, 0.000s wall-clock]
Processing axioms: [0.000s CPU, 0.001s wall-clock]
Translating task: [0.010s CPU, 0.017s wall-clock]
1336 effect conditions simplified
0 implied preconditions added
Detecting unreachable propositions...
0 operators removed
0 axioms removed
4 propositions removed
Detecting unreachable propositions: [0.010s CPU, 0.007s wall-clock]
Reordering and filtering variables...
118 of 118 variables necessary.
2 of 6 mutex groups necessary.
1016 of 1016 operators necessary.
0 of 0 axiom rules necessary.
Reordering and filtering variables: [0.010s CPU, 0.004s wall-clock]
Translator variables: 118
Translator derived variables: 0
Translator facts: 300
Translator goal facts: 16
Translator mutex groups: 2
Translator total mutex groups size: 36
Translator operators: 1016
Translator axioms: 0
Translator task size: 9022
warning: could not determine peak memory
Writing output... [0.000s CPU, 0.007s wall-clock]
Done! [0.050s CPU, 0.056s wall-clock]
translate exit code: 0

INFO     Running search (release).
INFO     search stdin: output.sas
INFO     search time limit: 59s
INFO     search memory limit: None
INFO     search command line string: /Users/francesco/Desktop/planners/downward/builds/release/bin/downward --evaluator 'ff=ff()' --search 'lazy_greedy([ff], preferred=[ff])' --internal-plan-file plans/plan_lazy_greddy_ff_4 < output.sas
[t=0.00014775s, 410597152 KB] reading input...
[t=0.016232s, 410728224 KB] done reading input!
[t=0.0169769s, 410728224 KB] Simplifying 2872 unary operators... done! [2852 unary operators]
[t=0.0206859s, 410728224 KB] time to simplify: 0.0037115s
[t=0.0207607s, 410728224 KB] Initializing additive heuristic...
[t=0.0207662s, 410728224 KB] Initializing FF heuristic...
[t=0.0207955s, 410728224 KB] Building successor generator...done!
[t=0.0210804s, 410728224 KB] peak memory difference for successor generator creation: 0 KB
[t=0.0210852s, 410728224 KB] time for successor generation creation: 0.000274667s
[t=0.021092s, 410728224 KB] Variables: 118
[t=0.0210967s, 410728224 KB] FactPairs: 300
[t=0.0211009s, 410728224 KB] Bytes per state: 20
[t=0.0211182s, 410728224 KB] Conducting lazy best first search, (real) bound = 2147483647
[t=0.0211639s, 410728224 KB] New best heuristic value for ff(): 40
[t=0.0211684s, 410728224 KB] g=0, 1 evaluated, 0 expanded
[t=0.0211777s, 410728224 KB] Initial heuristic value for ff(): 40
[t=0.0212037s, 410728224 KB] New best heuristic value for ff(): 39
[t=0.0212075s, 410728224 KB] g=1, 2 evaluated, 1 expanded
[t=0.021323s, 410728224 KB] New best heuristic value for ff(): 38
[t=0.0213269s, 410728224 KB] g=2, 7 evaluated, 6 expanded
[t=0.021852s, 410728224 KB] New best heuristic value for ff(): 37
[t=0.0218561s, 410728224 KB] g=4, 32 evaluated, 31 expanded
[t=0.0226374s, 410728224 KB] New best heuristic value for ff(): 36
[t=0.0226413s, 410728224 KB] g=8, 70 evaluated, 69 expanded
[t=0.0230529s, 410728224 KB] New best heuristic value for ff(): 35
[t=0.0230566s, 410728224 KB] g=12, 90 evaluated, 89 expanded
[t=0.0236918s, 410728224 KB] New best heuristic value for ff(): 34
[t=0.0236955s, 410728224 KB] g=14, 121 evaluated, 120 expanded
[t=0.0245619s, 410728224 KB] New best heuristic value for ff(): 33
[t=0.0245655s, 410728224 KB] g=18, 163 evaluated, 162 expanded
[t=0.02498s, 410728224 KB] New best heuristic value for ff(): 32
[t=0.0249837s, 410728224 KB] g=22, 183 evaluated, 182 expanded
[t=0.0257382s, 410728224 KB] New best heuristic value for ff(): 31
[t=0.0257422s, 410728224 KB] g=24, 219 evaluated, 218 expanded
[t=0.0267192s, 410728224 KB] New best heuristic value for ff(): 30
[t=0.0267229s, 410728224 KB] g=28, 266 evaluated, 265 expanded
[t=0.0271387s, 410728224 KB] New best heuristic value for ff(): 29
[t=0.0271426s, 410728224 KB] g=32, 286 evaluated, 285 expanded
[t=0.0279949s, 410728224 KB] New best heuristic value for ff(): 28
[t=0.0279985s, 410728224 KB] g=34, 327 evaluated, 326 expanded
[t=0.0293232s, 410728224 KB] New best heuristic value for ff(): 27
[t=0.0293271s, 410728224 KB] g=39, 391 evaluated, 390 expanded
[t=0.0293957s, 410728224 KB] New best heuristic value for ff(): 26
[t=0.0293997s, 410728224 KB] g=42, 394 evaluated, 393 expanded
[t=0.0307023s, 410728224 KB] New best heuristic value for ff(): 25
[t=0.0307061s, 410728224 KB] g=45, 457 evaluated, 456 expanded
[t=0.0307531s, 410728224 KB] New best heuristic value for ff(): 23
[t=0.0307569s, 410728224 KB] g=47, 459 evaluated, 458 expanded
[t=0.031301s, 410728224 KB] New best heuristic value for ff(): 22
[t=0.0313048s, 410728224 KB] g=51, 485 evaluated, 484 expanded
[t=0.0314402s, 410728224 KB] New best heuristic value for ff(): 21
[t=0.0314439s, 410728224 KB] g=55, 491 evaluated, 490 expanded
[t=0.0319305s, 410728224 KB] New best heuristic value for ff(): 20
[t=0.0319342s, 410728224 KB] g=57, 513 evaluated, 512 expanded
[t=0.0319798s, 410728224 KB] New best heuristic value for ff(): 19
[t=0.0319833s, 410728224 KB] g=59, 515 evaluated, 514 expanded
[t=0.032093s, 410728224 KB] New best heuristic value for ff(): 18
[t=0.0320968s, 410728224 KB] g=61, 520 evaluated, 519 expanded
[t=0.0325765s, 410728224 KB] New best heuristic value for ff(): 17
[t=0.0325801s, 410728224 KB] g=63, 543 evaluated, 542 expanded
[t=0.0326271s, 410728224 KB] New best heuristic value for ff(): 15
[t=0.0326308s, 410728224 KB] g=65, 545 evaluated, 544 expanded
[t=0.032698s, 410728224 KB] New best heuristic value for ff(): 14
[t=0.0327016s, 410728224 KB] g=67, 548 evaluated, 547 expanded
[t=0.0329552s, 410728224 KB] New best heuristic value for ff(): 13
[t=0.0329589s, 410728224 KB] g=69, 560 evaluated, 559 expanded
[t=0.0330235s, 410728224 KB] New best heuristic value for ff(): 12
[t=0.0330275s, 410728224 KB] g=72, 563 evaluated, 562 expanded
[t=0.0331147s, 410728224 KB] New best heuristic value for ff(): 11
[t=0.0331184s, 410728224 KB] g=73, 567 evaluated, 566 expanded
[t=0.0331857s, 410728224 KB] New best heuristic value for ff(): 10
[t=0.0331892s, 410728224 KB] g=75, 570 evaluated, 569 expanded
[t=0.0332347s, 410728224 KB] New best heuristic value for ff(): 9
[t=0.0332384s, 410728224 KB] g=77, 572 evaluated, 571 expanded
[t=0.0333646s, 410728224 KB] New best heuristic value for ff(): 8
[t=0.0333681s, 410728224 KB] g=79, 578 evaluated, 577 expanded
[t=0.0334348s, 410728224 KB] New best heuristic value for ff(): 7
[t=0.0334427s, 410728224 KB] g=81, 581 evaluated, 580 expanded
[t=0.0334862s, 410728224 KB] New best heuristic value for ff(): 6
[t=0.0334897s, 410728224 KB] g=83, 583 evaluated, 582 expanded
[t=0.0335152s, 410728224 KB] New best heuristic value for ff(): 5
[t=0.033519s, 410728224 KB] g=84, 584 evaluated, 583 expanded
[t=0.0335797s, 410728224 KB] New best heuristic value for ff(): 3
[t=0.0335834s, 410728224 KB] g=85, 587 evaluated, 586 expanded
[t=0.0335992s, 410728224 KB] New best heuristic value for ff(): 2
[t=0.0336028s, 410728224 KB] g=86, 588 evaluated, 587 expanded
[t=0.0336152s, 410728224 KB] New best heuristic value for ff(): 1
[t=0.0336187s, 410728224 KB] g=87, 589 evaluated, 588 expanded
[t=0.0336273s, 410728224 KB] Solution found!
[t=0.0336326s, 410728224 KB] Actual search time: 0.0124993s
move rob2 central_warehouse loc1 (1)
pick_up_box rob1 box1 central_warehouse (1)
pick_up_content_at_cw rob1 box1 bolt (1)
move rob1 central_warehouse loc3 (1)
put_down_content rob1 box1 bolt loc3 wor3_1 (1)
move rob1 loc3 central_warehouse (1)
pick_up_content_at_cw rob1 box1 nut (1)
move rob1 central_warehouse loc4 (1)
move rob1 loc4 loc16 (1)
put_down_content rob1 box1 nut loc16 wor16_1 (1)
move rob1 loc16 loc4 (1)
move rob1 loc4 central_warehouse (1)
pick_up_content_at_cw rob1 box1 nut (1)
move rob1 central_warehouse loc4 (1)
put_down_content rob1 box1 nut loc4 wor4_1 (1)
move rob1 loc4 central_warehouse (1)
pick_up_content_at_cw rob1 box1 tool (1)
move rob1 central_warehouse loc1 (1)
move rob1 loc1 loc7 (1)
put_down_content rob1 box1 tool loc7 wor7_1 (1)
move rob1 loc7 loc1 (1)
move rob1 loc1 central_warehouse (1)
pick_up_content_at_cw rob1 box1 tool (1)
move rob1 central_warehouse loc1 (1)
put_down_content rob1 box1 tool loc1 wor1_1 (1)
move rob1 loc1 central_warehouse (1)
pick_up_content_at_cw rob1 box1 valve (1)
move rob1 central_warehouse loc2 (1)
move rob1 loc2 loc8 (1)
put_down_content rob1 box1 valve loc8 wor8_1 (1)
move rob1 loc8 loc2 (1)
move rob1 loc2 central_warehouse (1)
pick_up_content_at_cw rob1 box1 valve (1)
move rob1 central_warehouse loc2 (1)
put_down_content rob1 box1 valve loc2 wor2_1 (1)
move rob1 loc2 central_warehouse (1)
pick_up_content_at_cw rob1 box1 bolt (1)
move rob1 central_warehouse loc2 (1)
move rob1 loc2 loc9 (1)
put_down_content rob1 box1 bolt loc9 wor9_1 (1)
move rob1 loc9 loc2 (1)
move rob1 loc2 central_warehouse (1)
pick_up_content_at_cw rob1 box1 bolt (1)
move rob1 central_warehouse loc4 (1)
move rob1 loc4 loc15 (1)
put_down_content rob1 box1 bolt loc15 wor15_1 (1)
move rob1 loc15 loc4 (1)
move rob1 loc4 central_warehouse (1)
pick_up_content_at_cw rob1 box1 gears (1)
move rob1 central_warehouse loc1 (1)
move rob1 loc1 loc6 (1)
put_down_content rob1 box1 gears loc6 wor6_1 (1)
move rob1 loc6 loc1 (1)
move rob1 loc1 central_warehouse (1)
pick_up_content_at_cw rob1 box1 gears (1)
move rob1 central_warehouse loc3 (1)
move rob1 loc3 loc12 (1)
put_down_content rob1 box1 gears loc12 wor12_1 (1)
move rob1 loc12 loc3 (1)
move rob1 loc3 central_warehouse (1)
pick_up_content_at_cw rob1 box1 nut (1)
move rob1 central_warehouse loc2 (1)
move rob1 loc2 loc10 (1)
put_down_content rob1 box1 nut loc10 wor10_1 (1)
move rob1 loc10 loc2 (1)
move rob1 loc2 central_warehouse (1)
pick_up_content_at_cw rob1 box1 screw (1)
move rob1 central_warehouse loc1 (1)
move rob1 loc1 loc5 (1)
put_down_content rob1 box1 screw loc5 wor5_1 (1)
move rob1 loc5 loc1 (1)
move rob1 loc1 central_warehouse (1)
pick_up_content_at_cw rob1 box1 screw (1)
move rob1 central_warehouse loc3 (1)
move rob1 loc3 loc11 (1)
put_down_content rob1 box1 screw loc11 wor11_1 (1)
move rob1 loc11 loc3 (1)
move rob1 loc3 central_warehouse (1)
pick_up_content_at_cw rob1 box1 tool (1)
move rob1 central_warehouse loc3 (1)
move rob1 loc3 loc13 (1)
put_down_content rob1 box1 tool loc13 wor13_1 (1)
move rob1 loc13 loc3 (1)
move rob1 loc3 central_warehouse (1)
pick_up_content_at_cw rob1 box1 valve (1)
move rob1 central_warehouse loc4 (1)
move rob1 loc4 loc14 (1)
put_down_content rob1 box1 valve loc14 wor14_1 (1)
[t=0.0336365s, 410728224 KB] Plan length: 88 step(s).
[t=0.0336365s, 410728224 KB] Plan cost: 88
[t=0.0336365s, 410728224 KB] Expanded 589 state(s).
[t=0.0336365s, 410728224 KB] Reopened 0 state(s).
[t=0.0336365s, 410728224 KB] Evaluated 590 state(s).
[t=0.0336365s, 410728224 KB] Evaluations: 590
[t=0.0336365s, 410728224 KB] Generated 5303 state(s).
[t=0.0336365s, 410728224 KB] Dead ends: 0 state(s).
[t=0.0336365s, 410728224 KB] Number of registered states: 590
[t=0.0336365s, 410728224 KB] Int hash set load factor: 590/1024 = 0.576172
[t=0.0336365s, 410728224 KB] Int hash set resizes: 10
[t=0.0336365s, 410728224 KB] Search time: 0.0125185s
[t=0.0336365s, 410728224 KB] Total time: 0.0336365s
Solution found.
Peak memory: 410728224 KB
Remove intermediate file output.sas
search exit code: 0

INFO     Planner time: 0.14s
