INFO     planner time limit: 60s
INFO     planner memory limit: None

INFO     Running translator.
INFO     translator stdin: None
INFO     translator time limit: 59s
INFO     translator memory limit: None
INFO     translator command line string: /opt/homebrew/opt/python@3.12/bin/python3.12 /Users/francesco/Desktop/planners/downward/builds/release/bin/translate/translate.py domain.pddl problem_4.pddl --sas-file output.sas
Parsing...
Parsing: [0.000s CPU, 0.001s wall-clock]
Normalizing task... [0.000s CPU, 0.000s wall-clock]
Instantiating...
Generating Datalog program... [0.000s CPU, 0.000s wall-clock]
Normalizing Datalog program...
Normalizing Datalog program: [0.000s CPU, 0.001s wall-clock]
Preparing model... [0.000s CPU, 0.001s wall-clock]
Generated 59 rules.
Computing model... [0.010s CPU, 0.005s wall-clock]
1386 relevant atoms
892 auxiliary atoms
2278 final queue length
3632 total queue pushes
Completing instantiation... [0.010s CPU, 0.010s wall-clock]
Instantiating: [0.020s CPU, 0.017s wall-clock]
Computing fact groups...
Finding invariants...
22 initial candidates
Finding invariants: [0.000s CPU, 0.001s wall-clock]
Checking invariant weight... [0.000s CPU, 0.000s wall-clock]
Instantiating groups... [0.000s CPU, 0.000s wall-clock]
Collecting mutex groups... [0.000s CPU, 0.000s wall-clock]
Choosing groups...
114 uncovered facts
Choosing groups: [0.000s CPU, 0.000s wall-clock]
Building translation key... [0.000s CPU, 0.000s wall-clock]
Computing fact groups: [0.000s CPU, 0.002s wall-clock]
Building STRIPS to SAS dictionary... [0.000s CPU, 0.000s wall-clock]
Building dictionary for full mutex groups... [0.000s CPU, 0.000s wall-clock]
Building mutex information...
Building mutex information: [0.000s CPU, 0.000s wall-clock]
Translating task...
Processing axioms...
Simplifying axioms... [0.000s CPU, 0.000s wall-clock]
Translator axioms removed by simplifying: 0
Computing negative axioms... [0.000s CPU, 0.000s wall-clock]
Processing axioms: [0.000s CPU, 0.001s wall-clock]
Translating task: [0.020s CPU, 0.017s wall-clock]
1336 effect conditions simplified
0 implied preconditions added
Detecting unreachable propositions...
0 operators removed
0 axioms removed
4 propositions removed
Detecting unreachable propositions: [0.000s CPU, 0.007s wall-clock]
Reordering and filtering variables...
118 of 118 variables necessary.
2 of 6 mutex groups necessary.
1016 of 1016 operators necessary.
0 of 0 axiom rules necessary.
Reordering and filtering variables: [0.010s CPU, 0.004s wall-clock]
Translator variables: 118
Translator derived variables: 0
Translator facts: 300
Translator goal facts: 16
Translator mutex groups: 2
Translator total mutex groups size: 36
Translator operators: 1016
Translator axioms: 0
Translator task size: 9022
warning: could not determine peak memory
Writing output... [0.000s CPU, 0.007s wall-clock]
Done! [0.050s CPU, 0.056s wall-clock]
translate exit code: 0

INFO     Running search (release).
INFO     search stdin: output.sas
INFO     search time limit: 59s
INFO     search memory limit: None
INFO     search command line string: /Users/francesco/Desktop/planners/downward/builds/release/bin/downward --evaluator 'lmcut=lmcut()' --search 'lazy_greedy([lmcut], preferred=[lmcut])' --internal-plan-file plans/plan_lazy_greddy_lmcut_4 < output.sas
[t=0.000146709s, 410597152 KB] reading input...
[t=0.0162124s, 410728224 KB] done reading input!
[t=0.0170695s, 410728224 KB] Initializing landmark cut heuristic...
[t=0.017098s, 410728224 KB] Building successor generator...done!
[t=0.0173899s, 410728224 KB] peak memory difference for successor generator creation: 0 KB
[t=0.0173948s, 410728224 KB] time for successor generation creation: 0.00028075s
[t=0.0174024s, 410728224 KB] Variables: 118
[t=0.0174072s, 410728224 KB] FactPairs: 300
[t=0.0174119s, 410728224 KB] Bytes per state: 20
[t=0.017429s, 410728224 KB] Conducting lazy best first search, (real) bound = 2147483647
[t=0.0177372s, 410728224 KB] New best heuristic value for lmcut(): 34
[t=0.0177428s, 410728224 KB] g=0, 1 evaluated, 0 expanded
[t=0.0177515s, 410728224 KB] Initial heuristic value for lmcut(): 34
[t=0.0180683s, 410728224 KB] New best heuristic value for lmcut(): 33
[t=0.0180725s, 410728224 KB] g=1, 2 evaluated, 1 expanded
[t=0.0189622s, 410728224 KB] New best heuristic value for lmcut(): 32
[t=0.0189666s, 410728224 KB] g=2, 5 evaluated, 4 expanded
[t=0.0204184s, 410728224 KB] New best heuristic value for lmcut(): 24
[t=0.020423s, 410728224 KB] g=3, 10 evaluated, 9 expanded
[t=0.0248822s, 410728224 KB] New best heuristic value for lmcut(): 21
[t=0.024888s, 410728224 KB] g=5, 27 evaluated, 26 expanded
[t=0.0745649s, 410737440 KB] New best heuristic value for lmcut(): 20
[t=0.0745785s, 410737440 KB] g=15, 209 evaluated, 208 expanded
[t=0.132185s, 410746656 KB] New best heuristic value for lmcut(): 19
[t=0.132203s, 410746656 KB] g=21, 422 evaluated, 421 expanded
[t=0.246066s, 410746656 KB] New best heuristic value for lmcut(): 17
[t=0.246075s, 410746656 KB] g=27, 864 evaluated, 863 expanded
[t=1.13205s, 410886944 KB] New best heuristic value for lmcut(): 16
[t=1.13207s, 410886944 KB] g=33, 4452 evaluated, 4451 expanded
[t=7.79322s, 410886944 KB] New best heuristic value for lmcut(): 15
[t=7.79324s, 410886944 KB] g=79, 31491 evaluated, 31490 expanded
[t=14.4809s, 410886944 KB] New best heuristic value for lmcut(): 14
[t=14.4809s, 410886944 KB] g=91, 60606 evaluated, 60605 expanded
[t=14.9832s, 410886944 KB] New best heuristic value for lmcut(): 13
[t=14.9832s, 410886944 KB] g=103, 62872 evaluated, 62871 expanded
[t=15.4812s, 410886944 KB] New best heuristic value for lmcut(): 12
[t=15.4812s, 410886944 KB] g=127, 65294 evaluated, 65293 expanded
[t=18.792s, 410886944 KB] New best heuristic value for lmcut(): 11
[t=18.7921s, 410886944 KB] g=153, 82355 evaluated, 82354 expanded
[t=19.2178s, 410886944 KB] New best heuristic value for lmcut(): 10
[t=19.2178s, 410886944 KB] g=173, 84627 evaluated, 84626 expanded
[t=19.2649s, 410886944 KB] New best heuristic value for lmcut(): 9
[t=19.2649s, 410886944 KB] g=180, 84912 evaluated, 84911 expanded
[t=20.7158s, 410886944 KB] New best heuristic value for lmcut(): 8
[t=20.7159s, 410886944 KB] g=190, 93802 evaluated, 93801 expanded
[t=21.0498s, 410886944 KB] New best heuristic value for lmcut(): 7
[t=21.0498s, 410886944 KB] g=196, 96052 evaluated, 96051 expanded
[t=21.1419s, 410886944 KB] New best heuristic value for lmcut(): 6
[t=21.1419s, 410886944 KB] g=208, 96752 evaluated, 96751 expanded
Peak memory: 411052832 KB
caught signal 24 -- exiting
Time limit has been reached.
Remove intermediate file output.sas
search exit code: 23

Driver aborting after search
INFO     Planner time: 57.20s
