INFO     planner time limit: 60s
INFO     planner memory limit: None

INFO     Running translator.
INFO     translator stdin: None
INFO     translator time limit: 59s
INFO     translator memory limit: None
INFO     translator command line string: /opt/homebrew/opt/python@3.12/bin/python3.12 /Users/francesco/Desktop/planners/downward/builds/release/bin/translate/translate.py domain.pddl problem_2.pddl --sas-file output.sas
Parsing...
Parsing: [0.000s CPU, 0.001s wall-clock]
Normalizing task... [0.000s CPU, 0.000s wall-clock]
Instantiating...
Generating Datalog program... [0.000s CPU, 0.000s wall-clock]
Normalizing Datalog program...
Normalizing Datalog program: [0.000s CPU, 0.001s wall-clock]
Preparing model... [0.000s CPU, 0.000s wall-clock]
Generated 59 rules.
Computing model... [0.000s CPU, 0.001s wall-clock]
260 relevant atoms
225 auxiliary atoms
485 final queue length
632 total queue pushes
Completing instantiation... [0.010s CPU, 0.001s wall-clock]
Instantiating: [0.010s CPU, 0.004s wall-clock]
Computing fact groups...
Finding invariants...
22 initial candidates
Finding invariants: [0.000s CPU, 0.001s wall-clock]
Checking invariant weight... [0.000s CPU, 0.000s wall-clock]
Instantiating groups... [0.000s CPU, 0.000s wall-clock]
Collecting mutex groups... [0.000s CPU, 0.000s wall-clock]
Choosing groups...
32 uncovered facts
Choosing groups: [0.000s CPU, 0.000s wall-clock]
Building translation key... [0.000s CPU, 0.000s wall-clock]
Computing fact groups: [0.000s CPU, 0.001s wall-clock]
Building STRIPS to SAS dictionary... [0.000s CPU, 0.000s wall-clock]
Building dictionary for full mutex groups... [0.000s CPU, 0.000s wall-clock]
Building mutex information...
Building mutex information: [0.000s CPU, 0.000s wall-clock]
Translating task...
Processing axioms...
Simplifying axioms... [0.000s CPU, 0.000s wall-clock]
Translator axioms removed by simplifying: 0
Computing negative axioms... [0.000s CPU, 0.000s wall-clock]
Processing axioms: [0.000s CPU, 0.000s wall-clock]
Translating task: [0.000s CPU, 0.002s wall-clock]
162 effect conditions simplified
0 implied preconditions added
Detecting unreachable propositions...
0 operators removed
0 axioms removed
3 propositions removed
Detecting unreachable propositions: [0.000s CPU, 0.001s wall-clock]
Reordering and filtering variables...
35 of 35 variables necessary.
2 of 5 mutex groups necessary.
130 of 130 operators necessary.
0 of 0 axiom rules necessary.
Reordering and filtering variables: [0.000s CPU, 0.001s wall-clock]
Translator variables: 35
Translator derived variables: 0
Translator facts: 84
Translator goal facts: 4
Translator mutex groups: 2
Translator total mutex groups size: 14
Translator operators: 130
Translator axioms: 0
Translator task size: 1205
warning: could not determine peak memory
Writing output... [0.000s CPU, 0.001s wall-clock]
Done! [0.010s CPU, 0.012s wall-clock]
translate exit code: 0

INFO     Running search (release).
INFO     search stdin: output.sas
INFO     search time limit: 59s
INFO     search memory limit: None
INFO     search command line string: /Users/francesco/Desktop/planners/downward/builds/release/bin/downward --evaluator 'lmcut=lmcut()' --search 'lazy_greedy([lmcut], preferred=[lmcut])' --internal-plan-file plans/plan_lazy_greddy_lmcut_2 < output.sas
[t=0.000151959s, 410597152 KB] reading input...
[t=0.00235175s, 410597152 KB] done reading input!
[t=0.00298383s, 410597152 KB] Initializing landmark cut heuristic...
[t=0.00301325s, 410597152 KB] Building successor generator...done!
[t=0.00306746s, 410597152 KB] peak memory difference for successor generator creation: 0 KB
[t=0.00307225s, 410597152 KB] time for successor generation creation: 4.2875e-05s
[t=0.00307804s, 410597152 KB] Variables: 35
[t=0.00308288s, 410597152 KB] FactPairs: 84
[t=0.00308817s, 410597152 KB] Bytes per state: 8
[t=0.00310604s, 410597152 KB] Conducting lazy best first search, (real) bound = 2147483647
[t=0.00314054s, 410597152 KB] New best heuristic value for lmcut(): 9
[t=0.00314575s, 410597152 KB] g=0, 1 evaluated, 0 expanded
[t=0.00315342s, 410597152 KB] Initial heuristic value for lmcut(): 9
[t=0.00320904s, 410597152 KB] New best heuristic value for lmcut(): 7
[t=0.00321425s, 410597152 KB] g=1, 3 evaluated, 2 expanded
[t=0.00340508s, 410597152 KB] New best heuristic value for lmcut(): 6
[t=0.00341104s, 410597152 KB] g=4, 14 evaluated, 13 expanded
[t=0.00432067s, 410597152 KB] New best heuristic value for lmcut(): 5
[t=0.00432721s, 410597152 KB] g=7, 75 evaluated, 74 expanded
[t=0.00499271s, 410597152 KB] New best heuristic value for lmcut(): 4
[t=0.00499933s, 410597152 KB] g=13, 122 evaluated, 121 expanded
[t=0.00510004s, 410597152 KB] New best heuristic value for lmcut(): 3
[t=0.00510433s, 410597152 KB] g=15, 130 evaluated, 129 expanded
[t=0.00539079s, 410597152 KB] New best heuristic value for lmcut(): 2
[t=0.00539492s, 410597152 KB] g=22, 159 evaluated, 158 expanded
[t=0.00540367s, 410597152 KB] New best heuristic value for lmcut(): 1
[t=0.00540742s, 410597152 KB] g=23, 160 evaluated, 159 expanded
[t=0.00544537s, 410597152 KB] Solution found!
[t=0.00545096s, 410597152 KB] Actual search time: 0.00234054s
pick_up_box rob1 box1 central_warehouse (1)
pick_up_content_at_cw rob1 box1 tool (1)
move rob1 central_warehouse loc1 (1)
put_down_content rob1 box1 tool loc1 wor1_1 (1)
move rob1 loc1 central_warehouse (1)
pick_up_content_at_cw rob1 box1 bolt (1)
move rob1 central_warehouse loc1 (1)
move rob1 loc1 loc2 (1)
put_down_content rob1 box1 bolt loc2 wor2_2 (1)
move rob1 loc2 loc1 (1)
move rob1 loc1 central_warehouse (1)
pick_up_content_at_cw rob1 box1 valve (1)
move rob1 central_warehouse loc1 (1)
move rob1 loc1 loc5 (1)
put_down_content rob1 box1 valve loc5 wor5_1 (1)
move rob1 loc5 loc1 (1)
pick_up_content rob1 box1 tool loc1 wor1_1 (1)
move rob1 loc1 loc5 (1)
put_down_content rob1 box1 tool loc5 wor5_1 (1)
move rob1 loc5 loc1 (1)
move rob1 loc1 central_warehouse (1)
pick_up_content_at_cw rob1 box1 tool (1)
move rob1 central_warehouse loc1 (1)
put_down_content rob1 box1 tool loc1 wor1_1 (1)
[t=0.0054545s, 410597152 KB] Plan length: 24 step(s).
[t=0.0054545s, 410597152 KB] Plan cost: 24
[t=0.0054545s, 410597152 KB] Expanded 165 state(s).
[t=0.0054545s, 410597152 KB] Reopened 0 state(s).
[t=0.0054545s, 410597152 KB] Evaluated 166 state(s).
[t=0.0054545s, 410597152 KB] Evaluations: 166
[t=0.0054545s, 410597152 KB] Generated 594 state(s).
[t=0.0054545s, 410597152 KB] Dead ends: 0 state(s).
[t=0.0054545s, 410597152 KB] Number of registered states: 166
[t=0.0054545s, 410597152 KB] Int hash set load factor: 166/256 = 0.648438
[t=0.0054545s, 410597152 KB] Int hash set resizes: 8
[t=0.0054545s, 410597152 KB] Search time: 0.00234863s
[t=0.0054545s, 410597152 KB] Total time: 0.0054545s
Solution found.
Peak memory: 410597152 KB
Remove intermediate file output.sas
search exit code: 0

INFO     Planner time: 0.08s
