Parsing...
Contains quantified condition(s): False
Instantiating...
Trivial rules: Converted to facts.
Starting instantiation [166 rules]...
Finding invariants...
Finding invariants... 32 initial candidates
[0.020s CPU, 0.016s wall-clock]
Checking invariant weight... [0.000s CPU, 0.000s wall-clock]
Instantiating groups...
Choosing groups...
211 uncovered facts (before using the results from the invariant synthesis)
45 uncovered facts
Building translation key...
Building STRIPS to SAS dictionary...
Translating task...
Processing axioms...
Found 0 axioms that are always true and 0 that are always false
constrained 5055 conditions
Writing output...
Done!
contains_quantified_conditions: 0
Building causal graph...
The causal graph is not acyclic.
variable var54 is not necessary!
variable var55 is not necessary!
variable var56 is not necessary!
73 variables of 76 necessary
4155 of 4155 operators necessary.
0 of 0 Axiom_relational rules necessary.
3 of 3 Axiom_functional rules necessary.
Building domain transition graphs...
solveable in poly time 0
Building successor generator...
all_operator_indices.size(): 4155
Writing output...
printing SG 
73
done


Planner Paramters:
Anytime Search: Disabled
Timeout if plan was found: 0 seconds (no timeout)
Timeout while no plan was found: 0 seconds (no timeout)
Greedy Search: Disabled
Verbose: Enabled
Lazy Heuristic Evaluation: Enabled
Use caching in heuristic.
Cyclic CG heuristic: Enabled 	Preferred Operators: Enabled
Makespan heuristic: Disabled 	Preferred Operators: Disabled
No Heuristic: Disabled
Cg Heuristic Zero Cost Waiting Transitions: Enabled
Cg Heuristic Fire Waiting Transitions Only If Local Problems Matches State: Disabled
PrefOpsOrderedMode: Enabled with 1 goals
PrefOpsCheapestMode: Enabled with 1 goals
PrefOpsMostExpensiveMode: Disabled with 1000 goals
PrefOpsRandMode: Disabled with 1000 goals
PrefOpsConcurrentMode: Disabled
Reset after solution was found: Enabled
Reward only preferred operators queue: Disabled
GValues by: Timestamp
Queue management mode: Priority based
Known by logical state only filtering: Disabled
use_subgoals_to_break_makespan_ties: Disabled
Reschedule plans: Enabled
Epsilonize internally: Enabled
Epsilonize externally: Disabled
Keep original plans: Enabled
Plan name: "./output_plan"
Plan monitor file: "" (no monitoring)
Monitoring verify timestamps: Disabled

Contains universal conditions: 0
Giving prior boost to open list 0
INIT
Open list sizes (priorities): 0 (-5000),  0 (0),  0 (0),  0 (0), 
Initializing cyclic causal graph heuristic...done.
Best heuristic values of queues: 174/-1/-1/-1 [expanded 1 state(s)]
Best heuristic values of queues: 152.98/-1/-1/-1 [expanded 3 state(s)]
Best heuristic values of queues: 150/-1/-1/-1 [expanded 4 state(s)]
Best heuristic values of queues: 139.98/-1/-1/-1 [expanded 6 state(s)]
Best heuristic values of queues: 138/-1/-1/-1 [expanded 7 state(s)]
Best heuristic values of queues: 132/-1/-1/-1 [expanded 12 state(s)]
Best heuristic values of queues: 130.98/-1/-1/-1 [expanded 13 state(s)]
Best heuristic values of queues: 130/-1/-1/-1 [expanded 14 state(s)]
Best heuristic values of queues: 116/-1/-1/-1 [expanded 18 state(s)]
Best heuristic values of queues: 114.98/-1/-1/-1 [expanded 20 state(s)]
Best heuristic values of queues: 114/-1/-1/-1 [expanded 22 state(s)]
Best heuristic values of queues: 110.98/-1/-1/-1 [expanded 24 state(s)]
Best heuristic values of queues: 108/-1/-1/-1 [expanded 26 state(s)]
Best heuristic values of queues: 89/-1/-1/-1 [expanded 41 state(s)]
Best heuristic values of queues: 88.98/-1/-1/-1 [expanded 71 state(s)]
Best heuristic values of queues: 88/-1/-1/-1 [expanded 72 state(s)]
Best heuristic values of queues: 84.98/-1/-1/-1 [expanded 75 state(s)]
Best heuristic values of queues: 78.98/-1/-1/-1 [expanded 77 state(s)]
Best heuristic values of queues: 76/-1/-1/-1 [expanded 78 state(s)]
Best heuristic values of queues: 73.98/-1/-1/-1 [expanded 80 state(s)]
Best heuristic values of queues: 72/-1/-1/-1 [expanded 81 state(s)]
Best heuristic values of queues: 71.98/-1/-1/-1 [expanded 83 state(s)]
Best heuristic values of queues: 71/-1/-1/-1 [expanded 84 state(s)]
Best heuristic values of queues: 70.98/-1/-1/-1 [expanded 85 state(s)]
Best heuristic values of queues: 1/-1/-1/-1 [expanded 86 state(s)]
Best heuristic values of queues: 0/-1/-1/-1 [expanded 88 state(s)]
New solution has been found.

Found new plan:
0.00000000: (robot_attach_carrier walker carrier1 central_warehouse) [3.00000000]
3.01000000: (robot_load_box walker carrier1 box1 central_warehouse) [2.00000000]
5.02000000: (pick_up_content_at_cw walker carrier1 box1 tool) [1.00000000]
6.03000000: (move_walking walker central_warehouse loc1) [20.00000000]
26.04000000: (put_down_content walker carrier1 box1 loc1 tool wor1) [1.00000000]
27.05000000: (move_walking walker loc1 central_warehouse) [20.00000000]
47.06000000: (pick_up_content_at_cw walker carrier1 box1 valve) [1.00000000]
48.07000000: (robot_detach_carrier walker carrier1 central_warehouse) [3.00000000]
51.08000000: (robot_attach_carrier jumper carrier1 central_warehouse) [3.00000000]
54.09000000: (move_jumping jumper central_warehouse loc1 loc2) [30.00000000]
84.10000000: (put_down_content jumper carrier1 box1 loc2 valve wor2) [1.00000000]
85.11000000: (robot_attach_carrier walker carrier2 central_warehouse) [3.00000000]
85.12000000: (robot_attach_carrier drone carrier3 central_warehouse) [3.00000000]
88.13000000: (robot_load_box drone carrier3 box6 central_warehouse) [2.00000000]
90.14000000: (pick_up_content_at_cw drone carrier3 box6 valve) [1.00000000]
91.15000000: (move_flying drone central_warehouse loc5) [70.00000000]
161.16000000: (put_down_content drone carrier3 box6 loc5 valve wor5) [1.00000000]
Rescheduled Plan:
0.00100000: (robot_attach_carrier walker carrier1 central_warehouse) [3.00000000]
3.01100000: (robot_load_box walker carrier1 box1 central_warehouse) [2.00000000]
5.02100000: (pick_up_content_at_cw walker carrier1 box1 tool) [1.00000000]
6.03100000: (move_walking walker central_warehouse loc1) [20.00000000]
26.04100000: (put_down_content walker carrier1 box1 loc1 tool wor1) [1.00000000]
27.05100000: (move_walking walker loc1 central_warehouse) [20.00000000]
47.06100000: (pick_up_content_at_cw walker carrier1 box1 valve) [1.00000000]
48.07100000: (robot_detach_carrier walker carrier1 central_warehouse) [3.00000000]
51.08100000: (robot_attach_carrier jumper carrier1 central_warehouse) [3.00000000]
54.09200000: (move_jumping jumper central_warehouse loc1 loc2) [30.00000000]
84.10200000: (put_down_content jumper carrier1 box1 loc2 valve wor2) [1.00000000]
51.08200000: (robot_attach_carrier walker carrier2 central_warehouse) [3.00000000]
51.09200000: (robot_attach_carrier drone carrier3 central_warehouse) [3.00000000]
54.10200000: (robot_load_box drone carrier3 box6 central_warehouse) [2.00000000]
56.11200000: (pick_up_content_at_cw drone carrier3 box6 valve) [1.00000000]
57.12200000: (move_flying drone central_warehouse loc5) [70.00000000]
127.13200000: (put_down_content drone carrier3 box6 loc5 valve wor5) [1.00000000]
Solution with original makespan 162.16 found (ignoring no-moving-targets-rule).
Plan length: 17 step(s).
Makespan   : 128.132
Rescheduled Makespan   : 128.132
Search time: 0.04 seconds - Walltime: 0.035583 seconds
Total time: 0.13 seconds - Walltime: 0.128498 seconds
0.00100000: (robot_attach_carrier walker carrier1 central_warehouse) [3.00000000]
3.01100000: (robot_load_box walker carrier1 box1 central_warehouse) [2.00000000]
5.02100000: (pick_up_content_at_cw walker carrier1 box1 tool) [1.00000000]
6.03100000: (move_walking walker central_warehouse loc1) [20.00000000]
26.04100000: (put_down_content walker carrier1 box1 loc1 tool wor1) [1.00000000]
27.05100000: (move_walking walker loc1 central_warehouse) [20.00000000]
47.06100000: (pick_up_content_at_cw walker carrier1 box1 valve) [1.00000000]
48.07100000: (robot_detach_carrier walker carrier1 central_warehouse) [3.00000000]
51.08100000: (robot_attach_carrier jumper carrier1 central_warehouse) [3.00000000]
54.09200000: (move_jumping jumper central_warehouse loc1 loc2) [30.00000000]
84.10200000: (put_down_content jumper carrier1 box1 loc2 valve wor2) [1.00000000]
51.08200000: (robot_attach_carrier walker carrier2 central_warehouse) [3.00000000]
51.09200000: (robot_attach_carrier drone carrier3 central_warehouse) [3.00000000]
54.10200000: (robot_load_box drone carrier3 box6 central_warehouse) [2.00000000]
56.11200000: (pick_up_content_at_cw drone carrier3 box6 valve) [1.00000000]
57.12200000: (move_flying drone central_warehouse loc5) [70.00000000]
127.13200000: (put_down_content drone carrier3 box6 loc5 valve wor5) [1.00000000]