Number of literals: 213
Constructing lookup tables: [10%] [20%] [30%] [40%] [50%] [60%] [70%] [80%] [90%] [100%]
Post filtering unreachable actions:  [10%] [20%] [30%] [40%] [50%] [60%] [70%] [80%] [90%] [100%]
Have identified that bigger values of (carrier_capacity carrier1) are preferable
Have identified that bigger values of (carrier_capacity carrier2) are preferable
Have identified that bigger values of (carrier_capacity carrier3) are preferable
Seeing if metric is defined in terms of task vars or a minimal value of makespan
- Yes it is
Recognised a monotonic-change-induced limit on -1.000*<special>
- Must be >=  the metric
For limits: literal goal index 0, fact (content_at_location_at_workstation tool loc1 wor1), is static or a precondition
For limits: literal goal index 1, fact (content_at_location_at_workstation valve loc2 wor2), is static or a precondition
For limits: literal goal index 2, fact (content_at_location_at_workstation tool loc4 wor4), is static or a precondition
For limits: literal goal index 3, fact (content_at_location_at_workstation valve loc5 wor5), is static or a precondition
All the ground actions in this problem are compression-safe
Initial heuristic = 14.000, admissible cost estimate 71.002
b (13.000 | 5.001)b (12.000 | 60.001)b (11.000 | 70.000)b (10.000 | 70.000)b (9.000 | 120.003)b (8.000 | 120.003)b (7.000 | 248.016)b (6.000 | 248.016)b (5.000 | 248.016)b (4.000 | 249.017)b (3.000 | 285.018)b (2.000 | 332.017)b (1.000 | 340.020)(G)
; LP calculated the cost

; Plan found with metric 341.022
; Theoretical reachable cost 341.022
; States evaluated so far: 7488
; States pruned based on pre-heuristic cost lower bound: 0
; Time 24.90
0.000: (robot_attach_carrier walker carrier1 central_warehouse)  [3.000]
0.000: (move_jumping jumper central_warehouse loc1 loc2)  [30.000]
0.000: (move_flying drone central_warehouse loc5)  [70.000]
3.001: (robot_load_box walker carrier1 box1 central_warehouse)  [2.000]
5.002: (pick_up_content_at_cw walker carrier1 box1 tool)  [1.000]
6.003: (move_walking walker central_warehouse loc1)  [20.000]
26.004: (put_down_content walker carrier1 box1 loc1 tool wor1)  [1.000]
27.005: (move_walking walker loc1 loc2)  [20.000]
30.001: (move_jumping jumper loc2 loc3 loc4)  [30.000]
47.006: (move_walking walker loc2 loc3)  [20.000]
60.002: (move_jumping jumper loc4 loc3 loc2)  [30.000]
67.007: (move_walking walker loc3 loc4)  [20.000]
87.008: (move_walking walker loc4 loc5)  [20.000]
90.003: (move_jumping jumper loc2 loc1 central_warehouse)  [30.000]
107.009: (robot_detach_carrier walker carrier1 loc5)  [3.000]
110.010: (robot_attach_carrier drone carrier1 loc5)  [3.000]
110.010: (move_walking walker loc5 loc4)  [20.000]
113.011: (move_flying drone loc5 central_warehouse)  [70.000]
120.004: (robot_attach_carrier jumper carrier2 central_warehouse)  [3.000]
130.011: (move_walking walker loc4 loc3)  [20.000]
150.012: (move_walking walker loc3 loc4)  [20.000]
170.013: (move_walking walker loc4 loc5)  [20.000]
183.012: (robot_unload_box drone carrier1 box1 central_warehouse)  [2.000]
185.013: (robot_load_box jumper carrier2 box1 central_warehouse)  [2.000]
185.013: (robot_load_box drone carrier1 box2 central_warehouse)  [2.000]
187.014: (pick_up_content_at_cw jumper carrier2 box1 tool)  [1.000]
187.014: (pick_up_content_at_cw drone carrier1 box2 valve)  [1.000]
188.015: (move_jumping jumper central_warehouse loc1 loc2)  [30.000]
188.015: (move_flying drone central_warehouse loc5)  [70.000]
218.016: (move_jumping jumper loc2 loc3 loc4)  [30.000]
248.017: (put_down_content jumper carrier2 box1 loc4 tool wor4)  [1.000]
249.018: (move_jumping jumper loc4 loc3 loc2)  [30.000]
258.016: (put_down_content drone carrier1 box2 loc5 valve wor5)  [1.000]
259.017: (robot_detach_carrier drone carrier1 loc5)  [3.000]
262.018: (robot_attach_carrier walker carrier1 loc5)  [3.000]
262.018: (move_flying drone loc5 loc2)  [70.000]
265.019: (move_walking walker loc5 loc4)  [20.000]
279.019: (move_jumping jumper loc2 loc1 central_warehouse)  [30.000]
309.020: (pick_up_content_at_cw jumper carrier2 box1 valve)  [1.000]
310.021: (move_jumping jumper central_warehouse loc1 loc2)  [30.000]
340.022: (put_down_content jumper carrier2 box1 loc2 valve wor2)  [1.000]

 * All goal deadlines now no later than 341.022

Resorting to best-first search
Running WA* with W = 5.000, not restarting with goal states
b (13.000 | 30.000)b (13.000 | 5.001)b (12.000 | 30.000)b (11.000 | 77.004)b (10.000 | 77.004)b (9.000 | 77.004)b (8.000 | 153.007)b (5.000 | 185.010)b (4.000 | 227.011)b (3.000 | 227.011)b (2.000 | 227.011)b (1.000 | 227.011)(G)
; LP calculated the cost

; Plan found with metric 227.011
; Theoretical reachable cost 227.012
; States evaluated so far: 69306
; States pruned based on pre-heuristic cost lower bound: 0
; Time 207.54
0.000: (robot_attach_carrier drone carrier1 central_warehouse)  [3.000]
0.000: (robot_attach_carrier walker carrier2 central_warehouse)  [3.000]
3.001: (robot_load_box drone carrier1 box1 central_warehouse)  [2.000]
3.001: (robot_load_box walker carrier2 box2 central_warehouse)  [2.000]
5.002: (pick_up_content_at_cw drone carrier1 box1 valve)  [1.000]
5.002: (pick_up_content_at_cw walker carrier2 box2 tool)  [1.000]
6.003: (move_flying drone central_warehouse loc5)  [70.000]
6.003: (move_walking walker central_warehouse loc1)  [20.000]
26.004: (move_walking walker loc1 loc2)  [20.000]
46.005: (move_walking walker loc2 loc3)  [20.000]
66.006: (move_walking walker loc3 loc4)  [20.000]
76.004: (put_down_content drone carrier1 box1 loc5 valve wor5)  [1.000]
77.005: (move_flying drone loc5 central_warehouse)  [70.000]
86.007: (put_down_content walker carrier2 box2 loc4 tool wor4)  [1.000]
147.006: (robot_detach_carrier drone carrier1 central_warehouse)  [3.000]
150.007: (robot_attach_carrier drone carrier3 central_warehouse)  [3.000]
153.008: (robot_load_box drone carrier3 box3 central_warehouse)  [2.000]
155.009: (pick_up_content_at_cw drone carrier3 box3 tool)  [1.000]
156.010: (move_flying drone central_warehouse loc1)  [70.000]
192.008: (robot_attach_carrier jumper carrier1 central_warehouse)  [3.000]
195.009: (pick_up_content_at_cw jumper carrier1 box1 valve)  [1.000]
196.010: (move_jumping jumper central_warehouse loc1 loc2)  [30.000]
226.011: (put_down_content jumper carrier1 box1 loc2 valve wor2)  [1.000]
226.011: (put_down_content drone carrier3 box3 loc1 tool wor1)  [1.000]

 * All goal deadlines now no later than 227.011