PANDA - Planning and Acting in a Network Decomposition Architecture
Believe us: It's great, it's fantastic!

PANDA Copyright (C) 2014-2018 Gregor Behnke, Pascal Bercher, Thomas Geier, Kadir
Dede, Daniel Höller, Kristof Mickeleit, Matthias Englert
This program comes with ABSOLUTELY NO WARRANTY
This is free software, and you are welcome to redistribute it under certain
conditions; run PANDA with -license for details.

Main Developers:
- Gregor Behnke, http://www.uni-ulm.de/in/ki/behnke
- Daniel Höller, http://www.uni-ulm.de/in/ki/hoeller

With many thanks to various further contributors.
Run PANDA with the command line argument -contributors for an extensive list.

Run it with -help for more information like available options.


PANDA was called with: "-parser hddl -timelimit 120 domain.hddl problems/problem_1_5.hddl"


Planner Configuration
=====================
Domain: domain.hddl
Problem: problems/problem_1_5.hddl
Output: none

Planning Configuration
======================
	printGeneralInformation : true
	printAdditionalData     : true
	random seed             : 42
	time limit (in seconds) : 120

	external programs:


	Parsing Configuration
	---------------------
	Parser                : HDDL Parser (Daniel's format)
	Expand Sort Hierarchy : true
	ClosedWordAssumption  : true
	CompileSHOPMethods    : true
	Eliminate Equality    : true
	Strip Hybridity       : true
	Reduce General Tasks  : true
	
	Preprocessing Configuration
	---------------------------
	Compile negative preconditions    : true
	Compile unit methods              : false
	Compile order in methods          : false
	Compile initial plan              : true
	Ensure Methods Have Last Task     : false
	Split independent parameters      : true
	Remove unnecessary predicates     : true
	Expand choiceless abstract tasks  : true
	Domain Cleanup                    : true
	Convert to SAS+                   : false
	Grounded Reachability Analysis    : Planning Graph (mutex-free)
	Grounded Task Decomposition Graph : Two Way TDG
	Iterate reachability analysis     : true
	Ground domain                     : true
	Iterate reachability analysis     : true
	Stop directly after grounding     : false
	
	Progression-search Configuration
	--------------------------------
	Search Algorithm                 : AStarActionsType(2.0)
	Heuristic                        : hhRC(hFF)
	Abstract task selection strategy : random
	
	Post-processing Configuration
	-----------------------------
	search status
	search result
	timings
	statistics
#0 "00 global:01:problem"="problem_1_5.hddl";"00 global:00:domain"="domain.hddl"
Parsing domain ... done
Preparing internal domain representation ... done.
Initial domain
	number of abstract tasks = 5
	number of tasks = 40
	number of decomposition methods = 24
	number of predicates = 20
	number of sorts = 8
	number of tasks in largest method = 4
	number of primitive SHOP tasks = 24
	number of epsilon methods = 0
	number of primitive tasks = 35
	number of constants = 29
Compiling negative preconditions ... done.
	number of abstract tasks = 5
	number of tasks = 40
	number of decomposition methods = 24
	number of predicates = 40
	number of sorts = 8
	number of tasks in largest method = 4
	number of primitive SHOP tasks = 24
	number of epsilon methods = 0
	number of primitive tasks = 35
	number of constants = 29
Compiling split parameters ... done.
	number of abstract tasks = 9
	number of tasks = 44
	number of decomposition methods = 28
	number of predicates = 40
	number of sorts = 8
	number of tasks in largest method = 4
	number of primitive SHOP tasks = 24
	number of epsilon methods = 0
	number of primitive tasks = 35
	number of constants = 29
Lifted reachability analysis and domain cleanup ... done.
	number of abstract tasks = 9
	number of tasks = 37
	number of decomposition methods = 25
	number of predicates = 28
	number of sorts = 8
	number of tasks in largest method = 4
	number of primitive SHOP tasks = 21
	number of epsilon methods = 0
	number of primitive tasks = 28
	number of constants = 29
Grounded planning graph ... done in 148ms.
	Number of Grounded Actions 1634
	Number of Grounded Literals 161
	number of abstract tasks = 9
	number of tasks = 37
	number of decomposition methods = 25
	number of predicates = 28
	number of sorts = 8
	number of tasks in largest method = 4
	number of primitive SHOP tasks = 21
	number of epsilon methods = 0
	number of primitive tasks = 28
	number of constants = 29
Two Way TDG ... done.
	number of abstract tasks = 9
	number of tasks = 37
	number of decomposition methods = 25
	number of predicates = 28
	number of sorts = 8
	number of tasks in largest method = 4
	number of primitive SHOP tasks = 21
	number of epsilon methods = 0
	number of primitive tasks = 28
	number of constants = 29
Grounding ... done.
	number of abstract tasks = 35
	number of tasks = 1601
	number of decomposition methods = 948
	number of predicates = 167
	number of sorts = 0
	number of tasks in largest method = 4
	number of primitive SHOP tasks = 842
	number of epsilon methods = 0
	number of primitive tasks = 1566
	number of constants = 0
Removing unnecessary predicates ... done.
	number of abstract tasks = 35
	number of tasks = 1601
	number of decomposition methods = 948
	number of predicates = 116
	number of sorts = 0
	number of tasks in largest method = 4
	number of primitive SHOP tasks = 842
	number of epsilon methods = 0
	number of primitive tasks = 1566
	number of constants = 0
Omitting lifted reachability analysis ... 
Grounded planning graph ... done in 141ms.
	Number of Grounded Actions 1566
	Number of Grounded Literals 116
	number of abstract tasks = 35
	number of tasks = 1601
	number of decomposition methods = 948
	number of predicates = 116
	number of sorts = 0
	number of tasks in largest method = 4
	number of primitive SHOP tasks = 842
	number of epsilon methods = 0
	number of primitive tasks = 1566
	number of constants = 0
Two Way TDG ... done.
	number of abstract tasks = 35
	number of tasks = 1601
	number of decomposition methods = 942
	number of predicates = 116
	number of sorts = 0
	number of tasks in largest method = 4
	number of primitive SHOP tasks = 842
	number of epsilon methods = 0
	number of primitive tasks = 1566
	number of constants = 0
Compiling expand choiceless abstract tasks ... done.
	number of abstract tasks = 33
	number of tasks = 1599
	number of decomposition methods = 940
	number of predicates = 116
	number of sorts = 0
	number of tasks in largest method = 4
	number of primitive SHOP tasks = 842
	number of epsilon methods = 0
	number of primitive tasks = 1566
	number of constants = 0
Compiling initial plan ... done.
	number of abstract tasks = 34
	number of tasks = 1600
	number of decomposition methods = 941
	number of predicates = 116
	number of sorts = 0
	number of tasks in largest method = 4
	number of primitive SHOP tasks = 842
	number of epsilon methods = 0
	number of primitive tasks = 1566
	number of constants = 0
Removing unnecessary predicates ... done.
	number of abstract tasks = 34
	number of tasks = 1600
	number of decomposition methods = 941
	number of predicates = 116
	number of sorts = 0
	number of tasks in largest method = 4
	number of primitive SHOP tasks = 842
	number of epsilon methods = 0
	number of primitive tasks = 1566
	number of constants = 0
Omitting lifted reachability analysis ... 
Grounded planning graph ... done in 48ms.
	Number of Grounded Actions 1566
	Number of Grounded Literals 116
	number of abstract tasks = 34
	number of tasks = 1600
	number of decomposition methods = 941
	number of predicates = 116
	number of sorts = 0
	number of tasks in largest method = 4
	number of primitive SHOP tasks = 842
	number of epsilon methods = 0
	number of primitive tasks = 1566
	number of constants = 0
Two Way TDG ... done.
	number of abstract tasks = 34
	number of tasks = 1600
	number of decomposition methods = 941
	number of predicates = 116
	number of sorts = 0
	number of tasks in largest method = 4
	number of primitive SHOP tasks = 842
	number of epsilon methods = 0
	number of primitive tasks = 1566
	number of constants = 0
Compiling expand choiceless abstract tasks ... done.
	number of abstract tasks = 33
	number of tasks = 1599
	number of decomposition methods = 940
	number of predicates = 116
	number of sorts = 0
	number of tasks in largest method = 4
	number of primitive SHOP tasks = 842
	number of epsilon methods = 0
	number of primitive tasks = 1566
	number of constants = 0
Compiling initial plan ... done.
	number of abstract tasks = 34
	number of tasks = 1600
	number of decomposition methods = 941
	number of predicates = 116
	number of sorts = 0
	number of tasks in largest method = 4
	number of primitive SHOP tasks = 842
	number of epsilon methods = 0
	number of primitive tasks = 1566
	number of constants = 0
Removing unnecessary predicates ... done.
	number of abstract tasks = 34
	number of tasks = 1600
	number of decomposition methods = 941
	number of predicates = 116
	number of sorts = 0
	number of tasks in largest method = 4
	number of primitive SHOP tasks = 842
	number of epsilon methods = 0
	number of primitive tasks = 1566
	number of constants = 0
Tasks 1566 - 4
Domain is acyclic: false
Domain is mostly acyclic: false
Domain is regular: false
Domain is tail recursive: true
Domain is totally ordered: true
Domain has last task in all methods: true
Time remaining for planner 118772ms
Reducing flat domain ... done.
 - Reduced number of operators from 1566 to 1566
 - Reduced number of state-bits from 94 to 94
Generating Relaxed Composition Model ...
Calculating top down reachability ...
 - Found 1600 SCCs with up to 1 tasks.
 - Reachability calculated in 7 ms.
 - model has 2507 operators
 - model has 3260 state features
 - operators' mean count of (pre, add, del) = (5,80, 1,99, 0,98)
 - effects' mean achiever count: 1,99
 - effects' mean consumer count: 5,80

Searching with 
 - Priority Queue search routine
 - A-Star search
 - HTN heuristic:hhRelataxedComposition-with-hFF-EQ
 - Abstract task choice: randomly
 - time limit for search is 120 sec

Starting priority queue search
Found solution 1 length 31
Number of nodes in final fringe: 837
Generated search nodes (total): 1192
Search time: 248 ms

Found a solution:
__top_4 @ __artificialTopCompilation__top_4
method_deliver_0[?b=box2,?l=loc4,?con=valve,?w=wor4,?r=jumper2,?car=carrier2] @ deliver[valve,wor4]
SHOP_methodmethod_deliver_0_22_precondition[wor4,loc4]
method_get_content_3[?con=valve,?car=carrier2,?r=jumper2] @ get_content[jumper2,valve]
SHOP_methodmethod_get_content_3_20_precondition[jumper2,carrier2]
method_get_carrier_2[?car=carrier2,?r=jumper2,?l=central_warehouse] @ get_carrier[jumper2,carrier2]
SHOP_methodmethod_get_carrier_2_8_precondition[jumper2,carrier2,central_warehouse]
method_move_0[?r=jumper2,?l=central_warehouse] @ move[jumper2,central_warehouse]
SHOP_methodmethod_move_0_0_precondition[jumper2,central_warehouse,central_warehouse]
robot_attach_carrier[jumper2,carrier2,central_warehouse]
method_get_content_2[?con=valve,?car=carrier2,?r=jumper2,?b=box2] @ get_content[jumper2,valve]
SHOP_methodmethod_get_content_2_19_precondition[jumper2,carrier2,box2]
method_get_box_1[?b=box2,?m=zero,?n=one,varToConstConstant(zero)=zero,?l=central_warehouse,?car=carrier2,?r=jumper2] @ get_box[jumper2,box2]
SHOP_methodmethod_get_box_1_11_precondition[zero,jumper2,one,box2,zero,central_warehouse,carrier2]
method_move_0[?r=jumper2,?l=central_warehouse] @ move[jumper2,central_warehouse]
SHOP_methodmethod_move_0_0_precondition[jumper2,central_warehouse,central_warehouse]
robot_load_box[jumper2,carrier2,box2,central_warehouse,one,zero]
method_get_content_1[?r=jumper2,?con=valve,?b=box2,pick_up_content_at_cwvarToConstConstant(central_warehouse)=central_warehouse,?car=carrier2] @ get_content[jumper2,valve]
SHOP_methodmethod_get_content_1_18_precondition[jumper2,carrier2,box2]
method_move_0[?r=jumper2,?l=central_warehouse] @ move[jumper2,central_warehouse]
SHOP_methodmethod_move_0_0_precondition[jumper2,central_warehouse,central_warehouse]
pick_up_content_at_cw[jumper2,valve,carrier2,box2,central_warehouse]
method_move_jumping_2[?r=jumper2,?from=central_warehouse,?l=loc4,?half1=loc1,?half2=loc2] @ move[jumper2,loc4]
SHOP_methodmethod_move_jumping_2_5_precondition[central_warehouse,loc1,loc2,jumper2,loc4]
move_jumping[jumper2,central_warehouse,loc1,loc2]
method_move_jumping_1[?from=loc2,?r=jumper2,?l=loc4,?half=loc3] @ move[jumper2,loc4]
SHOP_methodmethod_move_jumping_1_4_precondition[jumper2,loc2,loc3,loc4]
move_jumping[jumper2,loc2,loc3,loc4]
put_down_content[jumper2,carrier2,box2,valve,loc4,wor4]
method_deliver_0[?b=box2,?l=loc6,?con=tool,?w=wor6,?r=jumper2,?car=carrier2] @ deliver[tool,wor6]
SHOP_methodmethod_deliver_0_22_precondition[wor6,loc6]
method_get_content_1[?r=jumper2,?con=tool,?b=box2,pick_up_content_at_cwvarToConstConstant(central_warehouse)=central_warehouse,?car=carrier2] @ get_content[jumper2,tool]
SHOP_methodmethod_get_content_1_18_precondition[jumper2,carrier2,box2]
method_move_jumping_2[?r=jumper2,?from=loc4,?l=central_warehouse,?half1=loc3,?half2=loc2] @ move[jumper2,central_warehouse]
SHOP_methodmethod_move_jumping_2_5_precondition[loc4,loc3,loc2,jumper2,central_warehouse]
move_jumping[jumper2,loc4,loc3,loc2]
method_move_jumping_1[?from=loc2,?r=jumper2,?l=central_warehouse,?half=loc1] @ move[jumper2,central_warehouse]
SHOP_methodmethod_move_jumping_1_4_precondition[jumper2,loc2,loc1,central_warehouse]
move_jumping[jumper2,loc2,loc1,central_warehouse]
pick_up_content_at_cw[jumper2,tool,carrier2,box2,central_warehouse]
method_move_jumping_2[?r=jumper2,?from=central_warehouse,?l=loc6,?half1=loc1,?half2=loc2] @ move[jumper2,loc6]
SHOP_methodmethod_move_jumping_2_5_precondition[central_warehouse,loc1,loc2,jumper2,loc6]
move_jumping[jumper2,central_warehouse,loc1,loc2]
method_move_jumping_2[?r=jumper2,?from=loc2,?l=loc6,?half1=loc3,?half2=loc4] @ move[jumper2,loc6]
SHOP_methodmethod_move_jumping_2_5_precondition[loc2,loc3,loc4,jumper2,loc6]
move_jumping[jumper2,loc2,loc3,loc4]
method_move_jumping_1[?from=loc4,?r=jumper2,?l=loc6,?half=loc5] @ move[jumper2,loc6]
SHOP_methodmethod_move_jumping_1_4_precondition[jumper2,loc4,loc5,loc6]
move_jumping[jumper2,loc4,loc5,loc6]
put_down_content[jumper2,carrier2,box2,tool,loc6,wor6]
It contains 50 modifications, including 31 actions.
Panda says: SOLUTION
============ global ============
randomseed     = 42
peak memory    = 183526440
planner result = SOLUTION
============ properties ============
acyclic                  = false
mostly acyclic           = false
regular                  = false
tail recursive           = true
totally ordered          = true
last task in all methods = true
============ problem ============
number of constants                  = 0
number of predicates                 = 116
number of actions                    = 1600
number of abstract actions           = 34
number of primitive actions          = 1566
number of methods                    = 941
number of primitive shop actions     = 842
number of primitive non-shop actions = 724
size of largest method               = 4
average method size                  = 2
============ progression ============
status                 = solved
aStar                  = 1
heuristic              = hhRelataxedComposition-with-hFF-EQ
numSearchNodes         = 1192
numPrimTasks           = 31
numShopTasks           = 0
numDecompositions      = 19
findShortestPlan       = 0
foundShortestPlanAfter = 247
foundFirstPlanAfter    = 247
foundPlans             = 1

----------------- TIMINGS -----------------
============ total ============
total = 1520
============ parsing ============
total                         = 208
file parser                   = 95
sort expansion                = 42
closed world assumption       = 22
inherit preconditions         = 0
shop methods                  = 9
eliminate identical variables = 14
strip domain of hybridity     = 1
flatten formula               = 25
============ preprocessing ============
total                                      = 946
compile negative preconditions             = 11
compile unit methods                       = 0
split parameter                            = 17
expand choiceless abstract tasks           = 17
compile methods with identical tasks       = 0
removing unnecessary predicates            = 116
lifted reachabiltiy analysis               = 29
grounded planning graph analysis           = 404
grounded task decomposition graph analysis = 238
grounding                                  = 99
create artificial top task                 = 2
============ progression ============
searchTime = 247

#1 "30 problem:05:number of primitive actions"="1566";"30 problem:01:number of constants"="0";"30 problem:04:number of abstract actions"="34";"02 properties:04:tail recursive"="true";"30 progression:04:numSearchNodes"="1192";"30 progression:06:numPrimTasks"="31";"00 global:80:peak memory"="183526440";"30 progression:93:foundFirstPlanAfter"="247";"02 properties:02:mostly acyclic"="false";"30 problem:06:number of methods"="941";"30 problem:07:number of primitive shop actions"="842";"02 properties:05:totally ordered"="true";"02 properties:06:last task in all methods"="true";"30 problem:03:number of actions"="1600";"30 problem:08:number of primitive non-shop actions"="724";"30 problem:02:number of predicates"="116";"30 progression:01:status"="solved";"30 progression:03:heuristic"="hhRelataxedComposition-with-hFF-EQ";"30 problem:10:average method size"="2";"02 properties:03:regular"="false";"30 problem:09:size of largest method"="4";"30 progression:08:numDecompositions"="19";"00 global:90:planner result"="SOLUTION";"02 properties:01:acyclic"="false";"30 progression:02:aStar"="1";"30 progression:92:foundShortestPlanAfter"="247";"00 global:02:randomseed"="42";"30 progression:07:numShopTasks"="0";"30 progression:91:findShortestPlan"="0";"30 progression:94:foundPlans"="1";"01 parsing:01:file parser"="95";"01 parsing:08:flatten formula"="25";"02 preprocessing:07:compile methods with identical tasks"="0";"01 parsing:07:strip domain of hybridity"="1";"02 preprocessing:08:removing unnecessary predicates"="116";"01 parsing:03:closed world assumption"="22";"02 preprocessing:11:lifted reachabiltiy analysis"="29";"01 parsing:02:sort expansion"="42";"01 parsing:00:total"="208";"30 progression:01:searchTime"="247";"01 parsing:04:inherit preconditions"="0";"02 preprocessing:01:compile negative preconditions"="11";"00 total:00:total"="1520";"02 preprocessing:12:grounded planning graph analysis"="404";"02 preprocessing:02:compile unit methods"="0";"02 preprocessing:23:grounded task decomposition graph analysis"="238";"02 preprocessing:04:split parameter"="17";"01 parsing:05:shop methods"="9";"01 parsing:06:eliminate identical variables"="14";"02 preprocessing:05:expand choiceless abstract tasks"="17";"02 preprocessing:00:total"="946";"02 preprocessing:99:create artificial top task"="2";"02 preprocessing:84:grounding"="99"
SOLUTION SEQUENCE
0: SHOP_methodmethod_deliver_0_22_precondition(wor4,loc4)
1: SHOP_methodmethod_get_content_3_20_precondition(jumper2,carrier2)
2: SHOP_methodmethod_get_carrier_2_8_precondition(jumper2,carrier2,central_warehouse)
3: SHOP_methodmethod_move_0_0_precondition(jumper2,central_warehouse,central_warehouse)
4: robot_attach_carrier(jumper2,carrier2,central_warehouse)
5: SHOP_methodmethod_get_content_2_19_precondition(jumper2,carrier2,box2)
6: SHOP_methodmethod_get_box_1_11_precondition(zero,jumper2,one,box2,zero,central_warehouse,carrier2)
7: SHOP_methodmethod_move_0_0_precondition(jumper2,central_warehouse,central_warehouse)
8: robot_load_box(jumper2,carrier2,box2,central_warehouse,one,zero)
9: SHOP_methodmethod_get_content_1_18_precondition(jumper2,carrier2,box2)
10: SHOP_methodmethod_move_0_0_precondition(jumper2,central_warehouse,central_warehouse)
11: pick_up_content_at_cw(jumper2,valve,carrier2,box2,central_warehouse)
12: SHOP_methodmethod_move_jumping_2_5_precondition(central_warehouse,loc1,loc2,jumper2,loc4)
13: move_jumping(jumper2,central_warehouse,loc1,loc2)
14: SHOP_methodmethod_move_jumping_1_4_precondition(jumper2,loc2,loc3,loc4)
15: move_jumping(jumper2,loc2,loc3,loc4)
16: put_down_content(jumper2,carrier2,box2,valve,loc4,wor4)
17: SHOP_methodmethod_deliver_0_22_precondition(wor6,loc6)
18: SHOP_methodmethod_get_content_1_18_precondition(jumper2,carrier2,box2)
19: SHOP_methodmethod_move_jumping_2_5_precondition(loc4,loc3,loc2,jumper2,central_warehouse)
20: move_jumping(jumper2,loc4,loc3,loc2)
21: SHOP_methodmethod_move_jumping_1_4_precondition(jumper2,loc2,loc1,central_warehouse)
22: move_jumping(jumper2,loc2,loc1,central_warehouse)
23: pick_up_content_at_cw(jumper2,tool,carrier2,box2,central_warehouse)
24: SHOP_methodmethod_move_jumping_2_5_precondition(central_warehouse,loc1,loc2,jumper2,loc6)
25: move_jumping(jumper2,central_warehouse,loc1,loc2)
26: SHOP_methodmethod_move_jumping_2_5_precondition(loc2,loc3,loc4,jumper2,loc6)
27: move_jumping(jumper2,loc2,loc3,loc4)
28: SHOP_methodmethod_move_jumping_1_4_precondition(jumper2,loc4,loc5,loc6)
29: move_jumping(jumper2,loc4,loc5,loc6)
30: put_down_content(jumper2,carrier2,box2,tool,loc6,wor6)
