PANDA - Planning and Acting in a Network Decomposition Architecture
Believe us: It's great, it's fantastic!

PANDA Copyright (C) 2014-2018 Gregor Behnke, Pascal Bercher, Thomas Geier, Kadir
Dede, Daniel Höller, Kristof Mickeleit, Matthias Englert
This program comes with ABSOLUTELY NO WARRANTY
This is free software, and you are welcome to redistribute it under certain
conditions; run PANDA with -license for details.

Main Developers:
- Gregor Behnke, http://www.uni-ulm.de/in/ki/behnke
- Daniel Höller, http://www.uni-ulm.de/in/ki/hoeller

With many thanks to various further contributors.
Run PANDA with the command line argument -contributors for an extensive list.

Run it with -help for more information like available options.


PANDA was called with: "-parser hddl -timelimit 120 domain.hddl problems/problem_1_9.hddl"


Planner Configuration
=====================
Domain: domain.hddl
Problem: problems/problem_1_9.hddl
Output: none

Planning Configuration
======================
	printGeneralInformation : true
	printAdditionalData     : true
	random seed             : 42
	time limit (in seconds) : 120

	external programs:


	Parsing Configuration
	---------------------
	Parser                : HDDL Parser (Daniel's format)
	Expand Sort Hierarchy : true
	ClosedWordAssumption  : true
	CompileSHOPMethods    : true
	Eliminate Equality    : true
	Strip Hybridity       : true
	Reduce General Tasks  : true
	
	Preprocessing Configuration
	---------------------------
	Compile negative preconditions    : true
	Compile unit methods              : false
	Compile order in methods          : false
	Compile initial plan              : true
	Ensure Methods Have Last Task     : false
	Split independent parameters      : true
	Remove unnecessary predicates     : true
	Expand choiceless abstract tasks  : true
	Domain Cleanup                    : true
	Convert to SAS+                   : false
	Grounded Reachability Analysis    : Planning Graph (mutex-free)
	Grounded Task Decomposition Graph : Two Way TDG
	Iterate reachability analysis     : true
	Ground domain                     : true
	Iterate reachability analysis     : true
	Stop directly after grounding     : false
	
	Progression-search Configuration
	--------------------------------
	Search Algorithm                 : AStarActionsType(2.0)
	Heuristic                        : hhRC(hFF)
	Abstract task selection strategy : random
	
	Post-processing Configuration
	-----------------------------
	search status
	search result
	timings
	statistics
#0 "00 global:01:problem"="problem_1_9.hddl";"00 global:00:domain"="domain.hddl"
Parsing domain ... done
Preparing internal domain representation ... done.
Initial domain
	number of abstract tasks = 5
	number of tasks = 40
	number of decomposition methods = 24
	number of predicates = 20
	number of sorts = 8
	number of tasks in largest method = 4
	number of primitive SHOP tasks = 24
	number of epsilon methods = 0
	number of primitive tasks = 35
	number of constants = 29
Compiling negative preconditions ... done.
	number of abstract tasks = 5
	number of tasks = 40
	number of decomposition methods = 24
	number of predicates = 40
	number of sorts = 8
	number of tasks in largest method = 4
	number of primitive SHOP tasks = 24
	number of epsilon methods = 0
	number of primitive tasks = 35
	number of constants = 29
Compiling split parameters ... done.
	number of abstract tasks = 9
	number of tasks = 44
	number of decomposition methods = 28
	number of predicates = 40
	number of sorts = 8
	number of tasks in largest method = 4
	number of primitive SHOP tasks = 24
	number of epsilon methods = 0
	number of primitive tasks = 35
	number of constants = 29
Lifted reachability analysis and domain cleanup ... done.
	number of abstract tasks = 9
	number of tasks = 39
	number of decomposition methods = 26
	number of predicates = 28
	number of sorts = 8
	number of tasks in largest method = 4
	number of primitive SHOP tasks = 22
	number of epsilon methods = 0
	number of primitive tasks = 30
	number of constants = 29
Grounded planning graph ... done in 192ms.
	Number of Grounded Actions 2340
	Number of Grounded Literals 176
	number of abstract tasks = 9
	number of tasks = 39
	number of decomposition methods = 26
	number of predicates = 28
	number of sorts = 8
	number of tasks in largest method = 4
	number of primitive SHOP tasks = 22
	number of epsilon methods = 0
	number of primitive tasks = 30
	number of constants = 29
Two Way TDG ... done.
	number of abstract tasks = 9
	number of tasks = 39
	number of decomposition methods = 26
	number of predicates = 28
	number of sorts = 8
	number of tasks in largest method = 4
	number of primitive SHOP tasks = 22
	number of epsilon methods = 0
	number of primitive tasks = 30
	number of constants = 29
Grounding ... done.
	number of abstract tasks = 38
	number of tasks = 2183
	number of decomposition methods = 1251
	number of predicates = 179
	number of sorts = 0
	number of tasks in largest method = 4
	number of primitive SHOP tasks = 1133
	number of epsilon methods = 0
	number of primitive tasks = 2145
	number of constants = 0
Removing unnecessary predicates ... done.
	number of abstract tasks = 38
	number of tasks = 2183
	number of decomposition methods = 1251
	number of predicates = 134
	number of sorts = 0
	number of tasks in largest method = 4
	number of primitive SHOP tasks = 1133
	number of epsilon methods = 0
	number of primitive tasks = 2145
	number of constants = 0
Omitting lifted reachability analysis ... 
Grounded planning graph ... done in 176ms.
	Number of Grounded Actions 2145
	Number of Grounded Literals 134
	number of abstract tasks = 38
	number of tasks = 2183
	number of decomposition methods = 1251
	number of predicates = 134
	number of sorts = 0
	number of tasks in largest method = 4
	number of primitive SHOP tasks = 1133
	number of epsilon methods = 0
	number of primitive tasks = 2145
	number of constants = 0
Two Way TDG ... done.
	number of abstract tasks = 38
	number of tasks = 2183
	number of decomposition methods = 1245
	number of predicates = 134
	number of sorts = 0
	number of tasks in largest method = 4
	number of primitive SHOP tasks = 1133
	number of epsilon methods = 0
	number of primitive tasks = 2145
	number of constants = 0
Compiling expand choiceless abstract tasks ... done.
	number of abstract tasks = 36
	number of tasks = 2181
	number of decomposition methods = 1243
	number of predicates = 134
	number of sorts = 0
	number of tasks in largest method = 4
	number of primitive SHOP tasks = 1133
	number of epsilon methods = 0
	number of primitive tasks = 2145
	number of constants = 0
Compiling initial plan ... done.
	number of abstract tasks = 37
	number of tasks = 2182
	number of decomposition methods = 1244
	number of predicates = 134
	number of sorts = 0
	number of tasks in largest method = 4
	number of primitive SHOP tasks = 1133
	number of epsilon methods = 0
	number of primitive tasks = 2145
	number of constants = 0
Removing unnecessary predicates ... done.
	number of abstract tasks = 37
	number of tasks = 2182
	number of decomposition methods = 1244
	number of predicates = 134
	number of sorts = 0
	number of tasks in largest method = 4
	number of primitive SHOP tasks = 1133
	number of epsilon methods = 0
	number of primitive tasks = 2145
	number of constants = 0
Omitting lifted reachability analysis ... 
Grounded planning graph ... done in 75ms.
	Number of Grounded Actions 2145
	Number of Grounded Literals 134
	number of abstract tasks = 37
	number of tasks = 2182
	number of decomposition methods = 1244
	number of predicates = 134
	number of sorts = 0
	number of tasks in largest method = 4
	number of primitive SHOP tasks = 1133
	number of epsilon methods = 0
	number of primitive tasks = 2145
	number of constants = 0
Two Way TDG ... done.
	number of abstract tasks = 37
	number of tasks = 2182
	number of decomposition methods = 1244
	number of predicates = 134
	number of sorts = 0
	number of tasks in largest method = 4
	number of primitive SHOP tasks = 1133
	number of epsilon methods = 0
	number of primitive tasks = 2145
	number of constants = 0
Compiling expand choiceless abstract tasks ... done.
	number of abstract tasks = 36
	number of tasks = 2181
	number of decomposition methods = 1243
	number of predicates = 134
	number of sorts = 0
	number of tasks in largest method = 4
	number of primitive SHOP tasks = 1133
	number of epsilon methods = 0
	number of primitive tasks = 2145
	number of constants = 0
Compiling initial plan ... done.
	number of abstract tasks = 37
	number of tasks = 2182
	number of decomposition methods = 1244
	number of predicates = 134
	number of sorts = 0
	number of tasks in largest method = 4
	number of primitive SHOP tasks = 1133
	number of epsilon methods = 0
	number of primitive tasks = 2145
	number of constants = 0
Removing unnecessary predicates ... done.
	number of abstract tasks = 37
	number of tasks = 2182
	number of decomposition methods = 1244
	number of predicates = 134
	number of sorts = 0
	number of tasks in largest method = 4
	number of primitive SHOP tasks = 1133
	number of epsilon methods = 0
	number of primitive tasks = 2145
	number of constants = 0
Tasks 2145 - 4
Domain is acyclic: false
Domain is mostly acyclic: false
Domain is regular: false
Domain is tail recursive: true
Domain is totally ordered: true
Domain has last task in all methods: true
Time remaining for planner 118560ms
Reducing flat domain ... done.
 - Reduced number of operators from 2145 to 2145
 - Reduced number of state-bits from 112 to 112
Generating Relaxed Composition Model ...
Calculating top down reachability ...
 - Found 2182 SCCs with up to 1 tasks.
 - Reachability calculated in 9 ms.
 - model has 3389 operators
 - model has 4439 state features
 - operators' mean count of (pre, add, del) = (5,78, 2,01, 1,01)
 - effects' mean achiever count: 2,01
 - effects' mean consumer count: 5,78

Searching with 
 - Priority Queue search routine
 - A-Star search
 - HTN heuristic:hhRelataxedComposition-with-hFF-EQ
 - Abstract task choice: randomly
 - time limit for search is 120 sec

Starting priority queue search
Found solution 1 length 23
Number of nodes in final fringe: 1160
Generated search nodes (total): 1335
Search time: 323 ms

Found a solution:
__top_4 @ __artificialTopCompilation__top_4
method_deliver_0[?b=box1,?l=loc4,?con=valve,?w=wor4,?r=drone,?car=carrier2] @ deliver[valve,wor4]
SHOP_methodmethod_deliver_0_22_precondition[wor4,loc4]
method_get_content_3[?r=drone,?con=valve,?car=carrier2] @ get_content[drone,valve]
SHOP_methodmethod_get_content_3_20_precondition[drone,carrier2]
method_get_carrier_2[?r=drone,?car=carrier2,?l=central_warehouse] @ get_carrier[drone,carrier2]
SHOP_methodmethod_get_carrier_2_8_precondition[drone,carrier2,central_warehouse]
method_move_0[?l=central_warehouse,?r=drone] @ move[drone,central_warehouse]
SHOP_methodmethod_move_0_0_precondition[drone,central_warehouse,central_warehouse]
robot_attach_carrier[drone,carrier2,central_warehouse]
method_get_content_2[?r=drone,?con=valve,?car=carrier2,?b=box1] @ get_content[drone,valve]
SHOP_methodmethod_get_content_2_19_precondition[drone,carrier2,box1]
method_get_box_1[?b=box1,?m=zero,?n=one,?r=drone,varToConstConstant(zero)=zero,?l=central_warehouse,?car=carrier2] @ get_box[drone,box1]
SHOP_methodmethod_get_box_1_11_precondition[zero,one,drone,box1,zero,central_warehouse,carrier2]
method_move_0[?l=central_warehouse,?r=drone] @ move[drone,central_warehouse]
SHOP_methodmethod_move_0_0_precondition[drone,central_warehouse,central_warehouse]
robot_load_box[drone,carrier2,box1,central_warehouse,one,zero]
method_get_content_1[?con=valve,?b=box1,pick_up_content_at_cwvarToConstConstant(central_warehouse)=central_warehouse,?car=carrier2,?r=drone] @ get_content[drone,valve]
SHOP_methodmethod_get_content_1_18_precondition[drone,carrier2,box1]
method_move_0[?l=central_warehouse,?r=drone] @ move[drone,central_warehouse]
SHOP_methodmethod_move_0_0_precondition[drone,central_warehouse,central_warehouse]
pick_up_content_at_cw[drone,valve,carrier2,box1,central_warehouse]
method_move_flying_1[?l=loc4,?r=drone,?from=central_warehouse] @ move[drone,loc4]
SHOP_methodmethod_move_flying_1_3_precondition[drone,central_warehouse,loc4]
move_flying[drone,central_warehouse,loc4]
put_down_content[drone,carrier2,box1,valve,loc4,wor4]
method_deliver_0[?b=box1,?l=loc6,?con=tool,?w=wor6,?r=drone,?car=carrier2] @ deliver[tool,wor6]
SHOP_methodmethod_deliver_0_22_precondition[wor6,loc6]
method_get_content_1[?con=tool,?b=box1,pick_up_content_at_cwvarToConstConstant(central_warehouse)=central_warehouse,?car=carrier2,?r=drone] @ get_content[drone,tool]
SHOP_methodmethod_get_content_1_18_precondition[drone,carrier2,box1]
method_move_flying_1[?l=central_warehouse,?r=drone,?from=loc4] @ move[drone,central_warehouse]
SHOP_methodmethod_move_flying_1_3_precondition[drone,loc4,central_warehouse]
move_flying[drone,loc4,central_warehouse]
pick_up_content_at_cw[drone,tool,carrier2,box1,central_warehouse]
method_move_flying_1[?l=loc6,?r=drone,?from=central_warehouse] @ move[drone,loc6]
SHOP_methodmethod_move_flying_1_3_precondition[drone,central_warehouse,loc6]
move_flying[drone,central_warehouse,loc6]
put_down_content[drone,carrier2,box1,tool,loc6,wor6]
It contains 38 modifications, including 23 actions.
Panda says: SOLUTION
============ global ============
randomseed     = 42
peak memory    = 224970152
planner result = SOLUTION
============ properties ============
acyclic                  = false
mostly acyclic           = false
regular                  = false
tail recursive           = true
totally ordered          = true
last task in all methods = true
============ problem ============
number of constants                  = 0
number of predicates                 = 134
number of actions                    = 2182
number of abstract actions           = 37
number of primitive actions          = 2145
number of methods                    = 1244
number of primitive shop actions     = 1133
number of primitive non-shop actions = 1012
size of largest method               = 4
average method size                  = 2
============ progression ============
status                 = solved
aStar                  = 1
heuristic              = hhRelataxedComposition-with-hFF-EQ
numSearchNodes         = 1335
numPrimTasks           = 23
numShopTasks           = 0
numDecompositions      = 15
findShortestPlan       = 0
foundShortestPlanAfter = 321
foundFirstPlanAfter    = 322
foundPlans             = 1

----------------- TIMINGS -----------------
============ total ============
total = 1865
============ parsing ============
total                         = 209
file parser                   = 95
sort expansion                = 44
closed world assumption       = 21
inherit preconditions         = 0
shop methods                  = 9
eliminate identical variables = 14
strip domain of hybridity     = 1
flatten formula               = 25
============ preprocessing ============
total                                      = 1133
compile negative preconditions             = 13
compile unit methods                       = 0
split parameter                            = 12
expand choiceless abstract tasks           = 19
compile methods with identical tasks       = 0
removing unnecessary predicates            = 154
lifted reachabiltiy analysis               = 28
grounded planning graph analysis           = 517
grounded task decomposition graph analysis = 251
grounding                                  = 130
create artificial top task                 = 1
============ progression ============
searchTime = 322

#1 "30 problem:05:number of primitive actions"="2145";"30 problem:01:number of constants"="0";"30 problem:04:number of abstract actions"="37";"02 properties:04:tail recursive"="true";"30 progression:04:numSearchNodes"="1335";"30 progression:06:numPrimTasks"="23";"00 global:80:peak memory"="224970152";"30 progression:93:foundFirstPlanAfter"="322";"02 properties:02:mostly acyclic"="false";"30 problem:06:number of methods"="1244";"30 problem:07:number of primitive shop actions"="1133";"02 properties:05:totally ordered"="true";"02 properties:06:last task in all methods"="true";"30 problem:03:number of actions"="2182";"30 problem:08:number of primitive non-shop actions"="1012";"30 problem:02:number of predicates"="134";"30 progression:01:status"="solved";"30 progression:03:heuristic"="hhRelataxedComposition-with-hFF-EQ";"30 problem:10:average method size"="2";"02 properties:03:regular"="false";"30 problem:09:size of largest method"="4";"30 progression:08:numDecompositions"="15";"00 global:90:planner result"="SOLUTION";"02 properties:01:acyclic"="false";"30 progression:02:aStar"="1";"30 progression:92:foundShortestPlanAfter"="321";"00 global:02:randomseed"="42";"30 progression:07:numShopTasks"="0";"30 progression:91:findShortestPlan"="0";"30 progression:94:foundPlans"="1";"01 parsing:01:file parser"="95";"01 parsing:08:flatten formula"="25";"02 preprocessing:07:compile methods with identical tasks"="0";"01 parsing:07:strip domain of hybridity"="1";"02 preprocessing:08:removing unnecessary predicates"="154";"01 parsing:03:closed world assumption"="21";"02 preprocessing:11:lifted reachabiltiy analysis"="28";"01 parsing:02:sort expansion"="44";"01 parsing:00:total"="209";"30 progression:01:searchTime"="322";"01 parsing:04:inherit preconditions"="0";"02 preprocessing:01:compile negative preconditions"="13";"00 total:00:total"="1865";"02 preprocessing:12:grounded planning graph analysis"="517";"02 preprocessing:02:compile unit methods"="0";"02 preprocessing:23:grounded task decomposition graph analysis"="251";"02 preprocessing:04:split parameter"="12";"01 parsing:05:shop methods"="9";"01 parsing:06:eliminate identical variables"="14";"02 preprocessing:05:expand choiceless abstract tasks"="19";"02 preprocessing:00:total"="1133";"02 preprocessing:99:create artificial top task"="1";"02 preprocessing:84:grounding"="130"
SOLUTION SEQUENCE
0: SHOP_methodmethod_deliver_0_22_precondition(wor4,loc4)
1: SHOP_methodmethod_get_content_3_20_precondition(drone,carrier2)
2: SHOP_methodmethod_get_carrier_2_8_precondition(drone,carrier2,central_warehouse)
3: SHOP_methodmethod_move_0_0_precondition(drone,central_warehouse,central_warehouse)
4: robot_attach_carrier(drone,carrier2,central_warehouse)
5: SHOP_methodmethod_get_content_2_19_precondition(drone,carrier2,box1)
6: SHOP_methodmethod_get_box_1_11_precondition(zero,one,drone,box1,zero,central_warehouse,carrier2)
7: SHOP_methodmethod_move_0_0_precondition(drone,central_warehouse,central_warehouse)
8: robot_load_box(drone,carrier2,box1,central_warehouse,one,zero)
9: SHOP_methodmethod_get_content_1_18_precondition(drone,carrier2,box1)
10: SHOP_methodmethod_move_0_0_precondition(drone,central_warehouse,central_warehouse)
11: pick_up_content_at_cw(drone,valve,carrier2,box1,central_warehouse)
12: SHOP_methodmethod_move_flying_1_3_precondition(drone,central_warehouse,loc4)
13: move_flying(drone,central_warehouse,loc4)
14: put_down_content(drone,carrier2,box1,valve,loc4,wor4)
15: SHOP_methodmethod_deliver_0_22_precondition(wor6,loc6)
16: SHOP_methodmethod_get_content_1_18_precondition(drone,carrier2,box1)
17: SHOP_methodmethod_move_flying_1_3_precondition(drone,loc4,central_warehouse)
18: move_flying(drone,loc4,central_warehouse)
19: pick_up_content_at_cw(drone,tool,carrier2,box1,central_warehouse)
20: SHOP_methodmethod_move_flying_1_3_precondition(drone,central_warehouse,loc6)
21: move_flying(drone,central_warehouse,loc6)
22: put_down_content(drone,carrier2,box1,tool,loc6,wor6)
