PANDA - Planning and Acting in a Network Decomposition Architecture
Believe us: It's great, it's fantastic!

PANDA Copyright (C) 2014-2018 Gregor Behnke, Pascal Bercher, Thomas Geier, Kadir
Dede, Daniel Höller, Kristof Mickeleit, Matthias Englert
This program comes with ABSOLUTELY NO WARRANTY
This is free software, and you are welcome to redistribute it under certain
conditions; run PANDA with -license for details.

Main Developers:
- Gregor Behnke, http://www.uni-ulm.de/in/ki/behnke
- Daniel Höller, http://www.uni-ulm.de/in/ki/hoeller

With many thanks to various further contributors.
Run PANDA with the command line argument -contributors for an extensive list.

Run it with -help for more information like available options.


PANDA was called with: "-parser hddl -timelimit 120 domain.hddl problems/problem_3_3.hddl"


Planner Configuration
=====================
Domain: domain.hddl
Problem: problems/problem_3_3.hddl
Output: none

Planning Configuration
======================
	printGeneralInformation : true
	printAdditionalData     : true
	random seed             : 42
	time limit (in seconds) : 120

	external programs:


	Parsing Configuration
	---------------------
	Parser                : HDDL Parser (Daniel's format)
	Expand Sort Hierarchy : true
	ClosedWordAssumption  : true
	CompileSHOPMethods    : true
	Eliminate Equality    : true
	Strip Hybridity       : true
	Reduce General Tasks  : true
	
	Preprocessing Configuration
	---------------------------
	Compile negative preconditions    : true
	Compile unit methods              : false
	Compile order in methods          : false
	Compile initial plan              : true
	Ensure Methods Have Last Task     : false
	Split independent parameters      : true
	Remove unnecessary predicates     : true
	Expand choiceless abstract tasks  : true
	Domain Cleanup                    : true
	Convert to SAS+                   : false
	Grounded Reachability Analysis    : Planning Graph (mutex-free)
	Grounded Task Decomposition Graph : Two Way TDG
	Iterate reachability analysis     : true
	Ground domain                     : true
	Iterate reachability analysis     : true
	Stop directly after grounding     : false
	
	Progression-search Configuration
	--------------------------------
	Search Algorithm                 : AStarActionsType(2.0)
	Heuristic                        : hhRC(hFF)
	Abstract task selection strategy : random
	
	Post-processing Configuration
	-----------------------------
	search status
	search result
	timings
	statistics
#0 "00 global:01:problem"="problem_3_3.hddl";"00 global:00:domain"="domain.hddl"
Parsing domain ... done
Preparing internal domain representation ... done.
Initial domain
	number of abstract tasks = 5
	number of tasks = 40
	number of decomposition methods = 24
	number of predicates = 20
	number of sorts = 8
	number of tasks in largest method = 4
	number of primitive SHOP tasks = 24
	number of epsilon methods = 0
	number of primitive tasks = 35
	number of constants = 26
Compiling negative preconditions ... done.
	number of abstract tasks = 5
	number of tasks = 40
	number of decomposition methods = 24
	number of predicates = 40
	number of sorts = 8
	number of tasks in largest method = 4
	number of primitive SHOP tasks = 24
	number of epsilon methods = 0
	number of primitive tasks = 35
	number of constants = 26
Compiling split parameters ... done.
	number of abstract tasks = 9
	number of tasks = 44
	number of decomposition methods = 28
	number of predicates = 40
	number of sorts = 8
	number of tasks in largest method = 4
	number of primitive SHOP tasks = 24
	number of epsilon methods = 0
	number of primitive tasks = 35
	number of constants = 26
Lifted reachability analysis and domain cleanup ... done.
	number of abstract tasks = 9
	number of tasks = 36
	number of decomposition methods = 24
	number of predicates = 28
	number of sorts = 8
	number of tasks in largest method = 4
	number of primitive SHOP tasks = 20
	number of epsilon methods = 0
	number of primitive tasks = 27
	number of constants = 26
Grounded planning graph ... done in 87ms.
	Number of Grounded Actions 252
	Number of Grounded Literals 124
	number of abstract tasks = 7
	number of tasks = 32
	number of decomposition methods = 20
	number of predicates = 28
	number of sorts = 8
	number of tasks in largest method = 4
	number of primitive SHOP tasks = 18
	number of epsilon methods = 0
	number of primitive tasks = 25
	number of constants = 26
Two Way TDG ... done.
	number of abstract tasks = 7
	number of tasks = 32
	number of decomposition methods = 20
	number of predicates = 28
	number of sorts = 8
	number of tasks in largest method = 4
	number of primitive SHOP tasks = 18
	number of epsilon methods = 0
	number of primitive tasks = 25
	number of constants = 26
Grounding ... done.
	number of abstract tasks = 17
	number of tasks = 244
	number of decomposition methods = 172
	number of predicates = 142
	number of sorts = 0
	number of tasks in largest method = 4
	number of primitive SHOP tasks = 127
	number of epsilon methods = 0
	number of primitive tasks = 227
	number of constants = 0
Removing unnecessary predicates ... done.
	number of abstract tasks = 17
	number of tasks = 244
	number of decomposition methods = 172
	number of predicates = 72
	number of sorts = 0
	number of tasks in largest method = 4
	number of primitive SHOP tasks = 127
	number of epsilon methods = 0
	number of primitive tasks = 227
	number of constants = 0
Omitting lifted reachability analysis ... 
Grounded planning graph ... done in 44ms.
	Number of Grounded Actions 227
	Number of Grounded Literals 72
	number of abstract tasks = 17
	number of tasks = 244
	number of decomposition methods = 172
	number of predicates = 72
	number of sorts = 0
	number of tasks in largest method = 4
	number of primitive SHOP tasks = 127
	number of epsilon methods = 0
	number of primitive tasks = 227
	number of constants = 0
Two Way TDG ... done.
	number of abstract tasks = 17
	number of tasks = 244
	number of decomposition methods = 166
	number of predicates = 72
	number of sorts = 0
	number of tasks in largest method = 4
	number of primitive SHOP tasks = 127
	number of epsilon methods = 0
	number of primitive tasks = 227
	number of constants = 0
Compiling expand choiceless abstract tasks ... done.
	number of abstract tasks = 15
	number of tasks = 242
	number of decomposition methods = 164
	number of predicates = 72
	number of sorts = 0
	number of tasks in largest method = 4
	number of primitive SHOP tasks = 127
	number of epsilon methods = 0
	number of primitive tasks = 227
	number of constants = 0
Compiling initial plan ... done.
	number of abstract tasks = 16
	number of tasks = 243
	number of decomposition methods = 165
	number of predicates = 72
	number of sorts = 0
	number of tasks in largest method = 4
	number of primitive SHOP tasks = 127
	number of epsilon methods = 0
	number of primitive tasks = 227
	number of constants = 0
Removing unnecessary predicates ... done.
	number of abstract tasks = 16
	number of tasks = 243
	number of decomposition methods = 165
	number of predicates = 72
	number of sorts = 0
	number of tasks in largest method = 4
	number of primitive SHOP tasks = 127
	number of epsilon methods = 0
	number of primitive tasks = 227
	number of constants = 0
Omitting lifted reachability analysis ... 
Grounded planning graph ... done in 24ms.
	Number of Grounded Actions 227
	Number of Grounded Literals 72
	number of abstract tasks = 16
	number of tasks = 243
	number of decomposition methods = 165
	number of predicates = 72
	number of sorts = 0
	number of tasks in largest method = 4
	number of primitive SHOP tasks = 127
	number of epsilon methods = 0
	number of primitive tasks = 227
	number of constants = 0
Two Way TDG ... done.
	number of abstract tasks = 16
	number of tasks = 243
	number of decomposition methods = 165
	number of predicates = 72
	number of sorts = 0
	number of tasks in largest method = 4
	number of primitive SHOP tasks = 127
	number of epsilon methods = 0
	number of primitive tasks = 227
	number of constants = 0
Compiling expand choiceless abstract tasks ... done.
	number of abstract tasks = 15
	number of tasks = 242
	number of decomposition methods = 164
	number of predicates = 72
	number of sorts = 0
	number of tasks in largest method = 4
	number of primitive SHOP tasks = 127
	number of epsilon methods = 0
	number of primitive tasks = 227
	number of constants = 0
Compiling initial plan ... done.
	number of abstract tasks = 16
	number of tasks = 243
	number of decomposition methods = 165
	number of predicates = 72
	number of sorts = 0
	number of tasks in largest method = 4
	number of primitive SHOP tasks = 127
	number of epsilon methods = 0
	number of primitive tasks = 227
	number of constants = 0
Removing unnecessary predicates ... done.
	number of abstract tasks = 16
	number of tasks = 243
	number of decomposition methods = 165
	number of predicates = 72
	number of sorts = 0
	number of tasks in largest method = 4
	number of primitive SHOP tasks = 127
	number of epsilon methods = 0
	number of primitive tasks = 227
	number of constants = 0
Tasks 227 - 4
Domain is acyclic: false
Domain is mostly acyclic: false
Domain is regular: false
Domain is tail recursive: true
Domain is totally ordered: true
Domain has last task in all methods: true
Time remaining for planner 119255ms
Reducing flat domain ... done.
 - Reduced number of operators from 227 to 227
 - Reduced number of state-bits from 68 to 68
Generating Relaxed Composition Model ...
Calculating top down reachability ...
 - Found 243 SCCs with up to 1 tasks.
 - Reachability calculated in 2 ms.
 - model has 392 operators
 - model has 538 state features
 - operators' mean count of (pre, add, del) = (4,49, 1,77, 0,76)
 - effects' mean achiever count: 1,77
 - effects' mean consumer count: 4,49

Searching with 
 - Priority Queue search routine
 - A-Star search
 - HTN heuristic:hhRelataxedComposition-with-hFF-EQ
 - Abstract task choice: randomly
 - time limit for search is 120 sec

Starting priority queue search
Found solution 1 length 23
Number of nodes in final fringe: 173
Generated search nodes (total): 347
Search time: 24 ms

Found a solution:
__top_4 @ __artificialTopCompilation__top_4
method_deliver_0[?con=valve,?r=drone,?car=carrier1,?b=box2,?l=loc2,?w=wor2] @ deliver[valve,wor2]
SHOP_methodmethod_deliver_0_22_precondition[wor2,loc2]
method_get_content_3[?car=carrier1,?con=valve,?r=drone] @ get_content[drone,valve]
SHOP_methodmethod_get_content_3_20_precondition[drone,carrier1]
method_get_carrier_2[?r=drone,?l=central_warehouse,?car=carrier1] @ get_carrier[drone,carrier1]
SHOP_methodmethod_get_carrier_2_8_precondition[drone,carrier1,central_warehouse]
method_move_0[?r=drone,?l=central_warehouse] @ move[drone,central_warehouse]
SHOP_methodmethod_move_0_0_precondition[drone,central_warehouse,central_warehouse]
robot_attach_carrier[drone,carrier1,central_warehouse]
method_get_content_2[?car=carrier1,?b=box2,?con=valve,?r=drone] @ get_content[drone,valve]
SHOP_methodmethod_get_content_2_19_precondition[drone,carrier1,box2]
method_get_box_1[?m=zero,?n=one,varToConstConstant(zero)=zero,?b=box2,?car=carrier1,?r=drone,?l=central_warehouse] @ get_box[drone,box2]
SHOP_methodmethod_get_box_1_11_precondition[box2,zero,one,drone,zero,carrier1,central_warehouse]
method_move_0[?r=drone,?l=central_warehouse] @ move[drone,central_warehouse]
SHOP_methodmethod_move_0_0_precondition[drone,central_warehouse,central_warehouse]
robot_load_box[drone,carrier1,box2,central_warehouse,one,zero]
method_get_content_1[pick_up_content_at_cwvarToConstConstant(central_warehouse)=central_warehouse,?r=drone,?car=carrier1,?b=box2,?con=valve] @ get_content[drone,valve]
SHOP_methodmethod_get_content_1_18_precondition[drone,carrier1,box2]
method_move_0[?r=drone,?l=central_warehouse] @ move[drone,central_warehouse]
SHOP_methodmethod_move_0_0_precondition[drone,central_warehouse,central_warehouse]
pick_up_content_at_cw[drone,valve,carrier1,box2,central_warehouse]
method_move_flying_1[?r=drone,?l=loc2,?from=central_warehouse] @ move[drone,loc2]
SHOP_methodmethod_move_flying_1_3_precondition[drone,central_warehouse,loc2]
move_flying[drone,central_warehouse,loc2]
put_down_content[drone,carrier1,box2,valve,loc2,wor2]
method_deliver_0[?con=tool,?r=drone,?car=carrier1,?b=box2,?l=loc4,?w=wor4] @ deliver[tool,wor4]
SHOP_methodmethod_deliver_0_22_precondition[wor4,loc4]
method_get_content_1[pick_up_content_at_cwvarToConstConstant(central_warehouse)=central_warehouse,?r=drone,?car=carrier1,?b=box2,?con=tool] @ get_content[drone,tool]
SHOP_methodmethod_get_content_1_18_precondition[drone,carrier1,box2]
method_move_flying_1[?r=drone,?l=central_warehouse,?from=loc2] @ move[drone,central_warehouse]
SHOP_methodmethod_move_flying_1_3_precondition[drone,loc2,central_warehouse]
move_flying[drone,loc2,central_warehouse]
pick_up_content_at_cw[drone,tool,carrier1,box2,central_warehouse]
method_move_flying_1[?r=drone,?l=loc4,?from=central_warehouse] @ move[drone,loc4]
SHOP_methodmethod_move_flying_1_3_precondition[drone,central_warehouse,loc4]
move_flying[drone,central_warehouse,loc4]
put_down_content[drone,carrier1,box2,tool,loc4,wor4]
It contains 38 modifications, including 23 actions.
Panda says: SOLUTION
============ global ============
randomseed     = 42
peak memory    = 84787016
planner result = SOLUTION
============ properties ============
acyclic                  = false
mostly acyclic           = false
regular                  = false
tail recursive           = true
totally ordered          = true
last task in all methods = true
============ problem ============
number of constants                  = 0
number of predicates                 = 72
number of actions                    = 243
number of abstract actions           = 16
number of primitive actions          = 227
number of methods                    = 165
number of primitive shop actions     = 127
number of primitive non-shop actions = 100
size of largest method               = 4
average method size                  = 2
============ progression ============
status                 = solved
aStar                  = 1
heuristic              = hhRelataxedComposition-with-hFF-EQ
numSearchNodes         = 347
numPrimTasks           = 23
numShopTasks           = 0
numDecompositions      = 15
findShortestPlan       = 0
foundShortestPlanAfter = 23
foundFirstPlanAfter    = 23
foundPlans             = 1

----------------- TIMINGS -----------------
============ total ============
total = 788
============ parsing ============
total                         = 230
file parser                   = 96
sort expansion                = 42
closed world assumption       = 27
inherit preconditions         = 0
shop methods                  = 11
eliminate identical variables = 17
strip domain of hybridity     = 1
flatten formula               = 34
============ preprocessing ============
total                                      = 482
compile negative preconditions             = 15
compile unit methods                       = 0
split parameter                            = 14
expand choiceless abstract tasks           = 14
compile methods with identical tasks       = 0
removing unnecessary predicates            = 37
lifted reachabiltiy analysis               = 33
grounded planning graph analysis           = 209
grounded task decomposition graph analysis = 105
grounding                                  = 43
create artificial top task                 = 1
============ progression ============
searchTime = 23

#1 "30 problem:05:number of primitive actions"="227";"30 problem:01:number of constants"="0";"30 problem:04:number of abstract actions"="16";"02 properties:04:tail recursive"="true";"30 progression:04:numSearchNodes"="347";"30 progression:06:numPrimTasks"="23";"00 global:80:peak memory"="84787016";"30 progression:93:foundFirstPlanAfter"="23";"02 properties:02:mostly acyclic"="false";"30 problem:06:number of methods"="165";"30 problem:07:number of primitive shop actions"="127";"02 properties:05:totally ordered"="true";"02 properties:06:last task in all methods"="true";"30 problem:03:number of actions"="243";"30 problem:08:number of primitive non-shop actions"="100";"30 problem:02:number of predicates"="72";"30 progression:01:status"="solved";"30 progression:03:heuristic"="hhRelataxedComposition-with-hFF-EQ";"30 problem:10:average method size"="2";"02 properties:03:regular"="false";"30 problem:09:size of largest method"="4";"30 progression:08:numDecompositions"="15";"00 global:90:planner result"="SOLUTION";"02 properties:01:acyclic"="false";"30 progression:02:aStar"="1";"30 progression:92:foundShortestPlanAfter"="23";"00 global:02:randomseed"="42";"30 progression:07:numShopTasks"="0";"30 progression:91:findShortestPlan"="0";"30 progression:94:foundPlans"="1";"01 parsing:01:file parser"="96";"01 parsing:08:flatten formula"="34";"02 preprocessing:07:compile methods with identical tasks"="0";"01 parsing:07:strip domain of hybridity"="1";"02 preprocessing:08:removing unnecessary predicates"="37";"01 parsing:03:closed world assumption"="27";"02 preprocessing:11:lifted reachabiltiy analysis"="33";"01 parsing:02:sort expansion"="42";"01 parsing:00:total"="230";"30 progression:01:searchTime"="23";"01 parsing:04:inherit preconditions"="0";"02 preprocessing:01:compile negative preconditions"="15";"00 total:00:total"="788";"02 preprocessing:12:grounded planning graph analysis"="209";"02 preprocessing:02:compile unit methods"="0";"02 preprocessing:23:grounded task decomposition graph analysis"="105";"02 preprocessing:04:split parameter"="14";"01 parsing:05:shop methods"="11";"01 parsing:06:eliminate identical variables"="17";"02 preprocessing:05:expand choiceless abstract tasks"="14";"02 preprocessing:00:total"="482";"02 preprocessing:99:create artificial top task"="1";"02 preprocessing:84:grounding"="43"
SOLUTION SEQUENCE
0: SHOP_methodmethod_deliver_0_22_precondition(wor2,loc2)
1: SHOP_methodmethod_get_content_3_20_precondition(drone,carrier1)
2: SHOP_methodmethod_get_carrier_2_8_precondition(drone,carrier1,central_warehouse)
3: SHOP_methodmethod_move_0_0_precondition(drone,central_warehouse,central_warehouse)
4: robot_attach_carrier(drone,carrier1,central_warehouse)
5: SHOP_methodmethod_get_content_2_19_precondition(drone,carrier1,box2)
6: SHOP_methodmethod_get_box_1_11_precondition(box2,zero,one,drone,zero,carrier1,central_warehouse)
7: SHOP_methodmethod_move_0_0_precondition(drone,central_warehouse,central_warehouse)
8: robot_load_box(drone,carrier1,box2,central_warehouse,one,zero)
9: SHOP_methodmethod_get_content_1_18_precondition(drone,carrier1,box2)
10: SHOP_methodmethod_move_0_0_precondition(drone,central_warehouse,central_warehouse)
11: pick_up_content_at_cw(drone,valve,carrier1,box2,central_warehouse)
12: SHOP_methodmethod_move_flying_1_3_precondition(drone,central_warehouse,loc2)
13: move_flying(drone,central_warehouse,loc2)
14: put_down_content(drone,carrier1,box2,valve,loc2,wor2)
15: SHOP_methodmethod_deliver_0_22_precondition(wor4,loc4)
16: SHOP_methodmethod_get_content_1_18_precondition(drone,carrier1,box2)
17: SHOP_methodmethod_move_flying_1_3_precondition(drone,loc2,central_warehouse)
18: move_flying(drone,loc2,central_warehouse)
19: pick_up_content_at_cw(drone,tool,carrier1,box2,central_warehouse)
20: SHOP_methodmethod_move_flying_1_3_precondition(drone,central_warehouse,loc4)
21: move_flying(drone,central_warehouse,loc4)
22: put_down_content(drone,carrier1,box2,tool,loc4,wor4)
