PANDA - Planning and Acting in a Network Decomposition Architecture
Believe us: It's great, it's fantastic!

PANDA Copyright (C) 2014-2018 Gregor Behnke, Pascal Bercher, Thomas Geier, Kadir
Dede, Daniel Höller, Kristof Mickeleit, Matthias Englert
This program comes with ABSOLUTELY NO WARRANTY
This is free software, and you are welcome to redistribute it under certain
conditions; run PANDA with -license for details.

Main Developers:
- Gregor Behnke, http://www.uni-ulm.de/in/ki/behnke
- Daniel Höller, http://www.uni-ulm.de/in/ki/hoeller

With many thanks to various further contributors.
Run PANDA with the command line argument -contributors for an extensive list.

Run it with -help for more information like available options.


PANDA was called with: "-parser hddl -timelimit 120 domain.hddl problems/problem_4_5.hddl"


Planner Configuration
=====================
Domain: domain.hddl
Problem: problems/problem_4_5.hddl
Output: none

Planning Configuration
======================
	printGeneralInformation : true
	printAdditionalData     : true
	random seed             : 42
	time limit (in seconds) : 120

	external programs:


	Parsing Configuration
	---------------------
	Parser                : HDDL Parser (Daniel's format)
	Expand Sort Hierarchy : true
	ClosedWordAssumption  : true
	CompileSHOPMethods    : true
	Eliminate Equality    : true
	Strip Hybridity       : true
	Reduce General Tasks  : true
	
	Preprocessing Configuration
	---------------------------
	Compile negative preconditions    : true
	Compile unit methods              : false
	Compile order in methods          : false
	Compile initial plan              : true
	Ensure Methods Have Last Task     : false
	Split independent parameters      : true
	Remove unnecessary predicates     : true
	Expand choiceless abstract tasks  : true
	Domain Cleanup                    : true
	Convert to SAS+                   : false
	Grounded Reachability Analysis    : Planning Graph (mutex-free)
	Grounded Task Decomposition Graph : Two Way TDG
	Iterate reachability analysis     : true
	Ground domain                     : true
	Iterate reachability analysis     : true
	Stop directly after grounding     : false
	
	Progression-search Configuration
	--------------------------------
	Search Algorithm                 : AStarActionsType(2.0)
	Heuristic                        : hhRC(hFF)
	Abstract task selection strategy : random
	
	Post-processing Configuration
	-----------------------------
	search status
	search result
	timings
	statistics
#0 "00 global:01:problem"="problem_4_5.hddl";"00 global:00:domain"="domain.hddl"
Parsing domain ... done
Preparing internal domain representation ... done.
Initial domain
	number of abstract tasks = 5
	number of tasks = 40
	number of decomposition methods = 24
	number of predicates = 20
	number of sorts = 8
	number of tasks in largest method = 4
	number of primitive SHOP tasks = 24
	number of epsilon methods = 0
	number of primitive tasks = 35
	number of constants = 27
Compiling negative preconditions ... done.
	number of abstract tasks = 5
	number of tasks = 40
	number of decomposition methods = 24
	number of predicates = 40
	number of sorts = 8
	number of tasks in largest method = 4
	number of primitive SHOP tasks = 24
	number of epsilon methods = 0
	number of primitive tasks = 35
	number of constants = 27
Compiling split parameters ... done.
	number of abstract tasks = 9
	number of tasks = 44
	number of decomposition methods = 28
	number of predicates = 40
	number of sorts = 8
	number of tasks in largest method = 4
	number of primitive SHOP tasks = 24
	number of epsilon methods = 0
	number of primitive tasks = 35
	number of constants = 27
Lifted reachability analysis and domain cleanup ... done.
	number of abstract tasks = 9
	number of tasks = 37
	number of decomposition methods = 25
	number of predicates = 28
	number of sorts = 8
	number of tasks in largest method = 4
	number of primitive SHOP tasks = 21
	number of epsilon methods = 0
	number of primitive tasks = 28
	number of constants = 27
Grounded planning graph ... done in 201ms.
	Number of Grounded Actions 1212
	Number of Grounded Literals 143
	number of abstract tasks = 9
	number of tasks = 37
	number of decomposition methods = 25
	number of predicates = 28
	number of sorts = 8
	number of tasks in largest method = 4
	number of primitive SHOP tasks = 21
	number of epsilon methods = 0
	number of primitive tasks = 28
	number of constants = 27
Two Way TDG ... done.
	number of abstract tasks = 9
	number of tasks = 37
	number of decomposition methods = 25
	number of predicates = 28
	number of sorts = 8
	number of tasks in largest method = 4
	number of primitive SHOP tasks = 21
	number of epsilon methods = 0
	number of primitive tasks = 28
	number of constants = 27
Grounding ... done.
	number of abstract tasks = 33
	number of tasks = 1217
	number of decomposition methods = 734
	number of predicates = 147
	number of sorts = 0
	number of tasks in largest method = 4
	number of primitive SHOP tasks = 636
	number of epsilon methods = 0
	number of primitive tasks = 1184
	number of constants = 0
Removing unnecessary predicates ... done.
	number of abstract tasks = 33
	number of tasks = 1217
	number of decomposition methods = 734
	number of predicates = 108
	number of sorts = 0
	number of tasks in largest method = 4
	number of primitive SHOP tasks = 636
	number of epsilon methods = 0
	number of primitive tasks = 1184
	number of constants = 0
Omitting lifted reachability analysis ... 
Grounded planning graph ... done in 236ms.
	Number of Grounded Actions 1184
	Number of Grounded Literals 108
	number of abstract tasks = 33
	number of tasks = 1217
	number of decomposition methods = 734
	number of predicates = 108
	number of sorts = 0
	number of tasks in largest method = 4
	number of primitive SHOP tasks = 636
	number of epsilon methods = 0
	number of primitive tasks = 1184
	number of constants = 0
Two Way TDG ... done.
	number of abstract tasks = 33
	number of tasks = 1217
	number of decomposition methods = 728
	number of predicates = 108
	number of sorts = 0
	number of tasks in largest method = 4
	number of primitive SHOP tasks = 636
	number of epsilon methods = 0
	number of primitive tasks = 1184
	number of constants = 0
Compiling expand choiceless abstract tasks ... done.
	number of abstract tasks = 31
	number of tasks = 1215
	number of decomposition methods = 726
	number of predicates = 108
	number of sorts = 0
	number of tasks in largest method = 4
	number of primitive SHOP tasks = 636
	number of epsilon methods = 0
	number of primitive tasks = 1184
	number of constants = 0
Compiling initial plan ... done.
	number of abstract tasks = 32
	number of tasks = 1216
	number of decomposition methods = 727
	number of predicates = 108
	number of sorts = 0
	number of tasks in largest method = 4
	number of primitive SHOP tasks = 636
	number of epsilon methods = 0
	number of primitive tasks = 1184
	number of constants = 0
Removing unnecessary predicates ... done.
	number of abstract tasks = 32
	number of tasks = 1216
	number of decomposition methods = 727
	number of predicates = 108
	number of sorts = 0
	number of tasks in largest method = 4
	number of primitive SHOP tasks = 636
	number of epsilon methods = 0
	number of primitive tasks = 1184
	number of constants = 0
Omitting lifted reachability analysis ... 
Grounded planning graph ... done in 95ms.
	Number of Grounded Actions 1184
	Number of Grounded Literals 108
	number of abstract tasks = 32
	number of tasks = 1216
	number of decomposition methods = 727
	number of predicates = 108
	number of sorts = 0
	number of tasks in largest method = 4
	number of primitive SHOP tasks = 636
	number of epsilon methods = 0
	number of primitive tasks = 1184
	number of constants = 0
Two Way TDG ... done.
	number of abstract tasks = 32
	number of tasks = 1216
	number of decomposition methods = 727
	number of predicates = 108
	number of sorts = 0
	number of tasks in largest method = 4
	number of primitive SHOP tasks = 636
	number of epsilon methods = 0
	number of primitive tasks = 1184
	number of constants = 0
Compiling expand choiceless abstract tasks ... done.
	number of abstract tasks = 31
	number of tasks = 1215
	number of decomposition methods = 726
	number of predicates = 108
	number of sorts = 0
	number of tasks in largest method = 4
	number of primitive SHOP tasks = 636
	number of epsilon methods = 0
	number of primitive tasks = 1184
	number of constants = 0
Compiling initial plan ... done.
	number of abstract tasks = 32
	number of tasks = 1216
	number of decomposition methods = 727
	number of predicates = 108
	number of sorts = 0
	number of tasks in largest method = 4
	number of primitive SHOP tasks = 636
	number of epsilon methods = 0
	number of primitive tasks = 1184
	number of constants = 0
Removing unnecessary predicates ... done.
	number of abstract tasks = 32
	number of tasks = 1216
	number of decomposition methods = 727
	number of predicates = 108
	number of sorts = 0
	number of tasks in largest method = 4
	number of primitive SHOP tasks = 636
	number of epsilon methods = 0
	number of primitive tasks = 1184
	number of constants = 0
Tasks 1184 - 4
Domain is acyclic: false
Domain is mostly acyclic: false
Domain is regular: false
Domain is tail recursive: true
Domain is totally ordered: true
Domain has last task in all methods: true
Time remaining for planner 118282ms
Reducing flat domain ... done.
 - Reduced number of operators from 1184 to 1184
 - Reduced number of state-bits from 86 to 86
Generating Relaxed Composition Model ...
Calculating top down reachability ...
 - Found 1216 SCCs with up to 1 tasks.
 - Reachability calculated in 9 ms.
 - model has 1911 operators
 - model has 2486 state features
 - operators' mean count of (pre, add, del) = (5,80, 1,97, 0,97)
 - effects' mean achiever count: 1,97
 - effects' mean consumer count: 5,80

Searching with 
 - Priority Queue search routine
 - A-Star search
 - HTN heuristic:hhRelataxedComposition-with-hFF-EQ
 - Abstract task choice: randomly
 - time limit for search is 120 sec

Starting priority queue search
nodes/sec: 8041 - generated nodes: 8081 - fringe size: 5255 - current modification depth: 12 - g(s)+h(s)= 28
nodes/sec: 9033 - generated nodes: 18165 - fringe size: 13673 - current modification depth: 27 - g(s)+h(s)= 24
Found solution 1 length 32
Number of nodes in final fringe: 21626
Generated search nodes (total): 28119
Search time: 2988 ms

Found a solution:
__top_4 @ __artificialTopCompilation__top_4
method_deliver_0[?r=jumper2,?b=box1,?car=carrier1,?l=loc2,?w=wor2,?con=valve] @ deliver[valve,wor2]
SHOP_methodmethod_deliver_0_22_precondition[wor2,loc2]
method_get_content_3[?car=carrier1,?con=valve,?r=jumper2] @ get_content[jumper2,valve]
SHOP_methodmethod_get_content_3_20_precondition[jumper2,carrier1]
method_get_carrier_2[?r=jumper2,?l=central_warehouse,?car=carrier1] @ get_carrier[jumper2,carrier1]
SHOP_methodmethod_get_carrier_2_8_precondition[jumper2,carrier1,central_warehouse]
method_move_0[?l=central_warehouse,?r=jumper2] @ move[jumper2,central_warehouse]
SHOP_methodmethod_move_0_0_precondition[jumper2,central_warehouse,central_warehouse]
robot_attach_carrier[jumper2,carrier1,central_warehouse]
method_get_content_2[?con=valve,?b=box1,?car=carrier1,?r=jumper2] @ get_content[jumper2,valve]
SHOP_methodmethod_get_content_2_19_precondition[jumper2,carrier1,box1]
method_get_box_1[varToConstConstant(zero)=zero,?r=jumper2,?m=zero,?car=carrier1,?l=central_warehouse,?n=one,?b=box1] @ get_box[jumper2,box1]
SHOP_methodmethod_get_box_1_11_precondition[zero,zero,carrier1,jumper2,central_warehouse,box1,one]
method_move_0[?l=central_warehouse,?r=jumper2] @ move[jumper2,central_warehouse]
SHOP_methodmethod_move_0_0_precondition[jumper2,central_warehouse,central_warehouse]
robot_load_box[jumper2,carrier1,box1,central_warehouse,one,zero]
method_get_content_1[?con=valve,varToConstConstant(central_warehouse)=central_warehouse,?b=box1,?r=jumper2,?car=carrier1] @ get_content[jumper2,valve]
SHOP_methodmethod_get_content_1_18_precondition[jumper2,carrier1,box1]
method_move_0[?l=central_warehouse,?r=jumper2] @ move[jumper2,central_warehouse]
SHOP_methodmethod_move_0_0_precondition[jumper2,central_warehouse,central_warehouse]
pick_up_content_at_cw[jumper2,valve,carrier1,box1,central_warehouse]
method_move_jumping_1[?l=loc2,?from=central_warehouse,?r=jumper2,?half=loc1] @ move[jumper2,loc2]
SHOP_methodmethod_move_jumping_1_4_precondition[jumper2,central_warehouse,loc1,loc2]
move_jumping[jumper2,central_warehouse,loc1,loc2]
put_down_content[jumper2,carrier1,box1,valve,loc2,wor2]
method_deliver_0[?r=jumper1,?b=box2,?car=carrier2,?l=loc4,?w=wor4,?con=tool] @ deliver[tool,wor4]
SHOP_methodmethod_deliver_0_22_precondition[wor4,loc4]
method_get_content_3[?car=carrier2,?con=tool,?r=jumper1] @ get_content[jumper1,tool]
SHOP_methodmethod_get_content_3_20_precondition[jumper1,carrier2]
method_get_carrier_2[?r=jumper1,?l=central_warehouse,?car=carrier2] @ get_carrier[jumper1,carrier2]
SHOP_methodmethod_get_carrier_2_8_precondition[jumper1,carrier2,central_warehouse]
method_move_0[?l=central_warehouse,?r=jumper1] @ move[jumper1,central_warehouse]
SHOP_methodmethod_move_0_0_precondition[jumper1,central_warehouse,central_warehouse]
robot_attach_carrier[jumper1,carrier2,central_warehouse]
method_get_content_2[?con=tool,?b=box2,?car=carrier2,?r=jumper1] @ get_content[jumper1,tool]
SHOP_methodmethod_get_content_2_19_precondition[jumper1,carrier2,box2]
method_get_box_1[varToConstConstant(zero)=zero,?r=jumper1,?m=zero,?car=carrier2,?l=central_warehouse,?n=one,?b=box2] @ get_box[jumper1,box2]
SHOP_methodmethod_get_box_1_11_precondition[zero,zero,carrier2,jumper1,central_warehouse,box2,one]
method_move_0[?l=central_warehouse,?r=jumper1] @ move[jumper1,central_warehouse]
SHOP_methodmethod_move_0_0_precondition[jumper1,central_warehouse,central_warehouse]
robot_load_box[jumper1,carrier2,box2,central_warehouse,one,zero]
method_get_content_1[?con=tool,varToConstConstant(central_warehouse)=central_warehouse,?b=box2,?r=jumper1,?car=carrier2] @ get_content[jumper1,tool]
SHOP_methodmethod_get_content_1_18_precondition[jumper1,carrier2,box2]
method_move_0[?l=central_warehouse,?r=jumper1] @ move[jumper1,central_warehouse]
SHOP_methodmethod_move_0_0_precondition[jumper1,central_warehouse,central_warehouse]
pick_up_content_at_cw[jumper1,tool,carrier2,box2,central_warehouse]
method_move_jumping_2[?half2=loc2,?l=loc4,?r=jumper1,?half1=loc1,?from=central_warehouse] @ move[jumper1,loc4]
SHOP_methodmethod_move_jumping_2_5_precondition[loc2,jumper1,loc1,central_warehouse,loc4]
move_jumping[jumper1,central_warehouse,loc1,loc2]
method_move_jumping_1[?l=loc4,?from=loc2,?r=jumper1,?half=loc3] @ move[jumper1,loc4]
SHOP_methodmethod_move_jumping_1_4_precondition[jumper1,loc2,loc3,loc4]
move_jumping[jumper1,loc2,loc3,loc4]
put_down_content[jumper1,carrier2,box2,tool,loc4,wor4]
It contains 54 modifications, including 32 actions.
Panda says: SOLUTION
============ global ============
randomseed     = 42
peak memory    = 226187944
planner result = SOLUTION
============ properties ============
acyclic                  = false
mostly acyclic           = false
regular                  = false
tail recursive           = true
totally ordered          = true
last task in all methods = true
============ problem ============
number of constants                  = 0
number of predicates                 = 108
number of actions                    = 1216
number of abstract actions           = 32
number of primitive actions          = 1184
number of methods                    = 727
number of primitive shop actions     = 636
number of primitive non-shop actions = 548
size of largest method               = 4
average method size                  = 2
============ progression ============
status                 = solved
aStar                  = 1
heuristic              = hhRelataxedComposition-with-hFF-EQ
numSearchNodes         = 28119
numPrimTasks           = 32
numShopTasks           = 0
numDecompositions      = 22
findShortestPlan       = 0
foundShortestPlanAfter = 2986
foundFirstPlanAfter    = 2986
foundPlans             = 1

----------------- TIMINGS -----------------
============ total ============
total = 4762
============ parsing ============
total                         = 253
file parser                   = 102
sort expansion                = 47
closed world assumption       = 32
inherit preconditions         = 0
shop methods                  = 11
eliminate identical variables = 20
strip domain of hybridity     = 1
flatten formula               = 39
============ preprocessing ============
total                                      = 1378
compile negative preconditions             = 19
compile unit methods                       = 0
split parameter                            = 20
expand choiceless abstract tasks           = 28
compile methods with identical tasks       = 0
removing unnecessary predicates            = 188
lifted reachabiltiy analysis               = 38
grounded planning graph analysis           = 626
grounded task decomposition graph analysis = 310
grounding                                  = 135
create artificial top task                 = 3
============ progression ============
searchTime = 2986

#1 "30 problem:05:number of primitive actions"="1184";"30 problem:01:number of constants"="0";"30 problem:04:number of abstract actions"="32";"02 properties:04:tail recursive"="true";"30 progression:04:numSearchNodes"="28119";"30 progression:06:numPrimTasks"="32";"00 global:80:peak memory"="226187944";"30 progression:93:foundFirstPlanAfter"="2986";"02 properties:02:mostly acyclic"="false";"30 problem:06:number of methods"="727";"30 problem:07:number of primitive shop actions"="636";"02 properties:05:totally ordered"="true";"02 properties:06:last task in all methods"="true";"30 problem:03:number of actions"="1216";"30 problem:08:number of primitive non-shop actions"="548";"30 problem:02:number of predicates"="108";"30 progression:01:status"="solved";"30 progression:03:heuristic"="hhRelataxedComposition-with-hFF-EQ";"30 problem:10:average method size"="2";"02 properties:03:regular"="false";"30 problem:09:size of largest method"="4";"30 progression:08:numDecompositions"="22";"00 global:90:planner result"="SOLUTION";"02 properties:01:acyclic"="false";"30 progression:02:aStar"="1";"30 progression:92:foundShortestPlanAfter"="2986";"00 global:02:randomseed"="42";"30 progression:07:numShopTasks"="0";"30 progression:91:findShortestPlan"="0";"30 progression:94:foundPlans"="1";"01 parsing:01:file parser"="102";"01 parsing:08:flatten formula"="39";"02 preprocessing:07:compile methods with identical tasks"="0";"01 parsing:07:strip domain of hybridity"="1";"02 preprocessing:08:removing unnecessary predicates"="188";"01 parsing:03:closed world assumption"="32";"02 preprocessing:11:lifted reachabiltiy analysis"="38";"01 parsing:02:sort expansion"="47";"01 parsing:00:total"="253";"30 progression:01:searchTime"="2986";"01 parsing:04:inherit preconditions"="0";"02 preprocessing:01:compile negative preconditions"="19";"00 total:00:total"="4762";"02 preprocessing:12:grounded planning graph analysis"="626";"02 preprocessing:02:compile unit methods"="0";"02 preprocessing:23:grounded task decomposition graph analysis"="310";"02 preprocessing:04:split parameter"="20";"01 parsing:05:shop methods"="11";"01 parsing:06:eliminate identical variables"="20";"02 preprocessing:05:expand choiceless abstract tasks"="28";"02 preprocessing:00:total"="1378";"02 preprocessing:99:create artificial top task"="3";"02 preprocessing:84:grounding"="135"
SOLUTION SEQUENCE
0: SHOP_methodmethod_deliver_0_22_precondition(wor2,loc2)
1: SHOP_methodmethod_get_content_3_20_precondition(jumper2,carrier1)
2: SHOP_methodmethod_get_carrier_2_8_precondition(jumper2,carrier1,central_warehouse)
3: SHOP_methodmethod_move_0_0_precondition(jumper2,central_warehouse,central_warehouse)
4: robot_attach_carrier(jumper2,carrier1,central_warehouse)
5: SHOP_methodmethod_get_content_2_19_precondition(jumper2,carrier1,box1)
6: SHOP_methodmethod_get_box_1_11_precondition(zero,zero,carrier1,jumper2,central_warehouse,box1,one)
7: SHOP_methodmethod_move_0_0_precondition(jumper2,central_warehouse,central_warehouse)
8: robot_load_box(jumper2,carrier1,box1,central_warehouse,one,zero)
9: SHOP_methodmethod_get_content_1_18_precondition(jumper2,carrier1,box1)
10: SHOP_methodmethod_move_0_0_precondition(jumper2,central_warehouse,central_warehouse)
11: pick_up_content_at_cw(jumper2,valve,carrier1,box1,central_warehouse)
12: SHOP_methodmethod_move_jumping_1_4_precondition(jumper2,central_warehouse,loc1,loc2)
13: move_jumping(jumper2,central_warehouse,loc1,loc2)
14: put_down_content(jumper2,carrier1,box1,valve,loc2,wor2)
15: SHOP_methodmethod_deliver_0_22_precondition(wor4,loc4)
16: SHOP_methodmethod_get_content_3_20_precondition(jumper1,carrier2)
17: SHOP_methodmethod_get_carrier_2_8_precondition(jumper1,carrier2,central_warehouse)
18: SHOP_methodmethod_move_0_0_precondition(jumper1,central_warehouse,central_warehouse)
19: robot_attach_carrier(jumper1,carrier2,central_warehouse)
20: SHOP_methodmethod_get_content_2_19_precondition(jumper1,carrier2,box2)
21: SHOP_methodmethod_get_box_1_11_precondition(zero,zero,carrier2,jumper1,central_warehouse,box2,one)
22: SHOP_methodmethod_move_0_0_precondition(jumper1,central_warehouse,central_warehouse)
23: robot_load_box(jumper1,carrier2,box2,central_warehouse,one,zero)
24: SHOP_methodmethod_get_content_1_18_precondition(jumper1,carrier2,box2)
25: SHOP_methodmethod_move_0_0_precondition(jumper1,central_warehouse,central_warehouse)
26: pick_up_content_at_cw(jumper1,tool,carrier2,box2,central_warehouse)
27: SHOP_methodmethod_move_jumping_2_5_precondition(loc2,jumper1,loc1,central_warehouse,loc4)
28: move_jumping(jumper1,central_warehouse,loc1,loc2)
29: SHOP_methodmethod_move_jumping_1_4_precondition(jumper1,loc2,loc3,loc4)
30: move_jumping(jumper1,loc2,loc3,loc4)
31: put_down_content(jumper1,carrier2,box2,tool,loc4,wor4)
