PANDA - Planning and Acting in a Network Decomposition Architecture
Believe us: It's great, it's fantastic!

PANDA Copyright (C) 2014-2018 Gregor Behnke, Pascal Bercher, Thomas Geier, Kadir
Dede, Daniel Höller, Kristof Mickeleit, Matthias Englert
This program comes with ABSOLUTELY NO WARRANTY
This is free software, and you are welcome to redistribute it under certain
conditions; run PANDA with -license for details.

Main Developers:
- Gregor Behnke, http://www.uni-ulm.de/in/ki/behnke
- Daniel Höller, http://www.uni-ulm.de/in/ki/hoeller

With many thanks to various further contributors.
Run PANDA with the command line argument -contributors for an extensive list.

Run it with -help for more information like available options.


PANDA was called with: "-parser hddl -timelimit 120 domain.hddl problems/problem_4_7.hddl"


Planner Configuration
=====================
Domain: domain.hddl
Problem: problems/problem_4_7.hddl
Output: none

Planning Configuration
======================
	printGeneralInformation : true
	printAdditionalData     : true
	random seed             : 42
	time limit (in seconds) : 120

	external programs:


	Parsing Configuration
	---------------------
	Parser                : HDDL Parser (Daniel's format)
	Expand Sort Hierarchy : true
	ClosedWordAssumption  : true
	CompileSHOPMethods    : true
	Eliminate Equality    : true
	Strip Hybridity       : true
	Reduce General Tasks  : true
	
	Preprocessing Configuration
	---------------------------
	Compile negative preconditions    : true
	Compile unit methods              : false
	Compile order in methods          : false
	Compile initial plan              : true
	Ensure Methods Have Last Task     : false
	Split independent parameters      : true
	Remove unnecessary predicates     : true
	Expand choiceless abstract tasks  : true
	Domain Cleanup                    : true
	Convert to SAS+                   : false
	Grounded Reachability Analysis    : Planning Graph (mutex-free)
	Grounded Task Decomposition Graph : Two Way TDG
	Iterate reachability analysis     : true
	Ground domain                     : true
	Iterate reachability analysis     : true
	Stop directly after grounding     : false
	
	Progression-search Configuration
	--------------------------------
	Search Algorithm                 : AStarActionsType(2.0)
	Heuristic                        : hhRC(hFF)
	Abstract task selection strategy : random
	
	Post-processing Configuration
	-----------------------------
	search status
	search result
	timings
	statistics
#0 "00 global:01:problem"="problem_4_7.hddl";"00 global:00:domain"="domain.hddl"
Parsing domain ... done
Preparing internal domain representation ... done.
Initial domain
	number of abstract tasks = 5
	number of tasks = 40
	number of decomposition methods = 24
	number of predicates = 20
	number of sorts = 8
	number of tasks in largest method = 4
	number of primitive SHOP tasks = 24
	number of epsilon methods = 0
	number of primitive tasks = 35
	number of constants = 27
Compiling negative preconditions ... done.
	number of abstract tasks = 5
	number of tasks = 40
	number of decomposition methods = 24
	number of predicates = 40
	number of sorts = 8
	number of tasks in largest method = 4
	number of primitive SHOP tasks = 24
	number of epsilon methods = 0
	number of primitive tasks = 35
	number of constants = 27
Compiling split parameters ... done.
	number of abstract tasks = 9
	number of tasks = 44
	number of decomposition methods = 28
	number of predicates = 40
	number of sorts = 8
	number of tasks in largest method = 4
	number of primitive SHOP tasks = 24
	number of epsilon methods = 0
	number of primitive tasks = 35
	number of constants = 27
Lifted reachability analysis and domain cleanup ... done.
	number of abstract tasks = 9
	number of tasks = 40
	number of decomposition methods = 27
	number of predicates = 28
	number of sorts = 8
	number of tasks in largest method = 4
	number of primitive SHOP tasks = 23
	number of epsilon methods = 0
	number of primitive tasks = 31
	number of constants = 27
Grounded planning graph ... done in 202ms.
	Number of Grounded Actions 1654
	Number of Grounded Literals 153
	number of abstract tasks = 9
	number of tasks = 40
	number of decomposition methods = 27
	number of predicates = 28
	number of sorts = 8
	number of tasks in largest method = 4
	number of primitive SHOP tasks = 23
	number of epsilon methods = 0
	number of primitive tasks = 31
	number of constants = 27
Two Way TDG ... done.
	number of abstract tasks = 9
	number of tasks = 40
	number of decomposition methods = 27
	number of predicates = 28
	number of sorts = 8
	number of tasks in largest method = 4
	number of primitive SHOP tasks = 23
	number of epsilon methods = 0
	number of primitive tasks = 31
	number of constants = 27
Grounding ... done.
	number of abstract tasks = 35
	number of tasks = 1571
	number of decomposition methods = 932
	number of predicates = 155
	number of sorts = 0
	number of tasks in largest method = 4
	number of primitive SHOP tasks = 818
	number of epsilon methods = 0
	number of primitive tasks = 1536
	number of constants = 0
Removing unnecessary predicates ... done.
	number of abstract tasks = 35
	number of tasks = 1571
	number of decomposition methods = 932
	number of predicates = 120
	number of sorts = 0
	number of tasks in largest method = 4
	number of primitive SHOP tasks = 818
	number of epsilon methods = 0
	number of primitive tasks = 1536
	number of constants = 0
Omitting lifted reachability analysis ... 
Grounded planning graph ... done in 206ms.
	Number of Grounded Actions 1536
	Number of Grounded Literals 120
	number of abstract tasks = 35
	number of tasks = 1571
	number of decomposition methods = 932
	number of predicates = 120
	number of sorts = 0
	number of tasks in largest method = 4
	number of primitive SHOP tasks = 818
	number of epsilon methods = 0
	number of primitive tasks = 1536
	number of constants = 0
Two Way TDG ... done.
	number of abstract tasks = 35
	number of tasks = 1571
	number of decomposition methods = 926
	number of predicates = 120
	number of sorts = 0
	number of tasks in largest method = 4
	number of primitive SHOP tasks = 818
	number of epsilon methods = 0
	number of primitive tasks = 1536
	number of constants = 0
Compiling expand choiceless abstract tasks ... done.
	number of abstract tasks = 33
	number of tasks = 1569
	number of decomposition methods = 924
	number of predicates = 120
	number of sorts = 0
	number of tasks in largest method = 4
	number of primitive SHOP tasks = 818
	number of epsilon methods = 0
	number of primitive tasks = 1536
	number of constants = 0
Compiling initial plan ... done.
	number of abstract tasks = 34
	number of tasks = 1570
	number of decomposition methods = 925
	number of predicates = 120
	number of sorts = 0
	number of tasks in largest method = 4
	number of primitive SHOP tasks = 818
	number of epsilon methods = 0
	number of primitive tasks = 1536
	number of constants = 0
Removing unnecessary predicates ... done.
	number of abstract tasks = 34
	number of tasks = 1570
	number of decomposition methods = 925
	number of predicates = 120
	number of sorts = 0
	number of tasks in largest method = 4
	number of primitive SHOP tasks = 818
	number of epsilon methods = 0
	number of primitive tasks = 1536
	number of constants = 0
Omitting lifted reachability analysis ... 
Grounded planning graph ... done in 89ms.
	Number of Grounded Actions 1536
	Number of Grounded Literals 120
	number of abstract tasks = 34
	number of tasks = 1570
	number of decomposition methods = 925
	number of predicates = 120
	number of sorts = 0
	number of tasks in largest method = 4
	number of primitive SHOP tasks = 818
	number of epsilon methods = 0
	number of primitive tasks = 1536
	number of constants = 0
Two Way TDG ... done.
	number of abstract tasks = 34
	number of tasks = 1570
	number of decomposition methods = 925
	number of predicates = 120
	number of sorts = 0
	number of tasks in largest method = 4
	number of primitive SHOP tasks = 818
	number of epsilon methods = 0
	number of primitive tasks = 1536
	number of constants = 0
Compiling expand choiceless abstract tasks ... done.
	number of abstract tasks = 33
	number of tasks = 1569
	number of decomposition methods = 924
	number of predicates = 120
	number of sorts = 0
	number of tasks in largest method = 4
	number of primitive SHOP tasks = 818
	number of epsilon methods = 0
	number of primitive tasks = 1536
	number of constants = 0
Compiling initial plan ... done.
	number of abstract tasks = 34
	number of tasks = 1570
	number of decomposition methods = 925
	number of predicates = 120
	number of sorts = 0
	number of tasks in largest method = 4
	number of primitive SHOP tasks = 818
	number of epsilon methods = 0
	number of primitive tasks = 1536
	number of constants = 0
Removing unnecessary predicates ... done.
	number of abstract tasks = 34
	number of tasks = 1570
	number of decomposition methods = 925
	number of predicates = 120
	number of sorts = 0
	number of tasks in largest method = 4
	number of primitive SHOP tasks = 818
	number of epsilon methods = 0
	number of primitive tasks = 1536
	number of constants = 0
Tasks 1536 - 4
Domain is acyclic: false
Domain is mostly acyclic: false
Domain is regular: false
Domain is tail recursive: true
Domain is totally ordered: true
Domain has last task in all methods: true
Time remaining for planner 118383ms
Reducing flat domain ... done.
 - Reduced number of operators from 1536 to 1536
 - Reduced number of state-bits from 93 to 93
Generating Relaxed Composition Model ...
Calculating top down reachability ...
 - Found 1570 SCCs with up to 1 tasks.
 - Reachability calculated in 8 ms.
 - model has 2461 operators
 - model has 3199 state features
 - operators' mean count of (pre, add, del) = (5,84, 2,00, 0,99)
 - effects' mean achiever count: 2,00
 - effects' mean consumer count: 5,84

Searching with 
 - Priority Queue search routine
 - A-Star search
 - HTN heuristic:hhRelataxedComposition-with-hFF-EQ
 - Abstract task choice: randomly
 - time limit for search is 120 sec

Starting priority queue search
nodes/sec: 6078 - generated nodes: 6139 - fringe size: 4665 - current modification depth: 22 - g(s)+h(s)= 27
nodes/sec: 6956 - generated nodes: 14114 - fringe size: 11131 - current modification depth: 27 - g(s)+h(s)= 27
nodes/sec: 7206 - generated nodes: 21835 - fringe size: 17781 - current modification depth: 34 - g(s)+h(s)= 28
nodes/sec: 7330 - generated nodes: 29593 - fringe size: 24643 - current modification depth: 27 - g(s)+h(s)= 28
nodes/sec: 7331 - generated nodes: 37007 - fringe size: 30265 - current modification depth: 23 - g(s)+h(s)= 29
nodes/sec: 7306 - generated nodes: 44191 - fringe size: 35975 - current modification depth: 37 - g(s)+h(s)= 29
nodes/sec: 7287 - generated nodes: 51374 - fringe size: 41571 - current modification depth: 30 - g(s)+h(s)= 30
nodes/sec: 7240 - generated nodes: 58446 - fringe size: 46943 - current modification depth: 31 - g(s)+h(s)= 30
Found solution 1 length 34
Number of nodes in final fringe: 51986
Generated search nodes (total): 64489
Search time: 8940 ms

Found a solution:
__top_4 @ __artificialTopCompilation__top_4
method_deliver_0[?r=walker,?b=box2,?car=carrier2,?l=loc2,?w=wor2,?con=valve] @ deliver[valve,wor2]
SHOP_methodmethod_deliver_0_22_precondition[wor2,loc2]
method_get_content_3[?car=carrier2,?con=valve,?r=walker] @ get_content[walker,valve]
SHOP_methodmethod_get_content_3_20_precondition[walker,carrier2]
method_get_carrier_2[?r=walker,?l=central_warehouse,?car=carrier2] @ get_carrier[walker,carrier2]
SHOP_methodmethod_get_carrier_2_8_precondition[walker,carrier2,central_warehouse]
method_move_0[?l=central_warehouse,?r=walker] @ move[walker,central_warehouse]
SHOP_methodmethod_move_0_0_precondition[walker,central_warehouse,central_warehouse]
robot_attach_carrier[walker,carrier2,central_warehouse]
method_get_content_2[?con=valve,?b=box2,?car=carrier2,?r=walker] @ get_content[walker,valve]
SHOP_methodmethod_get_content_2_19_precondition[walker,carrier2,box2]
method_get_box_1[varToConstConstant(zero)=zero,?r=walker,?m=zero,?car=carrier2,?l=central_warehouse,?n=one,?b=box2] @ get_box[walker,box2]
SHOP_methodmethod_get_box_1_11_precondition[zero,zero,carrier2,walker,central_warehouse,box2,one]
method_move_0[?l=central_warehouse,?r=walker] @ move[walker,central_warehouse]
SHOP_methodmethod_move_0_0_precondition[walker,central_warehouse,central_warehouse]
robot_load_box[walker,carrier2,box2,central_warehouse,one,zero]
method_get_content_1[?con=valve,varToConstConstant(central_warehouse)=central_warehouse,?b=box2,?car=carrier2,?r=walker] @ get_content[walker,valve]
SHOP_methodmethod_get_content_1_18_precondition[walker,carrier2,box2]
method_move_0[?l=central_warehouse,?r=walker] @ move[walker,central_warehouse]
SHOP_methodmethod_move_0_0_precondition[walker,central_warehouse,central_warehouse]
pick_up_content_at_cw[walker,valve,carrier2,box2,central_warehouse]
method_move_walking_2[?through=loc1,?l=loc2,?r=walker,?from=central_warehouse] @ move[walker,loc2]
SHOP_methodmethod_move_walking_2_2_precondition[walker,central_warehouse,loc1]
move_walking[walker,central_warehouse,loc1]
method_move_walking_1[?from=loc1,?l=loc2,?r=walker] @ move[walker,loc2]
SHOP_methodmethod_move_walking_1_1_precondition[walker,loc1,loc2]
move_walking[walker,loc1,loc2]
put_down_content[walker,carrier2,box2,valve,loc2,wor2]
method_deliver_0[?r=jumper,?b=box1,?car=carrier1,?l=loc4,?w=wor4,?con=tool] @ deliver[tool,wor4]
SHOP_methodmethod_deliver_0_22_precondition[wor4,loc4]
method_get_content_3[?car=carrier1,?con=tool,?r=jumper] @ get_content[jumper,tool]
SHOP_methodmethod_get_content_3_20_precondition[jumper,carrier1]
method_get_carrier_2[?r=jumper,?l=central_warehouse,?car=carrier1] @ get_carrier[jumper,carrier1]
SHOP_methodmethod_get_carrier_2_8_precondition[jumper,carrier1,central_warehouse]
method_move_0[?l=central_warehouse,?r=jumper] @ move[jumper,central_warehouse]
SHOP_methodmethod_move_0_0_precondition[jumper,central_warehouse,central_warehouse]
robot_attach_carrier[jumper,carrier1,central_warehouse]
method_get_content_2[?con=tool,?b=box1,?car=carrier1,?r=jumper] @ get_content[jumper,tool]
SHOP_methodmethod_get_content_2_19_precondition[jumper,carrier1,box1]
method_get_box_1[varToConstConstant(zero)=zero,?r=jumper,?m=zero,?car=carrier1,?l=central_warehouse,?n=one,?b=box1] @ get_box[jumper,box1]
SHOP_methodmethod_get_box_1_11_precondition[zero,zero,carrier1,jumper,central_warehouse,box1,one]
method_move_0[?l=central_warehouse,?r=jumper] @ move[jumper,central_warehouse]
SHOP_methodmethod_move_0_0_precondition[jumper,central_warehouse,central_warehouse]
robot_load_box[jumper,carrier1,box1,central_warehouse,one,zero]
method_get_content_1[?con=tool,varToConstConstant(central_warehouse)=central_warehouse,?b=box1,?car=carrier1,?r=jumper] @ get_content[jumper,tool]
SHOP_methodmethod_get_content_1_18_precondition[jumper,carrier1,box1]
method_move_0[?l=central_warehouse,?r=jumper] @ move[jumper,central_warehouse]
SHOP_methodmethod_move_0_0_precondition[jumper,central_warehouse,central_warehouse]
pick_up_content_at_cw[jumper,tool,carrier1,box1,central_warehouse]
method_move_jumping_2[?half2=loc2,?l=loc4,?r=jumper,?half1=loc1,?from=central_warehouse] @ move[jumper,loc4]
SHOP_methodmethod_move_jumping_2_5_precondition[loc2,jumper,loc1,central_warehouse,loc4]
move_jumping[jumper,central_warehouse,loc1,loc2]
method_move_jumping_1[?l=loc4,?r=jumper,?from=loc2,?half=loc3] @ move[jumper,loc4]
SHOP_methodmethod_move_jumping_1_4_precondition[jumper,loc2,loc3,loc4]
move_jumping[jumper,loc2,loc3,loc4]
put_down_content[jumper,carrier1,box1,tool,loc4,wor4]
It contains 57 modifications, including 34 actions.
Panda says: SOLUTION
============ global ============
randomseed     = 42
peak memory    = 333523696
planner result = SOLUTION
============ properties ============
acyclic                  = false
mostly acyclic           = false
regular                  = false
tail recursive           = true
totally ordered          = true
last task in all methods = true
============ problem ============
number of constants                  = 0
number of predicates                 = 120
number of actions                    = 1570
number of abstract actions           = 34
number of primitive actions          = 1536
number of methods                    = 925
number of primitive shop actions     = 818
number of primitive non-shop actions = 718
size of largest method               = 4
average method size                  = 2
============ progression ============
status                 = solved
aStar                  = 1
heuristic              = hhRelataxedComposition-with-hFF-EQ
numSearchNodes         = 64489
numPrimTasks           = 34
numShopTasks           = 0
numDecompositions      = 23
findShortestPlan       = 0
foundShortestPlanAfter = 8938
foundFirstPlanAfter    = 8938
foundPlans             = 1

----------------- TIMINGS -----------------
============ total ============
total = 10616
============ parsing ============
total                         = 232
file parser                   = 101
sort expansion                = 45
closed world assumption       = 26
inherit preconditions         = 0
shop methods                  = 11
eliminate identical variables = 17
strip domain of hybridity     = 1
flatten formula               = 31
============ preprocessing ============
total                                      = 1289
compile negative preconditions             = 17
compile unit methods                       = 0
split parameter                            = 15
expand choiceless abstract tasks           = 20
compile methods with identical tasks       = 0
removing unnecessary predicates            = 168
lifted reachabiltiy analysis               = 40
grounded planning graph analysis           = 582
grounded task decomposition graph analysis = 294
grounding                                  = 137
create artificial top task                 = 2
============ progression ============
searchTime = 8938

#1 "30 problem:05:number of primitive actions"="1536";"30 problem:01:number of constants"="0";"30 problem:04:number of abstract actions"="34";"02 properties:04:tail recursive"="true";"30 progression:04:numSearchNodes"="64489";"30 progression:06:numPrimTasks"="34";"00 global:80:peak memory"="333523696";"30 progression:93:foundFirstPlanAfter"="8938";"02 properties:02:mostly acyclic"="false";"30 problem:06:number of methods"="925";"30 problem:07:number of primitive shop actions"="818";"02 properties:05:totally ordered"="true";"02 properties:06:last task in all methods"="true";"30 problem:03:number of actions"="1570";"30 problem:08:number of primitive non-shop actions"="718";"30 problem:02:number of predicates"="120";"30 progression:01:status"="solved";"30 progression:03:heuristic"="hhRelataxedComposition-with-hFF-EQ";"30 problem:10:average method size"="2";"02 properties:03:regular"="false";"30 problem:09:size of largest method"="4";"30 progression:08:numDecompositions"="23";"00 global:90:planner result"="SOLUTION";"02 properties:01:acyclic"="false";"30 progression:02:aStar"="1";"30 progression:92:foundShortestPlanAfter"="8938";"00 global:02:randomseed"="42";"30 progression:07:numShopTasks"="0";"30 progression:91:findShortestPlan"="0";"30 progression:94:foundPlans"="1";"01 parsing:01:file parser"="101";"01 parsing:08:flatten formula"="31";"02 preprocessing:07:compile methods with identical tasks"="0";"01 parsing:07:strip domain of hybridity"="1";"02 preprocessing:08:removing unnecessary predicates"="168";"01 parsing:03:closed world assumption"="26";"02 preprocessing:11:lifted reachabiltiy analysis"="40";"01 parsing:02:sort expansion"="45";"01 parsing:00:total"="232";"30 progression:01:searchTime"="8938";"01 parsing:04:inherit preconditions"="0";"02 preprocessing:01:compile negative preconditions"="17";"00 total:00:total"="10616";"02 preprocessing:12:grounded planning graph analysis"="582";"02 preprocessing:02:compile unit methods"="0";"02 preprocessing:23:grounded task decomposition graph analysis"="294";"02 preprocessing:04:split parameter"="15";"01 parsing:05:shop methods"="11";"01 parsing:06:eliminate identical variables"="17";"02 preprocessing:05:expand choiceless abstract tasks"="20";"02 preprocessing:00:total"="1289";"02 preprocessing:99:create artificial top task"="2";"02 preprocessing:84:grounding"="137"
SOLUTION SEQUENCE
0: SHOP_methodmethod_deliver_0_22_precondition(wor2,loc2)
1: SHOP_methodmethod_get_content_3_20_precondition(walker,carrier2)
2: SHOP_methodmethod_get_carrier_2_8_precondition(walker,carrier2,central_warehouse)
3: SHOP_methodmethod_move_0_0_precondition(walker,central_warehouse,central_warehouse)
4: robot_attach_carrier(walker,carrier2,central_warehouse)
5: SHOP_methodmethod_get_content_2_19_precondition(walker,carrier2,box2)
6: SHOP_methodmethod_get_box_1_11_precondition(zero,zero,carrier2,walker,central_warehouse,box2,one)
7: SHOP_methodmethod_move_0_0_precondition(walker,central_warehouse,central_warehouse)
8: robot_load_box(walker,carrier2,box2,central_warehouse,one,zero)
9: SHOP_methodmethod_get_content_1_18_precondition(walker,carrier2,box2)
10: SHOP_methodmethod_move_0_0_precondition(walker,central_warehouse,central_warehouse)
11: pick_up_content_at_cw(walker,valve,carrier2,box2,central_warehouse)
12: SHOP_methodmethod_move_walking_2_2_precondition(walker,central_warehouse,loc1)
13: move_walking(walker,central_warehouse,loc1)
14: SHOP_methodmethod_move_walking_1_1_precondition(walker,loc1,loc2)
15: move_walking(walker,loc1,loc2)
16: put_down_content(walker,carrier2,box2,valve,loc2,wor2)
17: SHOP_methodmethod_deliver_0_22_precondition(wor4,loc4)
18: SHOP_methodmethod_get_content_3_20_precondition(jumper,carrier1)
19: SHOP_methodmethod_get_carrier_2_8_precondition(jumper,carrier1,central_warehouse)
20: SHOP_methodmethod_move_0_0_precondition(jumper,central_warehouse,central_warehouse)
21: robot_attach_carrier(jumper,carrier1,central_warehouse)
22: SHOP_methodmethod_get_content_2_19_precondition(jumper,carrier1,box1)
23: SHOP_methodmethod_get_box_1_11_precondition(zero,zero,carrier1,jumper,central_warehouse,box1,one)
24: SHOP_methodmethod_move_0_0_precondition(jumper,central_warehouse,central_warehouse)
25: robot_load_box(jumper,carrier1,box1,central_warehouse,one,zero)
26: SHOP_methodmethod_get_content_1_18_precondition(jumper,carrier1,box1)
27: SHOP_methodmethod_move_0_0_precondition(jumper,central_warehouse,central_warehouse)
28: pick_up_content_at_cw(jumper,tool,carrier1,box1,central_warehouse)
29: SHOP_methodmethod_move_jumping_2_5_precondition(loc2,jumper,loc1,central_warehouse,loc4)
30: move_jumping(jumper,central_warehouse,loc1,loc2)
31: SHOP_methodmethod_move_jumping_1_4_precondition(jumper,loc2,loc3,loc4)
32: move_jumping(jumper,loc2,loc3,loc4)
33: put_down_content(jumper,carrier1,box1,tool,loc4,wor4)
