PANDA - Planning and Acting in a Network Decomposition Architecture
Believe us: It's great, it's fantastic!

PANDA Copyright (C) 2014-2018 Gregor Behnke, Pascal Bercher, Thomas Geier, Kadir
Dede, Daniel Höller, Kristof Mickeleit, Matthias Englert
This program comes with ABSOLUTELY NO WARRANTY
This is free software, and you are welcome to redistribute it under certain
conditions; run PANDA with -license for details.

Main Developers:
- Gregor Behnke, http://www.uni-ulm.de/in/ki/behnke
- Daniel Höller, http://www.uni-ulm.de/in/ki/hoeller

With many thanks to various further contributors.
Run PANDA with the command line argument -contributors for an extensive list.

Run it with -help for more information like available options.


PANDA was called with: "-parser hddl -timelimit 120 domain.hddl problems/problem_4_4.hddl"


Planner Configuration
=====================
Domain: domain.hddl
Problem: problems/problem_4_4.hddl
Output: none

Planning Configuration
======================
	printGeneralInformation : true
	printAdditionalData     : true
	random seed             : 42
	time limit (in seconds) : 120

	external programs:


	Parsing Configuration
	---------------------
	Parser                : HDDL Parser (Daniel's format)
	Expand Sort Hierarchy : true
	ClosedWordAssumption  : true
	CompileSHOPMethods    : true
	Eliminate Equality    : true
	Strip Hybridity       : true
	Reduce General Tasks  : true
	
	Preprocessing Configuration
	---------------------------
	Compile negative preconditions    : true
	Compile unit methods              : false
	Compile order in methods          : false
	Compile initial plan              : true
	Ensure Methods Have Last Task     : false
	Split independent parameters      : true
	Remove unnecessary predicates     : true
	Expand choiceless abstract tasks  : true
	Domain Cleanup                    : true
	Convert to SAS+                   : false
	Grounded Reachability Analysis    : Planning Graph (mutex-free)
	Grounded Task Decomposition Graph : Two Way TDG
	Iterate reachability analysis     : true
	Ground domain                     : true
	Iterate reachability analysis     : true
	Stop directly after grounding     : false
	
	Progression-search Configuration
	--------------------------------
	Search Algorithm                 : AStarActionsType(2.0)
	Heuristic                        : hhRC(hFF)
	Abstract task selection strategy : random
	
	Post-processing Configuration
	-----------------------------
	search status
	search result
	timings
	statistics
#0 "00 global:01:problem"="problem_4_4.hddl";"00 global:00:domain"="domain.hddl"
Parsing domain ... done
Preparing internal domain representation ... done.
Initial domain
	number of abstract tasks = 5
	number of tasks = 40
	number of decomposition methods = 24
	number of predicates = 20
	number of sorts = 8
	number of tasks in largest method = 4
	number of primitive SHOP tasks = 24
	number of epsilon methods = 0
	number of primitive tasks = 35
	number of constants = 27
Compiling negative preconditions ... done.
	number of abstract tasks = 5
	number of tasks = 40
	number of decomposition methods = 24
	number of predicates = 40
	number of sorts = 8
	number of tasks in largest method = 4
	number of primitive SHOP tasks = 24
	number of epsilon methods = 0
	number of primitive tasks = 35
	number of constants = 27
Compiling split parameters ... done.
	number of abstract tasks = 9
	number of tasks = 44
	number of decomposition methods = 28
	number of predicates = 40
	number of sorts = 8
	number of tasks in largest method = 4
	number of primitive SHOP tasks = 24
	number of epsilon methods = 0
	number of primitive tasks = 35
	number of constants = 27
Lifted reachability analysis and domain cleanup ... done.
	number of abstract tasks = 9
	number of tasks = 37
	number of decomposition methods = 25
	number of predicates = 28
	number of sorts = 8
	number of tasks in largest method = 4
	number of primitive SHOP tasks = 21
	number of epsilon methods = 0
	number of primitive tasks = 28
	number of constants = 27
Grounded planning graph ... done in 243ms.
	Number of Grounded Actions 1928
	Number of Grounded Literals 155
	number of abstract tasks = 9
	number of tasks = 37
	number of decomposition methods = 25
	number of predicates = 28
	number of sorts = 8
	number of tasks in largest method = 4
	number of primitive SHOP tasks = 21
	number of epsilon methods = 0
	number of primitive tasks = 28
	number of constants = 27
Two Way TDG ... done.
	number of abstract tasks = 9
	number of tasks = 37
	number of decomposition methods = 25
	number of predicates = 28
	number of sorts = 8
	number of tasks in largest method = 4
	number of primitive SHOP tasks = 21
	number of epsilon methods = 0
	number of primitive tasks = 28
	number of constants = 27
Grounding ... done.
	number of abstract tasks = 37
	number of tasks = 1925
	number of decomposition methods = 1130
	number of predicates = 155
	number of sorts = 0
	number of tasks in largest method = 4
	number of primitive SHOP tasks = 1000
	number of epsilon methods = 0
	number of primitive tasks = 1888
	number of constants = 0
Removing unnecessary predicates ... done.
	number of abstract tasks = 37
	number of tasks = 1925
	number of decomposition methods = 1130
	number of predicates = 124
	number of sorts = 0
	number of tasks in largest method = 4
	number of primitive SHOP tasks = 1000
	number of epsilon methods = 0
	number of primitive tasks = 1888
	number of constants = 0
Omitting lifted reachability analysis ... 
Grounded planning graph ... done in 276ms.
	Number of Grounded Actions 1888
	Number of Grounded Literals 124
	number of abstract tasks = 37
	number of tasks = 1925
	number of decomposition methods = 1130
	number of predicates = 124
	number of sorts = 0
	number of tasks in largest method = 4
	number of primitive SHOP tasks = 1000
	number of epsilon methods = 0
	number of primitive tasks = 1888
	number of constants = 0
Two Way TDG ... done.
	number of abstract tasks = 37
	number of tasks = 1925
	number of decomposition methods = 1124
	number of predicates = 124
	number of sorts = 0
	number of tasks in largest method = 4
	number of primitive SHOP tasks = 1000
	number of epsilon methods = 0
	number of primitive tasks = 1888
	number of constants = 0
Compiling expand choiceless abstract tasks ... done.
	number of abstract tasks = 35
	number of tasks = 1923
	number of decomposition methods = 1122
	number of predicates = 124
	number of sorts = 0
	number of tasks in largest method = 4
	number of primitive SHOP tasks = 1000
	number of epsilon methods = 0
	number of primitive tasks = 1888
	number of constants = 0
Compiling initial plan ... done.
	number of abstract tasks = 36
	number of tasks = 1924
	number of decomposition methods = 1123
	number of predicates = 124
	number of sorts = 0
	number of tasks in largest method = 4
	number of primitive SHOP tasks = 1000
	number of epsilon methods = 0
	number of primitive tasks = 1888
	number of constants = 0
Removing unnecessary predicates ... done.
	number of abstract tasks = 36
	number of tasks = 1924
	number of decomposition methods = 1123
	number of predicates = 124
	number of sorts = 0
	number of tasks in largest method = 4
	number of primitive SHOP tasks = 1000
	number of epsilon methods = 0
	number of primitive tasks = 1888
	number of constants = 0
Omitting lifted reachability analysis ... 
Grounded planning graph ... done in 105ms.
	Number of Grounded Actions 1888
	Number of Grounded Literals 124
	number of abstract tasks = 36
	number of tasks = 1924
	number of decomposition methods = 1123
	number of predicates = 124
	number of sorts = 0
	number of tasks in largest method = 4
	number of primitive SHOP tasks = 1000
	number of epsilon methods = 0
	number of primitive tasks = 1888
	number of constants = 0
Two Way TDG ... done.
	number of abstract tasks = 36
	number of tasks = 1924
	number of decomposition methods = 1123
	number of predicates = 124
	number of sorts = 0
	number of tasks in largest method = 4
	number of primitive SHOP tasks = 1000
	number of epsilon methods = 0
	number of primitive tasks = 1888
	number of constants = 0
Compiling expand choiceless abstract tasks ... done.
	number of abstract tasks = 35
	number of tasks = 1923
	number of decomposition methods = 1122
	number of predicates = 124
	number of sorts = 0
	number of tasks in largest method = 4
	number of primitive SHOP tasks = 1000
	number of epsilon methods = 0
	number of primitive tasks = 1888
	number of constants = 0
Compiling initial plan ... done.
	number of abstract tasks = 36
	number of tasks = 1924
	number of decomposition methods = 1123
	number of predicates = 124
	number of sorts = 0
	number of tasks in largest method = 4
	number of primitive SHOP tasks = 1000
	number of epsilon methods = 0
	number of primitive tasks = 1888
	number of constants = 0
Removing unnecessary predicates ... done.
	number of abstract tasks = 36
	number of tasks = 1924
	number of decomposition methods = 1123
	number of predicates = 124
	number of sorts = 0
	number of tasks in largest method = 4
	number of primitive SHOP tasks = 1000
	number of epsilon methods = 0
	number of primitive tasks = 1888
	number of constants = 0
Tasks 1888 - 4
Domain is acyclic: false
Domain is mostly acyclic: false
Domain is regular: false
Domain is tail recursive: true
Domain is totally ordered: true
Domain has last task in all methods: true
Time remaining for planner 117938ms
Reducing flat domain ... done.
 - Reduced number of operators from 1888 to 1888
 - Reduced number of state-bits from 92 to 92
Generating Relaxed Composition Model ...
Calculating top down reachability ...
 - Found 1924 SCCs with up to 1 tasks.
 - Reachability calculated in 18 ms.
 - model has 3011 operators
 - model has 3904 state features
 - operators' mean count of (pre, add, del) = (5,87, 2,01, 1,01)
 - effects' mean achiever count: 2,01
 - effects' mean consumer count: 5,87

Searching with 
 - Priority Queue search routine
 - A-Star search
 - HTN heuristic:hhRelataxedComposition-with-hFF-EQ
 - Abstract task choice: randomly
 - time limit for search is 120 sec

Starting priority queue search
nodes/sec: 4309 - generated nodes: 5209 - fringe size: 4247 - current modification depth: 12 - g(s)+h(s)= 24
nodes/sec: 4891 - generated nodes: 10936 - fringe size: 8081 - current modification depth: 12 - g(s)+h(s)= 29
nodes/sec: 4945 - generated nodes: 16101 - fringe size: 12412 - current modification depth: 28 - g(s)+h(s)= 30
nodes/sec: 5020 - generated nodes: 21542 - fringe size: 17092 - current modification depth: 33 - g(s)+h(s)= 30
nodes/sec: 5049 - generated nodes: 26736 - fringe size: 21510 - current modification depth: 28 - g(s)+h(s)= 30
nodes/sec: 5062 - generated nodes: 31868 - fringe size: 25803 - current modification depth: 39 - g(s)+h(s)= 30
nodes/sec: 5079 - generated nodes: 37232 - fringe size: 30274 - current modification depth: 31 - g(s)+h(s)= 28
nodes/sec: 5062 - generated nodes: 42400 - fringe size: 34733 - current modification depth: 36 - g(s)+h(s)= 31
nodes/sec: 5068 - generated nodes: 47731 - fringe size: 39105 - current modification depth: 27 - g(s)+h(s)= 31
nodes/sec: 5053 - generated nodes: 52863 - fringe size: 43436 - current modification depth: 29 - g(s)+h(s)= 31
nodes/sec: 5007 - generated nodes: 58073 - fringe size: 47216 - current modification depth: 22 - g(s)+h(s)= 32
nodes/sec: 4978 - generated nodes: 63079 - fringe size: 51268 - current modification depth: 28 - g(s)+h(s)= 32
nodes/sec: 4970 - generated nodes: 68168 - fringe size: 55481 - current modification depth: 37 - g(s)+h(s)= 32
nodes/sec: 4951 - generated nodes: 73255 - fringe size: 59946 - current modification depth: 31 - g(s)+h(s)= 32
nodes/sec: 4959 - generated nodes: 78474 - fringe size: 64205 - current modification depth: 33 - g(s)+h(s)= 32
nodes/sec: 4975 - generated nodes: 83898 - fringe size: 68633 - current modification depth: 37 - g(s)+h(s)= 32
Found solution 1 length 38
Number of nodes in final fringe: 71558
Generated search nodes (total): 88670
Search time: 17676 ms

Found a solution:
__top_4 @ __artificialTopCompilation__top_4
method_deliver_0[?r=walker1,?b=box1,?car=carrier1,?l=loc2,?w=wor2,?con=valve] @ deliver[valve,wor2]
SHOP_methodmethod_deliver_0_22_precondition[wor2,loc2]
method_get_content_3[?car=carrier1,?r=walker1,?con=valve] @ get_content[walker1,valve]
SHOP_methodmethod_get_content_3_20_precondition[walker1,carrier1]
method_get_carrier_2[?l=central_warehouse,?car=carrier1,?r=walker1] @ get_carrier[walker1,carrier1]
SHOP_methodmethod_get_carrier_2_8_precondition[walker1,carrier1,central_warehouse]
method_move_0[?l=central_warehouse,?r=walker1] @ move[walker1,central_warehouse]
SHOP_methodmethod_move_0_0_precondition[walker1,central_warehouse,central_warehouse]
robot_attach_carrier[walker1,carrier1,central_warehouse]
method_get_content_2[?r=walker1,?con=valve,?b=box1,?car=carrier1] @ get_content[walker1,valve]
SHOP_methodmethod_get_content_2_19_precondition[walker1,carrier1,box1]
method_get_box_1[varToConstConstant(zero)=zero,?r=walker1,?m=zero,?car=carrier1,?l=central_warehouse,?n=one,?b=box1] @ get_box[walker1,box1]
SHOP_methodmethod_get_box_1_11_precondition[zero,walker1,zero,carrier1,central_warehouse,box1,one]
method_move_0[?l=central_warehouse,?r=walker1] @ move[walker1,central_warehouse]
SHOP_methodmethod_move_0_0_precondition[walker1,central_warehouse,central_warehouse]
robot_load_box[walker1,carrier1,box1,central_warehouse,one,zero]
method_get_content_1[?r=walker1,?con=valve,varToConstConstant(central_warehouse)=central_warehouse,?b=box1,?car=carrier1] @ get_content[walker1,valve]
SHOP_methodmethod_get_content_1_18_precondition[walker1,carrier1,box1]
method_move_0[?l=central_warehouse,?r=walker1] @ move[walker1,central_warehouse]
SHOP_methodmethod_move_0_0_precondition[walker1,central_warehouse,central_warehouse]
pick_up_content_at_cw[walker1,valve,carrier1,box1,central_warehouse]
method_move_walking_2[?through=loc1,?l=loc2,?r=walker1,?from=central_warehouse] @ move[walker1,loc2]
SHOP_methodmethod_move_walking_2_2_precondition[walker1,central_warehouse,loc1]
move_walking[walker1,central_warehouse,loc1]
method_move_walking_1[?from=loc1,?l=loc2,?r=walker1] @ move[walker1,loc2]
SHOP_methodmethod_move_walking_1_1_precondition[walker1,loc1,loc2]
move_walking[walker1,loc1,loc2]
put_down_content[walker1,carrier1,box1,valve,loc2,wor2]
method_deliver_0[?r=walker2,?b=box2,?car=carrier2,?l=loc4,?w=wor4,?con=tool] @ deliver[tool,wor4]
SHOP_methodmethod_deliver_0_22_precondition[wor4,loc4]
method_get_content_3[?car=carrier2,?r=walker2,?con=tool] @ get_content[walker2,tool]
SHOP_methodmethod_get_content_3_20_precondition[walker2,carrier2]
method_get_carrier_2[?l=central_warehouse,?car=carrier2,?r=walker2] @ get_carrier[walker2,carrier2]
SHOP_methodmethod_get_carrier_2_8_precondition[walker2,carrier2,central_warehouse]
method_move_0[?l=central_warehouse,?r=walker2] @ move[walker2,central_warehouse]
SHOP_methodmethod_move_0_0_precondition[walker2,central_warehouse,central_warehouse]
robot_attach_carrier[walker2,carrier2,central_warehouse]
method_get_content_2[?r=walker2,?con=tool,?b=box2,?car=carrier2] @ get_content[walker2,tool]
SHOP_methodmethod_get_content_2_19_precondition[walker2,carrier2,box2]
method_get_box_1[varToConstConstant(zero)=zero,?r=walker2,?m=zero,?car=carrier2,?l=central_warehouse,?n=one,?b=box2] @ get_box[walker2,box2]
SHOP_methodmethod_get_box_1_11_precondition[zero,walker2,zero,carrier2,central_warehouse,box2,one]
method_move_0[?l=central_warehouse,?r=walker2] @ move[walker2,central_warehouse]
SHOP_methodmethod_move_0_0_precondition[walker2,central_warehouse,central_warehouse]
robot_load_box[walker2,carrier2,box2,central_warehouse,one,zero]
method_get_content_1[?r=walker2,?con=tool,varToConstConstant(central_warehouse)=central_warehouse,?b=box2,?car=carrier2] @ get_content[walker2,tool]
SHOP_methodmethod_get_content_1_18_precondition[walker2,carrier2,box2]
method_move_0[?l=central_warehouse,?r=walker2] @ move[walker2,central_warehouse]
SHOP_methodmethod_move_0_0_precondition[walker2,central_warehouse,central_warehouse]
pick_up_content_at_cw[walker2,tool,carrier2,box2,central_warehouse]
method_move_walking_2[?through=loc1,?l=loc4,?r=walker2,?from=central_warehouse] @ move[walker2,loc4]
SHOP_methodmethod_move_walking_2_2_precondition[walker2,central_warehouse,loc1]
move_walking[walker2,central_warehouse,loc1]
method_move_walking_2[?through=loc2,?l=loc4,?r=walker2,?from=loc1] @ move[walker2,loc4]
SHOP_methodmethod_move_walking_2_2_precondition[walker2,loc1,loc2]
move_walking[walker2,loc1,loc2]
method_move_walking_2[?through=loc3,?l=loc4,?r=walker2,?from=loc2] @ move[walker2,loc4]
SHOP_methodmethod_move_walking_2_2_precondition[walker2,loc2,loc3]
move_walking[walker2,loc2,loc3]
method_move_walking_1[?from=loc3,?l=loc4,?r=walker2] @ move[walker2,loc4]
SHOP_methodmethod_move_walking_1_1_precondition[walker2,loc3,loc4]
move_walking[walker2,loc3,loc4]
put_down_content[walker2,carrier2,box2,tool,loc4,wor4]
It contains 63 modifications, including 38 actions.
Panda says: SOLUTION
============ global ============
randomseed     = 42
peak memory    = 462656968
planner result = SOLUTION
============ properties ============
acyclic                  = false
mostly acyclic           = false
regular                  = false
tail recursive           = true
totally ordered          = true
last task in all methods = true
============ problem ============
number of constants                  = 0
number of predicates                 = 124
number of actions                    = 1924
number of abstract actions           = 36
number of primitive actions          = 1888
number of methods                    = 1123
number of primitive shop actions     = 1000
number of primitive non-shop actions = 888
size of largest method               = 4
average method size                  = 2
============ progression ============
status                 = solved
aStar                  = 1
heuristic              = hhRelataxedComposition-with-hFF-EQ
numSearchNodes         = 88670
numPrimTasks           = 38
numShopTasks           = 0
numDecompositions      = 25
findShortestPlan       = 0
foundShortestPlanAfter = 17674
foundFirstPlanAfter    = 17675
foundPlans             = 1

----------------- TIMINGS -----------------
============ total ============
total = 19824
============ parsing ============
total                         = 262
file parser                   = 115
sort expansion                = 45
closed world assumption       = 31
inherit preconditions         = 0
shop methods                  = 12
eliminate identical variables = 22
strip domain of hybridity     = 1
flatten formula               = 35
============ preprocessing ============
total                                      = 1664
compile negative preconditions             = 17
compile unit methods                       = 0
split parameter                            = 17
expand choiceless abstract tasks           = 30
compile methods with identical tasks       = 0
removing unnecessary predicates            = 224
lifted reachabiltiy analysis               = 40
grounded planning graph analysis           = 738
grounded task decomposition graph analysis = 387
grounding                                  = 194
create artificial top task                 = 2
============ progression ============
searchTime = 17675

#1 "30 problem:05:number of primitive actions"="1888";"30 problem:01:number of constants"="0";"30 problem:04:number of abstract actions"="36";"02 properties:04:tail recursive"="true";"30 progression:04:numSearchNodes"="88670";"30 progression:06:numPrimTasks"="38";"00 global:80:peak memory"="462656968";"30 progression:93:foundFirstPlanAfter"="17675";"02 properties:02:mostly acyclic"="false";"30 problem:06:number of methods"="1123";"30 problem:07:number of primitive shop actions"="1000";"02 properties:05:totally ordered"="true";"02 properties:06:last task in all methods"="true";"30 problem:03:number of actions"="1924";"30 problem:08:number of primitive non-shop actions"="888";"30 problem:02:number of predicates"="124";"30 progression:01:status"="solved";"30 progression:03:heuristic"="hhRelataxedComposition-with-hFF-EQ";"30 problem:10:average method size"="2";"02 properties:03:regular"="false";"30 problem:09:size of largest method"="4";"30 progression:08:numDecompositions"="25";"00 global:90:planner result"="SOLUTION";"02 properties:01:acyclic"="false";"30 progression:02:aStar"="1";"30 progression:92:foundShortestPlanAfter"="17674";"00 global:02:randomseed"="42";"30 progression:07:numShopTasks"="0";"30 progression:91:findShortestPlan"="0";"30 progression:94:foundPlans"="1";"01 parsing:01:file parser"="115";"01 parsing:08:flatten formula"="35";"02 preprocessing:07:compile methods with identical tasks"="0";"01 parsing:07:strip domain of hybridity"="1";"02 preprocessing:08:removing unnecessary predicates"="224";"01 parsing:03:closed world assumption"="31";"02 preprocessing:11:lifted reachabiltiy analysis"="40";"01 parsing:02:sort expansion"="45";"01 parsing:00:total"="262";"30 progression:01:searchTime"="17675";"01 parsing:04:inherit preconditions"="0";"02 preprocessing:01:compile negative preconditions"="17";"00 total:00:total"="19824";"02 preprocessing:12:grounded planning graph analysis"="738";"02 preprocessing:02:compile unit methods"="0";"02 preprocessing:23:grounded task decomposition graph analysis"="387";"02 preprocessing:04:split parameter"="17";"01 parsing:05:shop methods"="12";"01 parsing:06:eliminate identical variables"="22";"02 preprocessing:05:expand choiceless abstract tasks"="30";"02 preprocessing:00:total"="1664";"02 preprocessing:99:create artificial top task"="2";"02 preprocessing:84:grounding"="194"
SOLUTION SEQUENCE
0: SHOP_methodmethod_deliver_0_22_precondition(wor2,loc2)
1: SHOP_methodmethod_get_content_3_20_precondition(walker1,carrier1)
2: SHOP_methodmethod_get_carrier_2_8_precondition(walker1,carrier1,central_warehouse)
3: SHOP_methodmethod_move_0_0_precondition(walker1,central_warehouse,central_warehouse)
4: robot_attach_carrier(walker1,carrier1,central_warehouse)
5: SHOP_methodmethod_get_content_2_19_precondition(walker1,carrier1,box1)
6: SHOP_methodmethod_get_box_1_11_precondition(zero,walker1,zero,carrier1,central_warehouse,box1,one)
7: SHOP_methodmethod_move_0_0_precondition(walker1,central_warehouse,central_warehouse)
8: robot_load_box(walker1,carrier1,box1,central_warehouse,one,zero)
9: SHOP_methodmethod_get_content_1_18_precondition(walker1,carrier1,box1)
10: SHOP_methodmethod_move_0_0_precondition(walker1,central_warehouse,central_warehouse)
11: pick_up_content_at_cw(walker1,valve,carrier1,box1,central_warehouse)
12: SHOP_methodmethod_move_walking_2_2_precondition(walker1,central_warehouse,loc1)
13: move_walking(walker1,central_warehouse,loc1)
14: SHOP_methodmethod_move_walking_1_1_precondition(walker1,loc1,loc2)
15: move_walking(walker1,loc1,loc2)
16: put_down_content(walker1,carrier1,box1,valve,loc2,wor2)
17: SHOP_methodmethod_deliver_0_22_precondition(wor4,loc4)
18: SHOP_methodmethod_get_content_3_20_precondition(walker2,carrier2)
19: SHOP_methodmethod_get_carrier_2_8_precondition(walker2,carrier2,central_warehouse)
20: SHOP_methodmethod_move_0_0_precondition(walker2,central_warehouse,central_warehouse)
21: robot_attach_carrier(walker2,carrier2,central_warehouse)
22: SHOP_methodmethod_get_content_2_19_precondition(walker2,carrier2,box2)
23: SHOP_methodmethod_get_box_1_11_precondition(zero,walker2,zero,carrier2,central_warehouse,box2,one)
24: SHOP_methodmethod_move_0_0_precondition(walker2,central_warehouse,central_warehouse)
25: robot_load_box(walker2,carrier2,box2,central_warehouse,one,zero)
26: SHOP_methodmethod_get_content_1_18_precondition(walker2,carrier2,box2)
27: SHOP_methodmethod_move_0_0_precondition(walker2,central_warehouse,central_warehouse)
28: pick_up_content_at_cw(walker2,tool,carrier2,box2,central_warehouse)
29: SHOP_methodmethod_move_walking_2_2_precondition(walker2,central_warehouse,loc1)
30: move_walking(walker2,central_warehouse,loc1)
31: SHOP_methodmethod_move_walking_2_2_precondition(walker2,loc1,loc2)
32: move_walking(walker2,loc1,loc2)
33: SHOP_methodmethod_move_walking_2_2_precondition(walker2,loc2,loc3)
34: move_walking(walker2,loc2,loc3)
35: SHOP_methodmethod_move_walking_1_1_precondition(walker2,loc3,loc4)
36: move_walking(walker2,loc3,loc4)
37: put_down_content(walker2,carrier2,box2,tool,loc4,wor4)
