PANDA - Planning and Acting in a Network Decomposition Architecture
Believe us: It's great, it's fantastic!

PANDA Copyright (C) 2014-2018 Gregor Behnke, Pascal Bercher, Thomas Geier, Kadir
Dede, Daniel Höller, Kristof Mickeleit, Matthias Englert
This program comes with ABSOLUTELY NO WARRANTY
This is free software, and you are welcome to redistribute it under certain
conditions; run PANDA with -license for details.

Main Developers:
- Gregor Behnke, http://www.uni-ulm.de/in/ki/behnke
- Daniel Höller, http://www.uni-ulm.de/in/ki/hoeller

With many thanks to various further contributors.
Run PANDA with the command line argument -contributors for an extensive list.

Run it with -help for more information like available options.


PANDA was called with: "-parser hddl -timelimit 120 domain.hddl problems/problem_4_8.hddl"


Planner Configuration
=====================
Domain: domain.hddl
Problem: problems/problem_4_8.hddl
Output: none

Planning Configuration
======================
	printGeneralInformation : true
	printAdditionalData     : true
	random seed             : 42
	time limit (in seconds) : 120

	external programs:


	Parsing Configuration
	---------------------
	Parser                : HDDL Parser (Daniel's format)
	Expand Sort Hierarchy : true
	ClosedWordAssumption  : true
	CompileSHOPMethods    : true
	Eliminate Equality    : true
	Strip Hybridity       : true
	Reduce General Tasks  : true
	
	Preprocessing Configuration
	---------------------------
	Compile negative preconditions    : true
	Compile unit methods              : false
	Compile order in methods          : false
	Compile initial plan              : true
	Ensure Methods Have Last Task     : false
	Split independent parameters      : true
	Remove unnecessary predicates     : true
	Expand choiceless abstract tasks  : true
	Domain Cleanup                    : true
	Convert to SAS+                   : false
	Grounded Reachability Analysis    : Planning Graph (mutex-free)
	Grounded Task Decomposition Graph : Two Way TDG
	Iterate reachability analysis     : true
	Ground domain                     : true
	Iterate reachability analysis     : true
	Stop directly after grounding     : false
	
	Progression-search Configuration
	--------------------------------
	Search Algorithm                 : AStarActionsType(2.0)
	Heuristic                        : hhRC(hFF)
	Abstract task selection strategy : random
	
	Post-processing Configuration
	-----------------------------
	search status
	search result
	timings
	statistics
#0 "00 global:01:problem"="problem_4_8.hddl";"00 global:00:domain"="domain.hddl"
Parsing domain ... done
Preparing internal domain representation ... done.
Initial domain
	number of abstract tasks = 5
	number of tasks = 40
	number of decomposition methods = 24
	number of predicates = 20
	number of sorts = 8
	number of tasks in largest method = 4
	number of primitive SHOP tasks = 24
	number of epsilon methods = 0
	number of primitive tasks = 35
	number of constants = 27
Compiling negative preconditions ... done.
	number of abstract tasks = 5
	number of tasks = 40
	number of decomposition methods = 24
	number of predicates = 40
	number of sorts = 8
	number of tasks in largest method = 4
	number of primitive SHOP tasks = 24
	number of epsilon methods = 0
	number of primitive tasks = 35
	number of constants = 27
Compiling split parameters ... done.
	number of abstract tasks = 9
	number of tasks = 44
	number of decomposition methods = 28
	number of predicates = 40
	number of sorts = 8
	number of tasks in largest method = 4
	number of primitive SHOP tasks = 24
	number of epsilon methods = 0
	number of primitive tasks = 35
	number of constants = 27
Lifted reachability analysis and domain cleanup ... done.
	number of abstract tasks = 9
	number of tasks = 39
	number of decomposition methods = 26
	number of predicates = 28
	number of sorts = 8
	number of tasks in largest method = 4
	number of primitive SHOP tasks = 22
	number of epsilon methods = 0
	number of primitive tasks = 30
	number of constants = 27
Grounded planning graph ... done in 222ms.
	Number of Grounded Actions 1961
	Number of Grounded Literals 155
	number of abstract tasks = 9
	number of tasks = 39
	number of decomposition methods = 26
	number of predicates = 28
	number of sorts = 8
	number of tasks in largest method = 4
	number of primitive SHOP tasks = 22
	number of epsilon methods = 0
	number of primitive tasks = 30
	number of constants = 27
Two Way TDG ... done.
	number of abstract tasks = 9
	number of tasks = 39
	number of decomposition methods = 26
	number of predicates = 28
	number of sorts = 8
	number of tasks in largest method = 4
	number of primitive SHOP tasks = 22
	number of epsilon methods = 0
	number of primitive tasks = 30
	number of constants = 27
Grounding ... done.
	number of abstract tasks = 37
	number of tasks = 1953
	number of decomposition methods = 1134
	number of predicates = 155
	number of sorts = 0
	number of tasks in largest method = 4
	number of primitive SHOP tasks = 1012
	number of epsilon methods = 0
	number of primitive tasks = 1916
	number of constants = 0
Removing unnecessary predicates ... done.
	number of abstract tasks = 37
	number of tasks = 1953
	number of decomposition methods = 1134
	number of predicates = 124
	number of sorts = 0
	number of tasks in largest method = 4
	number of primitive SHOP tasks = 1012
	number of epsilon methods = 0
	number of primitive tasks = 1916
	number of constants = 0
Omitting lifted reachability analysis ... 
Grounded planning graph ... done in 247ms.
	Number of Grounded Actions 1916
	Number of Grounded Literals 124
	number of abstract tasks = 37
	number of tasks = 1953
	number of decomposition methods = 1134
	number of predicates = 124
	number of sorts = 0
	number of tasks in largest method = 4
	number of primitive SHOP tasks = 1012
	number of epsilon methods = 0
	number of primitive tasks = 1916
	number of constants = 0
Two Way TDG ... done.
	number of abstract tasks = 37
	number of tasks = 1953
	number of decomposition methods = 1128
	number of predicates = 124
	number of sorts = 0
	number of tasks in largest method = 4
	number of primitive SHOP tasks = 1012
	number of epsilon methods = 0
	number of primitive tasks = 1916
	number of constants = 0
Compiling expand choiceless abstract tasks ... done.
	number of abstract tasks = 35
	number of tasks = 1951
	number of decomposition methods = 1126
	number of predicates = 124
	number of sorts = 0
	number of tasks in largest method = 4
	number of primitive SHOP tasks = 1012
	number of epsilon methods = 0
	number of primitive tasks = 1916
	number of constants = 0
Compiling initial plan ... done.
	number of abstract tasks = 36
	number of tasks = 1952
	number of decomposition methods = 1127
	number of predicates = 124
	number of sorts = 0
	number of tasks in largest method = 4
	number of primitive SHOP tasks = 1012
	number of epsilon methods = 0
	number of primitive tasks = 1916
	number of constants = 0
Removing unnecessary predicates ... done.
	number of abstract tasks = 36
	number of tasks = 1952
	number of decomposition methods = 1127
	number of predicates = 124
	number of sorts = 0
	number of tasks in largest method = 4
	number of primitive SHOP tasks = 1012
	number of epsilon methods = 0
	number of primitive tasks = 1916
	number of constants = 0
Omitting lifted reachability analysis ... 
Grounded planning graph ... done in 135ms.
	Number of Grounded Actions 1916
	Number of Grounded Literals 124
	number of abstract tasks = 36
	number of tasks = 1952
	number of decomposition methods = 1127
	number of predicates = 124
	number of sorts = 0
	number of tasks in largest method = 4
	number of primitive SHOP tasks = 1012
	number of epsilon methods = 0
	number of primitive tasks = 1916
	number of constants = 0
Two Way TDG ... done.
	number of abstract tasks = 36
	number of tasks = 1952
	number of decomposition methods = 1127
	number of predicates = 124
	number of sorts = 0
	number of tasks in largest method = 4
	number of primitive SHOP tasks = 1012
	number of epsilon methods = 0
	number of primitive tasks = 1916
	number of constants = 0
Compiling expand choiceless abstract tasks ... done.
	number of abstract tasks = 35
	number of tasks = 1951
	number of decomposition methods = 1126
	number of predicates = 124
	number of sorts = 0
	number of tasks in largest method = 4
	number of primitive SHOP tasks = 1012
	number of epsilon methods = 0
	number of primitive tasks = 1916
	number of constants = 0
Compiling initial plan ... done.
	number of abstract tasks = 36
	number of tasks = 1952
	number of decomposition methods = 1127
	number of predicates = 124
	number of sorts = 0
	number of tasks in largest method = 4
	number of primitive SHOP tasks = 1012
	number of epsilon methods = 0
	number of primitive tasks = 1916
	number of constants = 0
Removing unnecessary predicates ... done.
	number of abstract tasks = 36
	number of tasks = 1952
	number of decomposition methods = 1127
	number of predicates = 124
	number of sorts = 0
	number of tasks in largest method = 4
	number of primitive SHOP tasks = 1012
	number of epsilon methods = 0
	number of primitive tasks = 1916
	number of constants = 0
Tasks 1916 - 4
Domain is acyclic: false
Domain is mostly acyclic: false
Domain is regular: false
Domain is tail recursive: true
Domain is totally ordered: true
Domain has last task in all methods: true
Time remaining for planner 118236ms
Reducing flat domain ... done.
 - Reduced number of operators from 1916 to 1916
 - Reduced number of state-bits from 97 to 97
Generating Relaxed Composition Model ...
Calculating top down reachability ...
 - Found 1952 SCCs with up to 1 tasks.
 - Reachability calculated in 8 ms.
 - model has 3043 operators
 - model has 3965 state features
 - operators' mean count of (pre, add, del) = (5,83, 2,01, 1,01)
 - effects' mean achiever count: 2,01
 - effects' mean consumer count: 5,83

Searching with 
 - Priority Queue search routine
 - A-Star search
 - HTN heuristic:hhRelataxedComposition-with-hFF-EQ
 - Abstract task choice: randomly
 - time limit for search is 120 sec

Starting priority queue search
Found solution 1 length 23
Number of nodes in final fringe: 577
Generated search nodes (total): 757
Search time: 221 ms

Found a solution:
__top_4 @ __artificialTopCompilation__top_4
method_deliver_0[?r=drone,?b=box2,?car=carrier1,?l=loc2,?w=wor2,?con=valve] @ deliver[valve,wor2]
SHOP_methodmethod_deliver_0_22_precondition[wor2,loc2]
method_get_content_3[?car=carrier1,?r=drone,?con=valve] @ get_content[drone,valve]
SHOP_methodmethod_get_content_3_20_precondition[drone,carrier1]
method_get_carrier_2[?r=drone,?l=central_warehouse,?car=carrier1] @ get_carrier[drone,carrier1]
SHOP_methodmethod_get_carrier_2_8_precondition[drone,carrier1,central_warehouse]
method_move_0[?r=drone,?l=central_warehouse] @ move[drone,central_warehouse]
SHOP_methodmethod_move_0_0_precondition[drone,central_warehouse,central_warehouse]
robot_attach_carrier[drone,carrier1,central_warehouse]
method_get_content_2[?r=drone,?con=valve,?b=box2,?car=carrier1] @ get_content[drone,valve]
SHOP_methodmethod_get_content_2_19_precondition[drone,carrier1,box2]
method_get_box_1[varToConstConstant(zero)=zero,?r=drone,?m=zero,?car=carrier1,?l=central_warehouse,?n=one,?b=box2] @ get_box[drone,box2]
SHOP_methodmethod_get_box_1_11_precondition[drone,zero,zero,carrier1,central_warehouse,box2,one]
method_move_0[?r=drone,?l=central_warehouse] @ move[drone,central_warehouse]
SHOP_methodmethod_move_0_0_precondition[drone,central_warehouse,central_warehouse]
robot_load_box[drone,carrier1,box2,central_warehouse,one,zero]
method_get_content_1[?con=valve,varToConstConstant(central_warehouse)=central_warehouse,?b=box2,?r=drone,?car=carrier1] @ get_content[drone,valve]
SHOP_methodmethod_get_content_1_18_precondition[drone,carrier1,box2]
method_move_0[?r=drone,?l=central_warehouse] @ move[drone,central_warehouse]
SHOP_methodmethod_move_0_0_precondition[drone,central_warehouse,central_warehouse]
pick_up_content_at_cw[drone,valve,carrier1,box2,central_warehouse]
method_move_flying_1[?r=drone,?l=loc2,?from=central_warehouse] @ move[drone,loc2]
SHOP_methodmethod_move_flying_1_3_precondition[drone,central_warehouse,loc2]
move_flying[drone,central_warehouse,loc2]
put_down_content[drone,carrier1,box2,valve,loc2,wor2]
method_deliver_0[?r=drone,?b=box2,?car=carrier1,?l=loc4,?w=wor4,?con=tool] @ deliver[tool,wor4]
SHOP_methodmethod_deliver_0_22_precondition[wor4,loc4]
method_get_content_1[?con=tool,varToConstConstant(central_warehouse)=central_warehouse,?b=box2,?r=drone,?car=carrier1] @ get_content[drone,tool]
SHOP_methodmethod_get_content_1_18_precondition[drone,carrier1,box2]
method_move_flying_1[?r=drone,?l=central_warehouse,?from=loc2] @ move[drone,central_warehouse]
SHOP_methodmethod_move_flying_1_3_precondition[drone,loc2,central_warehouse]
move_flying[drone,loc2,central_warehouse]
pick_up_content_at_cw[drone,tool,carrier1,box2,central_warehouse]
method_move_flying_1[?r=drone,?l=loc4,?from=central_warehouse] @ move[drone,loc4]
SHOP_methodmethod_move_flying_1_3_precondition[drone,central_warehouse,loc4]
move_flying[drone,central_warehouse,loc4]
put_down_content[drone,carrier1,box2,tool,loc4,wor4]
It contains 38 modifications, including 23 actions.
Panda says: SOLUTION
============ global ============
randomseed     = 42
peak memory    = 183603336
planner result = SOLUTION
============ properties ============
acyclic                  = false
mostly acyclic           = false
regular                  = false
tail recursive           = true
totally ordered          = true
last task in all methods = true
============ problem ============
number of constants                  = 0
number of predicates                 = 124
number of actions                    = 1952
number of abstract actions           = 36
number of primitive actions          = 1916
number of methods                    = 1127
number of primitive shop actions     = 1012
number of primitive non-shop actions = 904
size of largest method               = 4
average method size                  = 2
============ progression ============
status                 = solved
aStar                  = 1
heuristic              = hhRelataxedComposition-with-hFF-EQ
numSearchNodes         = 757
numPrimTasks           = 23
numShopTasks           = 0
numDecompositions      = 15
findShortestPlan       = 0
foundShortestPlanAfter = 219
foundFirstPlanAfter    = 219
foundPlans             = 1

----------------- TIMINGS -----------------
============ total ============
total = 2045
============ parsing ============
total                         = 229
file parser                   = 101
sort expansion                = 45
closed world assumption       = 23
inherit preconditions         = 0
shop methods                  = 11
eliminate identical variables = 16
strip domain of hybridity     = 1
flatten formula               = 32
============ preprocessing ============
total                                      = 1421
compile negative preconditions             = 16
compile unit methods                       = 0
split parameter                            = 14
expand choiceless abstract tasks           = 20
compile methods with identical tasks       = 0
removing unnecessary predicates            = 195
lifted reachabiltiy analysis               = 35
grounded planning graph analysis           = 688
grounded task decomposition graph analysis = 295
grounding                                  = 150
create artificial top task                 = 1
============ progression ============
searchTime = 219

#1 "30 problem:05:number of primitive actions"="1916";"30 problem:01:number of constants"="0";"30 problem:04:number of abstract actions"="36";"02 properties:04:tail recursive"="true";"30 progression:04:numSearchNodes"="757";"30 progression:06:numPrimTasks"="23";"00 global:80:peak memory"="183603336";"30 progression:93:foundFirstPlanAfter"="219";"02 properties:02:mostly acyclic"="false";"30 problem:06:number of methods"="1127";"30 problem:07:number of primitive shop actions"="1012";"02 properties:05:totally ordered"="true";"02 properties:06:last task in all methods"="true";"30 problem:03:number of actions"="1952";"30 problem:08:number of primitive non-shop actions"="904";"30 problem:02:number of predicates"="124";"30 progression:01:status"="solved";"30 progression:03:heuristic"="hhRelataxedComposition-with-hFF-EQ";"30 problem:10:average method size"="2";"02 properties:03:regular"="false";"30 problem:09:size of largest method"="4";"30 progression:08:numDecompositions"="15";"00 global:90:planner result"="SOLUTION";"02 properties:01:acyclic"="false";"30 progression:02:aStar"="1";"30 progression:92:foundShortestPlanAfter"="219";"00 global:02:randomseed"="42";"30 progression:07:numShopTasks"="0";"30 progression:91:findShortestPlan"="0";"30 progression:94:foundPlans"="1";"01 parsing:01:file parser"="101";"01 parsing:08:flatten formula"="32";"02 preprocessing:07:compile methods with identical tasks"="0";"01 parsing:07:strip domain of hybridity"="1";"02 preprocessing:08:removing unnecessary predicates"="195";"01 parsing:03:closed world assumption"="23";"02 preprocessing:11:lifted reachabiltiy analysis"="35";"01 parsing:02:sort expansion"="45";"01 parsing:00:total"="229";"30 progression:01:searchTime"="219";"01 parsing:04:inherit preconditions"="0";"02 preprocessing:01:compile negative preconditions"="16";"00 total:00:total"="2045";"02 preprocessing:12:grounded planning graph analysis"="688";"02 preprocessing:02:compile unit methods"="0";"02 preprocessing:23:grounded task decomposition graph analysis"="295";"02 preprocessing:04:split parameter"="14";"01 parsing:05:shop methods"="11";"01 parsing:06:eliminate identical variables"="16";"02 preprocessing:05:expand choiceless abstract tasks"="20";"02 preprocessing:00:total"="1421";"02 preprocessing:99:create artificial top task"="1";"02 preprocessing:84:grounding"="150"
SOLUTION SEQUENCE
0: SHOP_methodmethod_deliver_0_22_precondition(wor2,loc2)
1: SHOP_methodmethod_get_content_3_20_precondition(drone,carrier1)
2: SHOP_methodmethod_get_carrier_2_8_precondition(drone,carrier1,central_warehouse)
3: SHOP_methodmethod_move_0_0_precondition(drone,central_warehouse,central_warehouse)
4: robot_attach_carrier(drone,carrier1,central_warehouse)
5: SHOP_methodmethod_get_content_2_19_precondition(drone,carrier1,box2)
6: SHOP_methodmethod_get_box_1_11_precondition(drone,zero,zero,carrier1,central_warehouse,box2,one)
7: SHOP_methodmethod_move_0_0_precondition(drone,central_warehouse,central_warehouse)
8: robot_load_box(drone,carrier1,box2,central_warehouse,one,zero)
9: SHOP_methodmethod_get_content_1_18_precondition(drone,carrier1,box2)
10: SHOP_methodmethod_move_0_0_precondition(drone,central_warehouse,central_warehouse)
11: pick_up_content_at_cw(drone,valve,carrier1,box2,central_warehouse)
12: SHOP_methodmethod_move_flying_1_3_precondition(drone,central_warehouse,loc2)
13: move_flying(drone,central_warehouse,loc2)
14: put_down_content(drone,carrier1,box2,valve,loc2,wor2)
15: SHOP_methodmethod_deliver_0_22_precondition(wor4,loc4)
16: SHOP_methodmethod_get_content_1_18_precondition(drone,carrier1,box2)
17: SHOP_methodmethod_move_flying_1_3_precondition(drone,loc2,central_warehouse)
18: move_flying(drone,loc2,central_warehouse)
19: pick_up_content_at_cw(drone,tool,carrier1,box2,central_warehouse)
20: SHOP_methodmethod_move_flying_1_3_precondition(drone,central_warehouse,loc4)
21: move_flying(drone,central_warehouse,loc4)
22: put_down_content(drone,carrier1,box2,tool,loc4,wor4)
